{"id":"12345","level":"http","message":"\t{\"method\":\"GET\",\"url\":\"/user/a4c5182f-7801-4a95-90e8-d2c3c68c5ad6\",\"status\":500,\"content_length\":\"27\",\"response_time\":109.054}","timestamp":"2024-01-19 11:23:55.189 PM"}
{"id":"12345","level":"http","message":"\t{\"method\":\"GET\",\"url\":\"/user/a4c5182f-7801-4a95-90e8-d2c3c68c5ad6\",\"status\":500,\"content_length\":\"27\",\"response_time\":80.507}","timestamp":"2024-01-19 11:23:57.441 PM"}
{"id":"12345","level":"http","message":"\t{\"method\":\"GET\",\"url\":\"/user/a4c5182f-7801-4a95-90e8-d2c3c68c5ad6\",\"status\":500,\"content_length\":\"27\",\"response_time\":65.072}","timestamp":"2024-01-19 11:24:00.221 PM"}
{"id":"12345","level":"http","message":"\t{\"method\":\"GET\",\"url\":\"/user/a4c5182f-7801-4a95-90e8-d2c3c68c5ad6\",\"status\":500,\"content_length\":\"27\",\"response_time\":60.409}","timestamp":"2024-01-19 11:24:08.409 PM"}
{"id":"12345","level":"http","message":"\t{\"method\":\"GET\",\"url\":\"/logs/all\",\"status\":200,\"content_length\":\"1556359\",\"response_time\":346.628}","timestamp":"2024-01-19 11:24:33.477 PM"}
{"id":"12345","level":"http","message":"\t{\"method\":\"GET\",\"url\":\"/user/a4c5182f-7801-4a95-90e8-d2c3c68c5ad6\",\"status\":500,\"content_length\":\"27\",\"response_time\":114.561}","timestamp":"2024-01-19 11:26:09.688 PM"}
{"id":"12345","level":"http","message":"\t{\"method\":\"GET\",\"url\":\"/user/all\",\"status\":403,\"content_length\":\"75\",\"response_time\":54.263}","timestamp":"2024-01-19 11:26:50.218 PM"}
{"id":"12345","level":"http","message":"\t{\"method\":\"POST\",\"url\":\"/superuser/login\",\"status\":200,\"content_length\":\"351\",\"response_time\":167.981}","timestamp":"2024-01-19 11:26:55.041 PM"}
{"id":"12345","level":"http","message":"\t{\"method\":\"GET\",\"url\":\"/user/all\",\"status\":200,\"content_length\":\"1399\",\"response_time\":44.615}","timestamp":"2024-01-19 11:26:59.522 PM"}
{"id":"12345","level":"http","message":"\t{\"method\":\"GET\",\"url\":\"/user/a4c5182f-7801-4a95-90e8-d2c3c68c5ad6/tasks\",\"status\":200,\"content_length\":\"448\",\"response_time\":41.909}","timestamp":"2024-01-19 11:28:10.574 PM"}
{"id":"12345","level":"http","message":"\t{\"method\":\"POST\",\"url\":\"/user/login\",\"status\":200,\"content_length\":\"1128\",\"response_time\":75.18}","timestamp":"2024-01-19 11:28:21.484 PM"}
{"id":"12345","level":"http","message":"\t{\"method\":\"GET\",\"url\":\"/user/a4c5182f-7801-4a95-90e8-d2c3c68c5ad6/tasks\",\"status\":500,\"content_length\":\"27\",\"response_time\":35.164}","timestamp":"2024-01-19 11:28:26.352 PM"}
{"id":"12345","level":"http","message":"\t{\"method\":\"GET\",\"url\":\"/user/a4c5182f-7801-4a95-90e8-d2c3c68c5ad6/tasks\",\"status\":500,\"content_length\":\"27\",\"response_time\":38.012}","timestamp":"2024-01-19 11:28:28.250 PM"}
{"id":"12345","level":"http","message":"\t{\"method\":\"POST\",\"url\":\"/superuser/login\",\"status\":200,\"content_length\":\"351\",\"response_time\":77.025}","timestamp":"2024-01-19 11:28:34.209 PM"}
{"id":"12345","level":"http","message":"\t{\"method\":\"GET\",\"url\":\"/user/a4c5182f-7801-4a95-90e8-d2c3c68c5ad6/tasks\",\"status\":200,\"content_length\":\"448\",\"response_time\":25.289}","timestamp":"2024-01-19 11:28:38.461 PM"}
{"id":"12345","level":"http","message":"\t{\"method\":\"GET\",\"url\":\"/user/a4c5182f-7801-4a95-90e8-d2c3c68c5ad6/tasks\",\"status\":500,\"content_length\":\"31\",\"response_time\":88.198}","timestamp":"2024-01-19 11:37:45.539 PM"}
{"id":"12345","level":"http","message":"\t{\"method\":\"GET\",\"url\":\"/user/a4c5182f-7801-4a95-90e8-d2c3c68c5ad6/tasks\",\"status\":500,\"content_length\":\"132\",\"response_time\":142.584}","timestamp":"2024-01-19 11:42:15.128 PM"}
{"id":"12345","level":"http","message":"\t{\"method\":\"POST\",\"url\":\"/user/login\",\"status\":200,\"content_length\":\"831\",\"response_time\":205.454}","timestamp":"2024-01-19 11:43:47.464 PM"}
{"id":"12345","level":"http","message":"\t{\"method\":\"GET\",\"url\":\"/user/a4c5182f-7801-4a95-90e8-d2c3c68c5ad6/tasks\",\"status\":200,\"content_length\":\"26\",\"response_time\":98.886}","timestamp":"2024-01-19 11:43:59.342 PM"}
{"id":"12345","level":"http","message":"\t{\"method\":\"GET\",\"url\":\"/user/a4c5182f-7801-4a95-90e8-d2c3c68c5ad6/tasks\",\"status\":200,\"content_length\":\"26\",\"response_time\":68.183}","timestamp":"2024-01-19 11:44:53.271 PM"}
{"id":"12345","level":"http","message":"\t{\"method\":\"POST\",\"url\":\"/superuser/login\",\"status\":200,\"content_length\":\"349\",\"response_time\":69.915}","timestamp":"2024-01-19 11:45:10.298 PM"}
{"id":"12345","level":"http","message":"\t{\"method\":\"GET\",\"url\":\"/user/a4c5182f-7801-4a95-90e8-d2c3c68c5ad6/tasks\",\"status\":200,\"content_length\":\"448\",\"response_time\":101.273}","timestamp":"2024-01-19 11:45:15.162 PM"}
{"id":"12345","level":"http","message":"\t{\"method\":\"POST\",\"url\":\"/user/login\",\"status\":200,\"content_length\":\"831\",\"response_time\":83.108}","timestamp":"2024-01-19 11:45:42.384 PM"}
{"id":"12345","level":"http","message":"\t{\"method\":\"GET\",\"url\":\"/user/a4c5182f-7801-4a95-90e8-d2c3c68c5ad6/tasks\",\"status\":200,\"content_length\":\"26\",\"response_time\":46.19}","timestamp":"2024-01-19 11:45:48.721 PM"}
{"id":"12345","level":"http","message":"\t{\"method\":\"GET\",\"url\":\"/user/a4c5182f-7801-4a95-90e8-d2c3c68c5ad6/tasks\",\"status\":200,\"content_length\":\"26\",\"response_time\":135.36}","timestamp":"2024-01-19 11:46:27.467 PM"}
{"id":"12345","level":"http","message":"\t{\"method\":\"GET\",\"url\":\"/user/a4c5182f-7801-4a95-90e8-d2c3c68c5ad6/tasks\",\"status\":200,\"content_length\":\"26\",\"response_time\":56.652}","timestamp":"2024-01-19 11:46:28.990 PM"}
{"id":"12345","level":"http","message":"\t{\"method\":\"GET\",\"url\":\"/user/a4c5182f-7801-4a95-90e8-d2c3c68c5ad6/tasks\",\"status\":200,\"content_length\":\"26\",\"response_time\":61.885}","timestamp":"2024-01-19 11:46:35.553 PM"}
{"id":"12345","level":"http","message":"\t{\"method\":\"GET\",\"url\":\"/user/a4c5182f-7801-4a95-90e8-d2c3c68c5ad6/tasks\",\"status\":200,\"content_length\":\"26\",\"response_time\":108.281}","timestamp":"2024-01-19 11:47:25.361 PM"}
{"id":"12345","level":"http","message":"\t{\"method\":\"GET\",\"url\":\"/user/a4c5182f-7801-4a95-90e8-d2c3c68c5ad6/tasks\",\"status\":200,\"content_length\":\"26\",\"response_time\":221.631}","timestamp":"2024-01-19 11:48:16.989 PM"}
{"id":"12345","level":"http","message":"\t{\"method\":\"GET\",\"url\":\"/user/a4c5182f-7801-4a95-90e8-d2c3c68c5ad6/tasks\",\"status\":200,\"content_length\":\"26\",\"response_time\":120.367}","timestamp":"2024-01-19 11:49:58.813 PM"}
{"id":"12345","level":"http","message":"\t{\"method\":\"POST\",\"url\":\"/superuser/login\",\"status\":200,\"content_length\":\"349\",\"response_time\":184.444}","timestamp":"2024-01-19 11:50:31.163 PM"}
{"id":"12345","level":"http","message":"\t{\"method\":\"GET\",\"url\":\"/user/a4c5182f-7801-4a95-90e8-d2c3c68c5ad6/tasks\",\"status\":200,\"content_length\":\"448\",\"response_time\":77.835}","timestamp":"2024-01-19 11:50:38.185 PM"}
{"id":"12345","level":"http","message":"\t{\"method\":\"POST\",\"url\":\"/user/login\",\"status\":200,\"content_length\":\"831\",\"response_time\":101.977}","timestamp":"2024-01-19 11:51:16.674 PM"}
{"id":"12345","level":"http","message":"\t{\"method\":\"POST\",\"url\":\"/user/login\",\"status\":200,\"content_length\":\"831\",\"response_time\":219.768}","timestamp":"2024-01-19 11:56:42.869 PM"}
{"id":"12345","level":"http","message":"\t{\"method\":\"GET\",\"url\":\"/user/a4c5182f-7801-4a95-90e8-d2c3c68c5ad6/tasks\",\"status\":200,\"content_length\":\"448\",\"response_time\":60.778}","timestamp":"2024-01-19 11:56:46.209 PM"}
