{"id":"12345","level":"http","message":"\t{\"method\":\"GET\",\"url\":\"/user/a4c5182f-7801-4a95-90e8-d2c3c68c5ad6/tasks\",\"status\":200,\"content_length\":\"448\",\"response_time\":147.177}","timestamp":"2024-01-20 12:34:57.412 AM"}
{"id":"12345","level":"http","message":"\t{\"method\":\"GET\",\"url\":\"/user/a4c5182f-7801-4a95-90e8-d2c3c68c5ad6\",\"status\":200,\"content_length\":\"1535\",\"response_time\":95.424}","timestamp":"2024-01-20 12:35:06.926 AM"}
{"id":"12345","level":"http","message":"\t{\"method\":\"POST\",\"url\":\"/user/login\",\"status\":200,\"content_length\":\"1128\",\"response_time\":166.069}","timestamp":"2024-01-20 12:35:19.712 AM"}
{"id":"12345","level":"http","message":"\t{\"method\":\"GET\",\"url\":\"/user/a4c5182f-7801-4a95-90e8-d2c3c68c5ad6\",\"status\":500,\"content_length\":\"27\",\"response_time\":55.92}","timestamp":"2024-01-20 12:35:23.696 AM"}
{"id":"12345","level":"http","message":"\t{\"method\":\"POST\",\"url\":\"/superuser/login\",\"status\":200,\"content_length\":\"351\",\"response_time\":109.824}","timestamp":"2024-01-20 12:35:29.195 AM"}
{"id":"12345","level":"http","message":"\t{\"method\":\"GET\",\"url\":\"/user/a4c5182f-7801-4a95-90e8-d2c3c68c5ad6\",\"status\":500,\"content_length\":\"120\",\"response_time\":47.482}","timestamp":"2024-01-20 12:35:31.611 AM"}
{"id":"12345","level":"http","message":"\t{\"method\":\"POST\",\"url\":\"/user/login\",\"status\":200,\"content_length\":\"831\",\"response_time\":72.381}","timestamp":"2024-01-20 12:35:39.404 AM"}
{"id":"12345","level":"http","message":"\t{\"method\":\"GET\",\"url\":\"/user/a4c5182f-7801-4a95-90e8-d2c3c68c5ad6\",\"status\":200,\"content_length\":\"1535\",\"response_time\":46.801}","timestamp":"2024-01-20 12:35:41.622 AM"}
{"id":"12345","level":"http","message":"\t{\"method\":\"POST\",\"url\":\"/superuser/login\",\"status\":200,\"content_length\":\"349\",\"response_time\":65.589}","timestamp":"2024-01-20 12:35:48.672 AM"}
{"id":"12345","level":"http","message":"\t{\"method\":\"GET\",\"url\":\"/user/a4c5182f-7801-4a95-90e8-d2c3c68c5ad6\",\"status\":200,\"content_length\":\"1535\",\"response_time\":107.397}","timestamp":"2024-01-20 12:35:53.810 AM"}
{"id":"12345","level":"http","message":"\t{\"method\":\"POST\",\"url\":\"/user/login\",\"status\":200,\"content_length\":\"831\",\"response_time\":81.899}","timestamp":"2024-01-20 12:36:06.392 AM"}
{"id":"12345","level":"http","message":"\t{\"method\":\"POST\",\"url\":\"/user/login\",\"status\":200,\"content_length\":\"1128\",\"response_time\":69.512}","timestamp":"2024-01-20 12:36:55.126 AM"}
{"id":"12345","level":"http","message":"\t{\"method\":\"GET\",\"url\":\"/user/a4c5182f-7801-4a95-90e8-d2c3c68c5ad6/totalTasks\",\"status\":404,\"content_length\":191,\"response_time\":6.433}","timestamp":"2024-01-20 12:37:24.161 AM"}
{"id":"12345","level":"http","message":"\t{\"method\":\"GET\",\"url\":\"/user/a4c5182f-7801-4a95-90e8-d2c3c68c5ad6/countTasks\",\"status\":500,\"content_length\":\"27\",\"response_time\":58.483}","timestamp":"2024-01-20 12:37:55.015 AM"}
{"id":"12345","level":"http","message":"\t{\"method\":\"POST\",\"url\":\"/superuser/login\",\"status\":200,\"content_length\":\"351\",\"response_time\":55.827}","timestamp":"2024-01-20 12:38:06.987 AM"}
{"id":"12345","level":"http","message":"\t{\"method\":\"GET\",\"url\":\"/user/a4c5182f-7801-4a95-90e8-d2c3c68c5ad6/countTasks\",\"status\":200,\"content_length\":\"38\",\"response_time\":279.012}","timestamp":"2024-01-20 12:38:10.599 AM"}
{"id":"12345","level":"http","message":"\t{\"method\":\"GET\",\"url\":\"/user/a4c5182f-7801-4a95-90e8-d2c3c68c5ad6/countTasks\",\"status\":500,\"content_length\":\"132\",\"response_time\":83.842}","timestamp":"2024-01-20 12:39:11.438 AM"}
{"id":"12345","level":"http","message":"\t{\"method\":\"POST\",\"url\":\"/user/login\",\"status\":200,\"content_length\":\"831\",\"response_time\":188.253}","timestamp":"2024-01-20 12:40:21.842 AM"}
{"id":"12345","level":"http","message":"\t{\"method\":\"GET\",\"url\":\"/user/a4c5182f-7801-4a95-90e8-d2c3c68c5ad6/countTasks\",\"status\":200,\"content_length\":\"38\",\"response_time\":63.024}","timestamp":"2024-01-20 12:40:28.002 AM"}
{"id":"12345","level":"http","message":"\t{\"method\":\"GET\",\"url\":\"/user/a4c5182f-7801-4a95-90e8-d2c3c68c5ad6/reports\",\"status\":200,\"content_length\":\"308\",\"response_time\":186.505}","timestamp":"2024-01-20 12:41:34.705 AM"}
{"id":"12345","level":"http","message":"\t{\"method\":\"POST\",\"url\":\"/superuser/login\",\"status\":200,\"content_length\":\"351\",\"response_time\":217.247}","timestamp":"2024-01-20 12:41:41.923 AM"}
{"id":"12345","level":"http","message":"\t{\"method\":\"GET\",\"url\":\"/user/a4c5182f-7801-4a95-90e8-d2c3c68c5ad6/reports\",\"status\":500,\"content_length\":\"132\",\"response_time\":70.493}","timestamp":"2024-01-20 12:41:53.516 AM"}
{"id":"12345","level":"http","message":"\t{\"method\":\"GET\",\"url\":\"/user/a4c5182f-7801-4a95-90e8-d2c3c68c5ad6/countReports\",\"status\":200,\"content_length\":\"40\",\"response_time\":44.692}","timestamp":"2024-01-20 12:45:42.430 AM"}
{"id":"12345","level":"http","message":"\t{\"method\":\"GET\",\"url\":\"/user/a4c5182f-7801-4a95-90e8-d2c3c68c5ad6/chats\",\"status\":200,\"content_length\":\"26\",\"response_time\":110.501}","timestamp":"2024-01-20 12:47:30.277 AM"}
{"id":"12345","level":"http","message":"\t{\"method\":\"GET\",\"url\":\"/user/a4c5182f-7801-4a95-90e8-d2c3c68c5ad6/countChats\",\"status\":200,\"content_length\":\"38\",\"response_time\":121.727}","timestamp":"2024-01-20 12:51:59.039 AM"}
{"id":"12345","level":"http","message":"\t{\"method\":\"GET\",\"url\":\"/user/a4c5182f-7801-4a95-90e8-d2c3c68c5ad6/countChats\",\"status\":200,\"content_length\":\"38\",\"response_time\":82.68}","timestamp":"2024-01-20 12:52:44.173 AM"}
{"id":"12345","level":"http","message":"\t{\"method\":\"GET\",\"url\":\"/user/a4c5182f-7801-4a95-90e8-d2c3c68c5ad6/countChats\",\"status\":500,\"content_length\":\"132\",\"response_time\":108.506}","timestamp":"2024-01-20 12:53:28.710 AM"}
