{"id":"12345","level":"http","message":"\t{\"method\":\"GET\",\"url\":\"/logs/all\",\"status\":200,\"content_length\":\"946137\",\"response_time\":389.424}","timestamp":"2024-01-19 09:01:00.801 AM"}
{"id":"12345","level":"http","message":"\t{\"method\":\"GET\",\"url\":\"/logout\",\"status\":200,\"content_length\":\"60\",\"response_time\":49.136}","timestamp":"2024-01-19 09:01:33.764 AM"}
{"id":"12345","level":"info","message":"\tUser: b5ed0759-b439-4eca-af5c-9cc7a4df69c7 just got authenticated","service":"6308a111-bbb2-4a9f-a421-2b1a3648316b","timestamp":"2024-01-19 09:01:33.789 AM"}
{"id":"12345","level":"alert","message":"\tuser: b5ed0759-b439-4eca-af5c-9cc7a4df69c7 just logged out","service":"6308a111-bbb2-4a9f-a421-2b1a3648316b","timestamp":"2024-01-19 09:01:33.998 AM"}
{"id":"12345","level":"alert","message":"\tUser: 5d298057-5818-4461-944f-6531af9f56b9 just logged in.","service":"superuser-service","timestamp":"2024-01-19 09:01:38.716 AM"}
{"id":"12345","level":"alert","message":"\tsession token created for user: 5d298057-5818-4461-944f-6531af9f56b9","service":"5d298057-5818-4461-944f-6531af9f56b9","timestamp":"2024-01-19 09:01:38.724 AM"}
{"id":"12345","level":"http","message":"\t{\"method\":\"POST\",\"url\":\"/superuser/login\",\"status\":200,\"content_length\":\"351\",\"response_time\":206.612}","timestamp":"2024-01-19 09:01:38.727 AM"}
{"id":"12345","level":"info","message":"\tUser: 5d298057-5818-4461-944f-6531af9f56b9 just got authenticated","service":"5d298057-5818-4461-944f-6531af9f56b9","timestamp":"2024-01-19 09:01:49.161 AM"}
{"id":"12345","level":"warn","message":"\tUser 5d298057-5818-4461-944f-6531af9f56b9 tried to access an unauthorized department 026354a1-dbff-4023-b16b-d9297678d82d","service":"6308a111-bbb2-4a9f-a421-2b1a3648316b","timestamp":"2024-01-19 09:01:49.166 AM"}
{"id":"12345","level":"http","message":"\t{\"method\":\"GET\",\"url\":\"/department/026354a1-dbff-4023-b16b-d9297678d82d\",\"status\":500,\"content_length\":\"132\",\"response_time\":138.468}","timestamp":"2024-01-19 09:01:49.267 AM"}
{"id":"12345","level":"http","message":"\t{\"method\":\"GET\",\"url\":\"/logout\",\"status\":200,\"content_length\":\"60\",\"response_time\":32.913}","timestamp":"2024-01-19 09:02:03.765 AM"}
{"id":"12345","level":"info","message":"\tUser: 5d298057-5818-4461-944f-6531af9f56b9 just got authenticated","service":"5d298057-5818-4461-944f-6531af9f56b9","timestamp":"2024-01-19 09:02:03.795 AM"}
{"id":"12345","level":"alert","message":"\tuser: 5d298057-5818-4461-944f-6531af9f56b9 just logged out","service":"5d298057-5818-4461-944f-6531af9f56b9","timestamp":"2024-01-19 09:02:03.798 AM"}
{"id":"12345","level":"alert","message":"\tsession token created for user: b5ed0759-b439-4eca-af5c-9cc7a4df69c7","service":"6308a111-bbb2-4a9f-a421-2b1a3648316b","timestamp":"2024-01-19 09:02:11.436 AM"}
{"id":"12345","level":"alert","message":"\tuser: b5ed0759-b439-4eca-af5c-9cc7a4df69c7 just signed in","service":"6308a111-bbb2-4a9f-a421-2b1a3648316b","timestamp":"2024-01-19 09:02:11.440 AM"}
{"id":"12345","level":"http","message":"\t{\"method\":\"POST\",\"url\":\"/user/login\",\"status\":200,\"content_length\":\"844\",\"response_time\":90.942}","timestamp":"2024-01-19 09:02:11.443 AM"}
{"id":"12345","level":"info","message":"\tUser: b5ed0759-b439-4eca-af5c-9cc7a4df69c7 just got authenticated","service":"6308a111-bbb2-4a9f-a421-2b1a3648316b","timestamp":"2024-01-19 09:02:21.344 AM"}
{"id":"12345","level":"info","message":"\tDepartment: 026354a1-dbff-4023-b16b-d9297678d82d retrieved by User: b5ed0759-b439-4eca-af5c-9cc7a4df69c7","service":"6308a111-bbb2-4a9f-a421-2b1a3648316b","timestamp":"2024-01-19 09:02:21.356 AM"}
{"id":"12345","level":"http","message":"\t{\"method\":\"GET\",\"url\":\"/department/026354a1-dbff-4023-b16b-d9297678d82d\",\"status\":200,\"content_length\":\"233\",\"response_time\":34.061}","timestamp":"2024-01-19 09:02:21.362 AM"}
{"id":"12345","level":"alert","message":"\tsession token created for user: c42528d3-1901-46a5-9590-0b705ef62985","service":"6308a111-bbb2-4a9f-a421-2b1a3648316b","timestamp":"2024-01-19 09:03:02.015 AM"}
{"id":"12345","level":"alert","message":"\tuser: c42528d3-1901-46a5-9590-0b705ef62985 just signed in","service":"6308a111-bbb2-4a9f-a421-2b1a3648316b","timestamp":"2024-01-19 09:03:02.018 AM"}
{"id":"12345","level":"http","message":"\t{\"method\":\"POST\",\"url\":\"/user/login\",\"status\":200,\"content_length\":\"838\",\"response_time\":102.673}","timestamp":"2024-01-19 09:03:02.023 AM"}
{"id":"12345","level":"alert","message":"\tUser 8da27594-1e9b-4983-a709-10d51b58caf4 has just been created","service":"5d298057-5818-4461-944f-6531af9f56b9","timestamp":"2024-01-19 09:04:31.533 AM"}
{"id":"12345","level":"http","message":"\t{\"method\":\"POST\",\"url\":\"/user/signup\",\"status\":201,\"content_length\":\"509\",\"response_time\":244.611}","timestamp":"2024-01-19 09:04:31.542 AM"}
{"id":"12345","level":"alert","message":"\tsession token created for user: 8da27594-1e9b-4983-a709-10d51b58caf4","service":"5d298057-5818-4461-944f-6531af9f56b9","timestamp":"2024-01-19 09:04:31.671 AM"}
{"id":"12345","level":"error","message":"\tCould not find any user with username: opxlxxboii","service":"user-service","stack":"Error: Could not find any user with username: opxlxxboii\n    at file:///mnt/c/Users/user/gmn/project/oga_boss/server/dist/common/auth/user.login.controller.js:14:30\n    at process.processTicksAndRejections (node:internal/process/task_queues:95:5)","timestamp":"2024-01-19 09:05:06.209 AM"}
{"id":"12345","level":"http","message":"\t{\"method\":\"POST\",\"url\":\"/user/login\",\"status\":400,\"content_length\":\"74\",\"response_time\":93.927}","timestamp":"2024-01-19 09:05:06.243 AM"}
{"id":"12345","level":"alert","message":"\tsession token created for user: 8da27594-1e9b-4983-a709-10d51b58caf4","service":"5d298057-5818-4461-944f-6531af9f56b9","timestamp":"2024-01-19 09:05:41.159 AM"}
{"id":"12345","level":"alert","message":"\tuser: 8da27594-1e9b-4983-a709-10d51b58caf4 just signed in","service":"5d298057-5818-4461-944f-6531af9f56b9","timestamp":"2024-01-19 09:05:41.160 AM"}
{"id":"12345","level":"http","message":"\t{\"method\":\"POST\",\"url\":\"/user/login\",\"status\":200,\"content_length\":\"846\",\"response_time\":80.938}","timestamp":"2024-01-19 09:05:41.164 AM"}
{"id":"12345","level":"info","message":"\tUser: 8da27594-1e9b-4983-a709-10d51b58caf4 just got authenticated","service":"5d298057-5818-4461-944f-6531af9f56b9","timestamp":"2024-01-19 09:05:50.922 AM"}
{"id":"12345","level":"warn","message":"\tUser 8da27594-1e9b-4983-a709-10d51b58caf4 tried to access an unauthorized department 026354a1-dbff-4023-b16b-d9297678d82d","service":"6308a111-bbb2-4a9f-a421-2b1a3648316b","timestamp":"2024-01-19 09:05:50.930 AM"}
{"id":"12345","level":"http","message":"\t{\"method\":\"GET\",\"url\":\"/department/026354a1-dbff-4023-b16b-d9297678d82d\",\"status\":500,\"content_length\":\"132\",\"response_time\":43.141}","timestamp":"2024-01-19 09:05:50.934 AM"}
{"id":"12345","level":"info","message":"\tConnection to redis server successful","service":"engine-service","timestamp":"2024-01-19 09:56:03.377 AM"}
{"id":"12345","level":"info","message":"\tdata connection established successfully","service":"engine-service","timestamp":"2024-01-19 09:56:03.566 AM"}
{"id":"12345","level":"info","message":"\tdatabase Initialized","service":"engine-service","timestamp":"2024-01-19 09:56:03.688 AM"}
{"id":"12345","level":"info","message":"\t[SERVER]: Server is up and running at http://localhost:5000","service":"engine-service","timestamp":"2024-01-19 09:56:03.693 AM"}
{"id":"12345","level":"info","message":"\tConnection to redis server successful","service":"engine-service","timestamp":"2024-01-19 09:56:34.866 AM"}
{"id":"12345","level":"info","message":"\tdata connection established successfully","service":"engine-service","timestamp":"2024-01-19 09:56:35.296 AM"}
{"id":"12345","level":"info","message":"\tdatabase Initialized","service":"engine-service","timestamp":"2024-01-19 09:56:35.636 AM"}
{"id":"12345","level":"info","message":"\t[SERVER]: Server is up and running at http://localhost:5000","service":"engine-service","timestamp":"2024-01-19 09:56:35.642 AM"}
{"id":"12345","level":"info","message":"\tConnection to redis server successful","service":"engine-service","timestamp":"2024-01-19 09:56:39.992 AM"}
{"id":"12345","level":"info","message":"\tdata connection established successfully","service":"engine-service","timestamp":"2024-01-19 09:56:40.307 AM"}
{"id":"12345","level":"info","message":"\tdatabase Initialized","service":"engine-service","timestamp":"2024-01-19 09:56:40.718 AM"}
{"id":"12345","level":"info","message":"\t[SERVER]: Server is up and running at http://localhost:5000","service":"engine-service","timestamp":"2024-01-19 09:56:40.720 AM"}
{"id":"12345","level":"info","message":"\tConnection to redis server successful","service":"engine-service","timestamp":"2024-01-19 09:56:51.995 AM"}
{"id":"12345","level":"info","message":"\tdata connection established successfully","service":"engine-service","timestamp":"2024-01-19 09:56:52.215 AM"}
{"id":"12345","level":"info","message":"\tdatabase Initialized","service":"engine-service","timestamp":"2024-01-19 09:56:52.344 AM"}
{"id":"12345","level":"info","message":"\t[SERVER]: Server is up and running at http://localhost:5000","service":"engine-service","timestamp":"2024-01-19 09:56:52.346 AM"}
{"id":"12345","level":"info","message":"\tConnection to redis server successful","service":"engine-service","timestamp":"2024-01-19 09:58:32.193 AM"}
{"id":"12345","level":"info","message":"\tdata connection established successfully","service":"engine-service","timestamp":"2024-01-19 09:58:32.367 AM"}
{"id":"12345","level":"info","message":"\tdatabase Initialized","service":"engine-service","timestamp":"2024-01-19 09:58:32.512 AM"}
{"id":"12345","level":"info","message":"\t[SERVER]: Server is up and running at http://localhost:5000","service":"engine-service","timestamp":"2024-01-19 09:58:32.514 AM"}
{"id":"12345","level":"info","message":"\tConnection to redis server successful","service":"engine-service","timestamp":"2024-01-19 09:59:15.573 AM"}
{"id":"12345","level":"info","message":"\tdata connection established successfully","service":"engine-service","timestamp":"2024-01-19 09:59:15.786 AM"}
{"id":"12345","level":"info","message":"\tdatabase Initialized","service":"engine-service","timestamp":"2024-01-19 09:59:15.982 AM"}
{"id":"12345","level":"info","message":"\t[SERVER]: Server is up and running at http://localhost:5000","service":"engine-service","timestamp":"2024-01-19 09:59:15.990 AM"}
