{"id":"12345","level":"http","message":"\t{\"method\":\"POST\",\"url\":\"/superuser/login\",\"status\":200,\"content_length\":\"3727\",\"response_time\":231.51}","timestamp":"2024-01-20 10:10:08.623 PM"}
{"id":"12345","level":"http","message":"\t{\"method\":\"GET\",\"url\":\"/user/all\",\"status\":200,\"content_length\":\"6206\",\"response_time\":275.998}","timestamp":"2024-01-20 10:10:15.624 PM"}
{"id":"12345","level":"http","message":"\t{\"method\":\"GET\",\"url\":\"/user/8e8052ba-d855-4895-945a-4f45ce237b79\",\"status\":200,\"content_length\":\"2467\",\"response_time\":186.004}","timestamp":"2024-01-20 10:10:48.356 PM"}
{"id":"12345","level":"http","message":"\t{\"method\":\"POST\",\"url\":\"/user/signup\",\"status\":500,\"content_length\":\"59\",\"response_time\":261.524}","timestamp":"2024-01-20 10:15:58.077 PM"}
{"id":"12345","level":"http","message":"\t{\"method\":\"GET\",\"url\":\"/superuser/6308a111-bbb2-4a9f-a421-2b1a3648316b/departments\",\"status\":200,\"content_length\":\"237\",\"response_time\":145.42}","timestamp":"2024-01-20 10:16:55.411 PM"}
{"id":"12345","level":"http","message":"\t{\"method\":\"GET\",\"url\":\"/logout\",\"status\":200,\"content_length\":\"60\",\"response_time\":19.254}","timestamp":"2024-01-20 10:17:17.653 PM"}
{"id":"12345","level":"http","message":"\t{\"method\":\"POST\",\"url\":\"/user/signup\",\"status\":500,\"content_length\":\"59\",\"response_time\":63.906}","timestamp":"2024-01-20 10:17:21.723 PM"}
{"id":"12345","level":"http","message":"\t{\"method\":\"POST\",\"url\":\"/user/signup\",\"status\":500,\"content_length\":\"59\",\"response_time\":76.752}","timestamp":"2024-01-20 10:18:21.400 PM"}
{"id":"12345","level":"http","message":"\t{\"method\":\"GET\",\"url\":\"/logs/all\",\"status\":200,\"content_length\":\"2154449\",\"response_time\":531.031}","timestamp":"2024-01-20 10:18:37.218 PM"}
{"id":"12345","level":"http","message":"\t{\"method\":\"POST\",\"url\":\"/user/signup\",\"status\":500,\"content_length\":\"59\",\"response_time\":56.231}","timestamp":"2024-01-20 10:19:02.855 PM"}
{"id":"12345","level":"http","message":"\t{\"method\":\"GET\",\"url\":\"/logs/all\",\"status\":200,\"content_length\":\"2154985\",\"response_time\":371.511}","timestamp":"2024-01-20 10:19:11.252 PM"}
{"id":"12345","level":"http","message":"\t{\"method\":\"POST\",\"url\":\"/user/signup\",\"status\":201,\"content_length\":\"515\",\"response_time\":547.005}","timestamp":"2024-01-20 10:22:24.093 PM"}
{"id":"12345","level":"http","message":"\t{\"method\":\"POST\",\"url\":\"/user/signup\",\"status\":201,\"content_length\":\"517\",\"response_time\":336.135}","timestamp":"2024-01-20 10:23:28.128 PM"}
{"id":"12345","level":"http","message":"\t{\"method\":\"POST\",\"url\":\"/user/signup\",\"status\":201,\"content_length\":\"491\",\"response_time\":285.827}","timestamp":"2024-01-20 10:25:04.013 PM"}
{"id":"12345","level":"http","message":"\t{\"method\":\"POST\",\"url\":\"/user/signup\",\"status\":201,\"content_length\":\"493\",\"response_time\":337.235}","timestamp":"2024-01-20 10:25:55.457 PM"}
{"id":"12345","level":"http","message":"\t{\"method\":\"GET\",\"url\":\"/superuser/6308a111-bbb2-4a9f-a421-2b1a3648316b/users\",\"status\":403,\"content_length\":\"75\",\"response_time\":123.297}","timestamp":"2024-01-20 10:31:01.795 PM"}
{"id":"12345","level":"http","message":"\t{\"method\":\"POST\",\"url\":\"/superuser/login\",\"status\":200,\"content_length\":\"5711\",\"response_time\":172.914}","timestamp":"2024-01-20 10:31:10.994 PM"}
{"id":"12345","level":"http","message":"\t{\"method\":\"GET\",\"url\":\"/superuser/6308a111-bbb2-4a9f-a421-2b1a3648316b/users\",\"status\":200,\"content_length\":\"5377\",\"response_time\":102.337}","timestamp":"2024-01-20 10:31:24.486 PM"}
{"id":"12345","level":"http","message":"\t{\"method\":\"GET\",\"url\":\"/user/8e8052ba-d855-4895-945a-4f45ce237b79\",\"status\":200,\"content_length\":\"2436\",\"response_time\":95.631}","timestamp":"2024-01-20 10:31:51.495 PM"}
{"id":"12345","level":"http","message":"\t{\"method\":\"POST\",\"url\":\"/user/login\",\"status\":400,\"content_length\":\"75\",\"response_time\":77.193}","timestamp":"2024-01-20 10:32:13.724 PM"}
{"id":"12345","level":"http","message":"\t{\"method\":\"POST\",\"url\":\"/user/login\",\"status\":400,\"content_length\":\"75\",\"response_time\":128.323}","timestamp":"2024-01-20 10:32:25.440 PM"}
{"id":"12345","level":"http","message":"\t{\"method\":\"POST\",\"url\":\"/user/login\",\"status\":400,\"content_length\":\"75\",\"response_time\":47.719}","timestamp":"2024-01-20 10:32:34.662 PM"}
{"id":"12345","level":"http","message":"\t{\"method\":\"GET\",\"url\":\"/logout\",\"status\":200,\"content_length\":\"60\",\"response_time\":13.731}","timestamp":"2024-01-20 10:32:56.977 PM"}
{"id":"12345","level":"http","message":"\t{\"method\":\"POST\",\"url\":\"/user/login\",\"status\":400,\"content_length\":\"75\",\"response_time\":79.166}","timestamp":"2024-01-20 10:33:01.438 PM"}
{"id":"12345","level":"http","message":"\t{\"method\":\"POST\",\"url\":\"/user/login\",\"status\":400,\"content_length\":\"75\",\"response_time\":53.938}","timestamp":"2024-01-20 10:33:12.998 PM"}
{"id":"12345","level":"http","message":"\t{\"method\":\"GET\",\"url\":\"/logs/all\",\"status\":200,\"content_length\":\"2176553\",\"response_time\":542.916}","timestamp":"2024-01-20 10:35:03.529 PM"}
{"id":"12345","level":"http","message":"\t{\"method\":\"POST\",\"url\":\"/user/login\",\"status\":200,\"content_length\":\"1021\",\"response_time\":208.715}","timestamp":"2024-01-20 10:36:42.359 PM"}
{"id":"12345","level":"http","message":"\t{\"method\":\"PATCH\",\"url\":\"/user/update/8da27594-1e9b-4983-a709-10d51b58caf4\",\"status\":403,\"content_length\":\"75\",\"response_time\":85.482}","timestamp":"2024-01-20 10:37:24.056 PM"}
{"id":"12345","level":"http","message":"\t{\"method\":\"POST\",\"url\":\"/superuser/login\",\"status\":200,\"content_length\":\"5711\",\"response_time\":91.45}","timestamp":"2024-01-20 10:37:45.676 PM"}
{"id":"12345","level":"http","message":"\t{\"method\":\"PATCH\",\"url\":\"/user/update/8da27594-1e9b-4983-a709-10d51b58caf4\",\"status\":500,\"content_length\":\"130\",\"response_time\":126.21}","timestamp":"2024-01-20 10:37:50.685 PM"}
{"id":"12345","level":"http","message":"\t{\"method\":\"POST\",\"url\":\"/superuser/login\",\"status\":200,\"content_length\":\"849\",\"response_time\":69.288}","timestamp":"2024-01-20 10:37:57.949 PM"}
{"id":"12345","level":"http","message":"\t{\"method\":\"PATCH\",\"url\":\"/user/update/8da27594-1e9b-4983-a709-10d51b58caf4\",\"status\":200,\"content_length\":\"1021\",\"response_time\":292.622}","timestamp":"2024-01-20 10:38:02.234 PM"}
{"id":"12345","level":"http","message":"\t{\"method\":\"PATCH\",\"url\":\"/user/update/8da27594-1e9b-4983-a709-10d51b58caf4\",\"status\":200,\"content_length\":\"1021\",\"response_time\":301.395}","timestamp":"2024-01-20 10:38:23.252 PM"}
{"id":"12345","level":"http","message":"\t{\"method\":\"PATCH\",\"url\":\"/user/update/8da27594-1e9b-4983-a709-10d51b58caf4\",\"status\":200,\"content_length\":\"1052\",\"response_time\":356.354}","timestamp":"2024-01-20 10:39:19.404 PM"}
{"id":"12345","level":"http","message":"\t{\"method\":\"PATCH\",\"url\":\"/user/update/8da27594-1e9b-4983-a709-10d51b58caf4\",\"status\":200,\"content_length\":\"85\",\"response_time\":106.444}","timestamp":"2024-01-20 10:39:34.532 PM"}
{"id":"12345","level":"http","message":"\t{\"method\":\"PATCH\",\"url\":\"/user/update/8da27594-1e9b-4983-a709-10d51b58caf4\",\"status\":200,\"content_length\":\"85\",\"response_time\":88.84}","timestamp":"2024-01-20 10:39:52.991 PM"}
{"id":"12345","level":"http","message":"\t{\"method\":\"PATCH\",\"url\":\"/user/update/8da27594-1e9b-4983-a709-10d51b58caf4\",\"status\":200,\"content_length\":\"85\",\"response_time\":100.539}","timestamp":"2024-01-20 10:39:54.901 PM"}
{"id":"12345","level":"http","message":"\t{\"method\":\"PATCH\",\"url\":\"/user/update/8da27594-1e9b-4983-a709-10d51b58caf4\",\"status\":200,\"content_length\":\"1053\",\"response_time\":282.488}","timestamp":"2024-01-20 10:40:03.438 PM"}
{"id":"12345","level":"http","message":"\t{\"method\":\"PATCH\",\"url\":\"/user/update/%22e254f865-97a9-43da-a567-e8bb45d4d237\",\"status\":500,\"content_length\":\"130\",\"response_time\":104.503}","timestamp":"2024-01-20 10:40:41.816 PM"}
{"id":"12345","level":"http","message":"\t{\"method\":\"POST\",\"url\":\"/superuser/login\",\"status\":200,\"content_length\":\"5711\",\"response_time\":57.825}","timestamp":"2024-01-20 10:40:49.425 PM"}
{"id":"12345","level":"http","message":"\t{\"method\":\"PATCH\",\"url\":\"/user/update/%22e254f865-97a9-43da-a567-e8bb45d4d237\",\"status\":500,\"content_length\":\"130\",\"response_time\":109.713}","timestamp":"2024-01-20 10:40:55.114 PM"}
{"id":"12345","level":"http","message":"\t{\"method\":\"POST\",\"url\":\"/superuser/login\",\"status\":200,\"content_length\":\"5711\",\"response_time\":81.65}","timestamp":"2024-01-20 10:41:05.730 PM"}
{"id":"12345","level":"http","message":"\t{\"method\":\"PATCH\",\"url\":\"/user/update/%22e254f865-97a9-43da-a567-e8bb45d4d237\",\"status\":500,\"content_length\":\"130\",\"response_time\":155.073}","timestamp":"2024-01-20 10:41:14.925 PM"}
{"id":"12345","level":"http","message":"\t{\"method\":\"POST\",\"url\":\"/superuser/login\",\"status\":200,\"content_length\":\"849\",\"response_time\":63.828}","timestamp":"2024-01-20 10:41:21.148 PM"}
{"id":"12345","level":"http","message":"\t{\"method\":\"PATCH\",\"url\":\"/user/update/%22e254f865-97a9-43da-a567-e8bb45d4d237\",\"status\":500,\"content_length\":\"130\",\"response_time\":88.293}","timestamp":"2024-01-20 10:41:25.123 PM"}
{"id":"12345","level":"http","message":"\t{\"method\":\"POST\",\"url\":\"/superuser/login\",\"status\":200,\"content_length\":\"5711\",\"response_time\":40.962}","timestamp":"2024-01-20 10:41:34.038 PM"}
{"id":"12345","level":"http","message":"\t{\"method\":\"PATCH\",\"url\":\"/user/update/%22e254f865-97a9-43da-a567-e8bb45d4d237\",\"status\":500,\"content_length\":\"130\",\"response_time\":96.29}","timestamp":"2024-01-20 10:41:37.486 PM"}
{"id":"12345","level":"http","message":"\t{\"method\":\"GET\",\"url\":\"/logs/all\",\"status\":200,\"content_length\":\"2203441\",\"response_time\":403.587}","timestamp":"2024-01-20 10:42:35.097 PM"}
{"id":"12345","level":"http","message":"\t{\"method\":\"GET\",\"url\":\"/logout\",\"status\":200,\"content_length\":\"60\",\"response_time\":11.073}","timestamp":"2024-01-20 10:43:28.127 PM"}
{"id":"12345","level":"http","message":"\t{\"method\":\"POST\",\"url\":\"/superuser/login\",\"status\":200,\"content_length\":\"5711\",\"response_time\":83.071}","timestamp":"2024-01-20 10:43:44.493 PM"}
{"id":"12345","level":"http","message":"\t{\"method\":\"GET\",\"url\":\"/superuser/6308a111-bbb2-4a9f-a421-2b1a3648316b/users\",\"status\":200,\"content_length\":\"5377\",\"response_time\":55.565}","timestamp":"2024-01-20 10:43:54.062 PM"}
{"id":"12345","level":"http","message":"\t{\"method\":\"PATCH\",\"url\":\"/user/update/%22e254f865-97a9-43da-a567-e8bb45d4d237\",\"status\":500,\"content_length\":\"130\",\"response_time\":174.977}","timestamp":"2024-01-20 10:44:03.193 PM"}
{"id":"12345","level":"http","message":"\t{\"method\":\"PATCH\",\"url\":\"/user/update/e254f865-97a9-43da-a567-e8bb45d4d237\",\"status\":200,\"content_length\":\"779\",\"response_time\":208.811}","timestamp":"2024-01-20 10:45:08.636 PM"}
{"id":"12345","level":"http","message":"\t{\"method\":\"POST\",\"url\":\"/user/signup\",\"status\":201,\"content_length\":\"523\",\"response_time\":420.536}","timestamp":"2024-01-20 10:48:24.908 PM"}
{"id":"12345","level":"http","message":"\t{\"method\":\"POST\",\"url\":\"/user/signup\",\"status\":201,\"content_length\":\"524\",\"response_time\":392.495}","timestamp":"2024-01-20 10:49:55.888 PM"}
{"id":"12345","level":"http","message":"\t{\"method\":\"POST\",\"url\":\"/user/signup\",\"status\":201,\"content_length\":\"515\",\"response_time\":333.33}","timestamp":"2024-01-20 10:51:03.658 PM"}
{"id":"12345","level":"http","message":"\t{\"method\":\"GET\",\"url\":\"/user/e254f865-97a9-43da-a567-e8bb45d4d237/tasks\",\"status\":500,\"content_length\":\"113\",\"response_time\":73.829}","timestamp":"2024-01-20 10:52:44.670 PM"}
{"id":"12345","level":"http","message":"\t{\"method\":\"DELETE\",\"url\":\"/user/e254f865-97a9-43da-a567-e8bb45d4d237/\",\"status\":403,\"content_length\":\"75\",\"response_time\":43.858}","timestamp":"2024-01-20 10:52:59.185 PM"}
{"id":"12345","level":"http","message":"\t{\"method\":\"DELETE\",\"url\":\"/user/e254f865-97a9-43da-a567-e8bb45d4d237/\",\"status\":403,\"content_length\":\"75\",\"response_time\":117.441}","timestamp":"2024-01-20 10:55:16.108 PM"}
{"id":"12345","level":"http","message":"\t{\"method\":\"DELETE\",\"url\":\"/user/e254f865-97a9-43da-a567-e8bb45d4d237/\",\"status\":403,\"content_length\":\"75\",\"response_time\":50.614}","timestamp":"2024-01-20 10:55:18.148 PM"}
{"id":"12345","level":"http","message":"\t{\"method\":\"DELETE\",\"url\":\"/user/e254f865-97a9-43da-a567-e8bb45d4d237/\",\"status\":403,\"content_length\":\"75\",\"response_time\":67.413}","timestamp":"2024-01-20 10:55:20.164 PM"}
{"id":"12345","level":"http","message":"\t{\"method\":\"DELETE\",\"url\":\"/user/e254f865-97a9-43da-a567-e8bb45d4d237/\",\"status\":403,\"content_length\":\"93\",\"response_time\":101.52}","timestamp":"2024-01-20 10:56:37.781 PM"}
{"id":"12345","level":"http","message":"\t{\"method\":\"POST\",\"url\":\"/superuser/login\",\"status\":200,\"content_length\":\"849\",\"response_time\":156.563}","timestamp":"2024-01-20 10:56:51.431 PM"}
{"id":"12345","level":"http","message":"\t{\"method\":\"DELETE\",\"url\":\"/user/e254f865-97a9-43da-a567-e8bb45d4d237/\",\"status\":500,\"content_length\":\"132\",\"response_time\":53.68}","timestamp":"2024-01-20 10:56:56.358 PM"}
{"id":"12345","level":"http","message":"\t{\"method\":\"POST\",\"url\":\"/superuser/login\",\"status\":200,\"content_length\":\"7217\",\"response_time\":107.58}","timestamp":"2024-01-20 10:57:55.766 PM"}
{"id":"12345","level":"http","message":"\t{\"method\":\"GET\",\"url\":\"/superuser/6308a111-bbb2-4a9f-a421-2b1a3648316b/\",\"status\":200,\"content_length\":\"7217\",\"response_time\":91.247}","timestamp":"2024-01-20 10:58:09.664 PM"}
{"id":"12345","level":"http","message":"\t{\"method\":\"POST\",\"url\":\"/user/login\",\"status\":200,\"content_length\":\"1459\",\"response_time\":91.754}","timestamp":"2024-01-20 10:58:29.963 PM"}
{"id":"12345","level":"http","message":"\t{\"method\":\"POST\",\"url\":\"/user/login\",\"status\":200,\"content_length\":\"755\",\"response_time\":60.606}","timestamp":"2024-01-20 10:58:36.544 PM"}
{"id":"12345","level":"http","message":"\t{\"method\":\"GET\",\"url\":\"/superuser/6308a111-bbb2-4a9f-a421-2b1a3648316b/\",\"status\":200,\"content_length\":\"7217\",\"response_time\":46.063}","timestamp":"2024-01-20 10:58:40.759 PM"}
