{"id":"12345","level":"info","message":"\tUser: 6308a111-bbb2-4a9f-a421-2b1a3648316b just got authenticated","service":"6308a111-bbb2-4a9f-a421-2b1a3648316b","timestamp":"2024-01-20 04:01:27.238 AM"}
{"id":"12345","level":"info","message":"\tAll tasks in server 6308a111-bbb2-4a9f-a421-2b1a3648316b accessed by User 6308a111-bbb2-4a9f-a421-2b1a3648316b","service":"6308a111-bbb2-4a9f-a421-2b1a3648316b","timestamp":"2024-01-20 04:01:27.383 AM"}
{"id":"12345","level":"info","message":"\tConnection to redis server successful","service":"engine-service","timestamp":"2024-01-20 04:02:31.638 AM"}
{"id":"12345","level":"info","message":"\tConnection to redis server successful","service":"engine-service","timestamp":"2024-01-20 04:02:41.523 AM"}
{"id":"12345","level":"info","message":"\tdata connection established successfully","service":"engine-service","timestamp":"2024-01-20 04:02:41.892 AM"}
{"id":"12345","level":"info","message":"\tdatabase Initialized","service":"engine-service","timestamp":"2024-01-20 04:02:42.128 AM"}
{"id":"12345","level":"info","message":"\t[SERVER]: Server is up and running at http://localhost:5000","service":"engine-service","timestamp":"2024-01-20 04:02:42.132 AM"}
{"id":"12345","level":"info","message":"\tConnection to redis server successful","service":"engine-service","timestamp":"2024-01-20 04:02:46.105 AM"}
{"id":"12345","level":"info","message":"\tdata connection established successfully","service":"engine-service","timestamp":"2024-01-20 04:02:46.231 AM"}
{"id":"12345","level":"info","message":"\tdatabase Initialized","service":"engine-service","timestamp":"2024-01-20 04:02:46.300 AM"}
{"id":"12345","level":"info","message":"\t[SERVER]: Server is up and running at http://localhost:5000","service":"engine-service","timestamp":"2024-01-20 04:02:46.302 AM"}
{"id":"12345","level":"info","message":"\tUser: 6308a111-bbb2-4a9f-a421-2b1a3648316b just got authenticated","service":"6308a111-bbb2-4a9f-a421-2b1a3648316b","timestamp":"2024-01-20 04:02:55.652 AM"}
{"id":"12345","level":"info","message":"\tAll tasks in server 6308a111-bbb2-4a9f-a421-2b1a3648316b accessed by User 6308a111-bbb2-4a9f-a421-2b1a3648316b","service":"6308a111-bbb2-4a9f-a421-2b1a3648316b","timestamp":"2024-01-20 04:02:55.672 AM"}
{"id":"12345","level":"info","message":"\tConnection to redis server successful","service":"engine-service","timestamp":"2024-01-20 04:03:30.968 AM"}
{"id":"12345","level":"info","message":"\tdata connection established successfully","service":"engine-service","timestamp":"2024-01-20 04:03:31.666 AM"}
{"id":"12345","level":"info","message":"\tdatabase Initialized","service":"engine-service","timestamp":"2024-01-20 04:03:31.905 AM"}
{"id":"12345","level":"info","message":"\t[SERVER]: Server is up and running at http://localhost:5000","service":"engine-service","timestamp":"2024-01-20 04:03:31.909 AM"}
{"id":"12345","level":"info","message":"\tConnection to redis server successful","service":"engine-service","timestamp":"2024-01-20 04:03:56.443 AM"}
{"id":"12345","level":"info","message":"\tdata connection established successfully","service":"engine-service","timestamp":"2024-01-20 04:03:56.626 AM"}
{"id":"12345","level":"info","message":"\tdatabase Initialized","service":"engine-service","timestamp":"2024-01-20 04:03:56.708 AM"}
{"id":"12345","level":"info","message":"\t[SERVER]: Server is up and running at http://localhost:5000","service":"engine-service","timestamp":"2024-01-20 04:03:56.710 AM"}
{"id":"12345","level":"info","message":"\tUser: 6308a111-bbb2-4a9f-a421-2b1a3648316b just got authenticated","service":"6308a111-bbb2-4a9f-a421-2b1a3648316b","timestamp":"2024-01-20 04:03:59.047 AM"}
{"id":"12345","level":"info","message":"\tAll tasks in server 6308a111-bbb2-4a9f-a421-2b1a3648316b accessed by User 6308a111-bbb2-4a9f-a421-2b1a3648316b","service":"6308a111-bbb2-4a9f-a421-2b1a3648316b","timestamp":"2024-01-20 04:03:59.063 AM"}
