{"id":"12345","level":"info","message":"\tUser: 5d298057-5818-4461-944f-6531af9f56b9 accessed the endpoint /task/createTask as an admin","service":"5d298057-5818-4461-944f-6531af9f56b9","timestamp":"2024-01-19 11:00:13.280 AM"}
{"id":"12345","level":"info","message":"\tUser: 5d298057-5818-4461-944f-6531af9f56b9 just got authenticated","service":"5d298057-5818-4461-944f-6531af9f56b9","timestamp":"2024-01-19 11:00:13.747 AM"}
{"id":"12345","level":"error","message":"\tUser 8e8052ba-d855-4895-945a-4f45ce237b79 does not exist in superuser 5d298057-5818-4461-944f-6531af9f56b9","service":"5d298057-5818-4461-944f-6531af9f56b9","timestamp":"2024-01-19 11:00:13.752 AM"}
{"id":"12345","level":"http","message":"\t{\"method\":\"POST\",\"url\":\"/task/createTask\",\"status\":500,\"content_length\":\"78\",\"response_time\":550.177}","timestamp":"2024-01-19 11:00:13.800 AM"}
{"id":"12345","level":"info","message":"\tConnection to redis server successful","service":"engine-service","timestamp":"2024-01-19 11:01:09.610 AM"}
{"id":"12345","level":"info","message":"\tConnection to redis server successful","service":"engine-service","timestamp":"2024-01-19 11:01:15.314 AM"}
{"id":"12345","level":"info","message":"\tdata connection established successfully","service":"engine-service","timestamp":"2024-01-19 11:01:15.506 AM"}
{"id":"12345","level":"info","message":"\tdatabase Initialized","service":"engine-service","timestamp":"2024-01-19 11:01:15.728 AM"}
{"id":"12345","level":"info","message":"\t[SERVER]: Server is up and running at http://localhost:5000","service":"engine-service","timestamp":"2024-01-19 11:01:15.732 AM"}
{"id":"12345","level":"info","message":"\tUser: 5d298057-5818-4461-944f-6531af9f56b9 accessed the endpoint /task/createTask as an admin","service":"5d298057-5818-4461-944f-6531af9f56b9","timestamp":"2024-01-19 11:01:16.387 AM"}
{"id":"12345","level":"info","message":"\tUser: 5d298057-5818-4461-944f-6531af9f56b9 just got authenticated","service":"5d298057-5818-4461-944f-6531af9f56b9","timestamp":"2024-01-19 11:01:16.608 AM"}
{"id":"12345","level":"error","message":"\tUser 8e8052ba-d855-4895-945a-4f45ce237b79 does not exist in superuser 5d298057-5818-4461-944f-6531af9f56b9","service":"5d298057-5818-4461-944f-6531af9f56b9","timestamp":"2024-01-19 11:01:16.626 AM"}
{"id":"12345","level":"http","message":"\t{\"method\":\"POST\",\"url\":\"/task/createTask\",\"status\":500,\"content_length\":\"83\",\"response_time\":372.373}","timestamp":"2024-01-19 11:01:16.643 AM"}
{"id":"12345","level":"info","message":"\tConnection to redis server successful","service":"engine-service","timestamp":"2024-01-19 11:09:07.483 AM"}
{"id":"12345","level":"info","message":"\tdata connection established successfully","service":"engine-service","timestamp":"2024-01-19 11:09:07.736 AM"}
{"id":"12345","level":"info","message":"\tdatabase Initialized","service":"engine-service","timestamp":"2024-01-19 11:09:07.885 AM"}
{"id":"12345","level":"info","message":"\t[SERVER]: Server is up and running at http://localhost:5000","service":"engine-service","timestamp":"2024-01-19 11:09:07.889 AM"}
{"id":"12345","level":"info","message":"\tConnection to redis server successful","service":"engine-service","timestamp":"2024-01-19 11:10:54.445 AM"}
{"id":"12345","level":"info","message":"\tdata connection established successfully","service":"engine-service","timestamp":"2024-01-19 11:10:54.738 AM"}
{"id":"12345","level":"info","message":"\tdatabase Initialized","service":"engine-service","timestamp":"2024-01-19 11:10:54.882 AM"}
{"id":"12345","level":"info","message":"\t[SERVER]: Server is up and running at http://localhost:5000","service":"engine-service","timestamp":"2024-01-19 11:10:54.886 AM"}
{"id":"12345","level":"info","message":"\tConnection to redis server successful","service":"engine-service","timestamp":"2024-01-19 11:11:00.845 AM"}
{"id":"12345","level":"info","message":"\tdata connection established successfully","service":"engine-service","timestamp":"2024-01-19 11:11:01.084 AM"}
{"id":"12345","level":"info","message":"\tdatabase Initialized","service":"engine-service","timestamp":"2024-01-19 11:11:01.264 AM"}
{"id":"12345","level":"info","message":"\t[SERVER]: Server is up and running at http://localhost:5000","service":"engine-service","timestamp":"2024-01-19 11:11:01.266 AM"}
{"id":"12345","level":"info","message":"\tConnection to redis server successful","service":"engine-service","timestamp":"2024-01-19 11:18:20.443 AM"}
{"id":"12345","level":"info","message":"\tdata connection established successfully","service":"engine-service","timestamp":"2024-01-19 11:18:20.615 AM"}
{"id":"12345","level":"info","message":"\tdatabase Initialized","service":"engine-service","timestamp":"2024-01-19 11:18:20.725 AM"}
{"id":"12345","level":"info","message":"\t[SERVER]: Server is up and running at http://localhost:5000","service":"engine-service","timestamp":"2024-01-19 11:18:20.727 AM"}
{"id":"12345","level":"info","message":"\tUser: 5d298057-5818-4461-944f-6531af9f56b9 just got authenticated","service":"5d298057-5818-4461-944f-6531af9f56b9","timestamp":"2024-01-19 11:18:58.267 AM"}
{"id":"12345","level":"error","message":"\tSequelizeValidationError: notNull Violation: DailyRpt.userId cannot be null,\nnotNull Violation: DailyRpt.superuserId cannot be null","service":"5d298057-5818-4461-944f-6531af9f56b9","stack":"Error: SequelizeValidationError: notNull Violation: DailyRpt.userId cannot be null,\nnotNull Violation: DailyRpt.superuserId cannot be null\n    at file:///mnt/c/Users/user/gmn/project/oga_boss/server/dist/common/controllers/daily.report.controller.js:33:23\n    at process.processTicksAndRejections (node:internal/process/task_queues:95:5)","timestamp":"2024-01-19 11:18:58.281 AM"}
{"id":"12345","level":"http","message":"\t{\"method\":\"POST\",\"url\":\"/report/add\",\"status\":500,\"content_length\":\"831\",\"response_time\":294.597}","timestamp":"2024-01-19 11:18:58.292 AM"}
{"id":"12345","level":"error","message":"\tSequelizeValidationError: notNull Violation: DailyRpt.superuserId cannot be null","service":"5d298057-5818-4461-944f-6531af9f56b9","stack":"Error: SequelizeValidationError: notNull Violation: DailyRpt.superuserId cannot be null\n    at file:///mnt/c/Users/user/gmn/project/oga_boss/server/dist/common/controllers/daily.report.controller.js:33:23\n    at process.processTicksAndRejections (node:internal/process/task_queues:95:5)","timestamp":"2024-01-19 11:19:48.254 AM"}
{"id":"12345","level":"http","message":"\t{\"method\":\"POST\",\"url\":\"/report/add\",\"status\":500,\"content_length\":\"504\",\"response_time\":91.233}","timestamp":"2024-01-19 11:19:48.266 AM"}
{"id":"12345","level":"info","message":"\tUser: 5d298057-5818-4461-944f-6531af9f56b9 just got authenticated","service":"5d298057-5818-4461-944f-6531af9f56b9","timestamp":"2024-01-19 11:19:48.318 AM"}
{"id":"12345","level":"info","message":"\tUser: 5d298057-5818-4461-944f-6531af9f56b9 just got authenticated","service":"5d298057-5818-4461-944f-6531af9f56b9","timestamp":"2024-01-19 11:20:11.017 AM"}
{"id":"12345","level":"error","message":"\tSequelizeForeignKeyConstraintError: Cannot add or update a child row: a foreign key constraint fails (`oga_boss`.`daily_report`, CONSTRAINT `daily_report_ibfk_1` FOREIGN KEY (`userId`) REFERENCES `users` (`userId`) ON DELETE CASCADE ON UPDATE CASCADE)","service":"5d298057-5818-4461-944f-6531af9f56b9","stack":"Error: SequelizeForeignKeyConstraintError: Cannot add or update a child row: a foreign key constraint fails (`oga_boss`.`daily_report`, CONSTRAINT `daily_report_ibfk_1` FOREIGN KEY (`userId`) REFERENCES `users` (`userId`) ON DELETE CASCADE ON UPDATE CASCADE)\n    at file:///mnt/c/Users/user/gmn/project/oga_boss/server/dist/common/controllers/daily.report.controller.js:33:23\n    at process.processTicksAndRejections (node:internal/process/task_queues:95:5)","timestamp":"2024-01-19 11:20:11.187 AM"}
{"id":"12345","level":"http","message":"\t{\"method\":\"POST\",\"url\":\"/report/add\",\"status\":500,\"content_length\":\"1850\",\"response_time\":288.389}","timestamp":"2024-01-19 11:20:11.191 AM"}
{"id":"12345","level":"warn","message":"\tUnknown User tried to access /report/add","service":"auth-service","stack":"Error: Unknown User tried to access /report/add\n    at authSession (file:///mnt/c/Users/user/gmn/project/oga_boss/server/dist/common/middlewares/isAuthenticated.middleware.js:9:37)\n    at Layer.handle [as handle_request] (/mnt/c/Users/user/gmn/project/oga_boss/server/node_modules/express/lib/router/layer.js:95:5)\n    at next (/mnt/c/Users/user/gmn/project/oga_boss/server/node_modules/express/lib/router/route.js:144:13)\n    at Route.dispatch (/mnt/c/Users/user/gmn/project/oga_boss/server/node_modules/express/lib/router/route.js:114:3)\n    at Layer.handle [as handle_request] (/mnt/c/Users/user/gmn/project/oga_boss/server/node_modules/express/lib/router/layer.js:95:5)\n    at /mnt/c/Users/user/gmn/project/oga_boss/server/node_modules/express/lib/router/index.js:284:15\n    at Function.process_params (/mnt/c/Users/user/gmn/project/oga_boss/server/node_modules/express/lib/router/index.js:346:12)\n    at next (/mnt/c/Users/user/gmn/project/oga_boss/server/node_modules/express/lib/router/index.js:280:10)\n    at Function.handle (/mnt/c/Users/user/gmn/project/oga_boss/server/node_modules/express/lib/router/index.js:175:3)\n    at router (/mnt/c/Users/user/gmn/project/oga_boss/server/node_modules/express/lib/router/index.js:47:12)","timestamp":"2024-01-19 11:22:04.890 AM"}
{"id":"12345","level":"http","message":"\t{\"method\":\"POST\",\"url\":\"/report/add\",\"status\":401,\"content_length\":\"49\",\"response_time\":5.642}","timestamp":"2024-01-19 11:22:04.896 AM"}
{"id":"12345","level":"alert","message":"\tUser: 5d298057-5818-4461-944f-6531af9f56b9 just logged in.","service":"superuser-service","timestamp":"2024-01-19 11:22:15.773 AM"}
{"id":"12345","level":"alert","message":"\tsession token created for user: 5d298057-5818-4461-944f-6531af9f56b9","service":"5d298057-5818-4461-944f-6531af9f56b9","timestamp":"2024-01-19 11:22:15.781 AM"}
{"id":"12345","level":"http","message":"\t{\"method\":\"POST\",\"url\":\"/superuser/login\",\"status\":200,\"content_length\":\"351\",\"response_time\":96.493}","timestamp":"2024-01-19 11:22:15.783 AM"}
{"id":"12345","level":"info","message":"\tUser: 5d298057-5818-4461-944f-6531af9f56b9 just got authenticated","service":"5d298057-5818-4461-944f-6531af9f56b9","timestamp":"2024-01-19 11:22:23.915 AM"}
{"id":"12345","level":"info","message":"\tReport c2ff4d84-69b2-424f-b5eb-a604f64504c0 was just created by user 5d298057-5818-4461-944f-6531af9f56b9","service":"5d298057-5818-4461-944f-6531af9f56b9","timestamp":"2024-01-19 11:22:24.048 AM"}
{"id":"12345","level":"http","message":"\t{\"method\":\"POST\",\"url\":\"/report/add\",\"status\":201,\"content_length\":\"305\",\"response_time\":277.547}","timestamp":"2024-01-19 11:22:24.056 AM"}
{"id":"12345","level":"info","message":"\tConnection to redis server successful","service":"engine-service","timestamp":"2024-01-19 11:26:26.156 AM"}
{"id":"12345","level":"info","message":"\tdata connection established successfully","service":"engine-service","timestamp":"2024-01-19 11:26:26.318 AM"}
{"id":"12345","level":"info","message":"\tdatabase Initialized","service":"engine-service","timestamp":"2024-01-19 11:26:26.422 AM"}
{"id":"12345","level":"info","message":"\t[SERVER]: Server is up and running at http://localhost:5000","service":"engine-service","timestamp":"2024-01-19 11:26:26.424 AM"}
{"id":"12345","level":"info","message":"\tConnection to redis server successful","service":"engine-service","timestamp":"2024-01-19 11:26:46.745 AM"}
{"id":"12345","level":"info","message":"\tdata connection established successfully","service":"engine-service","timestamp":"2024-01-19 11:26:47.213 AM"}
{"id":"12345","level":"info","message":"\tdatabase Initialized","service":"engine-service","timestamp":"2024-01-19 11:26:47.759 AM"}
{"id":"12345","level":"info","message":"\t[SERVER]: Server is up and running at http://localhost:5000","service":"engine-service","timestamp":"2024-01-19 11:26:47.763 AM"}
{"id":"12345","level":"info","message":"\tConnection to redis server successful","service":"engine-service","timestamp":"2024-01-19 11:27:07.417 AM"}
{"id":"12345","level":"info","message":"\tdata connection established successfully","service":"engine-service","timestamp":"2024-01-19 11:27:07.986 AM"}
{"id":"12345","level":"info","message":"\tdatabase Initialized","service":"engine-service","timestamp":"2024-01-19 11:27:08.218 AM"}
{"id":"12345","level":"info","message":"\t[SERVER]: Server is up and running at http://localhost:5000","service":"engine-service","timestamp":"2024-01-19 11:27:08.223 AM"}
{"id":"12345","level":"info","message":"\tConnection to redis server successful","service":"engine-service","timestamp":"2024-01-19 11:27:22.794 AM"}
{"id":"12345","level":"info","message":"\tdata connection established successfully","service":"engine-service","timestamp":"2024-01-19 11:27:23.167 AM"}
{"id":"12345","level":"info","message":"\tdatabase Initialized","service":"engine-service","timestamp":"2024-01-19 11:27:23.354 AM"}
{"id":"12345","level":"info","message":"\t[SERVER]: Server is up and running at http://localhost:5000","service":"engine-service","timestamp":"2024-01-19 11:27:23.358 AM"}
{"id":"12345","level":"info","message":"\tConnection to redis server successful","service":"engine-service","timestamp":"2024-01-19 11:27:30.547 AM"}
{"id":"12345","level":"info","message":"\tdata connection established successfully","service":"engine-service","timestamp":"2024-01-19 11:27:30.755 AM"}
{"id":"12345","level":"info","message":"\tdatabase Initialized","service":"engine-service","timestamp":"2024-01-19 11:27:30.902 AM"}
{"id":"12345","level":"info","message":"\t[SERVER]: Server is up and running at http://localhost:5000","service":"engine-service","timestamp":"2024-01-19 11:27:30.905 AM"}
{"id":"12345","level":"info","message":"\tConnection to redis server successful","service":"engine-service","timestamp":"2024-01-19 11:28:28.736 AM"}
{"id":"12345","level":"info","message":"\tdata connection established successfully","service":"engine-service","timestamp":"2024-01-19 11:28:29.133 AM"}
{"id":"12345","level":"info","message":"\tdatabase Initialized","service":"engine-service","timestamp":"2024-01-19 11:28:29.314 AM"}
{"id":"12345","level":"info","message":"\t[SERVER]: Server is up and running at http://localhost:5000","service":"engine-service","timestamp":"2024-01-19 11:28:29.326 AM"}
{"id":"12345","level":"info","message":"\tConnection to redis server successful","service":"engine-service","timestamp":"2024-01-19 11:28:36.271 AM"}
{"id":"12345","level":"info","message":"\tdata connection established successfully","service":"engine-service","timestamp":"2024-01-19 11:28:36.562 AM"}
{"id":"12345","level":"info","message":"\tdatabase Initialized","service":"engine-service","timestamp":"2024-01-19 11:28:36.784 AM"}
{"id":"12345","level":"info","message":"\t[SERVER]: Server is up and running at http://localhost:5000","service":"engine-service","timestamp":"2024-01-19 11:28:36.788 AM"}
{"id":"12345","level":"info","message":"\tConnection to redis server successful","service":"engine-service","timestamp":"2024-01-19 11:28:43.028 AM"}
{"id":"12345","level":"info","message":"\tdata connection established successfully","service":"engine-service","timestamp":"2024-01-19 11:28:43.591 AM"}
{"id":"12345","level":"info","message":"\tdatabase Initialized","service":"engine-service","timestamp":"2024-01-19 11:28:43.762 AM"}
{"id":"12345","level":"info","message":"\t[SERVER]: Server is up and running at http://localhost:5000","service":"engine-service","timestamp":"2024-01-19 11:28:43.765 AM"}
{"id":"12345","level":"http","message":"\t{\"method\":\"GET\",\"url\":\"/logs/all\",\"status\":200,\"content_length\":\"1047616\",\"response_time\":305.033}","timestamp":"2024-01-19 11:28:54.649 AM"}
{"id":"12345","level":"info","message":"\tConnection to redis server successful","service":"engine-service","timestamp":"2024-01-19 11:31:44.150 AM"}
{"id":"12345","level":"info","message":"\tdata connection established successfully","service":"engine-service","timestamp":"2024-01-19 11:31:44.411 AM"}
{"id":"12345","level":"info","message":"\tdatabase Initialized","service":"engine-service","timestamp":"2024-01-19 11:31:44.531 AM"}
{"id":"12345","level":"info","message":"\t[SERVER]: Server is up and running at http://localhost:5000","service":"engine-service","timestamp":"2024-01-19 11:31:44.554 AM"}
{"id":"12345","level":"info","message":"\tConnection to redis server successful","service":"engine-service","timestamp":"2024-01-19 11:32:20.723 AM"}
{"id":"12345","level":"info","message":"\tdata connection established successfully","service":"engine-service","timestamp":"2024-01-19 11:32:20.949 AM"}
{"id":"12345","level":"info","message":"\tdatabase Initialized","service":"engine-service","timestamp":"2024-01-19 11:32:21.108 AM"}
{"id":"12345","level":"info","message":"\t[SERVER]: Server is up and running at http://localhost:5000","service":"engine-service","timestamp":"2024-01-19 11:32:21.111 AM"}
{"id":"12345","level":"info","message":"\tConnection to redis server successful","service":"engine-service","timestamp":"2024-01-19 11:33:19.690 AM"}
{"id":"12345","level":"info","message":"\tdata connection established successfully","service":"engine-service","timestamp":"2024-01-19 11:33:19.917 AM"}
{"id":"12345","level":"info","message":"\tdatabase Initialized","service":"engine-service","timestamp":"2024-01-19 11:33:20.065 AM"}
{"id":"12345","level":"info","message":"\t[SERVER]: Server is up and running at http://localhost:5000","service":"engine-service","timestamp":"2024-01-19 11:33:20.069 AM"}
{"id":"12345","level":"info","message":"\tConnection to redis server successful","service":"engine-service","timestamp":"2024-01-19 11:33:43.513 AM"}
{"id":"12345","level":"info","message":"\tdata connection established successfully","service":"engine-service","timestamp":"2024-01-19 11:33:43.729 AM"}
{"id":"12345","level":"info","message":"\tdatabase Initialized","service":"engine-service","timestamp":"2024-01-19 11:33:43.806 AM"}
{"id":"12345","level":"info","message":"\t[SERVER]: Server is up and running at http://localhost:5000","service":"engine-service","timestamp":"2024-01-19 11:33:43.808 AM"}
{"id":"12345","level":"info","message":"\tConnection to redis server successful","service":"engine-service","timestamp":"2024-01-19 11:34:18.472 AM"}
{"id":"12345","level":"info","message":"\tConnection to redis server successful","service":"engine-service","timestamp":"2024-01-19 11:34:27.693 AM"}
{"id":"12345","level":"info","message":"\tdata connection established successfully","service":"engine-service","timestamp":"2024-01-19 11:34:27.892 AM"}
{"id":"12345","level":"info","message":"\tdatabase Initialized","service":"engine-service","timestamp":"2024-01-19 11:34:27.997 AM"}
{"id":"12345","level":"info","message":"\t[SERVER]: Server is up and running at http://localhost:5000","service":"engine-service","timestamp":"2024-01-19 11:34:28.001 AM"}
{"id":"12345","level":"info","message":"\tConnection to redis server successful","service":"engine-service","timestamp":"2024-01-19 11:35:35.008 AM"}
{"id":"12345","level":"info","message":"\tdata connection established successfully","service":"engine-service","timestamp":"2024-01-19 11:35:35.282 AM"}
{"id":"12345","level":"info","message":"\tdatabase Initialized","service":"engine-service","timestamp":"2024-01-19 11:35:35.361 AM"}
{"id":"12345","level":"info","message":"\t[SERVER]: Server is up and running at http://localhost:5000","service":"engine-service","timestamp":"2024-01-19 11:35:35.366 AM"}
{"id":"12345","level":"info","message":"\tConnection to redis server successful","service":"engine-service","timestamp":"2024-01-19 11:36:15.225 AM"}
{"id":"12345","level":"info","message":"\tdata connection established successfully","service":"engine-service","timestamp":"2024-01-19 11:36:15.799 AM"}
{"id":"12345","level":"info","message":"\tdatabase Initialized","service":"engine-service","timestamp":"2024-01-19 11:36:16.121 AM"}
{"id":"12345","level":"info","message":"\t[SERVER]: Server is up and running at http://localhost:5000","service":"engine-service","timestamp":"2024-01-19 11:36:16.125 AM"}
{"id":"12345","level":"info","message":"\tConnection to redis server successful","service":"engine-service","timestamp":"2024-01-19 11:36:25.678 AM"}
{"id":"12345","level":"info","message":"\tdata connection established successfully","service":"engine-service","timestamp":"2024-01-19 11:36:25.912 AM"}
{"id":"12345","level":"info","message":"\tdatabase Initialized","service":"engine-service","timestamp":"2024-01-19 11:36:26.036 AM"}
{"id":"12345","level":"info","message":"\t[SERVER]: Server is up and running at http://localhost:5000","service":"engine-service","timestamp":"2024-01-19 11:36:26.039 AM"}
{"id":"12345","level":"info","message":"\tConnection to redis server successful","service":"engine-service","timestamp":"2024-01-19 11:37:00.132 AM"}
{"id":"12345","level":"info","message":"\tdata connection established successfully","service":"engine-service","timestamp":"2024-01-19 11:37:00.514 AM"}
{"id":"12345","level":"info","message":"\tdatabase Initialized","service":"engine-service","timestamp":"2024-01-19 11:37:00.763 AM"}
{"id":"12345","level":"info","message":"\t[SERVER]: Server is up and running at http://localhost:5000","service":"engine-service","timestamp":"2024-01-19 11:37:00.768 AM"}
{"id":"12345","level":"info","message":"\tConnection to redis server successful","service":"engine-service","timestamp":"2024-01-19 11:37:19.917 AM"}
{"id":"12345","level":"info","message":"\tdata connection established successfully","service":"engine-service","timestamp":"2024-01-19 11:37:20.179 AM"}
{"id":"12345","level":"info","message":"\tdatabase Initialized","service":"engine-service","timestamp":"2024-01-19 11:37:20.388 AM"}
{"id":"12345","level":"info","message":"\t[SERVER]: Server is up and running at http://localhost:5000","service":"engine-service","timestamp":"2024-01-19 11:37:20.391 AM"}
{"id":"12345","level":"info","message":"\tConnection to redis server successful","service":"engine-service","timestamp":"2024-01-19 11:37:42.875 AM"}
{"id":"12345","level":"info","message":"\tdata connection established successfully","service":"engine-service","timestamp":"2024-01-19 11:37:43.113 AM"}
{"id":"12345","level":"info","message":"\tdatabase Initialized","service":"engine-service","timestamp":"2024-01-19 11:37:43.360 AM"}
{"id":"12345","level":"info","message":"\t[SERVER]: Server is up and running at http://localhost:5000","service":"engine-service","timestamp":"2024-01-19 11:37:43.364 AM"}
{"id":"12345","level":"info","message":"\tConnection to redis server successful","service":"engine-service","timestamp":"2024-01-19 11:38:35.652 AM"}
{"id":"12345","level":"info","message":"\tdata connection established successfully","service":"engine-service","timestamp":"2024-01-19 11:38:35.951 AM"}
{"id":"12345","level":"info","message":"\tdatabase Initialized","service":"engine-service","timestamp":"2024-01-19 11:38:36.118 AM"}
{"id":"12345","level":"info","message":"\t[SERVER]: Server is up and running at http://localhost:5000","service":"engine-service","timestamp":"2024-01-19 11:38:36.124 AM"}
{"id":"12345","level":"info","message":"\tUser: 5d298057-5818-4461-944f-6531af9f56b9 just got authenticated","service":"5d298057-5818-4461-944f-6531af9f56b9","timestamp":"2024-01-19 11:38:55.137 AM"}
{"id":"12345","level":"error","message":"\tUser 5d298057-5818-4461-944f-6531af9f56b9 tried write a report for user 8da27594-1e9b-4983-a709-10d51b58caf4","service":"5d298057-5818-4461-944f-6531af9f56b9","timestamp":"2024-01-19 11:38:55.144 AM"}
{"id":"12345","level":"http","message":"\t{\"method\":\"POST\",\"url\":\"/report/add\",\"status\":500,\"content_length\":\"92\",\"response_time\":309.798}","timestamp":"2024-01-19 11:38:55.167 AM"}
{"id":"12345","level":"alert","message":"\tsession token created for user: 8da27594-1e9b-4983-a709-10d51b58caf4","service":"5d298057-5818-4461-944f-6531af9f56b9","timestamp":"2024-01-19 11:39:11.010 AM"}
{"id":"12345","level":"alert","message":"\tuser: 8da27594-1e9b-4983-a709-10d51b58caf4 just signed in","service":"5d298057-5818-4461-944f-6531af9f56b9","timestamp":"2024-01-19 11:39:11.014 AM"}
{"id":"12345","level":"http","message":"\t{\"method\":\"POST\",\"url\":\"/user/login\",\"status\":200,\"content_length\":\"1128\",\"response_time\":170.214}","timestamp":"2024-01-19 11:39:11.020 AM"}
{"id":"12345","level":"error","message":"\tUser 8da27594-1e9b-4983-a709-10d51b58caf4 provided an unknown superuser 6308a111-bbb2-4a9f-a421-2b1a3648316b","service":"5d298057-5818-4461-944f-6531af9f56b9","timestamp":"2024-01-19 11:39:31.634 AM"}
{"id":"12345","level":"http","message":"\t{\"method\":\"POST\",\"url\":\"/report/add\",\"status\":500,\"content_length\":\"90\",\"response_time\":112.962}","timestamp":"2024-01-19 11:39:31.646 AM"}
{"id":"12345","level":"info","message":"\tUser: 8da27594-1e9b-4983-a709-10d51b58caf4 just got authenticated","service":"5d298057-5818-4461-944f-6531af9f56b9","timestamp":"2024-01-19 11:39:31.714 AM"}
{"id":"12345","level":"http","message":"\t{\"method\":\"GET\",\"url\":\"/logs/all\",\"status\":200,\"content_length\":\"1061211\",\"response_time\":405.321}","timestamp":"2024-01-19 11:39:45.254 AM"}
{"id":"12345","level":"info","message":"\tConnection to redis server successful","service":"engine-service","timestamp":"2024-01-19 11:42:37.586 AM"}
{"id":"12345","level":"info","message":"\tdata connection established successfully","service":"engine-service","timestamp":"2024-01-19 11:42:37.809 AM"}
{"id":"12345","level":"info","message":"\tdatabase Initialized","service":"engine-service","timestamp":"2024-01-19 11:42:37.947 AM"}
{"id":"12345","level":"info","message":"\t[SERVER]: Server is up and running at http://localhost:5000","service":"engine-service","timestamp":"2024-01-19 11:42:37.950 AM"}
{"id":"12345","level":"info","message":"\tUser: 8da27594-1e9b-4983-a709-10d51b58caf4 just got authenticated","service":"5d298057-5818-4461-944f-6531af9f56b9","timestamp":"2024-01-19 11:42:57.106 AM"}
{"id":"12345","level":"warn","message":"\tUser: 8da27594-1e9b-4983-a709-10d51b58caf4 tried to access the endpoint /report/all","service":"5d298057-5818-4461-944f-6531af9f56b9","timestamp":"2024-01-19 11:42:57.120 AM"}
{"id":"12345","level":"http","message":"\t{\"method\":\"GET\",\"url\":\"/report/all\",\"status\":403,\"content_length\":\"75\",\"response_time\":183.353}","timestamp":"2024-01-19 11:42:57.135 AM"}
{"id":"12345","level":"alert","message":"\tUser: 6308a111-bbb2-4a9f-a421-2b1a3648316b just logged in.","service":"superuser-service","timestamp":"2024-01-19 11:43:21.776 AM"}
{"id":"12345","level":"http","message":"\t{\"method\":\"POST\",\"url\":\"/superuser/login\",\"status\":200,\"content_length\":\"349\",\"response_time\":195.185}","timestamp":"2024-01-19 11:43:21.782 AM"}
{"id":"12345","level":"alert","message":"\tsession token created for user: 6308a111-bbb2-4a9f-a421-2b1a3648316b","service":"6308a111-bbb2-4a9f-a421-2b1a3648316b","timestamp":"2024-01-19 11:43:21.785 AM"}
{"id":"12345","level":"info","message":"\tUser: 6308a111-bbb2-4a9f-a421-2b1a3648316b accessed the endpoint /report/all as an admin","service":"6308a111-bbb2-4a9f-a421-2b1a3648316b","timestamp":"2024-01-19 11:43:30.295 AM"}
{"id":"12345","level":"info","message":"\tUser: 6308a111-bbb2-4a9f-a421-2b1a3648316b just got authenticated","service":"6308a111-bbb2-4a9f-a421-2b1a3648316b","timestamp":"2024-01-19 11:43:30.318 AM"}
{"id":"12345","level":"info","message":"\tAll reports retrieved by user 6308a111-bbb2-4a9f-a421-2b1a3648316b","service":"6308a111-bbb2-4a9f-a421-2b1a3648316b","timestamp":"2024-01-19 11:43:30.341 AM"}
{"id":"12345","level":"http","message":"\t{\"method\":\"GET\",\"url\":\"/report/all\",\"status\":200,\"content_length\":\"1568\",\"response_time\":76.607}","timestamp":"2024-01-19 11:43:30.349 AM"}
{"id":"12345","level":"http","message":"\t{\"method\":\"GET\",\"url\":\"/logout\",\"status\":200,\"content_length\":\"60\",\"response_time\":23.598}","timestamp":"2024-01-19 11:44:28.905 AM"}
{"id":"12345","level":"info","message":"\tUser: 6308a111-bbb2-4a9f-a421-2b1a3648316b just got authenticated","service":"6308a111-bbb2-4a9f-a421-2b1a3648316b","timestamp":"2024-01-19 11:44:28.950 AM"}
{"id":"12345","level":"alert","message":"\tuser: 6308a111-bbb2-4a9f-a421-2b1a3648316b just logged out","service":"6308a111-bbb2-4a9f-a421-2b1a3648316b","timestamp":"2024-01-19 11:44:28.953 AM"}
{"id":"12345","level":"alert","message":"\tsession token created for user: 8da27594-1e9b-4983-a709-10d51b58caf4","service":"5d298057-5818-4461-944f-6531af9f56b9","timestamp":"2024-01-19 11:44:43.125 AM"}
{"id":"12345","level":"alert","message":"\tuser: 8da27594-1e9b-4983-a709-10d51b58caf4 just signed in","service":"5d298057-5818-4461-944f-6531af9f56b9","timestamp":"2024-01-19 11:44:43.130 AM"}
{"id":"12345","level":"http","message":"\t{\"method\":\"POST\",\"url\":\"/user/login\",\"status\":200,\"content_length\":\"1128\",\"response_time\":106.064}","timestamp":"2024-01-19 11:44:43.136 AM"}
{"id":"12345","level":"info","message":"\tUser: 8da27594-1e9b-4983-a709-10d51b58caf4 just got authenticated","service":"5d298057-5818-4461-944f-6531af9f56b9","timestamp":"2024-01-19 11:44:50.859 AM"}
{"id":"12345","level":"info","message":"\tReport c2ff4d84-69b2-424f-b5eb-a604f64504c0 was retrieved by user 8da27594-1e9b-4983-a709-10d51b58caf4","service":"5d298057-5818-4461-944f-6531af9f56b9","timestamp":"2024-01-19 11:44:50.953 AM"}
{"id":"12345","level":"http","message":"\t{\"method\":\"GET\",\"url\":\"/report/c2ff4d84-69b2-424f-b5eb-a604f64504c0\",\"status\":200,\"content_length\":\"799\",\"response_time\":114.47}","timestamp":"2024-01-19 11:44:50.957 AM"}
{"id":"12345","level":"http","message":"\t{\"method\":\"GET\",\"url\":\"/logout\",\"status\":200,\"content_length\":\"60\",\"response_time\":51.06}","timestamp":"2024-01-19 11:45:33.839 AM"}
{"id":"12345","level":"info","message":"\tUser: 8da27594-1e9b-4983-a709-10d51b58caf4 just got authenticated","service":"5d298057-5818-4461-944f-6531af9f56b9","timestamp":"2024-01-19 11:45:33.874 AM"}
{"id":"12345","level":"alert","message":"\tuser: 8da27594-1e9b-4983-a709-10d51b58caf4 just logged out","service":"5d298057-5818-4461-944f-6531af9f56b9","timestamp":"2024-01-19 11:45:33.901 AM"}
{"id":"12345","level":"alert","message":"\tUser: 5d298057-5818-4461-944f-6531af9f56b9 just logged in.","service":"superuser-service","timestamp":"2024-01-19 11:45:37.030 AM"}
{"id":"12345","level":"http","message":"\t{\"method\":\"POST\",\"url\":\"/superuser/login\",\"status\":200,\"content_length\":\"351\",\"response_time\":63.664}","timestamp":"2024-01-19 11:45:37.036 AM"}
{"id":"12345","level":"alert","message":"\tsession token created for user: 5d298057-5818-4461-944f-6531af9f56b9","service":"5d298057-5818-4461-944f-6531af9f56b9","timestamp":"2024-01-19 11:45:37.038 AM"}
{"id":"12345","level":"info","message":"\tUser: 5d298057-5818-4461-944f-6531af9f56b9 accessed the endpoint /report/all as an admin","service":"5d298057-5818-4461-944f-6531af9f56b9","timestamp":"2024-01-19 11:45:47.230 AM"}
{"id":"12345","level":"info","message":"\tUser: 5d298057-5818-4461-944f-6531af9f56b9 just got authenticated","service":"5d298057-5818-4461-944f-6531af9f56b9","timestamp":"2024-01-19 11:45:47.266 AM"}
{"id":"12345","level":"info","message":"\tAll reports retrieved by user 5d298057-5818-4461-944f-6531af9f56b9","service":"5d298057-5818-4461-944f-6531af9f56b9","timestamp":"2024-01-19 11:45:47.285 AM"}
{"id":"12345","level":"http","message":"\t{\"method\":\"GET\",\"url\":\"/report/all\",\"status\":200,\"content_length\":\"28\",\"response_time\":86.856}","timestamp":"2024-01-19 11:45:47.291 AM"}
{"id":"12345","level":"info","message":"\tUser: 5d298057-5818-4461-944f-6531af9f56b9 just got authenticated","service":"5d298057-5818-4461-944f-6531af9f56b9","timestamp":"2024-01-19 11:46:22.556 AM"}
{"id":"12345","level":"info","message":"\tReport c2ff4d84-69b2-424f-b5eb-a604f64504c0 was retrieved by user 5d298057-5818-4461-944f-6531af9f56b9","service":"5d298057-5818-4461-944f-6531af9f56b9","timestamp":"2024-01-19 11:46:22.562 AM"}
{"id":"12345","level":"http","message":"\t{\"method\":\"GET\",\"url\":\"/report/c2ff4d84-69b2-424f-b5eb-a604f64504c0\",\"status\":200,\"content_length\":\"799\",\"response_time\":75.614}","timestamp":"2024-01-19 11:46:22.574 AM"}
{"id":"12345","level":"http","message":"\t{\"method\":\"GET\",\"url\":\"/logout\",\"status\":200,\"content_length\":\"60\",\"response_time\":30.248}","timestamp":"2024-01-19 11:46:43.691 AM"}
{"id":"12345","level":"info","message":"\tUser: 5d298057-5818-4461-944f-6531af9f56b9 just got authenticated","service":"5d298057-5818-4461-944f-6531af9f56b9","timestamp":"2024-01-19 11:46:43.726 AM"}
{"id":"12345","level":"alert","message":"\tuser: 5d298057-5818-4461-944f-6531af9f56b9 just logged out","service":"5d298057-5818-4461-944f-6531af9f56b9","timestamp":"2024-01-19 11:46:43.728 AM"}
{"id":"12345","level":"alert","message":"\tUser: 6308a111-bbb2-4a9f-a421-2b1a3648316b just logged in.","service":"superuser-service","timestamp":"2024-01-19 11:46:50.171 AM"}
{"id":"12345","level":"alert","message":"\tsession token created for user: 6308a111-bbb2-4a9f-a421-2b1a3648316b","service":"6308a111-bbb2-4a9f-a421-2b1a3648316b","timestamp":"2024-01-19 11:46:50.178 AM"}
{"id":"12345","level":"http","message":"\t{\"method\":\"POST\",\"url\":\"/superuser/login\",\"status\":200,\"content_length\":\"349\",\"response_time\":95.287}","timestamp":"2024-01-19 11:46:50.180 AM"}
{"id":"12345","level":"info","message":"\tUser: 6308a111-bbb2-4a9f-a421-2b1a3648316b accessed the endpoint /report/all as an admin","service":"6308a111-bbb2-4a9f-a421-2b1a3648316b","timestamp":"2024-01-19 11:47:01.060 AM"}
{"id":"12345","level":"info","message":"\tUser: 6308a111-bbb2-4a9f-a421-2b1a3648316b just got authenticated","service":"6308a111-bbb2-4a9f-a421-2b1a3648316b","timestamp":"2024-01-19 11:47:01.074 AM"}
{"id":"12345","level":"info","message":"\tAll reports retrieved by user 6308a111-bbb2-4a9f-a421-2b1a3648316b","service":"6308a111-bbb2-4a9f-a421-2b1a3648316b","timestamp":"2024-01-19 11:47:01.091 AM"}
{"id":"12345","level":"http","message":"\t{\"method\":\"GET\",\"url\":\"/report/all\",\"status\":200,\"content_length\":\"1568\",\"response_time\":74.183}","timestamp":"2024-01-19 11:47:01.102 AM"}
{"id":"12345","level":"http","message":"\t{\"method\":\"GET\",\"url\":\"/logout\",\"status\":200,\"content_length\":\"60\",\"response_time\":13.626}","timestamp":"2024-01-19 11:47:22.207 AM"}
{"id":"12345","level":"info","message":"\tUser: 6308a111-bbb2-4a9f-a421-2b1a3648316b just got authenticated","service":"6308a111-bbb2-4a9f-a421-2b1a3648316b","timestamp":"2024-01-19 11:47:22.300 AM"}
{"id":"12345","level":"alert","message":"\tuser: 6308a111-bbb2-4a9f-a421-2b1a3648316b just logged out","service":"6308a111-bbb2-4a9f-a421-2b1a3648316b","timestamp":"2024-01-19 11:47:22.307 AM"}
{"id":"12345","level":"alert","message":"\tsession token created for user: 8da27594-1e9b-4983-a709-10d51b58caf4","service":"5d298057-5818-4461-944f-6531af9f56b9","timestamp":"2024-01-19 11:47:26.844 AM"}
{"id":"12345","level":"alert","message":"\tuser: 8da27594-1e9b-4983-a709-10d51b58caf4 just signed in","service":"5d298057-5818-4461-944f-6531af9f56b9","timestamp":"2024-01-19 11:47:26.847 AM"}
{"id":"12345","level":"http","message":"\t{\"method\":\"POST\",\"url\":\"/user/login\",\"status\":200,\"content_length\":\"1128\",\"response_time\":87.43}","timestamp":"2024-01-19 11:47:26.850 AM"}
{"id":"12345","level":"info","message":"\tUser: 8da27594-1e9b-4983-a709-10d51b58caf4 just got authenticated","service":"5d298057-5818-4461-944f-6531af9f56b9","timestamp":"2024-01-19 11:47:35.676 AM"}
{"id":"12345","level":"info","message":"\tReport f57249d3-9125-4444-9ca0-411d1820ab5f was retrieved by user 8da27594-1e9b-4983-a709-10d51b58caf4","service":"5d298057-5818-4461-944f-6531af9f56b9","timestamp":"2024-01-19 11:47:35.691 AM"}
{"id":"12345","level":"http","message":"\t{\"method\":\"GET\",\"url\":\"/report/f57249d3-9125-4444-9ca0-411d1820ab5f\",\"status\":200,\"content_length\":\"786\",\"response_time\":55.606}","timestamp":"2024-01-19 11:47:35.694 AM"}
{"id":"12345","level":"info","message":"\tConnection to redis server successful","service":"engine-service","timestamp":"2024-01-19 11:49:38.937 AM"}
{"id":"12345","level":"info","message":"\tdata connection established successfully","service":"engine-service","timestamp":"2024-01-19 11:49:39.096 AM"}
{"id":"12345","level":"info","message":"\tdatabase Initialized","service":"engine-service","timestamp":"2024-01-19 11:49:39.182 AM"}
{"id":"12345","level":"info","message":"\t[SERVER]: Server is up and running at http://localhost:5000","service":"engine-service","timestamp":"2024-01-19 11:49:39.185 AM"}
{"id":"12345","level":"info","message":"\tConnection to redis server successful","service":"engine-service","timestamp":"2024-01-19 11:50:38.688 AM"}
{"id":"12345","level":"info","message":"\tdata connection established successfully","service":"engine-service","timestamp":"2024-01-19 11:50:38.896 AM"}
{"id":"12345","level":"info","message":"\tdatabase Initialized","service":"engine-service","timestamp":"2024-01-19 11:50:39.030 AM"}
{"id":"12345","level":"info","message":"\t[SERVER]: Server is up and running at http://localhost:5000","service":"engine-service","timestamp":"2024-01-19 11:50:39.034 AM"}
{"id":"12345","level":"info","message":"\tConnection to redis server successful","service":"engine-service","timestamp":"2024-01-19 11:57:25.158 AM"}
{"id":"12345","level":"info","message":"\tdata connection established successfully","service":"engine-service","timestamp":"2024-01-19 11:57:25.406 AM"}
{"id":"12345","level":"info","message":"\tdatabase Initialized","service":"engine-service","timestamp":"2024-01-19 11:57:25.544 AM"}
{"id":"12345","level":"info","message":"\t[SERVER]: Server is up and running at http://localhost:5000","service":"engine-service","timestamp":"2024-01-19 11:57:25.550 AM"}
{"id":"12345","level":"info","message":"\tConnection to redis server successful","service":"engine-service","timestamp":"2024-01-19 11:57:37.479 AM"}
{"id":"12345","level":"info","message":"\tdata connection established successfully","service":"engine-service","timestamp":"2024-01-19 11:57:37.648 AM"}
{"id":"12345","level":"info","message":"\tdatabase Initialized","service":"engine-service","timestamp":"2024-01-19 11:57:37.729 AM"}
{"id":"12345","level":"info","message":"\t[SERVER]: Server is up and running at http://localhost:5000","service":"engine-service","timestamp":"2024-01-19 11:57:37.731 AM"}
{"id":"12345","level":"info","message":"\tConnection to redis server successful","service":"engine-service","timestamp":"2024-01-19 11:58:00.901 AM"}
{"id":"12345","level":"info","message":"\tdata connection established successfully","service":"engine-service","timestamp":"2024-01-19 11:58:01.123 AM"}
{"id":"12345","level":"info","message":"\tdatabase Initialized","service":"engine-service","timestamp":"2024-01-19 11:58:01.234 AM"}
{"id":"12345","level":"info","message":"\t[SERVER]: Server is up and running at http://localhost:5000","service":"engine-service","timestamp":"2024-01-19 11:58:01.239 AM"}
{"id":"12345","level":"info","message":"\tConnection to redis server successful","service":"engine-service","timestamp":"2024-01-19 11:58:59.942 AM"}
