{"id":"12345","level":"info","message":"\tUser: a4c5182f-7801-4a95-90e8-d2c3c68c5ad6 just got authenticated","service":"6308a111-bbb2-4a9f-a421-2b1a3648316b","timestamp":"2024-01-20 08:00:17.207 AM"}
{"id":"12345","level":"info","message":"\tTask: 1f4c94b6-585f-49d2-a914-030b44f39a11, accessed by User a4c5182f-7801-4a95-90e8-d2c3c68c5ad6","service":"6308a111-bbb2-4a9f-a421-2b1a3648316b","timestamp":"2024-01-20 08:00:17.297 AM"}
{"id":"12345","level":"info","message":"\tConnection to redis server successful","service":"engine-service","timestamp":"2024-01-20 08:04:05.392 AM"}
{"id":"12345","level":"info","message":"\tdata connection established successfully","service":"engine-service","timestamp":"2024-01-20 08:04:05.566 AM"}
{"id":"12345","level":"info","message":"\tdatabase Initialized","service":"engine-service","timestamp":"2024-01-20 08:04:05.768 AM"}
{"id":"12345","level":"info","message":"\t[SERVER]: Server is up and running at http://localhost:3000","service":"engine-service","timestamp":"2024-01-20 08:04:05.770 AM"}
{"id":"12345","level":"info","message":"\tConnection to redis server successful","service":"engine-service","timestamp":"2024-01-20 08:04:39.716 AM"}
{"id":"12345","level":"info","message":"\tdata connection established successfully","service":"engine-service","timestamp":"2024-01-20 08:04:39.869 AM"}
{"id":"12345","level":"info","message":"\tdatabase Initialized","service":"engine-service","timestamp":"2024-01-20 08:04:39.933 AM"}
{"id":"12345","level":"info","message":"\t[SERVER]: Server is up and running at http://localhost:3000","service":"engine-service","timestamp":"2024-01-20 08:04:39.935 AM"}
{"id":"12345","level":"info","message":"\tConnection to redis server successful","service":"engine-service","timestamp":"2024-01-20 08:05:17.434 AM"}
{"id":"12345","level":"info","message":"\tdata connection established successfully","service":"engine-service","timestamp":"2024-01-20 08:05:17.599 AM"}
{"id":"12345","level":"info","message":"\tdatabase Initialized","service":"engine-service","timestamp":"2024-01-20 08:05:17.847 AM"}
{"id":"12345","level":"info","message":"\t[SERVER]: Server is up and running at http://localhost:3000","service":"engine-service","timestamp":"2024-01-20 08:05:17.850 AM"}
{"id":"12345","level":"info","message":"\tUser: a4c5182f-7801-4a95-90e8-d2c3c68c5ad6 just got authenticated","service":"6308a111-bbb2-4a9f-a421-2b1a3648316b","timestamp":"2024-01-20 08:06:07.653 AM"}
{"id":"12345","level":"info","message":"\tAll tasks in server 6308a111-bbb2-4a9f-a421-2b1a3648316b accessed by User a4c5182f-7801-4a95-90e8-d2c3c68c5ad6","service":"6308a111-bbb2-4a9f-a421-2b1a3648316b","timestamp":"2024-01-20 08:06:07.751 AM"}
{"id":"12345","level":"info","message":"\tConnection to redis server successful","service":"engine-service","timestamp":"2024-01-20 08:06:33.231 AM"}
{"id":"12345","level":"info","message":"\tdata connection established successfully","service":"engine-service","timestamp":"2024-01-20 08:06:33.513 AM"}
{"id":"12345","level":"info","message":"\tdatabase Initialized","service":"engine-service","timestamp":"2024-01-20 08:06:33.684 AM"}
{"id":"12345","level":"info","message":"\t[SERVER]: Server is up and running at http://localhost:3000","service":"engine-service","timestamp":"2024-01-20 08:06:33.691 AM"}
{"id":"12345","level":"info","message":"\tUser: a4c5182f-7801-4a95-90e8-d2c3c68c5ad6 just got authenticated","service":"6308a111-bbb2-4a9f-a421-2b1a3648316b","timestamp":"2024-01-20 08:06:33.977 AM"}
{"id":"12345","level":"info","message":"\tAll tasks in server 6308a111-bbb2-4a9f-a421-2b1a3648316b accessed by User a4c5182f-7801-4a95-90e8-d2c3c68c5ad6","service":"6308a111-bbb2-4a9f-a421-2b1a3648316b","timestamp":"2024-01-20 08:06:34.066 AM"}
{"id":"12345","level":"info","message":"\tConnection to redis server successful","service":"engine-service","timestamp":"2024-01-20 08:07:18.128 AM"}
{"id":"12345","level":"info","message":"\tdata connection established successfully","service":"engine-service","timestamp":"2024-01-20 08:07:18.295 AM"}
{"id":"12345","level":"info","message":"\tdatabase Initialized","service":"engine-service","timestamp":"2024-01-20 08:07:18.383 AM"}
{"id":"12345","level":"info","message":"\t[SERVER]: Server is up and running at http://localhost:3000","service":"engine-service","timestamp":"2024-01-20 08:07:18.385 AM"}
{"id":"12345","level":"info","message":"\tConnection to redis server successful","service":"engine-service","timestamp":"2024-01-20 08:07:41.443 AM"}
{"id":"12345","level":"info","message":"\tdata connection established successfully","service":"engine-service","timestamp":"2024-01-20 08:07:41.638 AM"}
{"id":"12345","level":"info","message":"\tdatabase Initialized","service":"engine-service","timestamp":"2024-01-20 08:07:41.932 AM"}
{"id":"12345","level":"info","message":"\t[SERVER]: Server is up and running at http://localhost:3000","service":"engine-service","timestamp":"2024-01-20 08:07:41.939 AM"}
{"id":"12345","level":"info","message":"\tUser: a4c5182f-7801-4a95-90e8-d2c3c68c5ad6 just got authenticated","service":"6308a111-bbb2-4a9f-a421-2b1a3648316b","timestamp":"2024-01-20 08:12:18.856 AM"}
{"id":"12345","level":"info","message":"\tUser: 5d298057-5818-4461-944f-6531af9f56b9 accessed the endpoint /report/all as an admin","service":"5d298057-5818-4461-944f-6531af9f56b9","timestamp":"2024-01-20 08:12:34.250 AM"}
{"id":"12345","level":"info","message":"\tUser: 5d298057-5818-4461-944f-6531af9f56b9 just got authenticated","service":"5d298057-5818-4461-944f-6531af9f56b9","timestamp":"2024-01-20 08:12:34.266 AM"}
{"id":"12345","level":"info","message":"\tAll reports retrieved by user 5d298057-5818-4461-944f-6531af9f56b9","service":"5d298057-5818-4461-944f-6531af9f56b9","timestamp":"2024-01-20 08:12:34.319 AM"}
{"id":"12345","level":"info","message":"\tUser: 5d298057-5818-4461-944f-6531af9f56b9 accessed the endpoint /user/update/8da27594-1e9b-4983-a709-10d51b58caf4 as an admin","service":"5d298057-5818-4461-944f-6531af9f56b9","timestamp":"2024-01-20 08:14:02.738 AM"}
{"id":"12345","level":"info","message":"\tUser: 5d298057-5818-4461-944f-6531af9f56b9 just got authenticated","service":"5d298057-5818-4461-944f-6531af9f56b9","timestamp":"2024-01-20 08:14:02.747 AM"}
{"id":"12345","level":"info","message":"\tupdate on User 8da27594-1e9b-4983-a709-10d51b58caf4 performed by 5d298057-5818-4461-944f-6531af9f56b9","service":"5d298057-5818-4461-944f-6531af9f56b9","timestamp":"2024-01-20 08:14:02.991 AM"}
{"id":"12345","level":"info","message":"\tUser: 5d298057-5818-4461-944f-6531af9f56b9 just got authenticated","service":"5d298057-5818-4461-944f-6531af9f56b9","timestamp":"2024-01-20 08:14:32.012 AM"}
{"id":"12345","level":"info","message":"\tUser: 5d298057-5818-4461-944f-6531af9f56b9 accessed the endpoint /report/all as an admin","service":"5d298057-5818-4461-944f-6531af9f56b9","timestamp":"2024-01-20 08:14:32.016 AM"}
{"id":"12345","level":"info","message":"\tAll reports retrieved by user 5d298057-5818-4461-944f-6531af9f56b9","service":"5d298057-5818-4461-944f-6531af9f56b9","timestamp":"2024-01-20 08:14:32.048 AM"}
{"id":"12345","level":"info","message":"\tUser: 6308a111-bbb2-4a9f-a421-2b1a3648316b accessed the endpoint /report/all as an admin","service":"6308a111-bbb2-4a9f-a421-2b1a3648316b","timestamp":"2024-01-20 08:14:45.418 AM"}
{"id":"12345","level":"info","message":"\tUser: 6308a111-bbb2-4a9f-a421-2b1a3648316b just got authenticated","service":"6308a111-bbb2-4a9f-a421-2b1a3648316b","timestamp":"2024-01-20 08:14:45.431 AM"}
{"id":"12345","level":"info","message":"\tAll reports retrieved by user 6308a111-bbb2-4a9f-a421-2b1a3648316b","service":"6308a111-bbb2-4a9f-a421-2b1a3648316b","timestamp":"2024-01-20 08:14:45.462 AM"}
{"id":"12345","level":"info","message":"\tConnection to redis server successful","service":"engine-service","timestamp":"2024-01-20 08:16:27.938 AM"}
{"id":"12345","level":"info","message":"\tdata connection established successfully","service":"engine-service","timestamp":"2024-01-20 08:16:28.088 AM"}
{"id":"12345","level":"info","message":"\tdatabase Initialized","service":"engine-service","timestamp":"2024-01-20 08:16:28.153 AM"}
{"id":"12345","level":"info","message":"\t[SERVER]: Server is up and running at http://localhost:3000","service":"engine-service","timestamp":"2024-01-20 08:16:28.157 AM"}
{"id":"12345","level":"info","message":"\tConnection to redis server successful","service":"engine-service","timestamp":"2024-01-20 08:16:35.548 AM"}
{"id":"12345","level":"info","message":"\tdata connection established successfully","service":"engine-service","timestamp":"2024-01-20 08:16:35.676 AM"}
{"id":"12345","level":"info","message":"\tdatabase Initialized","service":"engine-service","timestamp":"2024-01-20 08:16:35.783 AM"}
{"id":"12345","level":"info","message":"\t[SERVER]: Server is up and running at http://localhost:3000","service":"engine-service","timestamp":"2024-01-20 08:16:35.785 AM"}
{"id":"12345","level":"info","message":"\tConnection to redis server successful","service":"engine-service","timestamp":"2024-01-20 08:16:45.741 AM"}
{"id":"12345","level":"info","message":"\tdata connection established successfully","service":"engine-service","timestamp":"2024-01-20 08:16:45.875 AM"}
{"id":"12345","level":"info","message":"\tdatabase Initialized","service":"engine-service","timestamp":"2024-01-20 08:16:45.938 AM"}
{"id":"12345","level":"info","message":"\t[SERVER]: Server is up and running at http://localhost:3000","service":"engine-service","timestamp":"2024-01-20 08:16:45.940 AM"}
{"id":"12345","level":"info","message":"\tConnection to redis server successful","service":"engine-service","timestamp":"2024-01-20 08:16:54.765 AM"}
{"id":"12345","level":"info","message":"\tdata connection established successfully","service":"engine-service","timestamp":"2024-01-20 08:16:54.924 AM"}
{"id":"12345","level":"info","message":"\tdatabase Initialized","service":"engine-service","timestamp":"2024-01-20 08:16:55.007 AM"}
{"id":"12345","level":"info","message":"\t[SERVER]: Server is up and running at http://localhost:3000","service":"engine-service","timestamp":"2024-01-20 08:16:55.009 AM"}
{"id":"12345","level":"info","message":"\tConnection to redis server successful","service":"engine-service","timestamp":"2024-01-20 08:17:15.592 AM"}
{"id":"12345","level":"info","message":"\tdata connection established successfully","service":"engine-service","timestamp":"2024-01-20 08:17:15.723 AM"}
{"id":"12345","level":"info","message":"\tdatabase Initialized","service":"engine-service","timestamp":"2024-01-20 08:17:15.806 AM"}
{"id":"12345","level":"info","message":"\t[SERVER]: Server is up and running at http://localhost:3000","service":"engine-service","timestamp":"2024-01-20 08:17:15.808 AM"}
{"id":"12345","level":"info","message":"\tConnection to redis server successful","service":"engine-service","timestamp":"2024-01-20 08:17:29.298 AM"}
{"id":"12345","level":"info","message":"\tdata connection established successfully","service":"engine-service","timestamp":"2024-01-20 08:17:29.524 AM"}
{"id":"12345","level":"info","message":"\tdatabase Initialized","service":"engine-service","timestamp":"2024-01-20 08:17:29.631 AM"}
{"id":"12345","level":"info","message":"\t[SERVER]: Server is up and running at http://localhost:3000","service":"engine-service","timestamp":"2024-01-20 08:17:29.635 AM"}
{"id":"12345","level":"info","message":"\tConnection to redis server successful","service":"engine-service","timestamp":"2024-01-20 08:17:37.910 AM"}
{"id":"12345","level":"info","message":"\tdata connection established successfully","service":"engine-service","timestamp":"2024-01-20 08:17:38.674 AM"}
{"id":"12345","level":"info","message":"\tdatabase Initialized","service":"engine-service","timestamp":"2024-01-20 08:17:39.399 AM"}
{"id":"12345","level":"info","message":"\t[SERVER]: Server is up and running at http://localhost:3000","service":"engine-service","timestamp":"2024-01-20 08:17:39.401 AM"}
{"id":"12345","level":"info","message":"\tConnection to redis server successful","service":"engine-service","timestamp":"2024-01-20 08:17:58.032 AM"}
{"id":"12345","level":"info","message":"\tdata connection established successfully","service":"engine-service","timestamp":"2024-01-20 08:17:58.171 AM"}
{"id":"12345","level":"info","message":"\tdatabase Initialized","service":"engine-service","timestamp":"2024-01-20 08:17:58.239 AM"}
{"id":"12345","level":"info","message":"\t[SERVER]: Server is up and running at http://localhost:3000","service":"engine-service","timestamp":"2024-01-20 08:17:58.242 AM"}
{"id":"12345","level":"info","message":"\tConnection to redis server successful","service":"engine-service","timestamp":"2024-01-20 08:18:11.805 AM"}
{"id":"12345","level":"info","message":"\tdata connection established successfully","service":"engine-service","timestamp":"2024-01-20 08:18:12.376 AM"}
{"id":"12345","level":"info","message":"\tdatabase Initialized","service":"engine-service","timestamp":"2024-01-20 08:18:12.679 AM"}
{"id":"12345","level":"info","message":"\t[SERVER]: Server is up and running at http://localhost:3000","service":"engine-service","timestamp":"2024-01-20 08:18:12.683 AM"}
{"id":"12345","level":"info","message":"\tConnection to redis server successful","service":"engine-service","timestamp":"2024-01-20 08:18:25.314 AM"}
{"id":"12345","level":"info","message":"\tConnection to redis server successful","service":"engine-service","timestamp":"2024-01-20 08:18:53.036 AM"}
{"id":"12345","level":"info","message":"\tdata connection established successfully","service":"engine-service","timestamp":"2024-01-20 08:18:53.161 AM"}
{"id":"12345","level":"info","message":"\tdatabase Initialized","service":"engine-service","timestamp":"2024-01-20 08:18:53.241 AM"}
{"id":"12345","level":"info","message":"\t[SERVER]: Server is up and running at http://localhost:3000","service":"engine-service","timestamp":"2024-01-20 08:18:53.243 AM"}
{"id":"12345","level":"info","message":"\tUser: 6308a111-bbb2-4a9f-a421-2b1a3648316b accessed the endpoint /report/all as an admin","service":"6308a111-bbb2-4a9f-a421-2b1a3648316b","timestamp":"2024-01-20 08:19:33.319 AM"}
{"id":"12345","level":"info","message":"\tUser: 6308a111-bbb2-4a9f-a421-2b1a3648316b just got authenticated","service":"6308a111-bbb2-4a9f-a421-2b1a3648316b","timestamp":"2024-01-20 08:19:33.348 AM"}
{"id":"12345","level":"info","message":"\tAll reports retrieved by user 6308a111-bbb2-4a9f-a421-2b1a3648316b","service":"6308a111-bbb2-4a9f-a421-2b1a3648316b","timestamp":"2024-01-20 08:19:33.402 AM"}
{"id":"12345","level":"info","message":"\tUser: 6308a111-bbb2-4a9f-a421-2b1a3648316b just got authenticated","service":"6308a111-bbb2-4a9f-a421-2b1a3648316b","timestamp":"2024-01-20 08:19:51.496 AM"}
{"id":"12345","level":"info","message":"\tAll tasks in server 6308a111-bbb2-4a9f-a421-2b1a3648316b accessed by User 6308a111-bbb2-4a9f-a421-2b1a3648316b","service":"6308a111-bbb2-4a9f-a421-2b1a3648316b","timestamp":"2024-01-20 08:19:51.538 AM"}
{"id":"12345","level":"info","message":"\tUser: 6308a111-bbb2-4a9f-a421-2b1a3648316b accessed the endpoint /report/all as an admin","service":"6308a111-bbb2-4a9f-a421-2b1a3648316b","timestamp":"2024-01-20 08:20:14.862 AM"}
{"id":"12345","level":"info","message":"\tUser: 6308a111-bbb2-4a9f-a421-2b1a3648316b just got authenticated","service":"6308a111-bbb2-4a9f-a421-2b1a3648316b","timestamp":"2024-01-20 08:20:14.882 AM"}
{"id":"12345","level":"info","message":"\tAll reports retrieved by user 6308a111-bbb2-4a9f-a421-2b1a3648316b","service":"6308a111-bbb2-4a9f-a421-2b1a3648316b","timestamp":"2024-01-20 08:20:14.911 AM"}
{"id":"12345","level":"info","message":"\tConnection to redis server successful","service":"engine-service","timestamp":"2024-01-20 08:21:43.994 AM"}
{"id":"12345","level":"info","message":"\tdata connection established successfully","service":"engine-service","timestamp":"2024-01-20 08:21:44.598 AM"}
{"id":"12345","level":"info","message":"\tdatabase Initialized","service":"engine-service","timestamp":"2024-01-20 08:21:45.033 AM"}
{"id":"12345","level":"info","message":"\t[SERVER]: Server is up and running at http://localhost:3000","service":"engine-service","timestamp":"2024-01-20 08:21:45.036 AM"}
{"id":"12345","level":"info","message":"\tConnection to redis server successful","service":"engine-service","timestamp":"2024-01-20 08:21:56.983 AM"}
{"id":"12345","level":"info","message":"\tdata connection established successfully","service":"engine-service","timestamp":"2024-01-20 08:21:57.312 AM"}
{"id":"12345","level":"info","message":"\tdatabase Initialized","service":"engine-service","timestamp":"2024-01-20 08:21:57.483 AM"}
{"id":"12345","level":"info","message":"\t[SERVER]: Server is up and running at http://localhost:3000","service":"engine-service","timestamp":"2024-01-20 08:21:57.485 AM"}
{"id":"12345","level":"info","message":"\tConnection to redis server successful","service":"engine-service","timestamp":"2024-01-20 08:22:08.075 AM"}
{"id":"12345","level":"info","message":"\tdata connection established successfully","service":"engine-service","timestamp":"2024-01-20 08:22:08.224 AM"}
{"id":"12345","level":"info","message":"\tdatabase Initialized","service":"engine-service","timestamp":"2024-01-20 08:22:08.362 AM"}
{"id":"12345","level":"info","message":"\t[SERVER]: Server is up and running at http://localhost:3000","service":"engine-service","timestamp":"2024-01-20 08:22:08.367 AM"}
{"id":"12345","level":"info","message":"\tConnection to redis server successful","service":"engine-service","timestamp":"2024-01-20 08:22:42.045 AM"}
{"id":"12345","level":"info","message":"\tdata connection established successfully","service":"engine-service","timestamp":"2024-01-20 08:22:42.359 AM"}
{"id":"12345","level":"info","message":"\tdatabase Initialized","service":"engine-service","timestamp":"2024-01-20 08:22:42.561 AM"}
{"id":"12345","level":"info","message":"\t[SERVER]: Server is up and running at http://localhost:3000","service":"engine-service","timestamp":"2024-01-20 08:22:42.568 AM"}
{"id":"12345","level":"info","message":"\tConnection to redis server successful","service":"engine-service","timestamp":"2024-01-20 08:22:48.659 AM"}
{"id":"12345","level":"info","message":"\tdata connection established successfully","service":"engine-service","timestamp":"2024-01-20 08:22:48.812 AM"}
{"id":"12345","level":"info","message":"\tdatabase Initialized","service":"engine-service","timestamp":"2024-01-20 08:22:48.879 AM"}
{"id":"12345","level":"info","message":"\t[SERVER]: Server is up and running at http://localhost:3000","service":"engine-service","timestamp":"2024-01-20 08:22:48.882 AM"}
{"id":"12345","level":"info","message":"\tUser: 6308a111-bbb2-4a9f-a421-2b1a3648316b accessed the endpoint /report/all as an admin","service":"6308a111-bbb2-4a9f-a421-2b1a3648316b","timestamp":"2024-01-20 08:22:53.045 AM"}
{"id":"12345","level":"info","message":"\tUser: 6308a111-bbb2-4a9f-a421-2b1a3648316b just got authenticated","service":"6308a111-bbb2-4a9f-a421-2b1a3648316b","timestamp":"2024-01-20 08:22:53.062 AM"}
{"id":"12345","level":"info","message":"\tAll reports retrieved by user 6308a111-bbb2-4a9f-a421-2b1a3648316b","service":"6308a111-bbb2-4a9f-a421-2b1a3648316b","timestamp":"2024-01-20 08:22:53.091 AM"}
{"id":"12345","level":"info","message":"\tConnection to redis server successful","service":"engine-service","timestamp":"2024-01-20 08:24:27.153 AM"}
{"id":"12345","level":"info","message":"\tdata connection established successfully","service":"engine-service","timestamp":"2024-01-20 08:24:27.341 AM"}
{"id":"12345","level":"info","message":"\tdatabase Initialized","service":"engine-service","timestamp":"2024-01-20 08:24:27.423 AM"}
{"id":"12345","level":"info","message":"\t[SERVER]: Server is up and running at http://localhost:3000","service":"engine-service","timestamp":"2024-01-20 08:24:27.427 AM"}
{"id":"12345","level":"info","message":"\tUser: 6308a111-bbb2-4a9f-a421-2b1a3648316b accessed the endpoint /report/all as an admin","service":"6308a111-bbb2-4a9f-a421-2b1a3648316b","timestamp":"2024-01-20 08:24:31.112 AM"}
{"id":"12345","level":"info","message":"\tUser: 6308a111-bbb2-4a9f-a421-2b1a3648316b just got authenticated","service":"6308a111-bbb2-4a9f-a421-2b1a3648316b","timestamp":"2024-01-20 08:24:31.122 AM"}
{"id":"12345","level":"info","message":"\tAll reports retrieved by user 6308a111-bbb2-4a9f-a421-2b1a3648316b","service":"6308a111-bbb2-4a9f-a421-2b1a3648316b","timestamp":"2024-01-20 08:24:31.165 AM"}
{"id":"12345","level":"info","message":"\tUser: 6308a111-bbb2-4a9f-a421-2b1a3648316b just got authenticated","service":"6308a111-bbb2-4a9f-a421-2b1a3648316b","timestamp":"2024-01-20 08:25:40.543 AM"}
{"id":"12345","level":"info","message":"\tAll tasks in server 6308a111-bbb2-4a9f-a421-2b1a3648316b accessed by User 6308a111-bbb2-4a9f-a421-2b1a3648316b","service":"6308a111-bbb2-4a9f-a421-2b1a3648316b","timestamp":"2024-01-20 08:25:40.695 AM"}
{"id":"12345","level":"info","message":"\tConnection to redis server successful","service":"engine-service","timestamp":"2024-01-20 08:26:18.117 AM"}
{"id":"12345","level":"info","message":"\tdata connection established successfully","service":"engine-service","timestamp":"2024-01-20 08:26:18.367 AM"}
{"id":"12345","level":"info","message":"\tdatabase Initialized","service":"engine-service","timestamp":"2024-01-20 08:26:18.470 AM"}
{"id":"12345","level":"info","message":"\t[SERVER]: Server is up and running at http://localhost:3000","service":"engine-service","timestamp":"2024-01-20 08:26:18.474 AM"}
{"id":"12345","level":"info","message":"\tUser: 6308a111-bbb2-4a9f-a421-2b1a3648316b just got authenticated","service":"6308a111-bbb2-4a9f-a421-2b1a3648316b","timestamp":"2024-01-20 08:26:18.578 AM"}
{"id":"12345","level":"info","message":"\tAll tasks in server 6308a111-bbb2-4a9f-a421-2b1a3648316b accessed by User 6308a111-bbb2-4a9f-a421-2b1a3648316b","service":"6308a111-bbb2-4a9f-a421-2b1a3648316b","timestamp":"2024-01-20 08:26:18.611 AM"}
{"id":"12345","level":"info","message":"\tUser: 6308a111-bbb2-4a9f-a421-2b1a3648316b just got authenticated","service":"6308a111-bbb2-4a9f-a421-2b1a3648316b","timestamp":"2024-01-20 08:27:28.103 AM"}
{"id":"12345","level":"info","message":"\tTask: 1f4c94b6-585f-49d2-a914-030b44f39a11, accessed by User 6308a111-bbb2-4a9f-a421-2b1a3648316b","service":"6308a111-bbb2-4a9f-a421-2b1a3648316b","timestamp":"2024-01-20 08:27:28.146 AM"}
{"id":"12345","level":"info","message":"\tUser: 6308a111-bbb2-4a9f-a421-2b1a3648316b accessed the endpoint /report/all as an admin","service":"6308a111-bbb2-4a9f-a421-2b1a3648316b","timestamp":"2024-01-20 08:29:23.189 AM"}
{"id":"12345","level":"info","message":"\tAll reports retrieved by user 6308a111-bbb2-4a9f-a421-2b1a3648316b","service":"6308a111-bbb2-4a9f-a421-2b1a3648316b","timestamp":"2024-01-20 08:29:23.253 AM"}
{"id":"12345","level":"info","message":"\tUser: 6308a111-bbb2-4a9f-a421-2b1a3648316b just got authenticated","service":"6308a111-bbb2-4a9f-a421-2b1a3648316b","timestamp":"2024-01-20 08:29:23.582 AM"}
{"id":"12345","level":"info","message":"\tConnection to redis server successful","service":"engine-service","timestamp":"2024-01-20 08:29:45.977 AM"}
{"id":"12345","level":"info","message":"\tdata connection established successfully","service":"engine-service","timestamp":"2024-01-20 08:29:46.453 AM"}
{"id":"12345","level":"info","message":"\tdatabase Initialized","service":"engine-service","timestamp":"2024-01-20 08:29:46.604 AM"}
{"id":"12345","level":"info","message":"\t[SERVER]: Server is up and running at http://localhost:3000","service":"engine-service","timestamp":"2024-01-20 08:29:46.606 AM"}
{"id":"12345","level":"info","message":"\tUser: 6308a111-bbb2-4a9f-a421-2b1a3648316b accessed the endpoint /report/all as an admin","service":"6308a111-bbb2-4a9f-a421-2b1a3648316b","timestamp":"2024-01-20 08:29:48.697 AM"}
{"id":"12345","level":"info","message":"\tUser: 6308a111-bbb2-4a9f-a421-2b1a3648316b just got authenticated","service":"6308a111-bbb2-4a9f-a421-2b1a3648316b","timestamp":"2024-01-20 08:29:48.712 AM"}
{"id":"12345","level":"info","message":"\tAll reports retrieved by user 6308a111-bbb2-4a9f-a421-2b1a3648316b","service":"6308a111-bbb2-4a9f-a421-2b1a3648316b","timestamp":"2024-01-20 08:29:48.770 AM"}
{"id":"12345","level":"info","message":"\tUser: 6308a111-bbb2-4a9f-a421-2b1a3648316b just got authenticated","service":"6308a111-bbb2-4a9f-a421-2b1a3648316b","timestamp":"2024-01-20 08:30:24.561 AM"}
{"id":"12345","level":"info","message":"\tUser: 6308a111-bbb2-4a9f-a421-2b1a3648316b accessed the endpoint /report/all as an admin","service":"6308a111-bbb2-4a9f-a421-2b1a3648316b","timestamp":"2024-01-20 08:31:19.283 AM"}
{"id":"12345","level":"info","message":"\tUser: 6308a111-bbb2-4a9f-a421-2b1a3648316b just got authenticated","service":"6308a111-bbb2-4a9f-a421-2b1a3648316b","timestamp":"2024-01-20 08:31:19.306 AM"}
{"id":"12345","level":"info","message":"\tAll reports retrieved by user 6308a111-bbb2-4a9f-a421-2b1a3648316b","service":"6308a111-bbb2-4a9f-a421-2b1a3648316b","timestamp":"2024-01-20 08:31:19.356 AM"}
{"id":"12345","level":"info","message":"\tUser: 6308a111-bbb2-4a9f-a421-2b1a3648316b accessed the endpoint /report/all as an admin","service":"6308a111-bbb2-4a9f-a421-2b1a3648316b","timestamp":"2024-01-20 08:31:56.270 AM"}
{"id":"12345","level":"info","message":"\tUser: 6308a111-bbb2-4a9f-a421-2b1a3648316b just got authenticated","service":"6308a111-bbb2-4a9f-a421-2b1a3648316b","timestamp":"2024-01-20 08:31:56.277 AM"}
{"id":"12345","level":"info","message":"\tAll reports retrieved by user 6308a111-bbb2-4a9f-a421-2b1a3648316b","service":"6308a111-bbb2-4a9f-a421-2b1a3648316b","timestamp":"2024-01-20 08:31:56.309 AM"}
{"id":"12345","level":"info","message":"\tUser: 6308a111-bbb2-4a9f-a421-2b1a3648316b just got authenticated","service":"6308a111-bbb2-4a9f-a421-2b1a3648316b","timestamp":"2024-01-20 08:32:29.092 AM"}
{"id":"12345","level":"info","message":"\tConnection to redis server successful","service":"engine-service","timestamp":"2024-01-20 08:33:50.852 AM"}
{"id":"12345","level":"info","message":"\tdata connection established successfully","service":"engine-service","timestamp":"2024-01-20 08:33:51.037 AM"}
{"id":"12345","level":"info","message":"\tdatabase Initialized","service":"engine-service","timestamp":"2024-01-20 08:33:51.124 AM"}
{"id":"12345","level":"info","message":"\t[SERVER]: Server is up and running at http://localhost:3000","service":"engine-service","timestamp":"2024-01-20 08:33:51.128 AM"}
{"id":"12345","level":"info","message":"\tUser: 6308a111-bbb2-4a9f-a421-2b1a3648316b just got authenticated","service":"6308a111-bbb2-4a9f-a421-2b1a3648316b","timestamp":"2024-01-20 08:33:53.486 AM"}
{"id":"12345","level":"info","message":"\tConnection to redis server successful","service":"engine-service","timestamp":"2024-01-20 08:35:59.375 AM"}
{"id":"12345","level":"info","message":"\tdata connection established successfully","service":"engine-service","timestamp":"2024-01-20 08:35:59.658 AM"}
{"id":"12345","level":"info","message":"\tdatabase Initialized","service":"engine-service","timestamp":"2024-01-20 08:35:59.788 AM"}
{"id":"12345","level":"info","message":"\t[SERVER]: Server is up and running at http://localhost:3000","service":"engine-service","timestamp":"2024-01-20 08:35:59.792 AM"}
{"id":"12345","level":"info","message":"\tConnection to redis server successful","service":"engine-service","timestamp":"2024-01-20 08:36:40.761 AM"}
{"id":"12345","level":"info","message":"\tdata connection established successfully","service":"engine-service","timestamp":"2024-01-20 08:36:41.032 AM"}
{"id":"12345","level":"info","message":"\tdatabase Initialized","service":"engine-service","timestamp":"2024-01-20 08:36:41.146 AM"}
{"id":"12345","level":"info","message":"\t[SERVER]: Server is up and running at http://localhost:3000","service":"engine-service","timestamp":"2024-01-20 08:36:41.150 AM"}
{"id":"12345","level":"info","message":"\tConnection to redis server successful","service":"engine-service","timestamp":"2024-01-20 08:37:33.536 AM"}
{"id":"12345","level":"info","message":"\tdata connection established successfully","service":"engine-service","timestamp":"2024-01-20 08:37:33.683 AM"}
{"id":"12345","level":"info","message":"\tdatabase Initialized","service":"engine-service","timestamp":"2024-01-20 08:37:33.761 AM"}
{"id":"12345","level":"info","message":"\t[SERVER]: Server is up and running at http://localhost:3000","service":"engine-service","timestamp":"2024-01-20 08:37:33.764 AM"}
{"id":"12345","level":"info","message":"\tConnection to redis server successful","service":"engine-service","timestamp":"2024-01-20 08:39:20.255 AM"}
{"id":"12345","level":"info","message":"\tdata connection established successfully","service":"engine-service","timestamp":"2024-01-20 08:39:20.554 AM"}
{"id":"12345","level":"info","message":"\tdatabase Initialized","service":"engine-service","timestamp":"2024-01-20 08:39:20.700 AM"}
{"id":"12345","level":"info","message":"\t[SERVER]: Server is up and running at http://localhost:3000","service":"engine-service","timestamp":"2024-01-20 08:39:20.703 AM"}
{"id":"12345","level":"info","message":"\tUser: 6308a111-bbb2-4a9f-a421-2b1a3648316b just got authenticated","service":"6308a111-bbb2-4a9f-a421-2b1a3648316b","timestamp":"2024-01-20 08:39:53.696 AM"}
{"id":"12345","level":"info","message":"\tReport f57249d3-9125-4444-9ca0-411d1820ab5f was retrieved by user 6308a111-bbb2-4a9f-a421-2b1a3648316b","service":"6308a111-bbb2-4a9f-a421-2b1a3648316b","timestamp":"2024-01-20 08:39:53.755 AM"}
{"id":"12345","level":"info","message":"\tConnection to redis server successful","service":"engine-service","timestamp":"2024-01-20 08:40:47.705 AM"}
{"id":"12345","level":"info","message":"\tdata connection established successfully","service":"engine-service","timestamp":"2024-01-20 08:40:47.968 AM"}
{"id":"12345","level":"info","message":"\tdatabase Initialized","service":"engine-service","timestamp":"2024-01-20 08:40:48.096 AM"}
{"id":"12345","level":"info","message":"\t[SERVER]: Server is up and running at http://localhost:3000","service":"engine-service","timestamp":"2024-01-20 08:40:48.102 AM"}
{"id":"12345","level":"info","message":"\tUser: 6308a111-bbb2-4a9f-a421-2b1a3648316b just got authenticated","service":"6308a111-bbb2-4a9f-a421-2b1a3648316b","timestamp":"2024-01-20 08:41:05.115 AM"}
{"id":"12345","level":"info","message":"\tUser: 6308a111-bbb2-4a9f-a421-2b1a3648316b just got authenticated","service":"6308a111-bbb2-4a9f-a421-2b1a3648316b","timestamp":"2024-01-20 08:41:07.049 AM"}
{"id":"12345","level":"info","message":"\tConnection to redis server successful","service":"engine-service","timestamp":"2024-01-20 08:41:36.850 AM"}
{"id":"12345","level":"info","message":"\tdata connection established successfully","service":"engine-service","timestamp":"2024-01-20 08:41:37.017 AM"}
{"id":"12345","level":"info","message":"\tdatabase Initialized","service":"engine-service","timestamp":"2024-01-20 08:41:37.095 AM"}
{"id":"12345","level":"info","message":"\t[SERVER]: Server is up and running at http://localhost:3000","service":"engine-service","timestamp":"2024-01-20 08:41:37.098 AM"}
