{"id":"12345","level":"http","message":"\t{\"method\":\"GET\",\"url\":\"/report/f57249d3-9125-4444-9ca0-411d1820ab5f\",\"status\":401,\"content_length\":\"49\",\"response_time\":23.607}","timestamp":"2024-01-19 03:14:41.641 PM"}
{"id":"12345","level":"http","message":"\t{\"method\":\"POST\",\"url\":\"/superuser/login\",\"status\":200,\"content_length\":\"351\",\"response_time\":320.551}","timestamp":"2024-01-19 03:14:53.442 PM"}
{"id":"12345","level":"http","message":"\t{\"method\":\"GET\",\"url\":\"/report/f57249d3-9125-4444-9ca0-411d1820ab5f\",\"status\":500,\"content_length\":\"130\",\"response_time\":75.021}","timestamp":"2024-01-19 03:15:01.171 PM"}
{"id":"12345","level":"http","message":"\t{\"method\":\"GET\",\"url\":\"/logout\",\"status\":200,\"content_length\":\"60\",\"response_time\":19.337}","timestamp":"2024-01-19 03:15:20.853 PM"}
{"id":"12345","level":"http","message":"\t{\"method\":\"POST\",\"url\":\"/user/login\",\"status\":200,\"content_length\":\"1128\",\"response_time\":95.587}","timestamp":"2024-01-19 03:15:26.422 PM"}
{"id":"12345","level":"http","message":"\t{\"method\":\"GET\",\"url\":\"/report/f57249d3-9125-4444-9ca0-411d1820ab5f\",\"status\":500,\"content_length\":\"130\",\"response_time\":33.062}","timestamp":"2024-01-19 03:15:31.962 PM"}
{"id":"12345","level":"http","message":"\t{\"method\":\"GET\",\"url\":\"/logout\",\"status\":200,\"content_length\":\"60\",\"response_time\":30.553}","timestamp":"2024-01-19 03:16:15.443 PM"}
{"id":"12345","level":"http","message":"\t{\"method\":\"POST\",\"url\":\"/superuser/login\",\"status\":200,\"content_length\":\"349\",\"response_time\":122.781}","timestamp":"2024-01-19 03:16:28.765 PM"}
{"id":"12345","level":"http","message":"\t{\"method\":\"GET\",\"url\":\"/report/all\",\"status\":200,\"content_length\":\"1568\",\"response_time\":59.372}","timestamp":"2024-01-19 03:17:58.950 PM"}
{"id":"12345","level":"http","message":"\t{\"method\":\"GET\",\"url\":\"/superuser/users\",\"status\":500,\"content_length\":\"107\",\"response_time\":51.359}","timestamp":"2024-01-19 03:18:30.008 PM"}
{"id":"12345","level":"http","message":"\t{\"method\":\"GET\",\"url\":\"/superuser/6308a111-bbb2-4a9f-a421-2b1a3648316b/users\",\"status\":200,\"content_length\":\"2904\",\"response_time\":46.583}","timestamp":"2024-01-19 03:19:29.542 PM"}
{"id":"12345","level":"http","message":"\t{\"method\":\"POST\",\"url\":\"/user/login\",\"status\":200,\"content_length\":\"831\",\"response_time\":128.907}","timestamp":"2024-01-19 03:21:31.625 PM"}
{"id":"12345","level":"http","message":"\t{\"method\":\"GET\",\"url\":\"/logout\",\"status\":200,\"content_length\":\"60\",\"response_time\":17.041}","timestamp":"2024-01-19 03:21:39.961 PM"}
{"id":"12345","level":"http","message":"\t{\"method\":\"GET\",\"url\":\"/logout\",\"status\":401,\"content_length\":\"49\",\"response_time\":8.308}","timestamp":"2024-01-19 03:21:41.179 PM"}
{"id":"12345","level":"http","message":"\t{\"method\":\"POST\",\"url\":\"/user/login\",\"status\":200,\"content_length\":\"831\",\"response_time\":91.026}","timestamp":"2024-01-19 03:21:48.522 PM"}
{"id":"12345","level":"http","message":"\t{\"method\":\"GET\",\"url\":\"/report/f57249d3-9125-4444-9ca0-411d1820ab5f\",\"status\":500,\"content_length\":\"133\",\"response_time\":148.49}","timestamp":"2024-01-19 03:22:05.732 PM"}
{"id":"12345","level":"http","message":"\t{\"method\":\"POST\",\"url\":\"/superuser/login\",\"status\":200,\"content_length\":\"349\",\"response_time\":83.936}","timestamp":"2024-01-19 03:22:36.984 PM"}
{"id":"12345","level":"http","message":"\t{\"method\":\"GET\",\"url\":\"/report/f57249d3-9125-4444-9ca0-411d1820ab5f\",\"status\":500,\"content_length\":\"133\",\"response_time\":34.386}","timestamp":"2024-01-19 03:22:42.634 PM"}
{"id":"12345","level":"http","message":"\t{\"method\":\"GET\",\"url\":\"/report/all\",\"status\":200,\"content_length\":\"1568\",\"response_time\":73.178}","timestamp":"2024-01-19 03:23:02.705 PM"}
{"id":"12345","level":"http","message":"\t{\"method\":\"GET\",\"url\":\"/report/f57249d3-9125-4444-9ca0-411d1820ab5f\",\"status\":500,\"content_length\":\"133\",\"response_time\":52.66}","timestamp":"2024-01-19 03:23:38.555 PM"}
{"id":"12345","level":"http","message":"\t{\"method\":\"GET\",\"url\":\"/report/all\",\"status\":200,\"content_length\":\"1568\",\"response_time\":69.739}","timestamp":"2024-01-19 03:23:48.143 PM"}
{"id":"12345","level":"http","message":"\t{\"method\":\"POST\",\"url\":\"/user/login\",\"status\":200,\"content_length\":\"1535\",\"response_time\":97.961}","timestamp":"2024-01-19 03:24:33.972 PM"}
{"id":"12345","level":"http","message":"\t{\"method\":\"GET\",\"url\":\"/report/f57249d3-9125-4444-9ca0-411d1820ab5f\",\"status\":500,\"content_length\":\"133\",\"response_time\":114.466}","timestamp":"2024-01-19 03:24:51.882 PM"}
{"id":"12345","level":"http","message":"\t{\"method\":\"GET\",\"url\":\"/report/f57249d3-9125-4444-9ca0-411d1820ab5f\",\"status\":200,\"content_length\":\"786\",\"response_time\":119.797}","timestamp":"2024-01-19 03:26:57.459 PM"}
{"id":"12345","level":"http","message":"\t{\"method\":\"GET\",\"url\":\"/logout\",\"status\":200,\"content_length\":\"60\",\"response_time\":57.812}","timestamp":"2024-01-19 03:27:19.825 PM"}
{"id":"12345","level":"http","message":"\t{\"method\":\"POST\",\"url\":\"/user/login\",\"status\":200,\"content_length\":\"831\",\"response_time\":212.094}","timestamp":"2024-01-19 03:27:29.702 PM"}
{"id":"12345","level":"http","message":"\t{\"method\":\"GET\",\"url\":\"/report/f57249d3-9125-4444-9ca0-411d1820ab5f\",\"status\":500,\"content_length\":\"133\",\"response_time\":42.034}","timestamp":"2024-01-19 03:27:34.589 PM"}
{"id":"12345","level":"http","message":"\t{\"method\":\"GET\",\"url\":\"/report/f57249d3-9125-4444-9ca0-411d1820ab5f\",\"status\":500,\"content_length\":\"133\",\"response_time\":101.66}","timestamp":"2024-01-19 03:29:21.713 PM"}
{"id":"12345","level":"http","message":"\t{\"method\":\"GET\",\"url\":\"/report/f57249d3-9125-4444-9ca0-411d1820ab5f\",\"status\":500,\"content_length\":\"133\",\"response_time\":50.567}","timestamp":"2024-01-19 03:29:23.466 PM"}
{"id":"12345","level":"http","message":"\t{\"method\":\"GET\",\"url\":\"/report/f57249d3-9125-4444-9ca0-411d1820ab5f\",\"status\":200,\"content_length\":\"786\",\"response_time\":107.807}","timestamp":"2024-01-19 03:30:52.924 PM"}
{"id":"12345","level":"http","message":"\t{\"method\":\"GET\",\"url\":\"/report/f57249d3-9125-4444-9ca0-411d1820ab5f\",\"status\":500,\"content_length\":\"133\",\"response_time\":151.48}","timestamp":"2024-01-19 03:31:54.899 PM"}
{"id":"12345","level":"http","message":"\t{\"method\":\"GET\",\"url\":\"/report/f57249d3-9125-4444-9ca0-411d1820ab5f\",\"status\":500,\"content_length\":\"133\",\"response_time\":227.548}","timestamp":"2024-01-19 03:32:05.471 PM"}
{"id":"12345","level":"http","message":"\t{\"method\":\"GET\",\"url\":\"/report/f57249d3-9125-4444-9ca0-411d1820ab5f\",\"status\":500,\"content_length\":\"133\",\"response_time\":288.187}","timestamp":"2024-01-19 03:32:13.090 PM"}
{"id":"12345","level":"http","message":"\t{\"method\":\"GET\",\"url\":\"/report/f57249d3-9125-4444-9ca0-411d1820ab5f\",\"status\":500,\"content_length\":\"133\",\"response_time\":166.202}","timestamp":"2024-01-19 03:33:06.697 PM"}
{"id":"12345","level":"http","message":"\t{\"method\":\"GET\",\"url\":\"/report/f57249d3-9125-4444-9ca0-411d1820ab5f\",\"status\":500,\"content_length\":\"133\",\"response_time\":240.551}","timestamp":"2024-01-19 03:35:15.379 PM"}
{"id":"12345","level":"http","message":"\t{\"method\":\"GET\",\"url\":\"/report/f57249d3-9125-4444-9ca0-411d1820ab5f\",\"status\":200,\"content_length\":\"786\",\"response_time\":114.624}","timestamp":"2024-01-19 03:39:57.693 PM"}
{"id":"12345","level":"http","message":"\t{\"method\":\"GET\",\"url\":\"/report/f57249d3-9125-4444-9ca0-411d1820ab5f\",\"status\":500,\"content_length\":\"133\",\"response_time\":137.075}","timestamp":"2024-01-19 03:41:58.750 PM"}
{"id":"12345","level":"http","message":"\t{\"method\":\"GET\",\"url\":\"/report/f57249d3-9125-4444-9ca0-411d1820ab5f\",\"status\":500,\"content_length\":\"133\",\"response_time\":51.589}","timestamp":"2024-01-19 03:42:00.534 PM"}
{"id":"12345","level":"http","message":"\t{\"method\":\"GET\",\"url\":\"/report/f57249d3-9125-4444-9ca0-411d1820ab5f\",\"status\":200,\"content_length\":\"786\",\"response_time\":135.619}","timestamp":"2024-01-19 03:42:22.913 PM"}
{"id":"12345","level":"http","message":"\t{\"method\":\"GET\",\"url\":\"/logout\",\"status\":200,\"content_length\":\"60\",\"response_time\":29.288}","timestamp":"2024-01-19 03:42:47.671 PM"}
{"id":"12345","level":"http","message":"\t{\"method\":\"POST\",\"url\":\"/user/login\",\"status\":200,\"content_length\":\"831\",\"response_time\":196.598}","timestamp":"2024-01-19 03:42:57.407 PM"}
{"id":"12345","level":"http","message":"\t{\"method\":\"GET\",\"url\":\"/report/f57249d3-9125-4444-9ca0-411d1820ab5f\",\"status\":200,\"content_length\":\"786\",\"response_time\":97.628}","timestamp":"2024-01-19 03:43:08.053 PM"}
{"id":"12345","level":"http","message":"\t{\"method\":\"POST\",\"url\":\"/user/login\",\"status\":200,\"content_length\":\"1128\",\"response_time\":125.366}","timestamp":"2024-01-19 03:43:51.069 PM"}
{"id":"12345","level":"http","message":"\t{\"method\":\"GET\",\"url\":\"/report/f57249d3-9125-4444-9ca0-411d1820ab5f\",\"status\":500,\"content_length\":\"130\",\"response_time\":114.991}","timestamp":"2024-01-19 03:44:01.095 PM"}
{"id":"12345","level":"http","message":"\t{\"method\":\"DELETE\",\"url\":\"/report/f57249d3-9125-4444-9ca0-411d1820ab5f\",\"status\":403,\"content_length\":\"75\",\"response_time\":138.242}","timestamp":"2024-01-19 03:54:13.534 PM"}
{"id":"12345","level":"http","message":"\t{\"method\":\"POST\",\"url\":\"/user/login\",\"status\":200,\"content_length\":\"1535\",\"response_time\":291.128}","timestamp":"2024-01-19 03:54:35.577 PM"}
{"id":"12345","level":"http","message":"\t{\"method\":\"POST\",\"url\":\"/user/login\",\"status\":200,\"content_length\":\"831\",\"response_time\":117.667}","timestamp":"2024-01-19 03:54:43.690 PM"}
{"id":"12345","level":"http","message":"\t{\"method\":\"DELETE\",\"url\":\"/report/f57249d3-9125-4444-9ca0-411d1820ab5f\",\"status\":500,\"content_length\":\"129\",\"response_time\":52.648}","timestamp":"2024-01-19 03:54:49.217 PM"}
{"id":"12345","level":"http","message":"\t{\"method\":\"GET\",\"url\":\"/logout\",\"status\":200,\"content_length\":\"60\",\"response_time\":22.113}","timestamp":"2024-01-19 03:58:15.432 PM"}
{"id":"12345","level":"http","message":"\t{\"method\":\"POST\",\"url\":\"/superuser/login\",\"status\":200,\"content_length\":\"351\",\"response_time\":93.937}","timestamp":"2024-01-19 03:58:19.955 PM"}
{"id":"12345","level":"http","message":"\t{\"method\":\"GET\",\"url\":\"/superuser/6308a111-bbb2-4a9f-a421-2b1a3648316b/users\",\"status\":200,\"content_length\":\"2904\",\"response_time\":75.93}","timestamp":"2024-01-19 03:59:01.994 PM"}
{"id":"12345","level":"http","message":"\t{\"method\":\"GET\",\"url\":\"/superuser/6308a111-bbb2-4a9f-a421-2b1a3648316b/users\",\"status\":200,\"content_length\":\"2904\",\"response_time\":60.369}","timestamp":"2024-01-19 03:59:13.938 PM"}
