{"id":"12345","level":"info","message":"\tConnection to redis server successful","service":"engine-service","timestamp":"2024-01-19 08:21:05.403 PM"}
{"id":"12345","level":"info","message":"\tdata connection established successfully","service":"engine-service","timestamp":"2024-01-19 08:21:10.668 PM"}
{"id":"12345","level":"info","message":"\tdatabase Initialized","service":"engine-service","timestamp":"2024-01-19 08:21:16.288 PM"}
{"id":"12345","level":"info","message":"\t[SERVER]: Server is up and running at http://localhost:5000","service":"engine-service","timestamp":"2024-01-19 08:21:16.291 PM"}
{"id":"12345","level":"info","message":"\tUser: 6308a111-bbb2-4a9f-a421-2b1a3648316b accessed the endpoint /superuser/6308a111-bbb2-4a9f-a421-2b1a3648316b/users as an admin","service":"6308a111-bbb2-4a9f-a421-2b1a3648316b","timestamp":"2024-01-19 08:24:56.995 PM"}
{"id":"12345","level":"info","message":"\tUser: 6308a111-bbb2-4a9f-a421-2b1a3648316b just got authenticated","service":"6308a111-bbb2-4a9f-a421-2b1a3648316b","timestamp":"2024-01-19 08:24:57.010 PM"}
{"id":"12345","level":"info","message":"\tAll users in the server 6308a111-bbb2-4a9f-a421-2b1a3648316b retrieved by User 6308a111-bbb2-4a9f-a421-2b1a3648316b","service":"6308a111-bbb2-4a9f-a421-2b1a3648316b","timestamp":"2024-01-19 08:24:57.081 PM"}
{"id":"12345","level":"info","message":"\tUser: 6308a111-bbb2-4a9f-a421-2b1a3648316b just got authenticated","service":"6308a111-bbb2-4a9f-a421-2b1a3648316b","timestamp":"2024-01-19 08:26:10.233 PM"}
{"id":"12345","level":"info","message":"\tUser: 5d298057-5818-4461-944f-6531af9f56b9 just got authenticated","service":"5d298057-5818-4461-944f-6531af9f56b9","timestamp":"2024-01-19 08:27:37.453 PM"}
{"id":"12345","level":"info","message":"\tUser: a4c5182f-7801-4a95-90e8-d2c3c68c5ad6 retrieved by 5d298057-5818-4461-944f-6531af9f56b9.","service":"6308a111-bbb2-4a9f-a421-2b1a3648316b","timestamp":"2024-01-19 08:27:37.512 PM"}
{"id":"12345","level":"info","message":"\tConnection to redis server successful","service":"engine-service","timestamp":"2024-01-19 08:30:48.760 PM"}
{"id":"12345","level":"info","message":"\tdata connection established successfully","service":"engine-service","timestamp":"2024-01-19 08:30:49.062 PM"}
{"id":"12345","level":"info","message":"\tdatabase Initialized","service":"engine-service","timestamp":"2024-01-19 08:30:49.403 PM"}
{"id":"12345","level":"info","message":"\t[SERVER]: Server is up and running at http://localhost:5000","service":"engine-service","timestamp":"2024-01-19 08:30:49.409 PM"}
{"id":"12345","level":"info","message":"\tUser: 5d298057-5818-4461-944f-6531af9f56b9 accessed the endpoint /superuser/5d298057-5818-4461-944f-6531af9f56b9/users as an admin","service":"5d298057-5818-4461-944f-6531af9f56b9","timestamp":"2024-01-19 08:31:13.717 PM"}
{"id":"12345","level":"info","message":"\tUser: 5d298057-5818-4461-944f-6531af9f56b9 just got authenticated","service":"5d298057-5818-4461-944f-6531af9f56b9","timestamp":"2024-01-19 08:31:13.733 PM"}
{"id":"12345","level":"info","message":"\tAll users in the server 5d298057-5818-4461-944f-6531af9f56b9 retrieved by User 5d298057-5818-4461-944f-6531af9f56b9","service":"5d298057-5818-4461-944f-6531af9f56b9","timestamp":"2024-01-19 08:31:13.747 PM"}
{"id":"12345","level":"info","message":"\tUser: 5d298057-5818-4461-944f-6531af9f56b9 just got authenticated","service":"5d298057-5818-4461-944f-6531af9f56b9","timestamp":"2024-01-19 08:32:16.369 PM"}
{"id":"12345","level":"info","message":"\tUser: undefined retrieved by 5d298057-5818-4461-944f-6531af9f56b9.","service":"undefined","timestamp":"2024-01-19 08:32:16.375 PM"}
{"id":"12345","level":"info","message":"\tUser: 8da27594-1e9b-4983-a709-10d51b58caf4 just got authenticated","service":"5d298057-5818-4461-944f-6531af9f56b9","timestamp":"2024-01-19 08:33:42.176 PM"}
{"id":"12345","level":"info","message":"\tUser: 8da27594-1e9b-4983-a709-10d51b58caf4 accessed the endpoint /user/update/8da27594-1e9b-4983-a709-10d51b58caf4 as an admin","service":"5d298057-5818-4461-944f-6531af9f56b9","timestamp":"2024-01-19 08:33:42.193 PM"}
{"id":"12345","level":"info","message":"\tupdate on User 8da27594-1e9b-4983-a709-10d51b58caf4 performed by 8da27594-1e9b-4983-a709-10d51b58caf4","service":"5d298057-5818-4461-944f-6531af9f56b9","timestamp":"2024-01-19 08:33:42.625 PM"}
{"id":"12345","level":"info","message":"\tUser: 8da27594-1e9b-4983-a709-10d51b58caf4 just got authenticated","service":"5d298057-5818-4461-944f-6531af9f56b9","timestamp":"2024-01-19 08:34:03.614 PM"}
{"id":"12345","level":"info","message":"\tUser: 5d298057-5818-4461-944f-6531af9f56b9 just got authenticated","service":"5d298057-5818-4461-944f-6531af9f56b9","timestamp":"2024-01-19 08:34:18.188 PM"}
{"id":"12345","level":"info","message":"\tUser: a4c5182f-7801-4a95-90e8-d2c3c68c5ad6 retrieved by 5d298057-5818-4461-944f-6531af9f56b9.","service":"6308a111-bbb2-4a9f-a421-2b1a3648316b","timestamp":"2024-01-19 08:34:18.229 PM"}
{"id":"12345","level":"info","message":"\tConnection to redis server successful","service":"engine-service","timestamp":"2024-01-19 08:43:13.601 PM"}
{"id":"12345","level":"info","message":"\tdata connection established successfully","service":"engine-service","timestamp":"2024-01-19 08:43:14.124 PM"}
{"id":"12345","level":"info","message":"\tdatabase Initialized","service":"engine-service","timestamp":"2024-01-19 08:43:14.225 PM"}
{"id":"12345","level":"info","message":"\t[SERVER]: Server is up and running at http://localhost:5000","service":"engine-service","timestamp":"2024-01-19 08:43:14.227 PM"}
{"id":"12345","level":"info","message":"\tConnection to redis server successful","service":"engine-service","timestamp":"2024-01-19 08:43:35.768 PM"}
{"id":"12345","level":"info","message":"\tdata connection established successfully","service":"engine-service","timestamp":"2024-01-19 08:43:36.182 PM"}
{"id":"12345","level":"info","message":"\tdatabase Initialized","service":"engine-service","timestamp":"2024-01-19 08:43:36.419 PM"}
{"id":"12345","level":"info","message":"\t[SERVER]: Server is up and running at http://localhost:5000","service":"engine-service","timestamp":"2024-01-19 08:43:36.423 PM"}
{"id":"12345","level":"info","message":"\tConnection to redis server successful","service":"engine-service","timestamp":"2024-01-19 08:43:39.866 PM"}
{"id":"12345","level":"info","message":"\tdata connection established successfully","service":"engine-service","timestamp":"2024-01-19 08:43:40.045 PM"}
{"id":"12345","level":"info","message":"\tdatabase Initialized","service":"engine-service","timestamp":"2024-01-19 08:43:40.140 PM"}
{"id":"12345","level":"info","message":"\t[SERVER]: Server is up and running at http://localhost:5000","service":"engine-service","timestamp":"2024-01-19 08:43:40.142 PM"}
{"id":"12345","level":"info","message":"\tConnection to redis server successful","service":"engine-service","timestamp":"2024-01-19 08:46:08.206 PM"}
{"id":"12345","level":"info","message":"\tdata connection established successfully","service":"engine-service","timestamp":"2024-01-19 08:46:08.891 PM"}
{"id":"12345","level":"info","message":"\tdatabase Initialized","service":"engine-service","timestamp":"2024-01-19 08:46:09.317 PM"}
{"id":"12345","level":"info","message":"\t[SERVER]: Server is up and running at http://localhost:5000","service":"engine-service","timestamp":"2024-01-19 08:46:09.320 PM"}
{"id":"12345","level":"info","message":"\tConnection to redis server successful","service":"engine-service","timestamp":"2024-01-19 08:46:49.294 PM"}
{"id":"12345","level":"info","message":"\tdata connection established successfully","service":"engine-service","timestamp":"2024-01-19 08:46:49.516 PM"}
{"id":"12345","level":"info","message":"\tdatabase Initialized","service":"engine-service","timestamp":"2024-01-19 08:46:49.585 PM"}
{"id":"12345","level":"info","message":"\t[SERVER]: Server is up and running at http://localhost:5000","service":"engine-service","timestamp":"2024-01-19 08:46:49.587 PM"}
{"id":"12345","level":"info","message":"\tConnection to redis server successful","service":"engine-service","timestamp":"2024-01-19 08:47:04.034 PM"}
{"id":"12345","level":"info","message":"\tdata connection established successfully","service":"engine-service","timestamp":"2024-01-19 08:47:04.225 PM"}
{"id":"12345","level":"info","message":"\tdatabase Initialized","service":"engine-service","timestamp":"2024-01-19 08:47:04.425 PM"}
{"id":"12345","level":"info","message":"\t[SERVER]: Server is up and running at http://localhost:5000","service":"engine-service","timestamp":"2024-01-19 08:47:04.429 PM"}
{"id":"12345","level":"info","message":"\tConnection to redis server successful","service":"engine-service","timestamp":"2024-01-19 08:47:33.410 PM"}
{"id":"12345","level":"info","message":"\tdata connection established successfully","service":"engine-service","timestamp":"2024-01-19 08:47:33.647 PM"}
{"id":"12345","level":"info","message":"\tdatabase Initialized","service":"engine-service","timestamp":"2024-01-19 08:47:33.724 PM"}
{"id":"12345","level":"info","message":"\t[SERVER]: Server is up and running at http://localhost:5000","service":"engine-service","timestamp":"2024-01-19 08:47:33.726 PM"}
{"id":"12345","level":"info","message":"\tConnection to redis server successful","service":"engine-service","timestamp":"2024-01-19 08:47:49.126 PM"}
{"id":"12345","level":"info","message":"\tdata connection established successfully","service":"engine-service","timestamp":"2024-01-19 08:47:49.277 PM"}
{"id":"12345","level":"info","message":"\tdatabase Initialized","service":"engine-service","timestamp":"2024-01-19 08:47:49.351 PM"}
{"id":"12345","level":"info","message":"\t[SERVER]: Server is up and running at http://localhost:5000","service":"engine-service","timestamp":"2024-01-19 08:47:49.353 PM"}
{"id":"12345","level":"info","message":"\tUser: 5d298057-5818-4461-944f-6531af9f56b9 just got authenticated","service":"5d298057-5818-4461-944f-6531af9f56b9","timestamp":"2024-01-19 08:47:50.684 PM"}
{"id":"12345","level":"info","message":"\tUser: 5d298057-5818-4461-944f-6531af9f56b9 just got authenticated","service":"5d298057-5818-4461-944f-6531af9f56b9","timestamp":"2024-01-19 08:48:13.840 PM"}
{"id":"12345","level":"info","message":"\tConnection to redis server successful","service":"engine-service","timestamp":"2024-01-19 08:49:59.527 PM"}
{"id":"12345","level":"info","message":"\tdata connection established successfully","service":"engine-service","timestamp":"2024-01-19 08:49:59.671 PM"}
{"id":"12345","level":"info","message":"\tdatabase Initialized","service":"engine-service","timestamp":"2024-01-19 08:49:59.743 PM"}
{"id":"12345","level":"info","message":"\t[SERVER]: Server is up and running at http://localhost:5000","service":"engine-service","timestamp":"2024-01-19 08:49:59.744 PM"}
{"id":"12345","level":"info","message":"\tConnection to redis server successful","service":"engine-service","timestamp":"2024-01-19 08:52:51.135 PM"}
{"id":"12345","level":"info","message":"\tdata connection established successfully","service":"engine-service","timestamp":"2024-01-19 08:52:51.474 PM"}
{"id":"12345","level":"info","message":"\tdatabase Initialized","service":"engine-service","timestamp":"2024-01-19 08:52:51.607 PM"}
{"id":"12345","level":"info","message":"\t[SERVER]: Server is up and running at http://localhost:5000","service":"engine-service","timestamp":"2024-01-19 08:52:51.610 PM"}
{"id":"12345","level":"info","message":"\tConnection to redis server successful","service":"engine-service","timestamp":"2024-01-19 08:53:12.400 PM"}
{"id":"12345","level":"info","message":"\tdata connection established successfully","service":"engine-service","timestamp":"2024-01-19 08:53:12.785 PM"}
{"id":"12345","level":"info","message":"\tdatabase Initialized","service":"engine-service","timestamp":"2024-01-19 08:53:12.912 PM"}
{"id":"12345","level":"info","message":"\t[SERVER]: Server is up and running at http://localhost:5000","service":"engine-service","timestamp":"2024-01-19 08:53:12.917 PM"}
{"id":"12345","level":"info","message":"\tConnection to redis server successful","service":"engine-service","timestamp":"2024-01-19 08:53:48.639 PM"}
{"id":"12345","level":"info","message":"\tdata connection established successfully","service":"engine-service","timestamp":"2024-01-19 08:53:48.851 PM"}
{"id":"12345","level":"info","message":"\tdatabase Initialized","service":"engine-service","timestamp":"2024-01-19 08:53:49.209 PM"}
{"id":"12345","level":"info","message":"\t[SERVER]: Server is up and running at http://localhost:5000","service":"engine-service","timestamp":"2024-01-19 08:53:49.215 PM"}
{"id":"12345","level":"info","message":"\tConnection to redis server successful","service":"engine-service","timestamp":"2024-01-19 08:53:54.979 PM"}
{"id":"12345","level":"info","message":"\tdata connection established successfully","service":"engine-service","timestamp":"2024-01-19 08:53:55.140 PM"}
{"id":"12345","level":"info","message":"\tdatabase Initialized","service":"engine-service","timestamp":"2024-01-19 08:53:55.212 PM"}
{"id":"12345","level":"info","message":"\t[SERVER]: Server is up and running at http://localhost:5000","service":"engine-service","timestamp":"2024-01-19 08:53:55.215 PM"}
{"id":"12345","level":"info","message":"\tConnection to redis server successful","service":"engine-service","timestamp":"2024-01-19 08:54:32.962 PM"}
{"id":"12345","level":"info","message":"\tdata connection established successfully","service":"engine-service","timestamp":"2024-01-19 08:54:33.149 PM"}
{"id":"12345","level":"info","message":"\tdatabase Initialized","service":"engine-service","timestamp":"2024-01-19 08:54:33.246 PM"}
{"id":"12345","level":"info","message":"\t[SERVER]: Server is up and running at http://localhost:5000","service":"engine-service","timestamp":"2024-01-19 08:54:33.249 PM"}
{"id":"12345","level":"info","message":"\tConnection to redis server successful","service":"engine-service","timestamp":"2024-01-19 08:54:47.370 PM"}
{"id":"12345","level":"info","message":"\tdata connection established successfully","service":"engine-service","timestamp":"2024-01-19 08:54:47.666 PM"}
{"id":"12345","level":"info","message":"\tdatabase Initialized","service":"engine-service","timestamp":"2024-01-19 08:54:47.753 PM"}
{"id":"12345","level":"info","message":"\t[SERVER]: Server is up and running at http://localhost:5000","service":"engine-service","timestamp":"2024-01-19 08:54:47.756 PM"}
{"id":"12345","level":"info","message":"\tConnection to redis server successful","service":"engine-service","timestamp":"2024-01-19 08:54:55.389 PM"}
{"id":"12345","level":"info","message":"\tdata connection established successfully","service":"engine-service","timestamp":"2024-01-19 08:54:55.666 PM"}
{"id":"12345","level":"info","message":"\tdatabase Initialized","service":"engine-service","timestamp":"2024-01-19 08:54:55.748 PM"}
{"id":"12345","level":"info","message":"\t[SERVER]: Server is up and running at http://localhost:5000","service":"engine-service","timestamp":"2024-01-19 08:54:55.751 PM"}
{"id":"12345","level":"info","message":"\tConnection to redis server successful","service":"engine-service","timestamp":"2024-01-19 08:55:13.062 PM"}
{"id":"12345","level":"info","message":"\tdata connection established successfully","service":"engine-service","timestamp":"2024-01-19 08:55:13.226 PM"}
{"id":"12345","level":"info","message":"\tdatabase Initialized","service":"engine-service","timestamp":"2024-01-19 08:55:13.293 PM"}
{"id":"12345","level":"info","message":"\t[SERVER]: Server is up and running at http://localhost:5000","service":"engine-service","timestamp":"2024-01-19 08:55:13.295 PM"}
{"id":"12345","level":"info","message":"\tUser: 5d298057-5818-4461-944f-6531af9f56b9 just got authenticated","service":"5d298057-5818-4461-944f-6531af9f56b9","timestamp":"2024-01-19 08:55:18.599 PM"}
{"id":"12345","level":"info","message":"\tConnection to redis server successful","service":"engine-service","timestamp":"2024-01-19 08:58:51.970 PM"}
{"id":"12345","level":"info","message":"\tdata connection established successfully","service":"engine-service","timestamp":"2024-01-19 08:58:52.102 PM"}
{"id":"12345","level":"info","message":"\tdatabase Initialized","service":"engine-service","timestamp":"2024-01-19 08:58:52.192 PM"}
{"id":"12345","level":"info","message":"\t[SERVER]: Server is up and running at http://localhost:5000","service":"engine-service","timestamp":"2024-01-19 08:58:52.195 PM"}
{"id":"12345","level":"info","message":"\tConnection to redis server successful","service":"engine-service","timestamp":"2024-01-19 08:59:05.956 PM"}
{"id":"12345","level":"info","message":"\tdata connection established successfully","service":"engine-service","timestamp":"2024-01-19 08:59:06.108 PM"}
{"id":"12345","level":"info","message":"\tdatabase Initialized","service":"engine-service","timestamp":"2024-01-19 08:59:06.185 PM"}
{"id":"12345","level":"info","message":"\t[SERVER]: Server is up and running at http://localhost:5000","service":"engine-service","timestamp":"2024-01-19 08:59:06.187 PM"}
{"id":"12345","level":"info","message":"\tConnection to redis server successful","service":"engine-service","timestamp":"2024-01-19 08:59:26.152 PM"}
{"id":"12345","level":"info","message":"\tdata connection established successfully","service":"engine-service","timestamp":"2024-01-19 08:59:26.393 PM"}
{"id":"12345","level":"info","message":"\tdatabase Initialized","service":"engine-service","timestamp":"2024-01-19 08:59:26.480 PM"}
{"id":"12345","level":"info","message":"\t[SERVER]: Server is up and running at http://localhost:5000","service":"engine-service","timestamp":"2024-01-19 08:59:26.482 PM"}
{"id":"12345","level":"info","message":"\tConnection to redis server successful","service":"engine-service","timestamp":"2024-01-19 08:59:37.640 PM"}
{"id":"12345","level":"info","message":"\tdata connection established successfully","service":"engine-service","timestamp":"2024-01-19 08:59:37.767 PM"}
{"id":"12345","level":"info","message":"\tdatabase Initialized","service":"engine-service","timestamp":"2024-01-19 08:59:37.842 PM"}
{"id":"12345","level":"info","message":"\t[SERVER]: Server is up and running at http://localhost:5000","service":"engine-service","timestamp":"2024-01-19 08:59:37.845 PM"}
{"id":"12345","level":"info","message":"\tConnection to redis server successful","service":"engine-service","timestamp":"2024-01-19 08:59:53.486 PM"}
{"id":"12345","level":"info","message":"\tdata connection established successfully","service":"engine-service","timestamp":"2024-01-19 08:59:53.646 PM"}
{"id":"12345","level":"info","message":"\tdatabase Initialized","service":"engine-service","timestamp":"2024-01-19 08:59:53.729 PM"}
{"id":"12345","level":"info","message":"\t[SERVER]: Server is up and running at http://localhost:5000","service":"engine-service","timestamp":"2024-01-19 08:59:53.731 PM"}
