{"id":"12345","level":"http","message":"\t{\"method\":\"GET\",\"url\":\"/logs/all\",\"status\":200,\"content_length\":\"1308348\",\"response_time\":2024.852}","timestamp":"2024-01-19 08:21:47.639 PM"}
{"id":"12345","level":"http","message":"\t{\"method\":\"GET\",\"url\":\"/logs/all\",\"status\":200,\"content_length\":\"1308618\",\"response_time\":475.804}","timestamp":"2024-01-19 08:22:15.991 PM"}
{"id":"12345","level":"http","message":"\t{\"method\":\"GET\",\"url\":\"/logs/all\",\"status\":200,\"content_length\":\"1308887\",\"response_time\":253.984}","timestamp":"2024-01-19 08:22:17.374 PM"}
{"id":"12345","level":"http","message":"\t{\"method\":\"GET\",\"url\":\"/report/f57249d3-9125-4444-9ca0-411d1820ab5f\",\"status\":401,\"content_length\":\"49\",\"response_time\":6.354}","timestamp":"2024-01-19 08:23:23.395 PM"}
{"id":"12345","level":"http","message":"\t{\"method\":\"POST\",\"url\":\"/superuser/login\",\"status\":200,\"content_length\":\"349\",\"response_time\":785.793}","timestamp":"2024-01-19 08:24:20.760 PM"}
{"id":"12345","level":"http","message":"\t{\"method\":\"GET\",\"url\":\"/superuser/6308a111-bbb2-4a9f-a421-2b1a3648316b/users\",\"status\":200,\"content_length\":\"2904\",\"response_time\":126.13}","timestamp":"2024-01-19 08:24:57.086 PM"}
{"id":"12345","level":"http","message":"\t{\"method\":\"GET\",\"url\":\"/logout\",\"status\":200,\"content_length\":\"60\",\"response_time\":27.575}","timestamp":"2024-01-19 08:26:10.196 PM"}
{"id":"12345","level":"http","message":"\t{\"method\":\"POST\",\"url\":\"/user/login\",\"status\":200,\"content_length\":\"831\",\"response_time\":828.21}","timestamp":"2024-01-19 08:26:22.818 PM"}
{"id":"12345","level":"http","message":"\t{\"method\":\"POST\",\"url\":\"/superuser/login\",\"status\":200,\"content_length\":\"351\",\"response_time\":67.794}","timestamp":"2024-01-19 08:27:16.195 PM"}
{"id":"12345","level":"http","message":"\t{\"method\":\"GET\",\"url\":\"/user/a4c5182f-7801-4a95-90e8-d2c3c68c5ad6\",\"status\":200,\"content_length\":\"1535\",\"response_time\":101.813}","timestamp":"2024-01-19 08:27:37.549 PM"}
{"id":"12345","level":"http","message":"\t{\"method\":\"GET\",\"url\":\"/logs/all\",\"status\":200,\"content_length\":\"1316326\",\"response_time\":621.819}","timestamp":"2024-01-19 08:27:55.608 PM"}
{"id":"12345","level":"http","message":"\t{\"method\":\"GET\",\"url\":\"/superuser/5d298057-5818-4461-944f-6531af9f56b9/users\",\"status\":200,\"content_length\":\"513\",\"response_time\":147.958}","timestamp":"2024-01-19 08:31:13.766 PM"}
{"id":"12345","level":"http","message":"\t{\"method\":\"GET\",\"url\":\"/user/login\",\"status\":200,\"content_length\":\"15\",\"response_time\":64.659}","timestamp":"2024-01-19 08:32:16.379 PM"}
{"id":"12345","level":"http","message":"\t{\"method\":\"POST\",\"url\":\"/user/login\",\"status\":200,\"content_length\":\"1129\",\"response_time\":316.331}","timestamp":"2024-01-19 08:32:26.024 PM"}
{"id":"12345","level":"http","message":"\t{\"method\":\"PATCH\",\"url\":\"/user/upadte/8da27594-1e9b-4983-a709-10d51b58caf4\",\"status\":404,\"content_length\":189,\"response_time\":26.088}","timestamp":"2024-01-19 08:33:18.548 PM"}
{"id":"12345","level":"http","message":"\t{\"method\":\"PATCH\",\"url\":\"/user/upadate/8da27594-1e9b-4983-a709-10d51b58caf4\",\"status\":404,\"content_length\":190,\"response_time\":18.881}","timestamp":"2024-01-19 08:33:35.149 PM"}
{"id":"12345","level":"http","message":"\t{\"method\":\"PATCH\",\"url\":\"/user/update/8da27594-1e9b-4983-a709-10d51b58caf4\",\"status\":200,\"content_length\":\"1069\",\"response_time\":492.087}","timestamp":"2024-01-19 08:33:42.645 PM"}
{"id":"12345","level":"http","message":"\t{\"method\":\"GET\",\"url\":\"/user/a4c5182f-7801-4a95-90e8-d2c3c68c5ad6\",\"status\":500,\"content_length\":\"27\",\"response_time\":215.96}","timestamp":"2024-01-19 08:34:03.807 PM"}
{"id":"12345","level":"http","message":"\t{\"method\":\"POST\",\"url\":\"/superuser/login\",\"status\":200,\"content_length\":\"351\",\"response_time\":125.771}","timestamp":"2024-01-19 08:34:14.229 PM"}
{"id":"12345","level":"http","message":"\t{\"method\":\"GET\",\"url\":\"/user/a4c5182f-7801-4a95-90e8-d2c3c68c5ad6\",\"status\":200,\"content_length\":\"1535\",\"response_time\":172.091}","timestamp":"2024-01-19 08:34:18.247 PM"}
{"id":"12345","level":"http","message":"\t{\"method\":\"GET\",\"url\":\"/user/a4c5182f-7801-4a95-90e8-d2c3c68c5ad6\",\"status\":500,\"content_length\":\"120\",\"response_time\":129.907}","timestamp":"2024-01-19 08:47:50.726 PM"}
{"id":"12345","level":"http","message":"\t{\"method\":\"GET\",\"url\":\"/user/a4c5182f-7801-4a95-90e8-d2c3c68c5ad6\",\"status\":500,\"content_length\":\"120\",\"response_time\":125.715}","timestamp":"2024-01-19 08:48:13.875 PM"}
{"id":"12345","level":"http","message":"\t{\"method\":\"GET\",\"url\":\"/user/a4c5182f-7801-4a95-90e8-d2c3c68c5ad6\",\"status\":500,\"content_length\":\"120\",\"response_time\":131.746}","timestamp":"2024-01-19 08:55:18.658 PM"}
{"id":"12345","level":"http","message":"\t{\"method\":\"GET\",\"url\":\"/logs/all\",\"status\":200,\"content_length\":\"1342780\",\"response_time\":370.499}","timestamp":"2024-01-19 08:55:23.773 PM"}
