{"id":"12345","level":"info","message":"\tConnection to redis server successful","service":"engine-service","timestamp":"2024-01-20 11:01:10.434 PM"}
{"id":"12345","level":"info","message":"\tdata connection established successfully","service":"engine-service","timestamp":"2024-01-20 11:01:10.779 PM"}
{"id":"12345","level":"info","message":"\tdatabase Initialized","service":"engine-service","timestamp":"2024-01-20 11:01:10.940 PM"}
{"id":"12345","level":"info","message":"\t[SERVER]: Server is up and running at http://localhost:3000","service":"engine-service","timestamp":"2024-01-20 11:01:10.943 PM"}
{"id":"12345","level":"info","message":"\tConnection to redis server successful","service":"engine-service","timestamp":"2024-01-20 11:01:18.548 PM"}
{"id":"12345","level":"info","message":"\tdata connection established successfully","service":"engine-service","timestamp":"2024-01-20 11:01:18.882 PM"}
{"id":"12345","level":"info","message":"\tdatabase Initialized","service":"engine-service","timestamp":"2024-01-20 11:01:18.991 PM"}
{"id":"12345","level":"info","message":"\t[SERVER]: Server is up and running at http://localhost:3000","service":"engine-service","timestamp":"2024-01-20 11:01:18.995 PM"}
{"id":"12345","level":"info","message":"\tConnection to redis server successful","service":"engine-service","timestamp":"2024-01-20 11:01:59.381 PM"}
{"id":"12345","level":"info","message":"\tConnection to redis server successful","service":"engine-service","timestamp":"2024-01-20 11:02:05.418 PM"}
{"id":"12345","level":"info","message":"\tdata connection established successfully","service":"engine-service","timestamp":"2024-01-20 11:02:05.694 PM"}
{"id":"12345","level":"info","message":"\tdatabase Initialized","service":"engine-service","timestamp":"2024-01-20 11:02:05.928 PM"}
{"id":"12345","level":"info","message":"\t[SERVER]: Server is up and running at http://localhost:3000","service":"engine-service","timestamp":"2024-01-20 11:02:05.934 PM"}
{"id":"12345","level":"info","message":"\tConnection to redis server successful","service":"engine-service","timestamp":"2024-01-20 11:02:16.010 PM"}
{"id":"12345","level":"info","message":"\tdata connection established successfully","service":"engine-service","timestamp":"2024-01-20 11:02:16.168 PM"}
{"id":"12345","level":"info","message":"\tdatabase Initialized","service":"engine-service","timestamp":"2024-01-20 11:02:16.247 PM"}
{"id":"12345","level":"info","message":"\t[SERVER]: Server is up and running at http://localhost:3000","service":"engine-service","timestamp":"2024-01-20 11:02:16.249 PM"}
{"id":"12345","level":"info","message":"\tConnection to redis server successful","service":"engine-service","timestamp":"2024-01-20 11:02:43.802 PM"}
{"id":"12345","level":"info","message":"\tdata connection established successfully","service":"engine-service","timestamp":"2024-01-20 11:02:44.318 PM"}
{"id":"12345","level":"info","message":"\tdatabase Initialized","service":"engine-service","timestamp":"2024-01-20 11:02:44.827 PM"}
{"id":"12345","level":"info","message":"\t[SERVER]: Server is up and running at http://localhost:3000","service":"engine-service","timestamp":"2024-01-20 11:02:44.830 PM"}
{"id":"12345","level":"info","message":"\tConnection to redis server successful","service":"engine-service","timestamp":"2024-01-20 11:02:56.047 PM"}
{"id":"12345","level":"info","message":"\tdata connection established successfully","service":"engine-service","timestamp":"2024-01-20 11:02:56.466 PM"}
{"id":"12345","level":"info","message":"\tdatabase Initialized","service":"engine-service","timestamp":"2024-01-20 11:02:56.640 PM"}
{"id":"12345","level":"info","message":"\t[SERVER]: Server is up and running at http://localhost:3000","service":"engine-service","timestamp":"2024-01-20 11:02:56.672 PM"}
{"id":"12345","level":"info","message":"\tConnection to redis server successful","service":"engine-service","timestamp":"2024-01-20 11:03:00.704 PM"}
{"id":"12345","level":"info","message":"\tdata connection established successfully","service":"engine-service","timestamp":"2024-01-20 11:03:00.929 PM"}
{"id":"12345","level":"info","message":"\tdatabase Initialized","service":"engine-service","timestamp":"2024-01-20 11:03:01.036 PM"}
{"id":"12345","level":"info","message":"\t[SERVER]: Server is up and running at http://localhost:3000","service":"engine-service","timestamp":"2024-01-20 11:03:01.039 PM"}
{"id":"12345","level":"info","message":"\tUser: 37ab5c61-f772-49f2-9620-c7cbd20922bc just got authenticated","service":"6308a111-bbb2-4a9f-a421-2b1a3648316b","timestamp":"2024-01-20 11:03:19.472 PM"}
{"id":"12345","level":"info","message":"\tUser: 37ab5c61-f772-49f2-9620-c7cbd20922bc accessed the endpoint /superuser/6308a111-bbb2-4a9f-a421-2b1a3648316b/ as an admin","service":"6308a111-bbb2-4a9f-a421-2b1a3648316b","timestamp":"2024-01-20 11:03:19.492 PM"}
{"id":"12345","level":"info","message":"\tUser: 37ab5c61-f772-49f2-9620-c7cbd20922bc just got authenticated","service":"6308a111-bbb2-4a9f-a421-2b1a3648316b","timestamp":"2024-01-20 11:03:22.317 PM"}
{"id":"12345","level":"info","message":"\tUser: 37ab5c61-f772-49f2-9620-c7cbd20922bc accessed the endpoint /superuser/6308a111-bbb2-4a9f-a421-2b1a3648316b/ as an admin","service":"6308a111-bbb2-4a9f-a421-2b1a3648316b","timestamp":"2024-01-20 11:03:22.341 PM"}
{"id":"12345","level":"info","message":"\tUser: 37ab5c61-f772-49f2-9620-c7cbd20922bc just got authenticated","service":"6308a111-bbb2-4a9f-a421-2b1a3648316b","timestamp":"2024-01-20 11:03:36.530 PM"}
{"id":"12345","level":"info","message":"\tUser: 37ab5c61-f772-49f2-9620-c7cbd20922bc accessed the endpoint /superuser/6308a111-bbb2-4a9f-a421-2b1a3648316b/ as an admin","service":"6308a111-bbb2-4a9f-a421-2b1a3648316b","timestamp":"2024-01-20 11:03:36.552 PM"}
{"id":"12345","level":"info","message":"\tUser: 37ab5c61-f772-49f2-9620-c7cbd20922bc accessed the endpoint /superuser/6308a111-bbb2-4a9f-a421-2b1a3648316b/users as an admin","service":"6308a111-bbb2-4a9f-a421-2b1a3648316b","timestamp":"2024-01-20 11:06:00.104 PM"}
{"id":"12345","level":"info","message":"\tUser: 37ab5c61-f772-49f2-9620-c7cbd20922bc just got authenticated","service":"6308a111-bbb2-4a9f-a421-2b1a3648316b","timestamp":"2024-01-20 11:06:00.118 PM"}
{"id":"12345","level":"info","message":"\tAll users in the server 6308a111-bbb2-4a9f-a421-2b1a3648316b retrieved by User 37ab5c61-f772-49f2-9620-c7cbd20922bc","service":"6308a111-bbb2-4a9f-a421-2b1a3648316b","timestamp":"2024-01-20 11:06:00.134 PM"}
{"id":"12345","level":"info","message":"\tConnection to redis server successful","service":"engine-service","timestamp":"2024-01-20 11:07:38.252 PM"}
{"id":"12345","level":"info","message":"\tdata connection established successfully","service":"engine-service","timestamp":"2024-01-20 11:07:38.436 PM"}
{"id":"12345","level":"info","message":"\tdatabase Initialized","service":"engine-service","timestamp":"2024-01-20 11:07:38.526 PM"}
{"id":"12345","level":"info","message":"\t[SERVER]: Server is up and running at http://localhost:3000","service":"engine-service","timestamp":"2024-01-20 11:07:38.529 PM"}
{"id":"12345","level":"info","message":"\tConnection to redis server successful","service":"engine-service","timestamp":"2024-01-20 11:07:50.600 PM"}
{"id":"12345","level":"info","message":"\tdata connection established successfully","service":"engine-service","timestamp":"2024-01-20 11:07:50.914 PM"}
{"id":"12345","level":"info","message":"\tdatabase Initialized","service":"engine-service","timestamp":"2024-01-20 11:07:51.131 PM"}
{"id":"12345","level":"info","message":"\t[SERVER]: Server is up and running at http://localhost:3000","service":"engine-service","timestamp":"2024-01-20 11:07:51.134 PM"}
{"id":"12345","level":"info","message":"\tConnection to redis server successful","service":"engine-service","timestamp":"2024-01-20 11:08:54.125 PM"}
{"id":"12345","level":"info","message":"\tdata connection established successfully","service":"engine-service","timestamp":"2024-01-20 11:08:54.416 PM"}
{"id":"12345","level":"info","message":"\tdatabase Initialized","service":"engine-service","timestamp":"2024-01-20 11:08:54.531 PM"}
{"id":"12345","level":"info","message":"\t[SERVER]: Server is up and running at http://localhost:3000","service":"engine-service","timestamp":"2024-01-20 11:08:54.534 PM"}
{"id":"12345","level":"info","message":"\tUser: 37ab5c61-f772-49f2-9620-c7cbd20922bc just got authenticated","service":"6308a111-bbb2-4a9f-a421-2b1a3648316b","timestamp":"2024-01-20 11:09:41.497 PM"}
{"id":"12345","level":"info","message":"\tUser: 37ab5c61-f772-49f2-9620-c7cbd20922bc accessed the endpoint /user/update/37ab5c61-f772-49f2-9620-c7cbd20922bc as an admin","service":"6308a111-bbb2-4a9f-a421-2b1a3648316b","timestamp":"2024-01-20 11:09:41.513 PM"}
{"id":"12345","level":"info","message":"\tupdate on User 37ab5c61-f772-49f2-9620-c7cbd20922bc performed by 37ab5c61-f772-49f2-9620-c7cbd20922bc","service":"6308a111-bbb2-4a9f-a421-2b1a3648316b","timestamp":"2024-01-20 11:09:41.826 PM"}
{"id":"12345","level":"info","message":"\tUser: 37ab5c61-f772-49f2-9620-c7cbd20922bc just got authenticated","service":"6308a111-bbb2-4a9f-a421-2b1a3648316b","timestamp":"2024-01-20 11:10:35.730 PM"}
{"id":"12345","level":"info","message":"\tUser: 37ab5c61-f772-49f2-9620-c7cbd20922bc accessed the endpoint /superuser/6308a111-bbb2-4a9f-a421-2b1a3648316b/users as an admin","service":"6308a111-bbb2-4a9f-a421-2b1a3648316b","timestamp":"2024-01-20 11:10:35.745 PM"}
{"id":"12345","level":"info","message":"\tConnection to redis server successful","service":"engine-service","timestamp":"2024-01-20 11:12:26.960 PM"}
{"id":"12345","level":"info","message":"\tdata connection established successfully","service":"engine-service","timestamp":"2024-01-20 11:12:27.253 PM"}
{"id":"12345","level":"info","message":"\tdatabase Initialized","service":"engine-service","timestamp":"2024-01-20 11:12:27.350 PM"}
{"id":"12345","level":"info","message":"\t[SERVER]: Server is up and running at http://localhost:3000","service":"engine-service","timestamp":"2024-01-20 11:12:27.353 PM"}
{"id":"12345","level":"info","message":"\tConnection to redis server successful","service":"engine-service","timestamp":"2024-01-20 11:12:40.881 PM"}
{"id":"12345","level":"info","message":"\tdata connection established successfully","service":"engine-service","timestamp":"2024-01-20 11:12:41.004 PM"}
{"id":"12345","level":"info","message":"\tdatabase Initialized","service":"engine-service","timestamp":"2024-01-20 11:12:41.072 PM"}
{"id":"12345","level":"info","message":"\t[SERVER]: Server is up and running at http://localhost:3000","service":"engine-service","timestamp":"2024-01-20 11:12:41.074 PM"}
{"id":"12345","level":"info","message":"\tConnection to redis server successful","service":"engine-service","timestamp":"2024-01-20 11:12:57.877 PM"}
{"id":"12345","level":"info","message":"\tdata connection established successfully","service":"engine-service","timestamp":"2024-01-20 11:12:58.407 PM"}
{"id":"12345","level":"info","message":"\tdatabase Initialized","service":"engine-service","timestamp":"2024-01-20 11:12:58.673 PM"}
{"id":"12345","level":"info","message":"\t[SERVER]: Server is up and running at http://localhost:3000","service":"engine-service","timestamp":"2024-01-20 11:12:58.715 PM"}
{"id":"12345","level":"info","message":"\tConnection to redis server successful","service":"engine-service","timestamp":"2024-01-20 11:13:27.563 PM"}
{"id":"12345","level":"info","message":"\tdata connection established successfully","service":"engine-service","timestamp":"2024-01-20 11:13:28.461 PM"}
{"id":"12345","level":"info","message":"\tdatabase Initialized","service":"engine-service","timestamp":"2024-01-20 11:13:29.022 PM"}
{"id":"12345","level":"info","message":"\t[SERVER]: Server is up and running at http://localhost:3000","service":"engine-service","timestamp":"2024-01-20 11:13:29.027 PM"}
{"id":"12345","level":"info","message":"\tConnection to redis server successful","service":"engine-service","timestamp":"2024-01-20 11:14:08.466 PM"}
{"id":"12345","level":"info","message":"\tdata connection established successfully","service":"engine-service","timestamp":"2024-01-20 11:14:08.683 PM"}
{"id":"12345","level":"info","message":"\tdatabase Initialized","service":"engine-service","timestamp":"2024-01-20 11:14:08.791 PM"}
{"id":"12345","level":"info","message":"\t[SERVER]: Server is up and running at http://localhost:3000","service":"engine-service","timestamp":"2024-01-20 11:14:08.798 PM"}
{"id":"12345","level":"info","message":"\tConnection to redis server successful","service":"engine-service","timestamp":"2024-01-20 11:14:17.187 PM"}
{"id":"12345","level":"info","message":"\tdata connection established successfully","service":"engine-service","timestamp":"2024-01-20 11:14:17.406 PM"}
{"id":"12345","level":"info","message":"\tdatabase Initialized","service":"engine-service","timestamp":"2024-01-20 11:14:17.501 PM"}
{"id":"12345","level":"info","message":"\t[SERVER]: Server is up and running at http://localhost:3000","service":"engine-service","timestamp":"2024-01-20 11:14:17.504 PM"}
{"id":"12345","level":"info","message":"\tConnection to redis server successful","service":"engine-service","timestamp":"2024-01-20 11:14:33.478 PM"}
{"id":"12345","level":"info","message":"\tdata connection established successfully","service":"engine-service","timestamp":"2024-01-20 11:14:33.654 PM"}
{"id":"12345","level":"info","message":"\tdatabase Initialized","service":"engine-service","timestamp":"2024-01-20 11:14:33.739 PM"}
{"id":"12345","level":"info","message":"\t[SERVER]: Server is up and running at http://localhost:3000","service":"engine-service","timestamp":"2024-01-20 11:14:33.743 PM"}
{"id":"12345","level":"info","message":"\tUser: 37ab5c61-f772-49f2-9620-c7cbd20922bc just got authenticated","service":"6308a111-bbb2-4a9f-a421-2b1a3648316b","timestamp":"2024-01-20 11:14:34.852 PM"}
{"id":"12345","level":"info","message":"\tUser: 37ab5c61-f772-49f2-9620-c7cbd20922bc accessed the endpoint /user/update/37ab5c61-f772-49f2-9620-c7cbd20922bc as an admin","service":"6308a111-bbb2-4a9f-a421-2b1a3648316b","timestamp":"2024-01-20 11:14:35.031 PM"}
{"id":"12345","level":"info","message":"\tUser: 37ab5c61-f772-49f2-9620-c7cbd20922bc just got authenticated","service":"6308a111-bbb2-4a9f-a421-2b1a3648316b","timestamp":"2024-01-20 11:14:44.350 PM"}
{"id":"12345","level":"info","message":"\tUser: 37ab5c61-f772-49f2-9620-c7cbd20922bc accessed the endpoint /user/update/37ab5c61-f772-49f2-9620-c7cbd20922bc as an admin","service":"6308a111-bbb2-4a9f-a421-2b1a3648316b","timestamp":"2024-01-20 11:14:44.362 PM"}
{"id":"12345","level":"info","message":"\tUser: 5d298057-5818-4461-944f-6531af9f56b9 accessed the endpoint /user/update/37ab5c61-f772-49f2-9620-c7cbd20922bc as an admin","service":"5d298057-5818-4461-944f-6531af9f56b9","timestamp":"2024-01-20 11:14:55.850 PM"}
{"id":"12345","level":"info","message":"\tUser: 5d298057-5818-4461-944f-6531af9f56b9 just got authenticated","service":"5d298057-5818-4461-944f-6531af9f56b9","timestamp":"2024-01-20 11:14:55.864 PM"}
{"id":"12345","level":"info","message":"\tUser: 6308a111-bbb2-4a9f-a421-2b1a3648316b accessed the endpoint /user/update/37ab5c61-f772-49f2-9620-c7cbd20922bc as an admin","service":"6308a111-bbb2-4a9f-a421-2b1a3648316b","timestamp":"2024-01-20 11:15:04.983 PM"}
{"id":"12345","level":"info","message":"\tUser: 6308a111-bbb2-4a9f-a421-2b1a3648316b just got authenticated","service":"6308a111-bbb2-4a9f-a421-2b1a3648316b","timestamp":"2024-01-20 11:15:05.002 PM"}
{"id":"12345","level":"info","message":"\tupdate on User 37ab5c61-f772-49f2-9620-c7cbd20922bc performed by 6308a111-bbb2-4a9f-a421-2b1a3648316b","service":"6308a111-bbb2-4a9f-a421-2b1a3648316b","timestamp":"2024-01-20 11:15:05.287 PM"}
{"id":"12345","level":"info","message":"\tUser: 37ab5c61-f772-49f2-9620-c7cbd20922bc just got authenticated","service":"6308a111-bbb2-4a9f-a421-2b1a3648316b","timestamp":"2024-01-20 11:15:32.411 PM"}
{"id":"12345","level":"info","message":"\tUser: 37ab5c61-f772-49f2-9620-c7cbd20922bc accessed the endpoint /user/update/37ab5c61-f772-49f2-9620-c7cbd20922bc as an admin","service":"6308a111-bbb2-4a9f-a421-2b1a3648316b","timestamp":"2024-01-20 11:15:32.424 PM"}
{"id":"12345","level":"info","message":"\tConnection to redis server successful","service":"engine-service","timestamp":"2024-01-20 11:18:03.652 PM"}
{"id":"12345","level":"info","message":"\tdata connection established successfully","service":"engine-service","timestamp":"2024-01-20 11:18:03.918 PM"}
{"id":"12345","level":"info","message":"\tdatabase Initialized","service":"engine-service","timestamp":"2024-01-20 11:18:04.291 PM"}
{"id":"12345","level":"info","message":"\t[SERVER]: Server is up and running at http://localhost:3000","service":"engine-service","timestamp":"2024-01-20 11:18:04.294 PM"}
{"id":"12345","level":"info","message":"\tConnection to redis server successful","service":"engine-service","timestamp":"2024-01-20 11:18:23.501 PM"}
{"id":"12345","level":"info","message":"\tdata connection established successfully","service":"engine-service","timestamp":"2024-01-20 11:18:23.734 PM"}
{"id":"12345","level":"info","message":"\tdatabase Initialized","service":"engine-service","timestamp":"2024-01-20 11:18:23.855 PM"}
{"id":"12345","level":"info","message":"\t[SERVER]: Server is up and running at http://localhost:3000","service":"engine-service","timestamp":"2024-01-20 11:18:23.857 PM"}
{"id":"12345","level":"info","message":"\tConnection to redis server successful","service":"engine-service","timestamp":"2024-01-20 11:18:29.287 PM"}
{"id":"12345","level":"info","message":"\tdata connection established successfully","service":"engine-service","timestamp":"2024-01-20 11:18:29.501 PM"}
{"id":"12345","level":"info","message":"\tdatabase Initialized","service":"engine-service","timestamp":"2024-01-20 11:18:29.677 PM"}
{"id":"12345","level":"info","message":"\t[SERVER]: Server is up and running at http://localhost:3000","service":"engine-service","timestamp":"2024-01-20 11:18:29.682 PM"}
{"id":"12345","level":"info","message":"\tConnection to redis server successful","service":"engine-service","timestamp":"2024-01-20 11:18:34.345 PM"}
{"id":"12345","level":"info","message":"\tdata connection established successfully","service":"engine-service","timestamp":"2024-01-20 11:18:34.480 PM"}
{"id":"12345","level":"info","message":"\tdatabase Initialized","service":"engine-service","timestamp":"2024-01-20 11:18:34.562 PM"}
{"id":"12345","level":"info","message":"\t[SERVER]: Server is up and running at http://localhost:3000","service":"engine-service","timestamp":"2024-01-20 11:18:34.564 PM"}
{"id":"12345","level":"info","message":"\tConnection to redis server successful","service":"engine-service","timestamp":"2024-01-20 11:19:52.235 PM"}
{"id":"12345","level":"info","message":"\tConnection to redis server successful","service":"engine-service","timestamp":"2024-01-20 11:20:12.854 PM"}
{"id":"12345","level":"info","message":"\tdata connection established successfully","service":"engine-service","timestamp":"2024-01-20 11:20:13.026 PM"}
{"id":"12345","level":"info","message":"\tdatabase Initialized","service":"engine-service","timestamp":"2024-01-20 11:20:13.128 PM"}
{"id":"12345","level":"info","message":"\t[SERVER]: Server is up and running at http://localhost:3000","service":"engine-service","timestamp":"2024-01-20 11:20:13.131 PM"}
{"id":"12345","level":"info","message":"\tConnection to redis server successful","service":"engine-service","timestamp":"2024-01-20 11:20:30.485 PM"}
{"id":"12345","level":"info","message":"\tdata connection established successfully","service":"engine-service","timestamp":"2024-01-20 11:20:30.751 PM"}
{"id":"12345","level":"info","message":"\tdatabase Initialized","service":"engine-service","timestamp":"2024-01-20 11:20:30.868 PM"}
{"id":"12345","level":"info","message":"\t[SERVER]: Server is up and running at http://localhost:3000","service":"engine-service","timestamp":"2024-01-20 11:20:30.872 PM"}
{"id":"12345","level":"info","message":"\tConnection to redis server successful","service":"engine-service","timestamp":"2024-01-20 11:21:27.363 PM"}
{"id":"12345","level":"info","message":"\tdata connection established successfully","service":"engine-service","timestamp":"2024-01-20 11:21:27.508 PM"}
{"id":"12345","level":"info","message":"\tdatabase Initialized","service":"engine-service","timestamp":"2024-01-20 11:21:27.658 PM"}
{"id":"12345","level":"info","message":"\t[SERVER]: Server is up and running at http://localhost:3000","service":"engine-service","timestamp":"2024-01-20 11:21:27.660 PM"}
{"id":"12345","level":"info","message":"\tConnection to redis server successful","service":"engine-service","timestamp":"2024-01-20 11:21:43.744 PM"}
{"id":"12345","level":"info","message":"\tdata connection established successfully","service":"engine-service","timestamp":"2024-01-20 11:21:44.264 PM"}
{"id":"12345","level":"info","message":"\tdatabase Initialized","service":"engine-service","timestamp":"2024-01-20 11:21:44.536 PM"}
{"id":"12345","level":"info","message":"\t[SERVER]: Server is up and running at http://localhost:3000","service":"engine-service","timestamp":"2024-01-20 11:21:44.538 PM"}
{"id":"12345","level":"info","message":"\tConnection to redis server successful","service":"engine-service","timestamp":"2024-01-20 11:21:49.051 PM"}
{"id":"12345","level":"info","message":"\tdata connection established successfully","service":"engine-service","timestamp":"2024-01-20 11:21:49.176 PM"}
{"id":"12345","level":"info","message":"\tdatabase Initialized","service":"engine-service","timestamp":"2024-01-20 11:21:49.239 PM"}
{"id":"12345","level":"info","message":"\t[SERVER]: Server is up and running at http://localhost:3000","service":"engine-service","timestamp":"2024-01-20 11:21:49.241 PM"}
{"id":"12345","level":"info","message":"\tConnection to redis server successful","service":"engine-service","timestamp":"2024-01-20 11:23:32.695 PM"}
{"id":"12345","level":"info","message":"\tdata connection established successfully","service":"engine-service","timestamp":"2024-01-20 11:23:33.022 PM"}
{"id":"12345","level":"info","message":"\tdatabase Initialized","service":"engine-service","timestamp":"2024-01-20 11:23:33.200 PM"}
{"id":"12345","level":"info","message":"\t[SERVER]: Server is up and running at http://localhost:3000","service":"engine-service","timestamp":"2024-01-20 11:23:33.203 PM"}
{"id":"12345","level":"info","message":"\tConnection to redis server successful","service":"engine-service","timestamp":"2024-01-20 11:24:07.321 PM"}
{"id":"12345","level":"info","message":"\tdata connection established successfully","service":"engine-service","timestamp":"2024-01-20 11:24:07.474 PM"}
{"id":"12345","level":"info","message":"\tdatabase Initialized","service":"engine-service","timestamp":"2024-01-20 11:24:07.548 PM"}
{"id":"12345","level":"info","message":"\t[SERVER]: Server is up and running at http://localhost:3000","service":"engine-service","timestamp":"2024-01-20 11:24:07.551 PM"}
{"id":"12345","level":"info","message":"\tConnection to redis server successful","service":"engine-service","timestamp":"2024-01-20 11:25:58.817 PM"}
{"id":"12345","level":"info","message":"\tdata connection established successfully","service":"engine-service","timestamp":"2024-01-20 11:25:58.953 PM"}
{"id":"12345","level":"info","message":"\tdatabase Initialized","service":"engine-service","timestamp":"2024-01-20 11:25:59.123 PM"}
{"id":"12345","level":"info","message":"\t[SERVER]: Server is up and running at http://localhost:3000","service":"engine-service","timestamp":"2024-01-20 11:25:59.126 PM"}
{"id":"12345","level":"info","message":"\tConnection to redis server successful","service":"engine-service","timestamp":"2024-01-20 11:27:42.672 PM"}
{"id":"12345","level":"info","message":"\tdata connection established successfully","service":"engine-service","timestamp":"2024-01-20 11:27:42.833 PM"}
{"id":"12345","level":"info","message":"\tdatabase Initialized","service":"engine-service","timestamp":"2024-01-20 11:27:42.914 PM"}
{"id":"12345","level":"info","message":"\t[SERVER]: Server is up and running at http://localhost:3000","service":"engine-service","timestamp":"2024-01-20 11:27:42.917 PM"}
{"id":"12345","level":"info","message":"\tConnection to redis server successful","service":"engine-service","timestamp":"2024-01-20 11:29:00.524 PM"}
{"id":"12345","level":"info","message":"\tdata connection established successfully","service":"engine-service","timestamp":"2024-01-20 11:29:00.696 PM"}
{"id":"12345","level":"info","message":"\tdatabase Initialized","service":"engine-service","timestamp":"2024-01-20 11:29:00.785 PM"}
{"id":"12345","level":"info","message":"\t[SERVER]: Server is up and running at http://localhost:3000","service":"engine-service","timestamp":"2024-01-20 11:29:00.788 PM"}
