{"id":"12345","level":"info","message":"\tUser: 6308a111-bbb2-4a9f-a421-2b1a3648316b just got authenticated","service":"6308a111-bbb2-4a9f-a421-2b1a3648316b","timestamp":"2024-01-20 06:00:13.523 PM"}
{"id":"12345","level":"info","message":"\tConnection to redis server successful","service":"engine-service","timestamp":"2024-01-20 06:01:18.025 PM"}
{"id":"12345","level":"info","message":"\tdata connection established successfully","service":"engine-service","timestamp":"2024-01-20 06:01:18.235 PM"}
{"id":"12345","level":"info","message":"\tdatabase Initialized","service":"engine-service","timestamp":"2024-01-20 06:01:18.450 PM"}
{"id":"12345","level":"info","message":"\t[SERVER]: Server is up and running at http://localhost:3000","service":"engine-service","timestamp":"2024-01-20 06:01:18.454 PM"}
{"id":"12345","level":"info","message":"\tUser: 6308a111-bbb2-4a9f-a421-2b1a3648316b just got authenticated","service":"6308a111-bbb2-4a9f-a421-2b1a3648316b","timestamp":"2024-01-20 06:01:20.672 PM"}
{"id":"12345","level":"info","message":"\tReport f57249d3-9125-4444-9ca0-411d1820ab5f was retrieved by user 6308a111-bbb2-4a9f-a421-2b1a3648316b","service":"6308a111-bbb2-4a9f-a421-2b1a3648316b","timestamp":"2024-01-20 06:01:20.710 PM"}
{"id":"12345","level":"info","message":"\tUser: 6308a111-bbb2-4a9f-a421-2b1a3648316b just got authenticated","service":"6308a111-bbb2-4a9f-a421-2b1a3648316b","timestamp":"2024-01-20 06:01:28.411 PM"}
{"id":"12345","level":"info","message":"\tReport f57249d3-9125-4444-9ca0-411d1820ab5f was retrieved by user 6308a111-bbb2-4a9f-a421-2b1a3648316b","service":"6308a111-bbb2-4a9f-a421-2b1a3648316b","timestamp":"2024-01-20 06:01:28.433 PM"}
{"id":"12345","level":"info","message":"\tUser: 6308a111-bbb2-4a9f-a421-2b1a3648316b just got authenticated","service":"6308a111-bbb2-4a9f-a421-2b1a3648316b","timestamp":"2024-01-20 06:01:39.125 PM"}
{"id":"12345","level":"info","message":"\tReport f57249d3-9125-4444-9ca0-411d1820ab5f was retrieved by user 6308a111-bbb2-4a9f-a421-2b1a3648316b","service":"6308a111-bbb2-4a9f-a421-2b1a3648316b","timestamp":"2024-01-20 06:01:39.150 PM"}
{"id":"12345","level":"info","message":"\tUser: 37ab5c61-f772-49f2-9620-c7cbd20922bc just got authenticated","service":"6308a111-bbb2-4a9f-a421-2b1a3648316b","timestamp":"2024-01-20 06:01:53.492 PM"}
{"id":"12345","level":"info","message":"\tReport f57249d3-9125-4444-9ca0-411d1820ab5f was retrieved by user 37ab5c61-f772-49f2-9620-c7cbd20922bc","service":"6308a111-bbb2-4a9f-a421-2b1a3648316b","timestamp":"2024-01-20 06:01:53.533 PM"}
{"id":"12345","level":"info","message":"\tUser: a4c5182f-7801-4a95-90e8-d2c3c68c5ad6 just got authenticated","service":"6308a111-bbb2-4a9f-a421-2b1a3648316b","timestamp":"2024-01-20 06:02:20.535 PM"}
{"id":"12345","level":"info","message":"\tReport f57249d3-9125-4444-9ca0-411d1820ab5f was retrieved by user a4c5182f-7801-4a95-90e8-d2c3c68c5ad6","service":"6308a111-bbb2-4a9f-a421-2b1a3648316b","timestamp":"2024-01-20 06:02:20.577 PM"}
{"id":"12345","level":"info","message":"\tUser: a4c5182f-7801-4a95-90e8-d2c3c68c5ad6 just got authenticated","service":"6308a111-bbb2-4a9f-a421-2b1a3648316b","timestamp":"2024-01-20 06:02:22.105 PM"}
{"id":"12345","level":"info","message":"\tReport f57249d3-9125-4444-9ca0-411d1820ab5f was retrieved by user a4c5182f-7801-4a95-90e8-d2c3c68c5ad6","service":"6308a111-bbb2-4a9f-a421-2b1a3648316b","timestamp":"2024-01-20 06:02:22.199 PM"}
{"id":"12345","level":"info","message":"\tUser: 5d298057-5818-4461-944f-6531af9f56b9 just got authenticated","service":"5d298057-5818-4461-944f-6531af9f56b9","timestamp":"2024-01-20 06:02:36.592 PM"}
{"id":"12345","level":"info","message":"\tConnection to redis server successful","service":"engine-service","timestamp":"2024-01-20 06:03:02.960 PM"}
{"id":"12345","level":"info","message":"\tdata connection established successfully","service":"engine-service","timestamp":"2024-01-20 06:03:03.110 PM"}
{"id":"12345","level":"info","message":"\tdatabase Initialized","service":"engine-service","timestamp":"2024-01-20 06:03:03.312 PM"}
{"id":"12345","level":"info","message":"\t[SERVER]: Server is up and running at http://localhost:3000","service":"engine-service","timestamp":"2024-01-20 06:03:03.314 PM"}
{"id":"12345","level":"info","message":"\tConnection to redis server successful","service":"engine-service","timestamp":"2024-01-20 06:04:11.275 PM"}
{"id":"12345","level":"info","message":"\tdata connection established successfully","service":"engine-service","timestamp":"2024-01-20 06:04:11.887 PM"}
{"id":"12345","level":"info","message":"\tdatabase Initialized","service":"engine-service","timestamp":"2024-01-20 06:04:12.166 PM"}
{"id":"12345","level":"info","message":"\t[SERVER]: Server is up and running at http://localhost:3000","service":"engine-service","timestamp":"2024-01-20 06:04:12.169 PM"}
{"id":"12345","level":"info","message":"\tConnection to redis server successful","service":"engine-service","timestamp":"2024-01-20 06:04:40.352 PM"}
{"id":"12345","level":"info","message":"\tdata connection established successfully","service":"engine-service","timestamp":"2024-01-20 06:04:40.594 PM"}
{"id":"12345","level":"info","message":"\tdatabase Initialized","service":"engine-service","timestamp":"2024-01-20 06:04:40.876 PM"}
{"id":"12345","level":"info","message":"\t[SERVER]: Server is up and running at http://localhost:3000","service":"engine-service","timestamp":"2024-01-20 06:04:40.879 PM"}
{"id":"12345","level":"info","message":"\tConnection to redis server successful","service":"engine-service","timestamp":"2024-01-20 06:04:57.304 PM"}
{"id":"12345","level":"info","message":"\tdata connection established successfully","service":"engine-service","timestamp":"2024-01-20 06:04:57.474 PM"}
{"id":"12345","level":"info","message":"\tdatabase Initialized","service":"engine-service","timestamp":"2024-01-20 06:04:58.137 PM"}
{"id":"12345","level":"info","message":"\t[SERVER]: Server is up and running at http://localhost:3000","service":"engine-service","timestamp":"2024-01-20 06:04:58.142 PM"}
{"id":"12345","level":"info","message":"\tConnection to redis server successful","service":"engine-service","timestamp":"2024-01-20 06:07:30.202 PM"}
{"id":"12345","level":"info","message":"\tdata connection established successfully","service":"engine-service","timestamp":"2024-01-20 06:07:30.339 PM"}
{"id":"12345","level":"info","message":"\tdatabase Initialized","service":"engine-service","timestamp":"2024-01-20 06:07:30.411 PM"}
{"id":"12345","level":"info","message":"\t[SERVER]: Server is up and running at http://localhost:3000","service":"engine-service","timestamp":"2024-01-20 06:07:30.413 PM"}
{"id":"12345","level":"info","message":"\tConnection to redis server successful","service":"engine-service","timestamp":"2024-01-20 06:08:05.297 PM"}
{"id":"12345","level":"info","message":"\tdata connection established successfully","service":"engine-service","timestamp":"2024-01-20 06:08:05.475 PM"}
{"id":"12345","level":"info","message":"\tdatabase Initialized","service":"engine-service","timestamp":"2024-01-20 06:08:05.556 PM"}
{"id":"12345","level":"info","message":"\t[SERVER]: Server is up and running at http://localhost:3000","service":"engine-service","timestamp":"2024-01-20 06:08:05.559 PM"}
{"id":"12345","level":"info","message":"\tUser: 5d298057-5818-4461-944f-6531af9f56b9 just got authenticated","service":"5d298057-5818-4461-944f-6531af9f56b9","timestamp":"2024-01-20 06:08:10.920 PM"}
{"id":"12345","level":"info","message":"\tUser: 5d298057-5818-4461-944f-6531af9f56b9 just got authenticated","service":"5d298057-5818-4461-944f-6531af9f56b9","timestamp":"2024-01-20 06:08:12.948 PM"}
{"id":"12345","level":"info","message":"\tConnection to redis server successful","service":"engine-service","timestamp":"2024-01-20 06:08:26.097 PM"}
{"id":"12345","level":"info","message":"\tdata connection established successfully","service":"engine-service","timestamp":"2024-01-20 06:08:26.244 PM"}
{"id":"12345","level":"info","message":"\tdatabase Initialized","service":"engine-service","timestamp":"2024-01-20 06:08:26.488 PM"}
{"id":"12345","level":"info","message":"\t[SERVER]: Server is up and running at http://localhost:3000","service":"engine-service","timestamp":"2024-01-20 06:08:26.490 PM"}
{"id":"12345","level":"info","message":"\tUser: 5d298057-5818-4461-944f-6531af9f56b9 just got authenticated","service":"5d298057-5818-4461-944f-6531af9f56b9","timestamp":"2024-01-20 06:08:35.711 PM"}
{"id":"12345","level":"info","message":"\tUser: 5d298057-5818-4461-944f-6531af9f56b9 just got authenticated","service":"5d298057-5818-4461-944f-6531af9f56b9","timestamp":"2024-01-20 06:08:37.652 PM"}
{"id":"12345","level":"info","message":"\tConnection to redis server successful","service":"engine-service","timestamp":"2024-01-20 06:09:13.309 PM"}
{"id":"12345","level":"info","message":"\tdata connection established successfully","service":"engine-service","timestamp":"2024-01-20 06:09:13.476 PM"}
{"id":"12345","level":"info","message":"\tdatabase Initialized","service":"engine-service","timestamp":"2024-01-20 06:09:13.560 PM"}
{"id":"12345","level":"info","message":"\t[SERVER]: Server is up and running at http://localhost:3000","service":"engine-service","timestamp":"2024-01-20 06:09:13.563 PM"}
{"id":"12345","level":"info","message":"\tUser: 5d298057-5818-4461-944f-6531af9f56b9 just got authenticated","service":"5d298057-5818-4461-944f-6531af9f56b9","timestamp":"2024-01-20 06:09:13.939 PM"}
{"id":"12345","level":"info","message":"\tUser: 5d298057-5818-4461-944f-6531af9f56b9 just got authenticated","service":"5d298057-5818-4461-944f-6531af9f56b9","timestamp":"2024-01-20 06:09:15.496 PM"}
{"id":"12345","level":"info","message":"\tUser: 6308a111-bbb2-4a9f-a421-2b1a3648316b just got authenticated","service":"6308a111-bbb2-4a9f-a421-2b1a3648316b","timestamp":"2024-01-20 06:09:38.319 PM"}
{"id":"12345","level":"info","message":"\tReport f57249d3-9125-4444-9ca0-411d1820ab5f was retrieved by user 6308a111-bbb2-4a9f-a421-2b1a3648316b","service":"6308a111-bbb2-4a9f-a421-2b1a3648316b","timestamp":"2024-01-20 06:09:38.348 PM"}
{"id":"12345","level":"info","message":"\tConnection to redis server successful","service":"engine-service","timestamp":"2024-01-20 06:10:27.706 PM"}
{"id":"12345","level":"info","message":"\tdata connection established successfully","service":"engine-service","timestamp":"2024-01-20 06:10:27.851 PM"}
{"id":"12345","level":"info","message":"\tdatabase Initialized","service":"engine-service","timestamp":"2024-01-20 06:10:27.932 PM"}
{"id":"12345","level":"info","message":"\t[SERVER]: Server is up and running at http://localhost:3000","service":"engine-service","timestamp":"2024-01-20 06:10:27.935 PM"}
{"id":"12345","level":"info","message":"\tUser: 6308a111-bbb2-4a9f-a421-2b1a3648316b just got authenticated","service":"6308a111-bbb2-4a9f-a421-2b1a3648316b","timestamp":"2024-01-20 06:10:52.905 PM"}
{"id":"12345","level":"info","message":"\tConnection to redis server successful","service":"engine-service","timestamp":"2024-01-20 06:11:17.557 PM"}
{"id":"12345","level":"info","message":"\tdata connection established successfully","service":"engine-service","timestamp":"2024-01-20 06:11:17.685 PM"}
{"id":"12345","level":"info","message":"\tdatabase Initialized","service":"engine-service","timestamp":"2024-01-20 06:11:18.180 PM"}
{"id":"12345","level":"info","message":"\t[SERVER]: Server is up and running at http://localhost:3000","service":"engine-service","timestamp":"2024-01-20 06:11:18.182 PM"}
{"id":"12345","level":"info","message":"\tUser: 6308a111-bbb2-4a9f-a421-2b1a3648316b just got authenticated","service":"6308a111-bbb2-4a9f-a421-2b1a3648316b","timestamp":"2024-01-20 06:11:35.118 PM"}
{"id":"12345","level":"info","message":"\tReport f57249d3-9125-4444-9ca0-411d1820ab5f was retrieved by user 6308a111-bbb2-4a9f-a421-2b1a3648316b","service":"6308a111-bbb2-4a9f-a421-2b1a3648316b","timestamp":"2024-01-20 06:11:35.167 PM"}
{"id":"12345","level":"info","message":"\tUser: a4c5182f-7801-4a95-90e8-d2c3c68c5ad6 just got authenticated","service":"6308a111-bbb2-4a9f-a421-2b1a3648316b","timestamp":"2024-01-20 06:12:19.507 PM"}
{"id":"12345","level":"info","message":"\tUser: a4c5182f-7801-4a95-90e8-d2c3c68c5ad6 just got authenticated","service":"6308a111-bbb2-4a9f-a421-2b1a3648316b","timestamp":"2024-01-20 06:12:36.526 PM"}
{"id":"12345","level":"info","message":"\tConnection to redis server successful","service":"engine-service","timestamp":"2024-01-20 06:13:58.488 PM"}
{"id":"12345","level":"info","message":"\tdata connection established successfully","service":"engine-service","timestamp":"2024-01-20 06:13:58.743 PM"}
{"id":"12345","level":"info","message":"\tdatabase Initialized","service":"engine-service","timestamp":"2024-01-20 06:13:58.835 PM"}
{"id":"12345","level":"info","message":"\t[SERVER]: Server is up and running at http://localhost:3000","service":"engine-service","timestamp":"2024-01-20 06:13:58.838 PM"}
{"id":"12345","level":"info","message":"\tConnection to redis server successful","service":"engine-service","timestamp":"2024-01-20 06:14:34.141 PM"}
{"id":"12345","level":"info","message":"\tdata connection established successfully","service":"engine-service","timestamp":"2024-01-20 06:14:34.330 PM"}
{"id":"12345","level":"info","message":"\tdatabase Initialized","service":"engine-service","timestamp":"2024-01-20 06:14:34.429 PM"}
{"id":"12345","level":"info","message":"\t[SERVER]: Server is up and running at http://localhost:3000","service":"engine-service","timestamp":"2024-01-20 06:14:34.432 PM"}
{"id":"12345","level":"info","message":"\tConnection to redis server successful","service":"engine-service","timestamp":"2024-01-20 06:14:41.511 PM"}
{"id":"12345","level":"info","message":"\tdata connection established successfully","service":"engine-service","timestamp":"2024-01-20 06:14:41.653 PM"}
{"id":"12345","level":"info","message":"\tdatabase Initialized","service":"engine-service","timestamp":"2024-01-20 06:14:41.748 PM"}
{"id":"12345","level":"info","message":"\t[SERVER]: Server is up and running at http://localhost:3000","service":"engine-service","timestamp":"2024-01-20 06:14:41.752 PM"}
{"id":"12345","level":"info","message":"\tUser: a4c5182f-7801-4a95-90e8-d2c3c68c5ad6 just got authenticated","service":"6308a111-bbb2-4a9f-a421-2b1a3648316b","timestamp":"2024-01-20 06:14:45.852 PM"}
{"id":"12345","level":"info","message":"\tUser: a4c5182f-7801-4a95-90e8-d2c3c68c5ad6 just got authenticated","service":"6308a111-bbb2-4a9f-a421-2b1a3648316b","timestamp":"2024-01-20 06:14:47.511 PM"}
{"id":"12345","level":"info","message":"\tUser: 37ab5c61-f772-49f2-9620-c7cbd20922bc just got authenticated","service":"6308a111-bbb2-4a9f-a421-2b1a3648316b","timestamp":"2024-01-20 06:15:18.788 PM"}
{"id":"12345","level":"info","message":"\tReport f57249d3-9125-4444-9ca0-411d1820ab5f was retrieved by user 37ab5c61-f772-49f2-9620-c7cbd20922bc","service":"6308a111-bbb2-4a9f-a421-2b1a3648316b","timestamp":"2024-01-20 06:15:18.837 PM"}
{"id":"12345","level":"info","message":"\tConnection to redis server successful","service":"engine-service","timestamp":"2024-01-20 06:15:48.683 PM"}
{"id":"12345","level":"info","message":"\tdata connection established successfully","service":"engine-service","timestamp":"2024-01-20 06:15:48.938 PM"}
{"id":"12345","level":"info","message":"\tdatabase Initialized","service":"engine-service","timestamp":"2024-01-20 06:15:49.083 PM"}
{"id":"12345","level":"info","message":"\t[SERVER]: Server is up and running at http://localhost:3000","service":"engine-service","timestamp":"2024-01-20 06:15:49.087 PM"}
{"id":"12345","level":"info","message":"\tUser: 37ab5c61-f772-49f2-9620-c7cbd20922bc just got authenticated","service":"6308a111-bbb2-4a9f-a421-2b1a3648316b","timestamp":"2024-01-20 06:15:50.821 PM"}
{"id":"12345","level":"info","message":"\tReport f57249d3-9125-4444-9ca0-411d1820ab5f was retrieved by user 37ab5c61-f772-49f2-9620-c7cbd20922bc","service":"6308a111-bbb2-4a9f-a421-2b1a3648316b","timestamp":"2024-01-20 06:15:50.856 PM"}
{"id":"12345","level":"info","message":"\tConnection to redis server successful","service":"engine-service","timestamp":"2024-01-20 06:17:24.049 PM"}
{"id":"12345","level":"info","message":"\tdata connection established successfully","service":"engine-service","timestamp":"2024-01-20 06:17:24.179 PM"}
{"id":"12345","level":"info","message":"\tdatabase Initialized","service":"engine-service","timestamp":"2024-01-20 06:17:24.291 PM"}
{"id":"12345","level":"info","message":"\t[SERVER]: Server is up and running at http://localhost:3000","service":"engine-service","timestamp":"2024-01-20 06:17:24.294 PM"}
{"id":"12345","level":"info","message":"\tUser: 37ab5c61-f772-49f2-9620-c7cbd20922bc just got authenticated","service":"6308a111-bbb2-4a9f-a421-2b1a3648316b","timestamp":"2024-01-20 06:17:28.133 PM"}
{"id":"12345","level":"info","message":"\tReport f57249d3-9125-4444-9ca0-411d1820ab5f was retrieved by user 37ab5c61-f772-49f2-9620-c7cbd20922bc","service":"6308a111-bbb2-4a9f-a421-2b1a3648316b","timestamp":"2024-01-20 06:17:28.172 PM"}
{"id":"12345","level":"info","message":"\tUser: 6308a111-bbb2-4a9f-a421-2b1a3648316b just got authenticated","service":"6308a111-bbb2-4a9f-a421-2b1a3648316b","timestamp":"2024-01-20 06:17:45.578 PM"}
{"id":"12345","level":"info","message":"\tUser: 6308a111-bbb2-4a9f-a421-2b1a3648316b just got authenticated","service":"6308a111-bbb2-4a9f-a421-2b1a3648316b","timestamp":"2024-01-20 06:17:52.912 PM"}
{"id":"12345","level":"info","message":"\tReport f57249d3-9125-4444-9ca0-411d1820ab5f was retrieved by user 6308a111-bbb2-4a9f-a421-2b1a3648316b","service":"6308a111-bbb2-4a9f-a421-2b1a3648316b","timestamp":"2024-01-20 06:17:52.979 PM"}
{"id":"12345","level":"info","message":"\tUser: 6308a111-bbb2-4a9f-a421-2b1a3648316b just got authenticated","service":"6308a111-bbb2-4a9f-a421-2b1a3648316b","timestamp":"2024-01-20 06:17:58.308 PM"}
{"id":"12345","level":"info","message":"\tReport f57249d3-9125-4444-9ca0-411d1820ab5f was retrieved by user 6308a111-bbb2-4a9f-a421-2b1a3648316b","service":"6308a111-bbb2-4a9f-a421-2b1a3648316b","timestamp":"2024-01-20 06:17:58.344 PM"}
{"id":"12345","level":"info","message":"\tUser: a4c5182f-7801-4a95-90e8-d2c3c68c5ad6 just got authenticated","service":"6308a111-bbb2-4a9f-a421-2b1a3648316b","timestamp":"2024-01-20 06:18:12.214 PM"}
{"id":"12345","level":"info","message":"\tConnection to redis server successful","service":"engine-service","timestamp":"2024-01-20 06:19:09.234 PM"}
{"id":"12345","level":"info","message":"\tdata connection established successfully","service":"engine-service","timestamp":"2024-01-20 06:19:09.370 PM"}
{"id":"12345","level":"info","message":"\tdatabase Initialized","service":"engine-service","timestamp":"2024-01-20 06:19:09.511 PM"}
{"id":"12345","level":"info","message":"\t[SERVER]: Server is up and running at http://localhost:3000","service":"engine-service","timestamp":"2024-01-20 06:19:09.515 PM"}
{"id":"12345","level":"info","message":"\tConnection to redis server successful","service":"engine-service","timestamp":"2024-01-20 06:22:38.413 PM"}
{"id":"12345","level":"info","message":"\tdata connection established successfully","service":"engine-service","timestamp":"2024-01-20 06:22:39.385 PM"}
{"id":"12345","level":"info","message":"\tdatabase Initialized","service":"engine-service","timestamp":"2024-01-20 06:22:40.016 PM"}
{"id":"12345","level":"info","message":"\t[SERVER]: Server is up and running at http://localhost:3000","service":"engine-service","timestamp":"2024-01-20 06:22:40.025 PM"}
{"id":"12345","level":"info","message":"\tConnection to redis server successful","service":"engine-service","timestamp":"2024-01-20 06:22:54.892 PM"}
{"id":"12345","level":"info","message":"\tdata connection established successfully","service":"engine-service","timestamp":"2024-01-20 06:22:55.219 PM"}
{"id":"12345","level":"info","message":"\tdatabase Initialized","service":"engine-service","timestamp":"2024-01-20 06:22:55.602 PM"}
{"id":"12345","level":"info","message":"\t[SERVER]: Server is up and running at http://localhost:3000","service":"engine-service","timestamp":"2024-01-20 06:22:55.606 PM"}
{"id":"12345","level":"info","message":"\tConnection to redis server successful","service":"engine-service","timestamp":"2024-01-20 06:23:07.018 PM"}
{"id":"12345","level":"info","message":"\tdata connection established successfully","service":"engine-service","timestamp":"2024-01-20 06:23:07.195 PM"}
{"id":"12345","level":"info","message":"\tdatabase Initialized","service":"engine-service","timestamp":"2024-01-20 06:23:07.355 PM"}
{"id":"12345","level":"info","message":"\t[SERVER]: Server is up and running at http://localhost:3000","service":"engine-service","timestamp":"2024-01-20 06:23:07.358 PM"}
{"id":"12345","level":"info","message":"\tConnection to redis server successful","service":"engine-service","timestamp":"2024-01-20 06:25:19.919 PM"}
{"id":"12345","level":"info","message":"\tdata connection established successfully","service":"engine-service","timestamp":"2024-01-20 06:25:20.287 PM"}
{"id":"12345","level":"info","message":"\tdatabase Initialized","service":"engine-service","timestamp":"2024-01-20 06:25:20.552 PM"}
{"id":"12345","level":"info","message":"\t[SERVER]: Server is up and running at http://localhost:3000","service":"engine-service","timestamp":"2024-01-20 06:25:20.554 PM"}
{"id":"12345","level":"info","message":"\tConnection to redis server successful","service":"engine-service","timestamp":"2024-01-20 06:25:34.409 PM"}
{"id":"12345","level":"info","message":"\tdata connection established successfully","service":"engine-service","timestamp":"2024-01-20 06:25:34.618 PM"}
{"id":"12345","level":"info","message":"\tdatabase Initialized","service":"engine-service","timestamp":"2024-01-20 06:25:34.726 PM"}
{"id":"12345","level":"info","message":"\t[SERVER]: Server is up and running at http://localhost:3000","service":"engine-service","timestamp":"2024-01-20 06:25:34.729 PM"}
{"id":"12345","level":"info","message":"\tUser: a4c5182f-7801-4a95-90e8-d2c3c68c5ad6 just got authenticated","service":"6308a111-bbb2-4a9f-a421-2b1a3648316b","timestamp":"2024-01-20 06:26:00.539 PM"}
{"id":"12345","level":"info","message":"\tUser: 6308a111-bbb2-4a9f-a421-2b1a3648316b accessed the endpoint /user/all as an admin","service":"6308a111-bbb2-4a9f-a421-2b1a3648316b","timestamp":"2024-01-20 06:26:26.047 PM"}
{"id":"12345","level":"info","message":"\tUser: 6308a111-bbb2-4a9f-a421-2b1a3648316b just got authenticated","service":"6308a111-bbb2-4a9f-a421-2b1a3648316b","timestamp":"2024-01-20 06:26:26.091 PM"}
{"id":"12345","level":"info","message":"\tAll users in server 6308a111-bbb2-4a9f-a421-2b1a3648316b retrieved by 6308a111-bbb2-4a9f-a421-2b1a3648316b","service":"6308a111-bbb2-4a9f-a421-2b1a3648316b","timestamp":"2024-01-20 06:26:26.166 PM"}
{"id":"12345","level":"info","message":"\tUser: 6308a111-bbb2-4a9f-a421-2b1a3648316b just got authenticated","service":"6308a111-bbb2-4a9f-a421-2b1a3648316b","timestamp":"2024-01-20 06:26:55.164 PM"}
{"id":"12345","level":"info","message":"\tUser: 37ab5c61-f772-49f2-9620-c7cbd20922bc retrieved by 6308a111-bbb2-4a9f-a421-2b1a3648316b.","service":"6308a111-bbb2-4a9f-a421-2b1a3648316b","timestamp":"2024-01-20 06:26:55.230 PM"}
{"id":"12345","level":"info","message":"\tUser: 6308a111-bbb2-4a9f-a421-2b1a3648316b just got authenticated","service":"6308a111-bbb2-4a9f-a421-2b1a3648316b","timestamp":"2024-01-20 06:28:58.565 PM"}
{"id":"12345","level":"info","message":"\tUser: 37ab5c61-f772-49f2-9620-c7cbd20922bc retrieved by 6308a111-bbb2-4a9f-a421-2b1a3648316b.","service":"6308a111-bbb2-4a9f-a421-2b1a3648316b","timestamp":"2024-01-20 06:28:58.679 PM"}
{"id":"12345","level":"info","message":"\tUser: 6308a111-bbb2-4a9f-a421-2b1a3648316b accessed the endpoint /user/all as an admin","service":"6308a111-bbb2-4a9f-a421-2b1a3648316b","timestamp":"2024-01-20 06:29:56.721 PM"}
{"id":"12345","level":"info","message":"\tUser: 6308a111-bbb2-4a9f-a421-2b1a3648316b just got authenticated","service":"6308a111-bbb2-4a9f-a421-2b1a3648316b","timestamp":"2024-01-20 06:29:56.747 PM"}
{"id":"12345","level":"info","message":"\tAll users in server 6308a111-bbb2-4a9f-a421-2b1a3648316b retrieved by 6308a111-bbb2-4a9f-a421-2b1a3648316b","service":"6308a111-bbb2-4a9f-a421-2b1a3648316b","timestamp":"2024-01-20 06:29:56.817 PM"}
{"id":"12345","level":"info","message":"\tUser: 6308a111-bbb2-4a9f-a421-2b1a3648316b just got authenticated","service":"6308a111-bbb2-4a9f-a421-2b1a3648316b","timestamp":"2024-01-20 06:30:45.631 PM"}
{"id":"12345","level":"info","message":"\tUser: 8e8052ba-d855-4895-945a-4f45ce237b79 retrieved by 6308a111-bbb2-4a9f-a421-2b1a3648316b.","service":"6308a111-bbb2-4a9f-a421-2b1a3648316b","timestamp":"2024-01-20 06:30:45.687 PM"}
{"id":"12345","level":"info","message":"\tUser: 6308a111-bbb2-4a9f-a421-2b1a3648316b just got authenticated","service":"6308a111-bbb2-4a9f-a421-2b1a3648316b","timestamp":"2024-01-20 06:31:41.534 PM"}
{"id":"12345","level":"info","message":"\tAll tasks accessed by 6308a111-bbb2-4a9f-a421-2b1a3648316b","service":"6308a111-bbb2-4a9f-a421-2b1a3648316b","timestamp":"2024-01-20 06:31:41.601 PM"}
{"id":"12345","level":"info","message":"\tUser: 6308a111-bbb2-4a9f-a421-2b1a3648316b just got authenticated","service":"6308a111-bbb2-4a9f-a421-2b1a3648316b","timestamp":"2024-01-20 06:31:49.872 PM"}
{"id":"12345","level":"info","message":"\tUser: 8e8052ba-d855-4895-945a-4f45ce237b79 retrieved by 6308a111-bbb2-4a9f-a421-2b1a3648316b.","service":"6308a111-bbb2-4a9f-a421-2b1a3648316b","timestamp":"2024-01-20 06:31:49.926 PM"}
{"id":"12345","level":"info","message":"\tUser: a4c5182f-7801-4a95-90e8-d2c3c68c5ad6 just got authenticated","service":"6308a111-bbb2-4a9f-a421-2b1a3648316b","timestamp":"2024-01-20 06:31:58.548 PM"}
{"id":"12345","level":"info","message":"\tUser: 5d298057-5818-4461-944f-6531af9f56b9 just got authenticated","service":"5d298057-5818-4461-944f-6531af9f56b9","timestamp":"2024-01-20 06:32:23.995 PM"}
{"id":"12345","level":"info","message":"\tUser: 37ab5c61-f772-49f2-9620-c7cbd20922bc just got authenticated","service":"6308a111-bbb2-4a9f-a421-2b1a3648316b","timestamp":"2024-01-20 06:32:38.874 PM"}
{"id":"12345","level":"info","message":"\tUser: 8e8052ba-d855-4895-945a-4f45ce237b79 retrieved by 37ab5c61-f772-49f2-9620-c7cbd20922bc.","service":"6308a111-bbb2-4a9f-a421-2b1a3648316b","timestamp":"2024-01-20 06:32:38.920 PM"}
{"id":"12345","level":"info","message":"\tUser: 37ab5c61-f772-49f2-9620-c7cbd20922bc just got authenticated","service":"6308a111-bbb2-4a9f-a421-2b1a3648316b","timestamp":"2024-01-20 06:33:12.667 PM"}
{"id":"12345","level":"info","message":"\tAll tasks accessed by 37ab5c61-f772-49f2-9620-c7cbd20922bc","service":"6308a111-bbb2-4a9f-a421-2b1a3648316b","timestamp":"2024-01-20 06:33:12.719 PM"}
{"id":"12345","level":"info","message":"\tUser: 37ab5c61-f772-49f2-9620-c7cbd20922bc just got authenticated","service":"6308a111-bbb2-4a9f-a421-2b1a3648316b","timestamp":"2024-01-20 06:35:45.118 PM"}
{"id":"12345","level":"info","message":"\tAll daily reports accessed by 37ab5c61-f772-49f2-9620-c7cbd20922bc","service":"6308a111-bbb2-4a9f-a421-2b1a3648316b","timestamp":"2024-01-20 06:35:45.181 PM"}
{"id":"12345","level":"info","message":"\tUser: 37ab5c61-f772-49f2-9620-c7cbd20922bc just got authenticated","service":"6308a111-bbb2-4a9f-a421-2b1a3648316b","timestamp":"2024-01-20 06:35:57.242 PM"}
{"id":"12345","level":"info","message":"\tUser: 8e8052ba-d855-4895-945a-4f45ce237b79 retrieved by 37ab5c61-f772-49f2-9620-c7cbd20922bc.","service":"6308a111-bbb2-4a9f-a421-2b1a3648316b","timestamp":"2024-01-20 06:35:57.290 PM"}
{"id":"12345","level":"info","message":"\tUser: a4c5182f-7801-4a95-90e8-d2c3c68c5ad6 just got authenticated","service":"6308a111-bbb2-4a9f-a421-2b1a3648316b","timestamp":"2024-01-20 06:36:48.105 PM"}
{"id":"12345","level":"info","message":"\tUser: a4c5182f-7801-4a95-90e8-d2c3c68c5ad6 just got authenticated","service":"6308a111-bbb2-4a9f-a421-2b1a3648316b","timestamp":"2024-01-20 06:36:56.750 PM"}
{"id":"12345","level":"info","message":"\tUser: 37ab5c61-f772-49f2-9620-c7cbd20922bc just got authenticated","service":"6308a111-bbb2-4a9f-a421-2b1a3648316b","timestamp":"2024-01-20 06:37:10.534 PM"}
{"id":"12345","level":"info","message":"\tAll tasks accessed by 37ab5c61-f772-49f2-9620-c7cbd20922bc","service":"6308a111-bbb2-4a9f-a421-2b1a3648316b","timestamp":"2024-01-20 06:37:10.581 PM"}
{"id":"12345","level":"info","message":"\tUser: 37ab5c61-f772-49f2-9620-c7cbd20922bc just got authenticated","service":"6308a111-bbb2-4a9f-a421-2b1a3648316b","timestamp":"2024-01-20 06:37:40.204 PM"}
{"id":"12345","level":"info","message":"\tTotal number of all tasks accessed by 37ab5c61-f772-49f2-9620-c7cbd20922bc","service":"6308a111-bbb2-4a9f-a421-2b1a3648316b","timestamp":"2024-01-20 06:37:40.577 PM"}
{"id":"12345","level":"info","message":"\tConnection to redis server successful","service":"engine-service","timestamp":"2024-01-20 06:39:17.865 PM"}
{"id":"12345","level":"info","message":"\tdata connection established successfully","service":"engine-service","timestamp":"2024-01-20 06:39:18.102 PM"}
{"id":"12345","level":"info","message":"\tdatabase Initialized","service":"engine-service","timestamp":"2024-01-20 06:39:18.396 PM"}
{"id":"12345","level":"info","message":"\t[SERVER]: Server is up and running at http://localhost:3000","service":"engine-service","timestamp":"2024-01-20 06:39:18.400 PM"}
{"id":"12345","level":"info","message":"\tUser: 37ab5c61-f772-49f2-9620-c7cbd20922bc just got authenticated","service":"6308a111-bbb2-4a9f-a421-2b1a3648316b","timestamp":"2024-01-20 06:40:15.751 PM"}
{"id":"12345","level":"info","message":"\tUser: 8e8052ba-d855-4895-945a-4f45ce237b79 retrieved by 37ab5c61-f772-49f2-9620-c7cbd20922bc.","service":"6308a111-bbb2-4a9f-a421-2b1a3648316b","timestamp":"2024-01-20 06:40:15.825 PM"}
{"id":"12345","level":"info","message":"\tConnection to redis server successful","service":"engine-service","timestamp":"2024-01-20 06:41:29.972 PM"}
{"id":"12345","level":"info","message":"\tdata connection established successfully","service":"engine-service","timestamp":"2024-01-20 06:41:30.136 PM"}
{"id":"12345","level":"info","message":"\tdatabase Initialized","service":"engine-service","timestamp":"2024-01-20 06:41:30.203 PM"}
{"id":"12345","level":"info","message":"\t[SERVER]: Server is up and running at http://localhost:3000","service":"engine-service","timestamp":"2024-01-20 06:41:30.206 PM"}
{"id":"12345","level":"info","message":"\tConnection to redis server successful","service":"engine-service","timestamp":"2024-01-20 06:41:46.888 PM"}
{"id":"12345","level":"info","message":"\tdata connection established successfully","service":"engine-service","timestamp":"2024-01-20 06:41:47.328 PM"}
{"id":"12345","level":"info","message":"\tdatabase Initialized","service":"engine-service","timestamp":"2024-01-20 06:41:47.441 PM"}
{"id":"12345","level":"info","message":"\t[SERVER]: Server is up and running at http://localhost:3000","service":"engine-service","timestamp":"2024-01-20 06:41:47.444 PM"}
{"id":"12345","level":"info","message":"\tConnection to redis server successful","service":"engine-service","timestamp":"2024-01-20 06:42:47.701 PM"}
{"id":"12345","level":"info","message":"\tdata connection established successfully","service":"engine-service","timestamp":"2024-01-20 06:42:47.965 PM"}
{"id":"12345","level":"info","message":"\tdatabase Initialized","service":"engine-service","timestamp":"2024-01-20 06:42:48.127 PM"}
{"id":"12345","level":"info","message":"\t[SERVER]: Server is up and running at http://localhost:3000","service":"engine-service","timestamp":"2024-01-20 06:42:48.130 PM"}
{"id":"12345","level":"info","message":"\tConnection to redis server successful","service":"engine-service","timestamp":"2024-01-20 06:43:11.089 PM"}
{"id":"12345","level":"info","message":"\tdata connection established successfully","service":"engine-service","timestamp":"2024-01-20 06:43:11.332 PM"}
{"id":"12345","level":"info","message":"\tdatabase Initialized","service":"engine-service","timestamp":"2024-01-20 06:43:11.419 PM"}
{"id":"12345","level":"info","message":"\t[SERVER]: Server is up and running at http://localhost:3000","service":"engine-service","timestamp":"2024-01-20 06:43:11.422 PM"}
{"id":"12345","level":"info","message":"\tConnection to redis server successful","service":"engine-service","timestamp":"2024-01-20 06:43:42.335 PM"}
{"id":"12345","level":"info","message":"\tdata connection established successfully","service":"engine-service","timestamp":"2024-01-20 06:43:42.564 PM"}
{"id":"12345","level":"info","message":"\tdatabase Initialized","service":"engine-service","timestamp":"2024-01-20 06:43:42.640 PM"}
{"id":"12345","level":"info","message":"\t[SERVER]: Server is up and running at http://localhost:3000","service":"engine-service","timestamp":"2024-01-20 06:43:42.642 PM"}
{"id":"12345","level":"info","message":"\tConnection to redis server successful","service":"engine-service","timestamp":"2024-01-20 06:44:12.403 PM"}
{"id":"12345","level":"info","message":"\tdata connection established successfully","service":"engine-service","timestamp":"2024-01-20 06:44:12.636 PM"}
{"id":"12345","level":"info","message":"\tdatabase Initialized","service":"engine-service","timestamp":"2024-01-20 06:44:12.747 PM"}
{"id":"12345","level":"info","message":"\t[SERVER]: Server is up and running at http://localhost:3000","service":"engine-service","timestamp":"2024-01-20 06:44:12.750 PM"}
{"id":"12345","level":"info","message":"\tConnection to redis server successful","service":"engine-service","timestamp":"2024-01-20 06:44:26.128 PM"}
{"id":"12345","level":"info","message":"\tdata connection established successfully","service":"engine-service","timestamp":"2024-01-20 06:44:26.383 PM"}
{"id":"12345","level":"info","message":"\tdatabase Initialized","service":"engine-service","timestamp":"2024-01-20 06:44:26.538 PM"}
{"id":"12345","level":"info","message":"\t[SERVER]: Server is up and running at http://localhost:3000","service":"engine-service","timestamp":"2024-01-20 06:44:26.541 PM"}
{"id":"12345","level":"info","message":"\tConnection to redis server successful","service":"engine-service","timestamp":"2024-01-20 06:44:41.274 PM"}
{"id":"12345","level":"info","message":"\tdata connection established successfully","service":"engine-service","timestamp":"2024-01-20 06:44:41.435 PM"}
{"id":"12345","level":"info","message":"\tdatabase Initialized","service":"engine-service","timestamp":"2024-01-20 06:44:41.510 PM"}
{"id":"12345","level":"info","message":"\t[SERVER]: Server is up and running at http://localhost:3000","service":"engine-service","timestamp":"2024-01-20 06:44:41.512 PM"}
{"id":"12345","level":"info","message":"\tConnection to redis server successful","service":"engine-service","timestamp":"2024-01-20 06:47:19.652 PM"}
{"id":"12345","level":"info","message":"\tdata connection established successfully","service":"engine-service","timestamp":"2024-01-20 06:47:19.962 PM"}
{"id":"12345","level":"info","message":"\tdatabase Initialized","service":"engine-service","timestamp":"2024-01-20 06:47:20.060 PM"}
{"id":"12345","level":"info","message":"\t[SERVER]: Server is up and running at http://localhost:3000","service":"engine-service","timestamp":"2024-01-20 06:47:20.063 PM"}
{"id":"12345","level":"info","message":"\tUser: 37ab5c61-f772-49f2-9620-c7cbd20922bc just got authenticated","service":"6308a111-bbb2-4a9f-a421-2b1a3648316b","timestamp":"2024-01-20 06:48:19.641 PM"}
{"id":"12345","level":"info","message":"\tUser: 37ab5c61-f772-49f2-9620-c7cbd20922bc accessed the endpoint /user/all as an admin","service":"6308a111-bbb2-4a9f-a421-2b1a3648316b","timestamp":"2024-01-20 06:48:19.661 PM"}
{"id":"12345","level":"info","message":"\tAll users in server 6308a111-bbb2-4a9f-a421-2b1a3648316b retrieved by 37ab5c61-f772-49f2-9620-c7cbd20922bc","service":"6308a111-bbb2-4a9f-a421-2b1a3648316b","timestamp":"2024-01-20 06:48:19.837 PM"}
{"id":"12345","level":"info","message":"\tConnection to redis server successful","service":"engine-service","timestamp":"2024-01-20 06:51:24.771 PM"}
{"id":"12345","level":"info","message":"\tdata connection established successfully","service":"engine-service","timestamp":"2024-01-20 06:51:24.966 PM"}
{"id":"12345","level":"info","message":"\tdatabase Initialized","service":"engine-service","timestamp":"2024-01-20 06:51:25.091 PM"}
{"id":"12345","level":"info","message":"\t[SERVER]: Server is up and running at http://localhost:3000","service":"engine-service","timestamp":"2024-01-20 06:51:25.094 PM"}
{"id":"12345","level":"info","message":"\tConnection to redis server successful","service":"engine-service","timestamp":"2024-01-20 06:53:38.461 PM"}
{"id":"12345","level":"info","message":"\tdata connection established successfully","service":"engine-service","timestamp":"2024-01-20 06:53:38.922 PM"}
{"id":"12345","level":"info","message":"\tdatabase Initialized","service":"engine-service","timestamp":"2024-01-20 06:53:39.444 PM"}
{"id":"12345","level":"info","message":"\t[SERVER]: Server is up and running at http://localhost:3000","service":"engine-service","timestamp":"2024-01-20 06:53:39.509 PM"}
{"id":"12345","level":"info","message":"\tConnection to redis server successful","service":"engine-service","timestamp":"2024-01-20 06:53:45.308 PM"}
{"id":"12345","level":"info","message":"\tdata connection established successfully","service":"engine-service","timestamp":"2024-01-20 06:53:45.503 PM"}
{"id":"12345","level":"info","message":"\tdatabase Initialized","service":"engine-service","timestamp":"2024-01-20 06:53:45.590 PM"}
{"id":"12345","level":"info","message":"\t[SERVER]: Server is up and running at http://localhost:3000","service":"engine-service","timestamp":"2024-01-20 06:53:45.592 PM"}
{"id":"12345","level":"info","message":"\tUser: 37ab5c61-f772-49f2-9620-c7cbd20922bc just got authenticated","service":"6308a111-bbb2-4a9f-a421-2b1a3648316b","timestamp":"2024-01-20 06:53:54.978 PM"}
{"id":"12345","level":"info","message":"\tUser: 37ab5c61-f772-49f2-9620-c7cbd20922bc accessed the endpoint /user/all as an admin","service":"6308a111-bbb2-4a9f-a421-2b1a3648316b","timestamp":"2024-01-20 06:53:54.991 PM"}
{"id":"12345","level":"info","message":"\tAll users in server 6308a111-bbb2-4a9f-a421-2b1a3648316b retrieved by 37ab5c61-f772-49f2-9620-c7cbd20922bc","service":"6308a111-bbb2-4a9f-a421-2b1a3648316b","timestamp":"2024-01-20 06:53:55.129 PM"}
{"id":"12345","level":"info","message":"\tConnection to redis server successful","service":"engine-service","timestamp":"2024-01-20 06:55:15.774 PM"}
{"id":"12345","level":"info","message":"\tdata connection established successfully","service":"engine-service","timestamp":"2024-01-20 06:55:16.216 PM"}
{"id":"12345","level":"info","message":"\tdatabase Initialized","service":"engine-service","timestamp":"2024-01-20 06:55:16.419 PM"}
{"id":"12345","level":"info","message":"\t[SERVER]: Server is up and running at http://localhost:3000","service":"engine-service","timestamp":"2024-01-20 06:55:16.422 PM"}
{"id":"12345","level":"info","message":"\tConnection to redis server successful","service":"engine-service","timestamp":"2024-01-20 06:55:34.171 PM"}
{"id":"12345","level":"info","message":"\tdata connection established successfully","service":"engine-service","timestamp":"2024-01-20 06:55:34.342 PM"}
{"id":"12345","level":"info","message":"\tdatabase Initialized","service":"engine-service","timestamp":"2024-01-20 06:55:34.441 PM"}
{"id":"12345","level":"info","message":"\t[SERVER]: Server is up and running at http://localhost:3000","service":"engine-service","timestamp":"2024-01-20 06:55:34.443 PM"}
{"id":"12345","level":"info","message":"\tConnection to redis server successful","service":"engine-service","timestamp":"2024-01-20 06:55:41.847 PM"}
{"id":"12345","level":"info","message":"\tdata connection established successfully","service":"engine-service","timestamp":"2024-01-20 06:55:42.063 PM"}
{"id":"12345","level":"info","message":"\tdatabase Initialized","service":"engine-service","timestamp":"2024-01-20 06:55:42.196 PM"}
{"id":"12345","level":"info","message":"\t[SERVER]: Server is up and running at http://localhost:3000","service":"engine-service","timestamp":"2024-01-20 06:55:42.199 PM"}
{"id":"12345","level":"info","message":"\tConnection to redis server successful","service":"engine-service","timestamp":"2024-01-20 06:55:55.465 PM"}
{"id":"12345","level":"info","message":"\tdata connection established successfully","service":"engine-service","timestamp":"2024-01-20 06:55:55.753 PM"}
{"id":"12345","level":"info","message":"\tdatabase Initialized","service":"engine-service","timestamp":"2024-01-20 06:55:55.894 PM"}
{"id":"12345","level":"info","message":"\t[SERVER]: Server is up and running at http://localhost:3000","service":"engine-service","timestamp":"2024-01-20 06:55:55.897 PM"}
{"id":"12345","level":"info","message":"\tConnection to redis server successful","service":"engine-service","timestamp":"2024-01-20 06:56:17.231 PM"}
{"id":"12345","level":"info","message":"\tConnection to redis server successful","service":"engine-service","timestamp":"2024-01-20 06:56:41.706 PM"}
{"id":"12345","level":"info","message":"\tdata connection established successfully","service":"engine-service","timestamp":"2024-01-20 06:56:42.050 PM"}
{"id":"12345","level":"info","message":"\tdatabase Initialized","service":"engine-service","timestamp":"2024-01-20 06:56:42.218 PM"}
{"id":"12345","level":"info","message":"\t[SERVER]: Server is up and running at http://localhost:3000","service":"engine-service","timestamp":"2024-01-20 06:56:42.224 PM"}
{"id":"12345","level":"info","message":"\tConnection to redis server successful","service":"engine-service","timestamp":"2024-01-20 06:57:08.914 PM"}
{"id":"12345","level":"info","message":"\tConnection to redis server successful","service":"engine-service","timestamp":"2024-01-20 06:57:12.600 PM"}
{"id":"12345","level":"info","message":"\tdata connection established successfully","service":"engine-service","timestamp":"2024-01-20 06:57:12.942 PM"}
{"id":"12345","level":"info","message":"\tdatabase Initialized","service":"engine-service","timestamp":"2024-01-20 06:57:13.035 PM"}
{"id":"12345","level":"info","message":"\t[SERVER]: Server is up and running at http://localhost:3000","service":"engine-service","timestamp":"2024-01-20 06:57:13.039 PM"}
{"id":"12345","level":"info","message":"\tConnection to redis server successful","service":"engine-service","timestamp":"2024-01-20 06:57:22.071 PM"}
{"id":"12345","level":"info","message":"\tdata connection established successfully","service":"engine-service","timestamp":"2024-01-20 06:57:22.208 PM"}
{"id":"12345","level":"info","message":"\tdatabase Initialized","service":"engine-service","timestamp":"2024-01-20 06:57:22.366 PM"}
{"id":"12345","level":"info","message":"\t[SERVER]: Server is up and running at http://localhost:3000","service":"engine-service","timestamp":"2024-01-20 06:57:22.369 PM"}
{"id":"12345","level":"info","message":"\tConnection to redis server successful","service":"engine-service","timestamp":"2024-01-20 06:57:39.244 PM"}
{"id":"12345","level":"info","message":"\tdata connection established successfully","service":"engine-service","timestamp":"2024-01-20 06:57:39.392 PM"}
{"id":"12345","level":"info","message":"\tdatabase Initialized","service":"engine-service","timestamp":"2024-01-20 06:57:39.490 PM"}
{"id":"12345","level":"info","message":"\t[SERVER]: Server is up and running at http://localhost:3000","service":"engine-service","timestamp":"2024-01-20 06:57:39.494 PM"}
{"id":"12345","level":"info","message":"\tConnection to redis server successful","service":"engine-service","timestamp":"2024-01-20 06:57:47.483 PM"}
{"id":"12345","level":"info","message":"\tdata connection established successfully","service":"engine-service","timestamp":"2024-01-20 06:57:47.770 PM"}
{"id":"12345","level":"info","message":"\tdatabase Initialized","service":"engine-service","timestamp":"2024-01-20 06:57:48.104 PM"}
{"id":"12345","level":"info","message":"\t[SERVER]: Server is up and running at http://localhost:3000","service":"engine-service","timestamp":"2024-01-20 06:57:48.108 PM"}
{"id":"12345","level":"info","message":"\tConnection to redis server successful","service":"engine-service","timestamp":"2024-01-20 06:57:53.994 PM"}
{"id":"12345","level":"info","message":"\tdata connection established successfully","service":"engine-service","timestamp":"2024-01-20 06:57:54.213 PM"}
{"id":"12345","level":"info","message":"\tdatabase Initialized","service":"engine-service","timestamp":"2024-01-20 06:57:54.285 PM"}
{"id":"12345","level":"info","message":"\t[SERVER]: Server is up and running at http://localhost:3000","service":"engine-service","timestamp":"2024-01-20 06:57:54.287 PM"}
{"id":"12345","level":"info","message":"\tConnection to redis server successful","service":"engine-service","timestamp":"2024-01-20 06:58:23.282 PM"}
{"id":"12345","level":"info","message":"\tdata connection established successfully","service":"engine-service","timestamp":"2024-01-20 06:58:23.476 PM"}
{"id":"12345","level":"info","message":"\tdatabase Initialized","service":"engine-service","timestamp":"2024-01-20 06:58:23.625 PM"}
{"id":"12345","level":"info","message":"\t[SERVER]: Server is up and running at http://localhost:3000","service":"engine-service","timestamp":"2024-01-20 06:58:23.628 PM"}
{"id":"12345","level":"info","message":"\tConnection to redis server successful","service":"engine-service","timestamp":"2024-01-20 06:59:01.207 PM"}
{"id":"12345","level":"info","message":"\tdata connection established successfully","service":"engine-service","timestamp":"2024-01-20 06:59:01.409 PM"}
{"id":"12345","level":"info","message":"\tdatabase Initialized","service":"engine-service","timestamp":"2024-01-20 06:59:01.510 PM"}
{"id":"12345","level":"info","message":"\t[SERVER]: Server is up and running at http://localhost:3000","service":"engine-service","timestamp":"2024-01-20 06:59:01.526 PM"}
{"id":"12345","level":"info","message":"\tConnection to redis server successful","service":"engine-service","timestamp":"2024-01-20 06:59:39.296 PM"}
{"id":"12345","level":"info","message":"\tdata connection established successfully","service":"engine-service","timestamp":"2024-01-20 06:59:39.418 PM"}
{"id":"12345","level":"info","message":"\tdatabase Initialized","service":"engine-service","timestamp":"2024-01-20 06:59:39.528 PM"}
{"id":"12345","level":"info","message":"\t[SERVER]: Server is up and running at http://localhost:3000","service":"engine-service","timestamp":"2024-01-20 06:59:39.530 PM"}
{"id":"12345","level":"info","message":"\tUser: 37ab5c61-f772-49f2-9620-c7cbd20922bc just got authenticated","service":"6308a111-bbb2-4a9f-a421-2b1a3648316b","timestamp":"2024-01-20 06:59:51.019 PM"}
{"id":"12345","level":"info","message":"\tUser: 37ab5c61-f772-49f2-9620-c7cbd20922bc accessed the endpoint /user/all as an admin","service":"6308a111-bbb2-4a9f-a421-2b1a3648316b","timestamp":"2024-01-20 06:59:51.035 PM"}
{"id":"12345","level":"info","message":"\tAll users in server 6308a111-bbb2-4a9f-a421-2b1a3648316b retrieved by 37ab5c61-f772-49f2-9620-c7cbd20922bc","service":"6308a111-bbb2-4a9f-a421-2b1a3648316b","timestamp":"2024-01-20 06:59:51.102 PM"}
