{"id":"12345","level":"http","message":"\t{\"method\":\"GET\",\"url\":\"/user/8da27594-1e9b-4983-a709-10d51b58caf4\",\"status\":401,\"content_length\":\"49\",\"response_time\":217.848}","timestamp":"2024-01-19 07:31:30.648 PM"}
{"id":"12345","level":"http","message":"\t{\"method\":\"POST\",\"url\":\"/user/login\",\"status\":200,\"content_length\":\"831\",\"response_time\":286.315}","timestamp":"2024-01-19 07:31:47.787 PM"}
{"id":"12345","level":"http","message":"\t{\"method\":\"GET\",\"url\":\"/user/8da27594-1e9b-4983-a709-10d51b58caf4\",\"status\":401,\"content_length\":\"49\",\"response_time\":2.276}","timestamp":"2024-01-19 07:32:04.928 PM"}
{"id":"12345","level":"http","message":"\t{\"method\":\"GET\",\"url\":\"/user/8da27594-1e9b-4983-a709-10d51b58caf4\",\"status\":401,\"content_length\":\"49\",\"response_time\":2.082}","timestamp":"2024-01-19 07:32:10.806 PM"}
{"id":"12345","level":"http","message":"\t{\"method\":\"POST\",\"url\":\"/user/login\",\"status\":200,\"content_length\":\"831\",\"response_time\":71.637}","timestamp":"2024-01-19 07:32:19.925 PM"}
{"id":"12345","level":"http","message":"\t{\"method\":\"GET\",\"url\":\"/user/8da27594-1e9b-4983-a709-10d51b58caf4\",\"status\":401,\"content_length\":\"49\",\"response_time\":1.889}","timestamp":"2024-01-19 07:32:40.949 PM"}
{"id":"12345","level":"http","message":"\t{\"method\":\"GET\",\"url\":\"/user/8da27594-1e9b-4983-a709-10d51b58caf4\",\"status\":401,\"content_length\":\"49\",\"response_time\":3.647}","timestamp":"2024-01-19 07:32:46.465 PM"}
{"id":"12345","level":"http","message":"\t{\"method\":\"GET\",\"url\":\"/logout\",\"status\":401,\"content_length\":\"49\",\"response_time\":3.16}","timestamp":"2024-01-19 07:33:04.264 PM"}
{"id":"12345","level":"http","message":"\t{\"method\":\"POST\",\"url\":\"/user/login\",\"status\":400,\"content_length\":\"75\",\"response_time\":73.059}","timestamp":"2024-01-19 07:33:20.695 PM"}
{"id":"12345","level":"http","message":"\t{\"method\":\"POST\",\"url\":\"/user/login\",\"status\":200,\"content_length\":\"831\",\"response_time\":107.369}","timestamp":"2024-01-19 07:33:26.533 PM"}
{"id":"12345","level":"http","message":"\t{\"method\":\"POST\",\"url\":\"/superuser/login\",\"status\":200,\"content_length\":\"351\",\"response_time\":63.015}","timestamp":"2024-01-19 07:33:44.900 PM"}
{"id":"12345","level":"http","message":"\t{\"method\":\"GET\",\"url\":\"/user/8da27594-1e9b-4983-a709-10d51b58caf4\",\"status\":401,\"content_length\":\"49\",\"response_time\":3.405}","timestamp":"2024-01-19 07:33:48.115 PM"}
{"id":"12345","level":"http","message":"\t{\"method\":\"GET\",\"url\":\"/user/8da27594-1e9b-4983-a709-10d51b58caf4\",\"status\":401,\"content_length\":\"49\",\"response_time\":1.672}","timestamp":"2024-01-19 07:33:51.834 PM"}
{"id":"12345","level":"http","message":"\t{\"method\":\"GET\",\"url\":\"/logout\",\"status\":401,\"content_length\":\"49\",\"response_time\":3.847}","timestamp":"2024-01-19 07:34:06.177 PM"}
{"id":"12345","level":"http","message":"\t{\"method\":\"POST\",\"url\":\"/user/login\",\"status\":200,\"content_length\":\"831\",\"response_time\":129.906}","timestamp":"2024-01-19 07:34:14.506 PM"}
{"id":"12345","level":"http","message":"\t{\"method\":\"GET\",\"url\":\"/logs/all\",\"status\":200,\"content_length\":\"1300563\",\"response_time\":409.388}","timestamp":"2024-01-19 07:34:19.783 PM"}
{"id":"12345","level":"http","message":"\t{\"method\":\"GET\",\"url\":\"/user/8da27594-1e9b-4983-a709-10d51b58caf4\",\"status\":401,\"content_length\":\"49\",\"response_time\":2.666}","timestamp":"2024-01-19 07:35:02.978 PM"}
{"id":"12345","level":"http","message":"\t{\"method\":\"GET\",\"url\":\"/logs/all\",\"status\":200,\"content_length\":\"1302674\",\"response_time\":275.299}","timestamp":"2024-01-19 07:35:09.880 PM"}
{"id":"12345","level":"http","message":"\t{\"method\":\"POST\",\"url\":\"/user/login\",\"status\":200,\"content_length\":\"831\",\"response_time\":100.37}","timestamp":"2024-01-19 07:36:02.588 PM"}
{"id":"12345","level":"http","message":"\t{\"method\":\"GET\",\"url\":\"/report/f57249d3-9125-4444-9ca0-411d1820ab5f\",\"status\":401,\"content_length\":\"49\",\"response_time\":2.465}","timestamp":"2024-01-19 07:36:26.023 PM"}
{"id":"12345","level":"http","message":"\t{\"method\":\"GET\",\"url\":\"/report/f57249d3-9125-4444-9ca0-411d1820ab5f\",\"status\":401,\"content_length\":\"49\",\"response_time\":1.88}","timestamp":"2024-01-19 07:36:29.452 PM"}
