{"id":"12345","level":"info","message":"\tConnection to redis server successful","service":"engine-service","timestamp":"2024-01-20 10:02:25.638 PM"}
{"id":"12345","level":"info","message":"\tdata connection established successfully","service":"engine-service","timestamp":"2024-01-20 10:02:25.887 PM"}
{"id":"12345","level":"info","message":"\tdatabase Initialized","service":"engine-service","timestamp":"2024-01-20 10:02:25.986 PM"}
{"id":"12345","level":"info","message":"\t[SERVER]: Server is up and running at http://localhost:3000","service":"engine-service","timestamp":"2024-01-20 10:02:25.990 PM"}
{"id":"12345","level":"info","message":"\tConnection to redis server successful","service":"engine-service","timestamp":"2024-01-20 10:02:46.468 PM"}
{"id":"12345","level":"info","message":"\tdata connection established successfully","service":"engine-service","timestamp":"2024-01-20 10:02:46.668 PM"}
{"id":"12345","level":"info","message":"\tdatabase Initialized","service":"engine-service","timestamp":"2024-01-20 10:02:46.782 PM"}
{"id":"12345","level":"info","message":"\t[SERVER]: Server is up and running at http://localhost:3000","service":"engine-service","timestamp":"2024-01-20 10:02:46.784 PM"}
{"id":"12345","level":"info","message":"\tConnection to redis server successful","service":"engine-service","timestamp":"2024-01-20 10:05:42.702 PM"}
{"id":"12345","level":"info","message":"\tdata connection established successfully","service":"engine-service","timestamp":"2024-01-20 10:05:43.131 PM"}
{"id":"12345","level":"info","message":"\tdatabase Initialized","service":"engine-service","timestamp":"2024-01-20 10:05:43.508 PM"}
{"id":"12345","level":"info","message":"\t[SERVER]: Server is up and running at http://localhost:3000","service":"engine-service","timestamp":"2024-01-20 10:05:43.515 PM"}
{"id":"12345","level":"info","message":"\tConnection to redis server successful","service":"engine-service","timestamp":"2024-01-20 10:05:58.631 PM"}
{"id":"12345","level":"info","message":"\tdata connection established successfully","service":"engine-service","timestamp":"2024-01-20 10:05:58.773 PM"}
{"id":"12345","level":"info","message":"\tdatabase Initialized","service":"engine-service","timestamp":"2024-01-20 10:05:58.880 PM"}
{"id":"12345","level":"info","message":"\t[SERVER]: Server is up and running at http://localhost:3000","service":"engine-service","timestamp":"2024-01-20 10:05:58.883 PM"}
{"id":"12345","level":"alert","message":"\tUser: 6308a111-bbb2-4a9f-a421-2b1a3648316b just logged in.","service":"superuser-service","timestamp":"2024-01-20 10:10:08.603 PM"}
{"id":"12345","level":"http","message":"\t{\"method\":\"POST\",\"url\":\"/superuser/login\",\"status\":200,\"content_length\":\"3727\",\"response_time\":231.51}","timestamp":"2024-01-20 10:10:08.623 PM"}
{"id":"12345","level":"alert","message":"\tsession token created for user: 6308a111-bbb2-4a9f-a421-2b1a3648316b","service":"6308a111-bbb2-4a9f-a421-2b1a3648316b","timestamp":"2024-01-20 10:10:08.629 PM"}
{"id":"12345","level":"info","message":"\tUser: 6308a111-bbb2-4a9f-a421-2b1a3648316b accessed the endpoint /user/all as an admin","service":"6308a111-bbb2-4a9f-a421-2b1a3648316b","timestamp":"2024-01-20 10:10:15.401 PM"}
{"id":"12345","level":"info","message":"\tUser: 6308a111-bbb2-4a9f-a421-2b1a3648316b just got authenticated","service":"6308a111-bbb2-4a9f-a421-2b1a3648316b","timestamp":"2024-01-20 10:10:15.417 PM"}
{"id":"12345","level":"info","message":"\tAll users in server 6308a111-bbb2-4a9f-a421-2b1a3648316b retrieved by 6308a111-bbb2-4a9f-a421-2b1a3648316b","service":"6308a111-bbb2-4a9f-a421-2b1a3648316b","timestamp":"2024-01-20 10:10:15.618 PM"}
{"id":"12345","level":"http","message":"\t{\"method\":\"GET\",\"url\":\"/user/all\",\"status\":200,\"content_length\":\"6206\",\"response_time\":275.998}","timestamp":"2024-01-20 10:10:15.624 PM"}
{"id":"12345","level":"info","message":"\tUser: 6308a111-bbb2-4a9f-a421-2b1a3648316b just got authenticated","service":"6308a111-bbb2-4a9f-a421-2b1a3648316b","timestamp":"2024-01-20 10:10:48.221 PM"}
{"id":"12345","level":"info","message":"\tUser: 8e8052ba-d855-4895-945a-4f45ce237b79 retrieved by 6308a111-bbb2-4a9f-a421-2b1a3648316b.","service":"6308a111-bbb2-4a9f-a421-2b1a3648316b","timestamp":"2024-01-20 10:10:48.348 PM"}
{"id":"12345","level":"http","message":"\t{\"method\":\"GET\",\"url\":\"/user/8e8052ba-d855-4895-945a-4f45ce237b79\",\"status\":200,\"content_length\":\"2467\",\"response_time\":186.004}","timestamp":"2024-01-20 10:10:48.356 PM"}
{"id":"12345","level":"info","message":"\tConnection to redis server successful","service":"engine-service","timestamp":"2024-01-20 10:11:35.801 PM"}
{"id":"12345","level":"info","message":"\tdata connection established successfully","service":"engine-service","timestamp":"2024-01-20 10:11:36.018 PM"}
{"id":"12345","level":"info","message":"\tdatabase Initialized","service":"engine-service","timestamp":"2024-01-20 10:11:36.158 PM"}
{"id":"12345","level":"info","message":"\t[SERVER]: Server is up and running at http://localhost:3000","service":"engine-service","timestamp":"2024-01-20 10:11:36.165 PM"}
{"id":"12345","level":"info","message":"\tConnection to redis server successful","service":"engine-service","timestamp":"2024-01-20 10:11:47.315 PM"}
{"id":"12345","level":"info","message":"\tConnection to redis server successful","service":"engine-service","timestamp":"2024-01-20 10:12:03.592 PM"}
{"id":"12345","level":"info","message":"\tdata connection established successfully","service":"engine-service","timestamp":"2024-01-20 10:12:03.820 PM"}
{"id":"12345","level":"info","message":"\tdatabase Initialized","service":"engine-service","timestamp":"2024-01-20 10:12:04.028 PM"}
{"id":"12345","level":"info","message":"\t[SERVER]: Server is up and running at http://localhost:3000","service":"engine-service","timestamp":"2024-01-20 10:12:04.031 PM"}
{"id":"12345","level":"info","message":"\tConnection to redis server successful","service":"engine-service","timestamp":"2024-01-20 10:13:29.782 PM"}
{"id":"12345","level":"info","message":"\tdata connection established successfully","service":"engine-service","timestamp":"2024-01-20 10:13:30.020 PM"}
{"id":"12345","level":"info","message":"\tdatabase Initialized","service":"engine-service","timestamp":"2024-01-20 10:13:30.200 PM"}
{"id":"12345","level":"info","message":"\t[SERVER]: Server is up and running at http://localhost:3000","service":"engine-service","timestamp":"2024-01-20 10:13:30.203 PM"}
{"id":"12345","level":"info","message":"\tConnection to redis server successful","service":"engine-service","timestamp":"2024-01-20 10:14:01.470 PM"}
{"id":"12345","level":"info","message":"\tdata connection established successfully","service":"engine-service","timestamp":"2024-01-20 10:14:01.965 PM"}
{"id":"12345","level":"info","message":"\tdatabase Initialized","service":"engine-service","timestamp":"2024-01-20 10:14:02.167 PM"}
{"id":"12345","level":"info","message":"\t[SERVER]: Server is up and running at http://localhost:3000","service":"engine-service","timestamp":"2024-01-20 10:14:02.170 PM"}
{"id":"12345","level":"info","message":"\tConnection to redis server successful","service":"engine-service","timestamp":"2024-01-20 10:14:10.479 PM"}
{"id":"12345","level":"info","message":"\tdata connection established successfully","service":"engine-service","timestamp":"2024-01-20 10:14:10.691 PM"}
{"id":"12345","level":"info","message":"\tdatabase Initialized","service":"engine-service","timestamp":"2024-01-20 10:14:10.839 PM"}
{"id":"12345","level":"info","message":"\t[SERVER]: Server is up and running at http://localhost:3000","service":"engine-service","timestamp":"2024-01-20 10:14:10.843 PM"}
{"id":"12345","level":"info","message":"\tConnection to redis server successful","service":"engine-service","timestamp":"2024-01-20 10:14:23.578 PM"}
{"id":"12345","level":"info","message":"\tdata connection established successfully","service":"engine-service","timestamp":"2024-01-20 10:14:23.789 PM"}
{"id":"12345","level":"info","message":"\tdatabase Initialized","service":"engine-service","timestamp":"2024-01-20 10:14:23.986 PM"}
{"id":"12345","level":"info","message":"\t[SERVER]: Server is up and running at http://localhost:3000","service":"engine-service","timestamp":"2024-01-20 10:14:23.990 PM"}
{"id":"12345","level":"info","message":"\tConnection to redis server successful","service":"engine-service","timestamp":"2024-01-20 10:14:57.176 PM"}
{"id":"12345","level":"info","message":"\tdata connection established successfully","service":"engine-service","timestamp":"2024-01-20 10:14:57.470 PM"}
{"id":"12345","level":"info","message":"\tdatabase Initialized","service":"engine-service","timestamp":"2024-01-20 10:14:57.577 PM"}
{"id":"12345","level":"info","message":"\t[SERVER]: Server is up and running at http://localhost:3000","service":"engine-service","timestamp":"2024-01-20 10:14:57.580 PM"}
{"id":"12345","level":"http","message":"\t{\"method\":\"POST\",\"url\":\"/user/signup\",\"status\":500,\"content_length\":\"59\",\"response_time\":261.524}","timestamp":"2024-01-20 10:15:58.077 PM"}
{"id":"12345","level":"info","message":"\tUser: 6308a111-bbb2-4a9f-a421-2b1a3648316b accessed the endpoint /superuser/6308a111-bbb2-4a9f-a421-2b1a3648316b/departments as an admin","service":"6308a111-bbb2-4a9f-a421-2b1a3648316b","timestamp":"2024-01-20 10:16:55.336 PM"}
{"id":"12345","level":"info","message":"\tUser: 6308a111-bbb2-4a9f-a421-2b1a3648316b just got authenticated","service":"6308a111-bbb2-4a9f-a421-2b1a3648316b","timestamp":"2024-01-20 10:16:55.349 PM"}
{"id":"12345","level":"info","message":"\tAll departments in server 6308a111-bbb2-4a9f-a421-2b1a3648316b retrieved by user 6308a111-bbb2-4a9f-a421-2b1a3648316b","service":"6308a111-bbb2-4a9f-a421-2b1a3648316b","timestamp":"2024-01-20 10:16:55.407 PM"}
{"id":"12345","level":"http","message":"\t{\"method\":\"GET\",\"url\":\"/superuser/6308a111-bbb2-4a9f-a421-2b1a3648316b/departments\",\"status\":200,\"content_length\":\"237\",\"response_time\":145.42}","timestamp":"2024-01-20 10:16:55.411 PM"}
{"id":"12345","level":"http","message":"\t{\"method\":\"GET\",\"url\":\"/logout\",\"status\":200,\"content_length\":\"60\",\"response_time\":19.254}","timestamp":"2024-01-20 10:17:17.653 PM"}
{"id":"12345","level":"info","message":"\tUser: 6308a111-bbb2-4a9f-a421-2b1a3648316b just got authenticated","service":"6308a111-bbb2-4a9f-a421-2b1a3648316b","timestamp":"2024-01-20 10:17:17.711 PM"}
{"id":"12345","level":"alert","message":"\tuser: 6308a111-bbb2-4a9f-a421-2b1a3648316b just logged out","service":"6308a111-bbb2-4a9f-a421-2b1a3648316b","timestamp":"2024-01-20 10:17:17.717 PM"}
{"id":"12345","level":"http","message":"\t{\"method\":\"POST\",\"url\":\"/user/signup\",\"status\":500,\"content_length\":\"59\",\"response_time\":63.906}","timestamp":"2024-01-20 10:17:21.723 PM"}
{"id":"12345","level":"http","message":"\t{\"method\":\"POST\",\"url\":\"/user/signup\",\"status\":500,\"content_length\":\"59\",\"response_time\":76.752}","timestamp":"2024-01-20 10:18:21.400 PM"}
{"id":"12345","level":"http","message":"\t{\"method\":\"GET\",\"url\":\"/logs/all\",\"status\":200,\"content_length\":\"2154449\",\"response_time\":531.031}","timestamp":"2024-01-20 10:18:37.218 PM"}
{"id":"12345","level":"http","message":"\t{\"method\":\"POST\",\"url\":\"/user/signup\",\"status\":500,\"content_length\":\"59\",\"response_time\":56.231}","timestamp":"2024-01-20 10:19:02.855 PM"}
{"id":"12345","level":"http","message":"\t{\"method\":\"GET\",\"url\":\"/logs/all\",\"status\":200,\"content_length\":\"2154985\",\"response_time\":371.511}","timestamp":"2024-01-20 10:19:11.252 PM"}
{"id":"12345","level":"info","message":"\tConnection to redis server successful","service":"engine-service","timestamp":"2024-01-20 10:22:18.885 PM"}
{"id":"12345","level":"info","message":"\tdata connection established successfully","service":"engine-service","timestamp":"2024-01-20 10:22:19.024 PM"}
{"id":"12345","level":"info","message":"\tdatabase Initialized","service":"engine-service","timestamp":"2024-01-20 10:22:19.095 PM"}
{"id":"12345","level":"info","message":"\t[SERVER]: Server is up and running at http://localhost:3000","service":"engine-service","timestamp":"2024-01-20 10:22:19.098 PM"}
{"id":"12345","level":"alert","message":"\tUser 3accbab3-51e2-41d4-a33e-1f41b2b5c452 has just been created","service":"6308a111-bbb2-4a9f-a421-2b1a3648316b","timestamp":"2024-01-20 10:22:24.079 PM"}
{"id":"12345","level":"http","message":"\t{\"method\":\"POST\",\"url\":\"/user/signup\",\"status\":201,\"content_length\":\"515\",\"response_time\":547.005}","timestamp":"2024-01-20 10:22:24.093 PM"}
{"id":"12345","level":"alert","message":"\tsession token created for user: 3accbab3-51e2-41d4-a33e-1f41b2b5c452","service":"6308a111-bbb2-4a9f-a421-2b1a3648316b","timestamp":"2024-01-20 10:22:24.103 PM"}
{"id":"12345","level":"info","message":"\tConnection to redis server successful","service":"engine-service","timestamp":"2024-01-20 10:22:58.129 PM"}
{"id":"12345","level":"info","message":"\tdata connection established successfully","service":"engine-service","timestamp":"2024-01-20 10:22:58.269 PM"}
{"id":"12345","level":"info","message":"\tdatabase Initialized","service":"engine-service","timestamp":"2024-01-20 10:22:58.335 PM"}
{"id":"12345","level":"info","message":"\t[SERVER]: Server is up and running at http://localhost:3000","service":"engine-service","timestamp":"2024-01-20 10:22:58.337 PM"}
{"id":"12345","level":"info","message":"\tConnection to redis server successful","service":"engine-service","timestamp":"2024-01-20 10:23:07.476 PM"}
{"id":"12345","level":"info","message":"\tdata connection established successfully","service":"engine-service","timestamp":"2024-01-20 10:23:07.594 PM"}
{"id":"12345","level":"info","message":"\tdatabase Initialized","service":"engine-service","timestamp":"2024-01-20 10:23:07.667 PM"}
{"id":"12345","level":"info","message":"\t[SERVER]: Server is up and running at http://localhost:3000","service":"engine-service","timestamp":"2024-01-20 10:23:07.669 PM"}
{"id":"12345","level":"alert","message":"\tUser b1b2a8f6-6d0f-4b24-ae4d-a6e40c73b9ff has just been created","service":"6308a111-bbb2-4a9f-a421-2b1a3648316b","timestamp":"2024-01-20 10:23:28.101 PM"}
{"id":"12345","level":"alert","message":"\tsession token created for user: b1b2a8f6-6d0f-4b24-ae4d-a6e40c73b9ff","service":"6308a111-bbb2-4a9f-a421-2b1a3648316b","timestamp":"2024-01-20 10:23:28.123 PM"}
{"id":"12345","level":"http","message":"\t{\"method\":\"POST\",\"url\":\"/user/signup\",\"status\":201,\"content_length\":\"517\",\"response_time\":336.135}","timestamp":"2024-01-20 10:23:28.128 PM"}
{"id":"12345","level":"info","message":"\tConnection to redis server successful","service":"engine-service","timestamp":"2024-01-20 10:24:43.264 PM"}
{"id":"12345","level":"info","message":"\tdata connection established successfully","service":"engine-service","timestamp":"2024-01-20 10:24:43.416 PM"}
{"id":"12345","level":"info","message":"\tdatabase Initialized","service":"engine-service","timestamp":"2024-01-20 10:24:43.485 PM"}
{"id":"12345","level":"info","message":"\t[SERVER]: Server is up and running at http://localhost:3000","service":"engine-service","timestamp":"2024-01-20 10:24:43.487 PM"}
{"id":"12345","level":"info","message":"\tConnection to redis server successful","service":"engine-service","timestamp":"2024-01-20 10:24:51.915 PM"}
{"id":"12345","level":"info","message":"\tdata connection established successfully","service":"engine-service","timestamp":"2024-01-20 10:24:52.299 PM"}
{"id":"12345","level":"info","message":"\tConnection to redis server successful","service":"engine-service","timestamp":"2024-01-20 10:24:56.071 PM"}
{"id":"12345","level":"info","message":"\tdata connection established successfully","service":"engine-service","timestamp":"2024-01-20 10:24:56.244 PM"}
{"id":"12345","level":"info","message":"\tdatabase Initialized","service":"engine-service","timestamp":"2024-01-20 10:24:56.343 PM"}
{"id":"12345","level":"info","message":"\t[SERVER]: Server is up and running at http://localhost:3000","service":"engine-service","timestamp":"2024-01-20 10:24:56.346 PM"}
{"id":"12345","level":"alert","message":"\tUser b66457ce-ad2a-41f4-bc9e-389436fd9410 has just been created","service":"6308a111-bbb2-4a9f-a421-2b1a3648316b","timestamp":"2024-01-20 10:25:04.000 PM"}
{"id":"12345","level":"http","message":"\t{\"method\":\"POST\",\"url\":\"/user/signup\",\"status\":201,\"content_length\":\"491\",\"response_time\":285.827}","timestamp":"2024-01-20 10:25:04.013 PM"}
{"id":"12345","level":"alert","message":"\tsession token created for user: b66457ce-ad2a-41f4-bc9e-389436fd9410","service":"6308a111-bbb2-4a9f-a421-2b1a3648316b","timestamp":"2024-01-20 10:25:04.023 PM"}
{"id":"12345","level":"info","message":"\tConnection to redis server successful","service":"engine-service","timestamp":"2024-01-20 10:25:31.753 PM"}
{"id":"12345","level":"info","message":"\tdata connection established successfully","service":"engine-service","timestamp":"2024-01-20 10:25:31.934 PM"}
{"id":"12345","level":"info","message":"\tdatabase Initialized","service":"engine-service","timestamp":"2024-01-20 10:25:32.013 PM"}
{"id":"12345","level":"info","message":"\t[SERVER]: Server is up and running at http://localhost:3000","service":"engine-service","timestamp":"2024-01-20 10:25:32.017 PM"}
{"id":"12345","level":"info","message":"\tConnection to redis server successful","service":"engine-service","timestamp":"2024-01-20 10:25:38.658 PM"}
{"id":"12345","level":"info","message":"\tdata connection established successfully","service":"engine-service","timestamp":"2024-01-20 10:25:38.791 PM"}
{"id":"12345","level":"info","message":"\tdatabase Initialized","service":"engine-service","timestamp":"2024-01-20 10:25:38.898 PM"}
{"id":"12345","level":"info","message":"\t[SERVER]: Server is up and running at http://localhost:3000","service":"engine-service","timestamp":"2024-01-20 10:25:38.900 PM"}
{"id":"12345","level":"alert","message":"\tUser e254f865-97a9-43da-a567-e8bb45d4d237 has just been created","service":"6308a111-bbb2-4a9f-a421-2b1a3648316b","timestamp":"2024-01-20 10:25:55.436 PM"}
{"id":"12345","level":"alert","message":"\tsession token created for user: e254f865-97a9-43da-a567-e8bb45d4d237","service":"6308a111-bbb2-4a9f-a421-2b1a3648316b","timestamp":"2024-01-20 10:25:55.453 PM"}
{"id":"12345","level":"http","message":"\t{\"method\":\"POST\",\"url\":\"/user/signup\",\"status\":201,\"content_length\":\"493\",\"response_time\":337.235}","timestamp":"2024-01-20 10:25:55.457 PM"}
{"id":"12345","level":"info","message":"\tConnection to redis server successful","service":"engine-service","timestamp":"2024-01-20 10:29:12.354 PM"}
{"id":"12345","level":"info","message":"\tdata connection established successfully","service":"engine-service","timestamp":"2024-01-20 10:29:12.522 PM"}
{"id":"12345","level":"info","message":"\tdatabase Initialized","service":"engine-service","timestamp":"2024-01-20 10:29:12.666 PM"}
{"id":"12345","level":"info","message":"\t[SERVER]: Server is up and running at http://localhost:3000","service":"engine-service","timestamp":"2024-01-20 10:29:12.700 PM"}
{"id":"12345","level":"info","message":"\tConnection to redis server successful","service":"engine-service","timestamp":"2024-01-20 10:29:52.259 PM"}
{"id":"12345","level":"info","message":"\tdata connection established successfully","service":"engine-service","timestamp":"2024-01-20 10:29:52.433 PM"}
{"id":"12345","level":"info","message":"\tdatabase Initialized","service":"engine-service","timestamp":"2024-01-20 10:29:52.515 PM"}
{"id":"12345","level":"info","message":"\t[SERVER]: Server is up and running at http://localhost:3000","service":"engine-service","timestamp":"2024-01-20 10:29:52.518 PM"}
{"id":"12345","level":"info","message":"\tConnection to redis server successful","service":"engine-service","timestamp":"2024-01-20 10:30:11.807 PM"}
{"id":"12345","level":"info","message":"\tdata connection established successfully","service":"engine-service","timestamp":"2024-01-20 10:30:12.137 PM"}
{"id":"12345","level":"info","message":"\tdatabase Initialized","service":"engine-service","timestamp":"2024-01-20 10:30:12.236 PM"}
{"id":"12345","level":"info","message":"\t[SERVER]: Server is up and running at http://localhost:3000","service":"engine-service","timestamp":"2024-01-20 10:30:12.243 PM"}
{"id":"12345","level":"info","message":"\tUser: e254f865-97a9-43da-a567-e8bb45d4d237 just got authenticated","service":"6308a111-bbb2-4a9f-a421-2b1a3648316b","timestamp":"2024-01-20 10:31:01.758 PM"}
{"id":"12345","level":"warn","message":"\tUser: e254f865-97a9-43da-a567-e8bb45d4d237 tried to access the endpoint /superuser/6308a111-bbb2-4a9f-a421-2b1a3648316b/users","service":"6308a111-bbb2-4a9f-a421-2b1a3648316b","timestamp":"2024-01-20 10:31:01.776 PM"}
{"id":"12345","level":"http","message":"\t{\"method\":\"GET\",\"url\":\"/superuser/6308a111-bbb2-4a9f-a421-2b1a3648316b/users\",\"status\":403,\"content_length\":\"75\",\"response_time\":123.297}","timestamp":"2024-01-20 10:31:01.795 PM"}
{"id":"12345","level":"alert","message":"\tUser: 6308a111-bbb2-4a9f-a421-2b1a3648316b just logged in.","service":"superuser-service","timestamp":"2024-01-20 10:31:10.986 PM"}
{"id":"12345","level":"http","message":"\t{\"method\":\"POST\",\"url\":\"/superuser/login\",\"status\":200,\"content_length\":\"5711\",\"response_time\":172.914}","timestamp":"2024-01-20 10:31:10.994 PM"}
{"id":"12345","level":"alert","message":"\tsession token created for user: 6308a111-bbb2-4a9f-a421-2b1a3648316b","service":"6308a111-bbb2-4a9f-a421-2b1a3648316b","timestamp":"2024-01-20 10:31:11.000 PM"}
{"id":"12345","level":"info","message":"\tUser: 6308a111-bbb2-4a9f-a421-2b1a3648316b accessed the endpoint /superuser/6308a111-bbb2-4a9f-a421-2b1a3648316b/users as an admin","service":"6308a111-bbb2-4a9f-a421-2b1a3648316b","timestamp":"2024-01-20 10:31:24.435 PM"}
{"id":"12345","level":"info","message":"\tUser: 6308a111-bbb2-4a9f-a421-2b1a3648316b just got authenticated","service":"6308a111-bbb2-4a9f-a421-2b1a3648316b","timestamp":"2024-01-20 10:31:24.451 PM"}
{"id":"12345","level":"info","message":"\tAll users in the server 6308a111-bbb2-4a9f-a421-2b1a3648316b retrieved by User 6308a111-bbb2-4a9f-a421-2b1a3648316b","service":"6308a111-bbb2-4a9f-a421-2b1a3648316b","timestamp":"2024-01-20 10:31:24.480 PM"}
{"id":"12345","level":"http","message":"\t{\"method\":\"GET\",\"url\":\"/superuser/6308a111-bbb2-4a9f-a421-2b1a3648316b/users\",\"status\":200,\"content_length\":\"5377\",\"response_time\":102.337}","timestamp":"2024-01-20 10:31:24.486 PM"}
{"id":"12345","level":"info","message":"\tUser: 6308a111-bbb2-4a9f-a421-2b1a3648316b just got authenticated","service":"6308a111-bbb2-4a9f-a421-2b1a3648316b","timestamp":"2024-01-20 10:31:51.438 PM"}
{"id":"12345","level":"info","message":"\tUser: 8e8052ba-d855-4895-945a-4f45ce237b79 retrieved by 6308a111-bbb2-4a9f-a421-2b1a3648316b.","service":"6308a111-bbb2-4a9f-a421-2b1a3648316b","timestamp":"2024-01-20 10:31:51.488 PM"}
{"id":"12345","level":"http","message":"\t{\"method\":\"GET\",\"url\":\"/user/8e8052ba-d855-4895-945a-4f45ce237b79\",\"status\":200,\"content_length\":\"2436\",\"response_time\":95.631}","timestamp":"2024-01-20 10:31:51.495 PM"}
{"id":"12345","level":"error","message":"\tUser: xalxboii couldn't provide a valid password","service":"6308a111-bbb2-4a9f-a421-2b1a3648316b","stack":"Error: User: xalxboii couldn't provide a valid password\n    at file:///mnt/c/Users/user/gmn/project/oga_boss/server/dist/common/auth/user.login.controller.js:25:30\n    at process.processTicksAndRejections (node:internal/process/task_queues:95:5)","timestamp":"2024-01-20 10:32:13.695 PM"}
{"id":"12345","level":"http","message":"\t{\"method\":\"POST\",\"url\":\"/user/login\",\"status\":400,\"content_length\":\"75\",\"response_time\":77.193}","timestamp":"2024-01-20 10:32:13.724 PM"}
{"id":"12345","level":"error","message":"\tUser: xalxboii couldn't provide a valid password","service":"6308a111-bbb2-4a9f-a421-2b1a3648316b","stack":"Error: User: xalxboii couldn't provide a valid password\n    at file:///mnt/c/Users/user/gmn/project/oga_boss/server/dist/common/auth/user.login.controller.js:25:30\n    at process.processTicksAndRejections (node:internal/process/task_queues:95:5)","timestamp":"2024-01-20 10:32:25.428 PM"}
{"id":"12345","level":"http","message":"\t{\"method\":\"POST\",\"url\":\"/user/login\",\"status\":400,\"content_length\":\"75\",\"response_time\":128.323}","timestamp":"2024-01-20 10:32:25.440 PM"}
{"id":"12345","level":"error","message":"\tUser: salxxboii couldn't provide a valid password","service":"6308a111-bbb2-4a9f-a421-2b1a3648316b","stack":"Error: User: salxxboii couldn't provide a valid password\n    at file:///mnt/c/Users/user/gmn/project/oga_boss/server/dist/common/auth/user.login.controller.js:25:30\n    at process.processTicksAndRejections (node:internal/process/task_queues:95:5)","timestamp":"2024-01-20 10:32:34.659 PM"}
{"id":"12345","level":"http","message":"\t{\"method\":\"POST\",\"url\":\"/user/login\",\"status\":400,\"content_length\":\"75\",\"response_time\":47.719}","timestamp":"2024-01-20 10:32:34.662 PM"}
{"id":"12345","level":"http","message":"\t{\"method\":\"GET\",\"url\":\"/logout\",\"status\":200,\"content_length\":\"60\",\"response_time\":13.731}","timestamp":"2024-01-20 10:32:56.977 PM"}
{"id":"12345","level":"info","message":"\tUser: 6308a111-bbb2-4a9f-a421-2b1a3648316b just got authenticated","service":"6308a111-bbb2-4a9f-a421-2b1a3648316b","timestamp":"2024-01-20 10:32:57.011 PM"}
{"id":"12345","level":"alert","message":"\tuser: 6308a111-bbb2-4a9f-a421-2b1a3648316b just logged out","service":"6308a111-bbb2-4a9f-a421-2b1a3648316b","timestamp":"2024-01-20 10:32:57.020 PM"}
{"id":"12345","level":"error","message":"\tUser: salxxboii couldn't provide a valid password","service":"6308a111-bbb2-4a9f-a421-2b1a3648316b","stack":"Error: User: salxxboii couldn't provide a valid password\n    at file:///mnt/c/Users/user/gmn/project/oga_boss/server/dist/common/auth/user.login.controller.js:25:30\n    at process.processTicksAndRejections (node:internal/process/task_queues:95:5)","timestamp":"2024-01-20 10:33:01.433 PM"}
{"id":"12345","level":"http","message":"\t{\"method\":\"POST\",\"url\":\"/user/login\",\"status\":400,\"content_length\":\"75\",\"response_time\":79.166}","timestamp":"2024-01-20 10:33:01.438 PM"}
{"id":"12345","level":"error","message":"\tUser: opxaxlxxboii couldn't provide a valid password","service":"5d298057-5818-4461-944f-6531af9f56b9","stack":"Error: User: opxaxlxxboii couldn't provide a valid password\n    at file:///mnt/c/Users/user/gmn/project/oga_boss/server/dist/common/auth/user.login.controller.js:25:30\n    at process.processTicksAndRejections (node:internal/process/task_queues:95:5)","timestamp":"2024-01-20 10:33:12.990 PM"}
{"id":"12345","level":"http","message":"\t{\"method\":\"POST\",\"url\":\"/user/login\",\"status\":400,\"content_length\":\"75\",\"response_time\":53.938}","timestamp":"2024-01-20 10:33:12.998 PM"}
{"id":"12345","level":"http","message":"\t{\"method\":\"GET\",\"url\":\"/logs/all\",\"status\":200,\"content_length\":\"2176553\",\"response_time\":542.916}","timestamp":"2024-01-20 10:35:03.529 PM"}
{"id":"12345","level":"info","message":"\tConnection to redis server successful","service":"engine-service","timestamp":"2024-01-20 10:36:37.853 PM"}
{"id":"12345","level":"info","message":"\tdata connection established successfully","service":"engine-service","timestamp":"2024-01-20 10:36:38.067 PM"}
{"id":"12345","level":"info","message":"\tdatabase Initialized","service":"engine-service","timestamp":"2024-01-20 10:36:38.199 PM"}
{"id":"12345","level":"info","message":"\t[SERVER]: Server is up and running at http://localhost:3000","service":"engine-service","timestamp":"2024-01-20 10:36:38.202 PM"}
{"id":"12345","level":"alert","message":"\tsession token created for user: 8da27594-1e9b-4983-a709-10d51b58caf4","service":"5d298057-5818-4461-944f-6531af9f56b9","timestamp":"2024-01-20 10:36:42.345 PM"}
{"id":"12345","level":"alert","message":"\tuser: 8da27594-1e9b-4983-a709-10d51b58caf4 just signed in","service":"5d298057-5818-4461-944f-6531af9f56b9","timestamp":"2024-01-20 10:36:42.347 PM"}
{"id":"12345","level":"http","message":"\t{\"method\":\"POST\",\"url\":\"/user/login\",\"status\":200,\"content_length\":\"1021\",\"response_time\":208.715}","timestamp":"2024-01-20 10:36:42.359 PM"}
{"id":"12345","level":"info","message":"\tUser: 8da27594-1e9b-4983-a709-10d51b58caf4 just got authenticated","service":"5d298057-5818-4461-944f-6531af9f56b9","timestamp":"2024-01-20 10:37:24.021 PM"}
{"id":"12345","level":"warn","message":"\tUser: 8da27594-1e9b-4983-a709-10d51b58caf4 tried to access the endpoint /user/update/8da27594-1e9b-4983-a709-10d51b58caf4","service":"5d298057-5818-4461-944f-6531af9f56b9","timestamp":"2024-01-20 10:37:24.044 PM"}
{"id":"12345","level":"http","message":"\t{\"method\":\"PATCH\",\"url\":\"/user/update/8da27594-1e9b-4983-a709-10d51b58caf4\",\"status\":403,\"content_length\":\"75\",\"response_time\":85.482}","timestamp":"2024-01-20 10:37:24.056 PM"}
{"id":"12345","level":"alert","message":"\tUser: 6308a111-bbb2-4a9f-a421-2b1a3648316b just logged in.","service":"superuser-service","timestamp":"2024-01-20 10:37:45.666 PM"}
{"id":"12345","level":"http","message":"\t{\"method\":\"POST\",\"url\":\"/superuser/login\",\"status\":200,\"content_length\":\"5711\",\"response_time\":91.45}","timestamp":"2024-01-20 10:37:45.676 PM"}
{"id":"12345","level":"alert","message":"\tsession token created for user: 6308a111-bbb2-4a9f-a421-2b1a3648316b","service":"6308a111-bbb2-4a9f-a421-2b1a3648316b","timestamp":"2024-01-20 10:37:45.684 PM"}
{"id":"12345","level":"info","message":"\tUser: 6308a111-bbb2-4a9f-a421-2b1a3648316b accessed the endpoint /user/update/8da27594-1e9b-4983-a709-10d51b58caf4 as an admin","service":"6308a111-bbb2-4a9f-a421-2b1a3648316b","timestamp":"2024-01-20 10:37:50.584 PM"}
{"id":"12345","level":"info","message":"\tUser: 6308a111-bbb2-4a9f-a421-2b1a3648316b just got authenticated","service":"6308a111-bbb2-4a9f-a421-2b1a3648316b","timestamp":"2024-01-20 10:37:50.598 PM"}
{"id":"12345","level":"warn","message":"\tAn unknown user 6308a111-bbb2-4a9f-a421-2b1a3648316b tried to update user 8da27594-1e9b-4983-a709-10d51b58caf4","service":"5d298057-5818-4461-944f-6531af9f56b9","timestamp":"2024-01-20 10:37:50.682 PM"}
{"id":"12345","level":"http","message":"\t{\"method\":\"PATCH\",\"url\":\"/user/update/8da27594-1e9b-4983-a709-10d51b58caf4\",\"status\":500,\"content_length\":\"130\",\"response_time\":126.21}","timestamp":"2024-01-20 10:37:50.685 PM"}
{"id":"12345","level":"alert","message":"\tUser: 5d298057-5818-4461-944f-6531af9f56b9 just logged in.","service":"superuser-service","timestamp":"2024-01-20 10:37:57.939 PM"}
{"id":"12345","level":"alert","message":"\tsession token created for user: 5d298057-5818-4461-944f-6531af9f56b9","service":"5d298057-5818-4461-944f-6531af9f56b9","timestamp":"2024-01-20 10:37:57.946 PM"}
{"id":"12345","level":"http","message":"\t{\"method\":\"POST\",\"url\":\"/superuser/login\",\"status\":200,\"content_length\":\"849\",\"response_time\":69.288}","timestamp":"2024-01-20 10:37:57.949 PM"}
{"id":"12345","level":"info","message":"\tUser: 5d298057-5818-4461-944f-6531af9f56b9 accessed the endpoint /user/update/8da27594-1e9b-4983-a709-10d51b58caf4 as an admin","service":"5d298057-5818-4461-944f-6531af9f56b9","timestamp":"2024-01-20 10:38:01.973 PM"}
{"id":"12345","level":"info","message":"\tUser: 5d298057-5818-4461-944f-6531af9f56b9 just got authenticated","service":"5d298057-5818-4461-944f-6531af9f56b9","timestamp":"2024-01-20 10:38:01.989 PM"}
{"id":"12345","level":"info","message":"\tupdate on User 8da27594-1e9b-4983-a709-10d51b58caf4 performed by 5d298057-5818-4461-944f-6531af9f56b9","service":"5d298057-5818-4461-944f-6531af9f56b9","timestamp":"2024-01-20 10:38:02.229 PM"}
{"id":"12345","level":"http","message":"\t{\"method\":\"PATCH\",\"url\":\"/user/update/8da27594-1e9b-4983-a709-10d51b58caf4\",\"status\":200,\"content_length\":\"1021\",\"response_time\":292.622}","timestamp":"2024-01-20 10:38:02.234 PM"}
{"id":"12345","level":"info","message":"\tUser: 5d298057-5818-4461-944f-6531af9f56b9 accessed the endpoint /user/update/8da27594-1e9b-4983-a709-10d51b58caf4 as an admin","service":"5d298057-5818-4461-944f-6531af9f56b9","timestamp":"2024-01-20 10:38:22.982 PM"}
{"id":"12345","level":"info","message":"\tUser: 5d298057-5818-4461-944f-6531af9f56b9 just got authenticated","service":"5d298057-5818-4461-944f-6531af9f56b9","timestamp":"2024-01-20 10:38:23.030 PM"}
{"id":"12345","level":"info","message":"\tupdate on User 8da27594-1e9b-4983-a709-10d51b58caf4 performed by 5d298057-5818-4461-944f-6531af9f56b9","service":"5d298057-5818-4461-944f-6531af9f56b9","timestamp":"2024-01-20 10:38:23.245 PM"}
{"id":"12345","level":"http","message":"\t{\"method\":\"PATCH\",\"url\":\"/user/update/8da27594-1e9b-4983-a709-10d51b58caf4\",\"status\":200,\"content_length\":\"1021\",\"response_time\":301.395}","timestamp":"2024-01-20 10:38:23.252 PM"}
{"id":"12345","level":"info","message":"\tConnection to redis server successful","service":"engine-service","timestamp":"2024-01-20 10:38:57.508 PM"}
{"id":"12345","level":"info","message":"\tdata connection established successfully","service":"engine-service","timestamp":"2024-01-20 10:38:57.724 PM"}
{"id":"12345","level":"info","message":"\tdatabase Initialized","service":"engine-service","timestamp":"2024-01-20 10:38:57.846 PM"}
{"id":"12345","level":"info","message":"\t[SERVER]: Server is up and running at http://localhost:3000","service":"engine-service","timestamp":"2024-01-20 10:38:57.849 PM"}
{"id":"12345","level":"info","message":"\tConnection to redis server successful","service":"engine-service","timestamp":"2024-01-20 10:39:10.472 PM"}
{"id":"12345","level":"info","message":"\tdata connection established successfully","service":"engine-service","timestamp":"2024-01-20 10:39:10.775 PM"}
{"id":"12345","level":"info","message":"\tdatabase Initialized","service":"engine-service","timestamp":"2024-01-20 10:39:10.896 PM"}
{"id":"12345","level":"info","message":"\t[SERVER]: Server is up and running at http://localhost:3000","service":"engine-service","timestamp":"2024-01-20 10:39:10.900 PM"}
{"id":"12345","level":"info","message":"\tConnection to redis server successful","service":"engine-service","timestamp":"2024-01-20 10:39:18.338 PM"}
{"id":"12345","level":"info","message":"\tdata connection established successfully","service":"engine-service","timestamp":"2024-01-20 10:39:18.488 PM"}
{"id":"12345","level":"info","message":"\tdatabase Initialized","service":"engine-service","timestamp":"2024-01-20 10:39:18.593 PM"}
{"id":"12345","level":"info","message":"\t[SERVER]: Server is up and running at http://localhost:3000","service":"engine-service","timestamp":"2024-01-20 10:39:18.601 PM"}
{"id":"12345","level":"info","message":"\tUser: 5d298057-5818-4461-944f-6531af9f56b9 accessed the endpoint /user/update/8da27594-1e9b-4983-a709-10d51b58caf4 as an admin","service":"5d298057-5818-4461-944f-6531af9f56b9","timestamp":"2024-01-20 10:39:19.110 PM"}
{"id":"12345","level":"info","message":"\tUser: 5d298057-5818-4461-944f-6531af9f56b9 just got authenticated","service":"5d298057-5818-4461-944f-6531af9f56b9","timestamp":"2024-01-20 10:39:19.133 PM"}
{"id":"12345","level":"info","message":"\tupdate on User 8da27594-1e9b-4983-a709-10d51b58caf4 performed by 5d298057-5818-4461-944f-6531af9f56b9","service":"5d298057-5818-4461-944f-6531af9f56b9","timestamp":"2024-01-20 10:39:19.389 PM"}
{"id":"12345","level":"http","message":"\t{\"method\":\"PATCH\",\"url\":\"/user/update/8da27594-1e9b-4983-a709-10d51b58caf4\",\"status\":200,\"content_length\":\"1052\",\"response_time\":356.354}","timestamp":"2024-01-20 10:39:19.404 PM"}
{"id":"12345","level":"info","message":"\tUser: 5d298057-5818-4461-944f-6531af9f56b9 accessed the endpoint /user/update/8da27594-1e9b-4983-a709-10d51b58caf4 as an admin","service":"5d298057-5818-4461-944f-6531af9f56b9","timestamp":"2024-01-20 10:39:34.447 PM"}
{"id":"12345","level":"info","message":"\tUser: 5d298057-5818-4461-944f-6531af9f56b9 just got authenticated","service":"5d298057-5818-4461-944f-6531af9f56b9","timestamp":"2024-01-20 10:39:34.462 PM"}
{"id":"12345","level":"http","message":"\t{\"method\":\"PATCH\",\"url\":\"/user/update/8da27594-1e9b-4983-a709-10d51b58caf4\",\"status\":200,\"content_length\":\"85\",\"response_time\":106.444}","timestamp":"2024-01-20 10:39:34.532 PM"}
{"id":"12345","level":"warn","message":"\tInvalid Payload: data/vacation must be boolean","service":"5d298057-5818-4461-944f-6531af9f56b9","stack":"Error: Invalid Payload: data/vacation must be boolean\n    at file:///mnt/c/Users/user/gmn/project/oga_boss/server/dist/common/middlewares/schema.validation.middleware.js:27:26\n    at process.processTicksAndRejections (node:internal/process/task_queues:95:5)","timestamp":"2024-01-20 10:39:34.535 PM"}
{"id":"12345","level":"info","message":"\tUser: 5d298057-5818-4461-944f-6531af9f56b9 accessed the endpoint /user/update/8da27594-1e9b-4983-a709-10d51b58caf4 as an admin","service":"5d298057-5818-4461-944f-6531af9f56b9","timestamp":"2024-01-20 10:39:52.927 PM"}
{"id":"12345","level":"info","message":"\tUser: 5d298057-5818-4461-944f-6531af9f56b9 just got authenticated","service":"5d298057-5818-4461-944f-6531af9f56b9","timestamp":"2024-01-20 10:39:52.935 PM"}
{"id":"12345","level":"http","message":"\t{\"method\":\"PATCH\",\"url\":\"/user/update/8da27594-1e9b-4983-a709-10d51b58caf4\",\"status\":200,\"content_length\":\"85\",\"response_time\":88.84}","timestamp":"2024-01-20 10:39:52.991 PM"}
{"id":"12345","level":"warn","message":"\tInvalid Payload: data/vacation must be boolean","service":"5d298057-5818-4461-944f-6531af9f56b9","stack":"Error: Invalid Payload: data/vacation must be boolean\n    at file:///mnt/c/Users/user/gmn/project/oga_boss/server/dist/common/middlewares/schema.validation.middleware.js:27:26\n    at process.processTicksAndRejections (node:internal/process/task_queues:95:5)","timestamp":"2024-01-20 10:39:53.001 PM"}
{"id":"12345","level":"info","message":"\tUser: 5d298057-5818-4461-944f-6531af9f56b9 accessed the endpoint /user/update/8da27594-1e9b-4983-a709-10d51b58caf4 as an admin","service":"5d298057-5818-4461-944f-6531af9f56b9","timestamp":"2024-01-20 10:39:54.819 PM"}
{"id":"12345","level":"info","message":"\tUser: 5d298057-5818-4461-944f-6531af9f56b9 just got authenticated","service":"5d298057-5818-4461-944f-6531af9f56b9","timestamp":"2024-01-20 10:39:54.831 PM"}
{"id":"12345","level":"http","message":"\t{\"method\":\"PATCH\",\"url\":\"/user/update/8da27594-1e9b-4983-a709-10d51b58caf4\",\"status\":200,\"content_length\":\"85\",\"response_time\":100.539}","timestamp":"2024-01-20 10:39:54.901 PM"}
{"id":"12345","level":"warn","message":"\tInvalid Payload: data/vacation must be boolean","service":"5d298057-5818-4461-944f-6531af9f56b9","stack":"Error: Invalid Payload: data/vacation must be boolean\n    at file:///mnt/c/Users/user/gmn/project/oga_boss/server/dist/common/middlewares/schema.validation.middleware.js:27:26\n    at process.processTicksAndRejections (node:internal/process/task_queues:95:5)","timestamp":"2024-01-20 10:39:54.904 PM"}
{"id":"12345","level":"info","message":"\tUser: 5d298057-5818-4461-944f-6531af9f56b9 accessed the endpoint /user/update/8da27594-1e9b-4983-a709-10d51b58caf4 as an admin","service":"5d298057-5818-4461-944f-6531af9f56b9","timestamp":"2024-01-20 10:40:03.187 PM"}
{"id":"12345","level":"info","message":"\tUser: 5d298057-5818-4461-944f-6531af9f56b9 just got authenticated","service":"5d298057-5818-4461-944f-6531af9f56b9","timestamp":"2024-01-20 10:40:03.197 PM"}
{"id":"12345","level":"info","message":"\tupdate on User 8da27594-1e9b-4983-a709-10d51b58caf4 performed by 5d298057-5818-4461-944f-6531af9f56b9","service":"5d298057-5818-4461-944f-6531af9f56b9","timestamp":"2024-01-20 10:40:03.432 PM"}
{"id":"12345","level":"http","message":"\t{\"method\":\"PATCH\",\"url\":\"/user/update/8da27594-1e9b-4983-a709-10d51b58caf4\",\"status\":200,\"content_length\":\"1053\",\"response_time\":282.488}","timestamp":"2024-01-20 10:40:03.438 PM"}
{"id":"12345","level":"info","message":"\tUser: 5d298057-5818-4461-944f-6531af9f56b9 accessed the endpoint /user/update/%22e254f865-97a9-43da-a567-e8bb45d4d237 as an admin","service":"5d298057-5818-4461-944f-6531af9f56b9","timestamp":"2024-01-20 10:40:41.740 PM"}
{"id":"12345","level":"info","message":"\tUser: 5d298057-5818-4461-944f-6531af9f56b9 just got authenticated","service":"5d298057-5818-4461-944f-6531af9f56b9","timestamp":"2024-01-20 10:40:41.753 PM"}
{"id":"12345","level":"warn","message":"\tAn unknown user 5d298057-5818-4461-944f-6531af9f56b9 tried to update user \"e254f865-97a9-43da-a567-e8bb45d4d237","service":"undefined","timestamp":"2024-01-20 10:40:41.813 PM"}
{"id":"12345","level":"http","message":"\t{\"method\":\"PATCH\",\"url\":\"/user/update/%22e254f865-97a9-43da-a567-e8bb45d4d237\",\"status\":500,\"content_length\":\"130\",\"response_time\":104.503}","timestamp":"2024-01-20 10:40:41.816 PM"}
{"id":"12345","level":"alert","message":"\tUser: 6308a111-bbb2-4a9f-a421-2b1a3648316b just logged in.","service":"superuser-service","timestamp":"2024-01-20 10:40:49.414 PM"}
{"id":"12345","level":"alert","message":"\tsession token created for user: 6308a111-bbb2-4a9f-a421-2b1a3648316b","service":"6308a111-bbb2-4a9f-a421-2b1a3648316b","timestamp":"2024-01-20 10:40:49.422 PM"}
{"id":"12345","level":"http","message":"\t{\"method\":\"POST\",\"url\":\"/superuser/login\",\"status\":200,\"content_length\":\"5711\",\"response_time\":57.825}","timestamp":"2024-01-20 10:40:49.425 PM"}
{"id":"12345","level":"info","message":"\tUser: 6308a111-bbb2-4a9f-a421-2b1a3648316b accessed the endpoint /user/update/%22e254f865-97a9-43da-a567-e8bb45d4d237 as an admin","service":"6308a111-bbb2-4a9f-a421-2b1a3648316b","timestamp":"2024-01-20 10:40:55.023 PM"}
{"id":"12345","level":"info","message":"\tUser: 6308a111-bbb2-4a9f-a421-2b1a3648316b just got authenticated","service":"6308a111-bbb2-4a9f-a421-2b1a3648316b","timestamp":"2024-01-20 10:40:55.036 PM"}
{"id":"12345","level":"warn","message":"\tAn unknown user 6308a111-bbb2-4a9f-a421-2b1a3648316b tried to update user \"e254f865-97a9-43da-a567-e8bb45d4d237","service":"undefined","timestamp":"2024-01-20 10:40:55.110 PM"}
{"id":"12345","level":"http","message":"\t{\"method\":\"PATCH\",\"url\":\"/user/update/%22e254f865-97a9-43da-a567-e8bb45d4d237\",\"status\":500,\"content_length\":\"130\",\"response_time\":109.713}","timestamp":"2024-01-20 10:40:55.114 PM"}
{"id":"12345","level":"alert","message":"\tsession token created for user: 6308a111-bbb2-4a9f-a421-2b1a3648316b","service":"6308a111-bbb2-4a9f-a421-2b1a3648316b","timestamp":"2024-01-20 10:41:05.725 PM"}
{"id":"12345","level":"alert","message":"\tUser: 6308a111-bbb2-4a9f-a421-2b1a3648316b just logged in.","service":"superuser-service","timestamp":"2024-01-20 10:41:05.726 PM"}
{"id":"12345","level":"http","message":"\t{\"method\":\"POST\",\"url\":\"/superuser/login\",\"status\":200,\"content_length\":\"5711\",\"response_time\":81.65}","timestamp":"2024-01-20 10:41:05.730 PM"}
{"id":"12345","level":"info","message":"\tUser: 6308a111-bbb2-4a9f-a421-2b1a3648316b accessed the endpoint /user/update/%22e254f865-97a9-43da-a567-e8bb45d4d237 as an admin","service":"6308a111-bbb2-4a9f-a421-2b1a3648316b","timestamp":"2024-01-20 10:41:14.802 PM"}
{"id":"12345","level":"info","message":"\tUser: 6308a111-bbb2-4a9f-a421-2b1a3648316b just got authenticated","service":"6308a111-bbb2-4a9f-a421-2b1a3648316b","timestamp":"2024-01-20 10:41:14.818 PM"}
{"id":"12345","level":"warn","message":"\tAn unknown user 6308a111-bbb2-4a9f-a421-2b1a3648316b tried to update user \"e254f865-97a9-43da-a567-e8bb45d4d237","service":"undefined","timestamp":"2024-01-20 10:41:14.921 PM"}
{"id":"12345","level":"http","message":"\t{\"method\":\"PATCH\",\"url\":\"/user/update/%22e254f865-97a9-43da-a567-e8bb45d4d237\",\"status\":500,\"content_length\":\"130\",\"response_time\":155.073}","timestamp":"2024-01-20 10:41:14.925 PM"}
{"id":"12345","level":"alert","message":"\tUser: 5d298057-5818-4461-944f-6531af9f56b9 just logged in.","service":"superuser-service","timestamp":"2024-01-20 10:41:21.131 PM"}
{"id":"12345","level":"alert","message":"\tsession token created for user: 5d298057-5818-4461-944f-6531af9f56b9","service":"5d298057-5818-4461-944f-6531af9f56b9","timestamp":"2024-01-20 10:41:21.146 PM"}
{"id":"12345","level":"http","message":"\t{\"method\":\"POST\",\"url\":\"/superuser/login\",\"status\":200,\"content_length\":\"849\",\"response_time\":63.828}","timestamp":"2024-01-20 10:41:21.148 PM"}
{"id":"12345","level":"info","message":"\tUser: 5d298057-5818-4461-944f-6531af9f56b9 accessed the endpoint /user/update/%22e254f865-97a9-43da-a567-e8bb45d4d237 as an admin","service":"5d298057-5818-4461-944f-6531af9f56b9","timestamp":"2024-01-20 10:41:25.054 PM"}
{"id":"12345","level":"info","message":"\tUser: 5d298057-5818-4461-944f-6531af9f56b9 just got authenticated","service":"5d298057-5818-4461-944f-6531af9f56b9","timestamp":"2024-01-20 10:41:25.061 PM"}
{"id":"12345","level":"warn","message":"\tAn unknown user 5d298057-5818-4461-944f-6531af9f56b9 tried to update user \"e254f865-97a9-43da-a567-e8bb45d4d237","service":"undefined","timestamp":"2024-01-20 10:41:25.118 PM"}
{"id":"12345","level":"http","message":"\t{\"method\":\"PATCH\",\"url\":\"/user/update/%22e254f865-97a9-43da-a567-e8bb45d4d237\",\"status\":500,\"content_length\":\"130\",\"response_time\":88.293}","timestamp":"2024-01-20 10:41:25.123 PM"}
{"id":"12345","level":"alert","message":"\tUser: 6308a111-bbb2-4a9f-a421-2b1a3648316b just logged in.","service":"superuser-service","timestamp":"2024-01-20 10:41:34.027 PM"}
{"id":"12345","level":"alert","message":"\tsession token created for user: 6308a111-bbb2-4a9f-a421-2b1a3648316b","service":"6308a111-bbb2-4a9f-a421-2b1a3648316b","timestamp":"2024-01-20 10:41:34.035 PM"}
{"id":"12345","level":"http","message":"\t{\"method\":\"POST\",\"url\":\"/superuser/login\",\"status\":200,\"content_length\":\"5711\",\"response_time\":40.962}","timestamp":"2024-01-20 10:41:34.038 PM"}
{"id":"12345","level":"info","message":"\tUser: 6308a111-bbb2-4a9f-a421-2b1a3648316b accessed the endpoint /user/update/%22e254f865-97a9-43da-a567-e8bb45d4d237 as an admin","service":"6308a111-bbb2-4a9f-a421-2b1a3648316b","timestamp":"2024-01-20 10:41:37.406 PM"}
{"id":"12345","level":"info","message":"\tUser: 6308a111-bbb2-4a9f-a421-2b1a3648316b just got authenticated","service":"6308a111-bbb2-4a9f-a421-2b1a3648316b","timestamp":"2024-01-20 10:41:37.418 PM"}
{"id":"12345","level":"warn","message":"\tAn unknown user 6308a111-bbb2-4a9f-a421-2b1a3648316b tried to update user \"e254f865-97a9-43da-a567-e8bb45d4d237","service":"undefined","timestamp":"2024-01-20 10:41:37.481 PM"}
{"id":"12345","level":"http","message":"\t{\"method\":\"PATCH\",\"url\":\"/user/update/%22e254f865-97a9-43da-a567-e8bb45d4d237\",\"status\":500,\"content_length\":\"130\",\"response_time\":96.29}","timestamp":"2024-01-20 10:41:37.486 PM"}
{"id":"12345","level":"http","message":"\t{\"method\":\"GET\",\"url\":\"/logs/all\",\"status\":200,\"content_length\":\"2203441\",\"response_time\":403.587}","timestamp":"2024-01-20 10:42:35.097 PM"}
{"id":"12345","level":"http","message":"\t{\"method\":\"GET\",\"url\":\"/logout\",\"status\":200,\"content_length\":\"60\",\"response_time\":11.073}","timestamp":"2024-01-20 10:43:28.127 PM"}
{"id":"12345","level":"info","message":"\tUser: 6308a111-bbb2-4a9f-a421-2b1a3648316b just got authenticated","service":"6308a111-bbb2-4a9f-a421-2b1a3648316b","timestamp":"2024-01-20 10:43:28.150 PM"}
{"id":"12345","level":"alert","message":"\tuser: 6308a111-bbb2-4a9f-a421-2b1a3648316b just logged out","service":"6308a111-bbb2-4a9f-a421-2b1a3648316b","timestamp":"2024-01-20 10:43:28.152 PM"}
{"id":"12345","level":"alert","message":"\tUser: 6308a111-bbb2-4a9f-a421-2b1a3648316b just logged in.","service":"superuser-service","timestamp":"2024-01-20 10:43:44.485 PM"}
{"id":"12345","level":"alert","message":"\tsession token created for user: 6308a111-bbb2-4a9f-a421-2b1a3648316b","service":"6308a111-bbb2-4a9f-a421-2b1a3648316b","timestamp":"2024-01-20 10:43:44.491 PM"}
{"id":"12345","level":"http","message":"\t{\"method\":\"POST\",\"url\":\"/superuser/login\",\"status\":200,\"content_length\":\"5711\",\"response_time\":83.071}","timestamp":"2024-01-20 10:43:44.493 PM"}
{"id":"12345","level":"info","message":"\tUser: 6308a111-bbb2-4a9f-a421-2b1a3648316b accessed the endpoint /superuser/6308a111-bbb2-4a9f-a421-2b1a3648316b/users as an admin","service":"6308a111-bbb2-4a9f-a421-2b1a3648316b","timestamp":"2024-01-20 10:43:54.024 PM"}
{"id":"12345","level":"info","message":"\tUser: 6308a111-bbb2-4a9f-a421-2b1a3648316b just got authenticated","service":"6308a111-bbb2-4a9f-a421-2b1a3648316b","timestamp":"2024-01-20 10:43:54.034 PM"}
{"id":"12345","level":"info","message":"\tAll users in the server 6308a111-bbb2-4a9f-a421-2b1a3648316b retrieved by User 6308a111-bbb2-4a9f-a421-2b1a3648316b","service":"6308a111-bbb2-4a9f-a421-2b1a3648316b","timestamp":"2024-01-20 10:43:54.059 PM"}
{"id":"12345","level":"http","message":"\t{\"method\":\"GET\",\"url\":\"/superuser/6308a111-bbb2-4a9f-a421-2b1a3648316b/users\",\"status\":200,\"content_length\":\"5377\",\"response_time\":55.565}","timestamp":"2024-01-20 10:43:54.062 PM"}
{"id":"12345","level":"info","message":"\tUser: 6308a111-bbb2-4a9f-a421-2b1a3648316b accessed the endpoint /user/update/%22e254f865-97a9-43da-a567-e8bb45d4d237 as an admin","service":"6308a111-bbb2-4a9f-a421-2b1a3648316b","timestamp":"2024-01-20 10:44:03.047 PM"}
{"id":"12345","level":"info","message":"\tUser: 6308a111-bbb2-4a9f-a421-2b1a3648316b just got authenticated","service":"6308a111-bbb2-4a9f-a421-2b1a3648316b","timestamp":"2024-01-20 10:44:03.058 PM"}
{"id":"12345","level":"warn","message":"\tAn unknown user 6308a111-bbb2-4a9f-a421-2b1a3648316b tried to update user \"e254f865-97a9-43da-a567-e8bb45d4d237","service":"undefined","timestamp":"2024-01-20 10:44:03.188 PM"}
{"id":"12345","level":"http","message":"\t{\"method\":\"PATCH\",\"url\":\"/user/update/%22e254f865-97a9-43da-a567-e8bb45d4d237\",\"status\":500,\"content_length\":\"130\",\"response_time\":174.977}","timestamp":"2024-01-20 10:44:03.193 PM"}
{"id":"12345","level":"info","message":"\tUser: 6308a111-bbb2-4a9f-a421-2b1a3648316b accessed the endpoint /user/update/e254f865-97a9-43da-a567-e8bb45d4d237 as an admin","service":"6308a111-bbb2-4a9f-a421-2b1a3648316b","timestamp":"2024-01-20 10:45:08.465 PM"}
{"id":"12345","level":"info","message":"\tUser: 6308a111-bbb2-4a9f-a421-2b1a3648316b just got authenticated","service":"6308a111-bbb2-4a9f-a421-2b1a3648316b","timestamp":"2024-01-20 10:45:08.470 PM"}
{"id":"12345","level":"info","message":"\tupdate on User e254f865-97a9-43da-a567-e8bb45d4d237 performed by 6308a111-bbb2-4a9f-a421-2b1a3648316b","service":"6308a111-bbb2-4a9f-a421-2b1a3648316b","timestamp":"2024-01-20 10:45:08.633 PM"}
{"id":"12345","level":"http","message":"\t{\"method\":\"PATCH\",\"url\":\"/user/update/e254f865-97a9-43da-a567-e8bb45d4d237\",\"status\":200,\"content_length\":\"779\",\"response_time\":208.811}","timestamp":"2024-01-20 10:45:08.636 PM"}
{"id":"12345","level":"info","message":"\tConnection to redis server successful","service":"engine-service","timestamp":"2024-01-20 10:46:15.741 PM"}
{"id":"12345","level":"info","message":"\tdata connection established successfully","service":"engine-service","timestamp":"2024-01-20 10:46:16.031 PM"}
{"id":"12345","level":"info","message":"\tdatabase Initialized","service":"engine-service","timestamp":"2024-01-20 10:46:16.169 PM"}
{"id":"12345","level":"info","message":"\t[SERVER]: Server is up and running at http://localhost:3000","service":"engine-service","timestamp":"2024-01-20 10:46:16.172 PM"}
{"id":"12345","level":"info","message":"\tConnection to redis server successful","service":"engine-service","timestamp":"2024-01-20 10:46:42.050 PM"}
{"id":"12345","level":"info","message":"\tdata connection established successfully","service":"engine-service","timestamp":"2024-01-20 10:46:42.246 PM"}
{"id":"12345","level":"info","message":"\tdatabase Initialized","service":"engine-service","timestamp":"2024-01-20 10:46:42.326 PM"}
{"id":"12345","level":"info","message":"\t[SERVER]: Server is up and running at http://localhost:3000","service":"engine-service","timestamp":"2024-01-20 10:46:42.330 PM"}
{"id":"12345","level":"info","message":"\tConnection to redis server successful","service":"engine-service","timestamp":"2024-01-20 10:47:20.970 PM"}
{"id":"12345","level":"info","message":"\tdata connection established successfully","service":"engine-service","timestamp":"2024-01-20 10:47:21.208 PM"}
{"id":"12345","level":"info","message":"\tdatabase Initialized","service":"engine-service","timestamp":"2024-01-20 10:47:21.322 PM"}
{"id":"12345","level":"info","message":"\t[SERVER]: Server is up and running at http://localhost:3000","service":"engine-service","timestamp":"2024-01-20 10:47:21.326 PM"}
{"id":"12345","level":"info","message":"\tConnection to redis server successful","service":"engine-service","timestamp":"2024-01-20 10:47:40.931 PM"}
{"id":"12345","level":"info","message":"\tdata connection established successfully","service":"engine-service","timestamp":"2024-01-20 10:47:41.157 PM"}
{"id":"12345","level":"info","message":"\tdatabase Initialized","service":"engine-service","timestamp":"2024-01-20 10:47:41.328 PM"}
{"id":"12345","level":"info","message":"\t[SERVER]: Server is up and running at http://localhost:3000","service":"engine-service","timestamp":"2024-01-20 10:47:41.331 PM"}
{"id":"12345","level":"info","message":"\tConnection to redis server successful","service":"engine-service","timestamp":"2024-01-20 10:47:46.616 PM"}
{"id":"12345","level":"info","message":"\tdata connection established successfully","service":"engine-service","timestamp":"2024-01-20 10:47:46.773 PM"}
{"id":"12345","level":"info","message":"\tdatabase Initialized","service":"engine-service","timestamp":"2024-01-20 10:47:46.907 PM"}
{"id":"12345","level":"info","message":"\t[SERVER]: Server is up and running at http://localhost:3000","service":"engine-service","timestamp":"2024-01-20 10:47:46.911 PM"}
{"id":"12345","level":"info","message":"\tConnection to redis server successful","service":"engine-service","timestamp":"2024-01-20 10:48:13.472 PM"}
{"id":"12345","level":"info","message":"\tdata connection established successfully","service":"engine-service","timestamp":"2024-01-20 10:48:13.723 PM"}
{"id":"12345","level":"info","message":"\tdatabase Initialized","service":"engine-service","timestamp":"2024-01-20 10:48:13.917 PM"}
{"id":"12345","level":"info","message":"\t[SERVER]: Server is up and running at http://localhost:3000","service":"engine-service","timestamp":"2024-01-20 10:48:13.920 PM"}
{"id":"12345","level":"alert","message":"\tsession token created for user: 631373dd-d60f-4f85-a031-286e9b0a1029","service":"6308a111-bbb2-4a9f-a421-2b1a3648316b","timestamp":"2024-01-20 10:48:24.874 PM"}
{"id":"12345","level":"alert","message":"\tUser 631373dd-d60f-4f85-a031-286e9b0a1029 has just been created","service":"6308a111-bbb2-4a9f-a421-2b1a3648316b","timestamp":"2024-01-20 10:48:24.884 PM"}
{"id":"12345","level":"http","message":"\t{\"method\":\"POST\",\"url\":\"/user/signup\",\"status\":201,\"content_length\":\"523\",\"response_time\":420.536}","timestamp":"2024-01-20 10:48:24.908 PM"}
{"id":"12345","level":"info","message":"\tConnection to redis server successful","service":"engine-service","timestamp":"2024-01-20 10:49:16.895 PM"}
{"id":"12345","level":"info","message":"\tdata connection established successfully","service":"engine-service","timestamp":"2024-01-20 10:49:17.082 PM"}
{"id":"12345","level":"info","message":"\tdatabase Initialized","service":"engine-service","timestamp":"2024-01-20 10:49:17.174 PM"}
{"id":"12345","level":"info","message":"\t[SERVER]: Server is up and running at http://localhost:3000","service":"engine-service","timestamp":"2024-01-20 10:49:17.177 PM"}
{"id":"12345","level":"alert","message":"\tUser 65fa8e5f-caa3-4672-b36c-be6ccbedbc6d has just been created","service":"6308a111-bbb2-4a9f-a421-2b1a3648316b","timestamp":"2024-01-20 10:49:55.871 PM"}
{"id":"12345","level":"http","message":"\t{\"method\":\"POST\",\"url\":\"/user/signup\",\"status\":201,\"content_length\":\"524\",\"response_time\":392.495}","timestamp":"2024-01-20 10:49:55.888 PM"}
{"id":"12345","level":"alert","message":"\tsession token created for user: 65fa8e5f-caa3-4672-b36c-be6ccbedbc6d","service":"6308a111-bbb2-4a9f-a421-2b1a3648316b","timestamp":"2024-01-20 10:49:55.908 PM"}
{"id":"12345","level":"info","message":"\tConnection to redis server successful","service":"engine-service","timestamp":"2024-01-20 10:50:53.547 PM"}
{"id":"12345","level":"info","message":"\tdata connection established successfully","service":"engine-service","timestamp":"2024-01-20 10:50:53.729 PM"}
{"id":"12345","level":"info","message":"\tdatabase Initialized","service":"engine-service","timestamp":"2024-01-20 10:50:53.860 PM"}
{"id":"12345","level":"info","message":"\t[SERVER]: Server is up and running at http://localhost:3000","service":"engine-service","timestamp":"2024-01-20 10:50:53.865 PM"}
{"id":"12345","level":"alert","message":"\tsession token created for user: 19ed787f-1ed8-46a1-9cb4-53800d8e048b","service":"6308a111-bbb2-4a9f-a421-2b1a3648316b","timestamp":"2024-01-20 10:51:03.639 PM"}
{"id":"12345","level":"alert","message":"\tUser 19ed787f-1ed8-46a1-9cb4-53800d8e048b has just been created","service":"6308a111-bbb2-4a9f-a421-2b1a3648316b","timestamp":"2024-01-20 10:51:03.641 PM"}
{"id":"12345","level":"http","message":"\t{\"method\":\"POST\",\"url\":\"/user/signup\",\"status\":201,\"content_length\":\"515\",\"response_time\":333.33}","timestamp":"2024-01-20 10:51:03.658 PM"}
{"id":"12345","level":"info","message":"\tUser: 19ed787f-1ed8-46a1-9cb4-53800d8e048b just got authenticated","service":"6308a111-bbb2-4a9f-a421-2b1a3648316b","timestamp":"2024-01-20 10:52:44.648 PM"}
{"id":"12345","level":"warn","message":"\tUser 19ed787f-1ed8-46a1-9cb4-53800d8e048b tried to access url: /user/e254f865-97a9-43da-a567-e8bb45d4d237/tasks","service":"6308a111-bbb2-4a9f-a421-2b1a3648316b","timestamp":"2024-01-20 10:52:44.666 PM"}
{"id":"12345","level":"http","message":"\t{\"method\":\"GET\",\"url\":\"/user/e254f865-97a9-43da-a567-e8bb45d4d237/tasks\",\"status\":500,\"content_length\":\"113\",\"response_time\":73.829}","timestamp":"2024-01-20 10:52:44.670 PM"}
{"id":"12345","level":"info","message":"\tUser: 19ed787f-1ed8-46a1-9cb4-53800d8e048b just got authenticated","service":"6308a111-bbb2-4a9f-a421-2b1a3648316b","timestamp":"2024-01-20 10:52:59.168 PM"}
{"id":"12345","level":"warn","message":"\tUser: 19ed787f-1ed8-46a1-9cb4-53800d8e048b tried to access the endpoint /user/e254f865-97a9-43da-a567-e8bb45d4d237/","service":"6308a111-bbb2-4a9f-a421-2b1a3648316b","timestamp":"2024-01-20 10:52:59.181 PM"}
{"id":"12345","level":"http","message":"\t{\"method\":\"DELETE\",\"url\":\"/user/e254f865-97a9-43da-a567-e8bb45d4d237/\",\"status\":403,\"content_length\":\"75\",\"response_time\":43.858}","timestamp":"2024-01-20 10:52:59.185 PM"}
{"id":"12345","level":"info","message":"\tConnection to redis server successful","service":"engine-service","timestamp":"2024-01-20 10:54:58.680 PM"}
{"id":"12345","level":"info","message":"\tdata connection established successfully","service":"engine-service","timestamp":"2024-01-20 10:54:59.160 PM"}
{"id":"12345","level":"info","message":"\tdatabase Initialized","service":"engine-service","timestamp":"2024-01-20 10:54:59.515 PM"}
{"id":"12345","level":"info","message":"\t[SERVER]: Server is up and running at http://localhost:3000","service":"engine-service","timestamp":"2024-01-20 10:54:59.518 PM"}
{"id":"12345","level":"info","message":"\tConnection to redis server successful","service":"engine-service","timestamp":"2024-01-20 10:55:13.086 PM"}
{"id":"12345","level":"info","message":"\tdata connection established successfully","service":"engine-service","timestamp":"2024-01-20 10:55:13.381 PM"}
{"id":"12345","level":"info","message":"\tdatabase Initialized","service":"engine-service","timestamp":"2024-01-20 10:55:13.559 PM"}
{"id":"12345","level":"info","message":"\t[SERVER]: Server is up and running at http://localhost:3000","service":"engine-service","timestamp":"2024-01-20 10:55:13.562 PM"}
{"id":"12345","level":"info","message":"\tUser: 19ed787f-1ed8-46a1-9cb4-53800d8e048b just got authenticated","service":"6308a111-bbb2-4a9f-a421-2b1a3648316b","timestamp":"2024-01-20 10:55:16.077 PM"}
{"id":"12345","level":"warn","message":"\tUser: 19ed787f-1ed8-46a1-9cb4-53800d8e048b tried to access the endpoint /user/e254f865-97a9-43da-a567-e8bb45d4d237/","service":"6308a111-bbb2-4a9f-a421-2b1a3648316b","timestamp":"2024-01-20 10:55:16.098 PM"}
{"id":"12345","level":"http","message":"\t{\"method\":\"DELETE\",\"url\":\"/user/e254f865-97a9-43da-a567-e8bb45d4d237/\",\"status\":403,\"content_length\":\"75\",\"response_time\":117.441}","timestamp":"2024-01-20 10:55:16.108 PM"}
{"id":"12345","level":"info","message":"\tUser: 19ed787f-1ed8-46a1-9cb4-53800d8e048b just got authenticated","service":"6308a111-bbb2-4a9f-a421-2b1a3648316b","timestamp":"2024-01-20 10:55:18.124 PM"}
{"id":"12345","level":"warn","message":"\tUser: 19ed787f-1ed8-46a1-9cb4-53800d8e048b tried to access the endpoint /user/e254f865-97a9-43da-a567-e8bb45d4d237/","service":"6308a111-bbb2-4a9f-a421-2b1a3648316b","timestamp":"2024-01-20 10:55:18.134 PM"}
{"id":"12345","level":"http","message":"\t{\"method\":\"DELETE\",\"url\":\"/user/e254f865-97a9-43da-a567-e8bb45d4d237/\",\"status\":403,\"content_length\":\"75\",\"response_time\":50.614}","timestamp":"2024-01-20 10:55:18.148 PM"}
{"id":"12345","level":"info","message":"\tUser: 19ed787f-1ed8-46a1-9cb4-53800d8e048b just got authenticated","service":"6308a111-bbb2-4a9f-a421-2b1a3648316b","timestamp":"2024-01-20 10:55:20.122 PM"}
{"id":"12345","level":"warn","message":"\tUser: 19ed787f-1ed8-46a1-9cb4-53800d8e048b tried to access the endpoint /user/e254f865-97a9-43da-a567-e8bb45d4d237/","service":"6308a111-bbb2-4a9f-a421-2b1a3648316b","timestamp":"2024-01-20 10:55:20.148 PM"}
{"id":"12345","level":"http","message":"\t{\"method\":\"DELETE\",\"url\":\"/user/e254f865-97a9-43da-a567-e8bb45d4d237/\",\"status\":403,\"content_length\":\"75\",\"response_time\":67.413}","timestamp":"2024-01-20 10:55:20.164 PM"}
{"id":"12345","level":"info","message":"\tConnection to redis server successful","service":"engine-service","timestamp":"2024-01-20 10:56:27.609 PM"}
{"id":"12345","level":"info","message":"\tdata connection established successfully","service":"engine-service","timestamp":"2024-01-20 10:56:27.819 PM"}
{"id":"12345","level":"info","message":"\tdatabase Initialized","service":"engine-service","timestamp":"2024-01-20 10:56:27.924 PM"}
{"id":"12345","level":"info","message":"\t[SERVER]: Server is up and running at http://localhost:3000","service":"engine-service","timestamp":"2024-01-20 10:56:27.927 PM"}
{"id":"12345","level":"info","message":"\tUser: 19ed787f-1ed8-46a1-9cb4-53800d8e048b just got authenticated","service":"6308a111-bbb2-4a9f-a421-2b1a3648316b","timestamp":"2024-01-20 10:56:37.754 PM"}
{"id":"12345","level":"warn","message":"\tUser: 19ed787f-1ed8-46a1-9cb4-53800d8e048b tried to access the endpoint /user/e254f865-97a9-43da-a567-e8bb45d4d237/","service":"6308a111-bbb2-4a9f-a421-2b1a3648316b","timestamp":"2024-01-20 10:56:37.766 PM"}
{"id":"12345","level":"http","message":"\t{\"method\":\"DELETE\",\"url\":\"/user/e254f865-97a9-43da-a567-e8bb45d4d237/\",\"status\":403,\"content_length\":\"93\",\"response_time\":101.52}","timestamp":"2024-01-20 10:56:37.781 PM"}
{"id":"12345","level":"alert","message":"\tsession token created for user: 5d298057-5818-4461-944f-6531af9f56b9","service":"5d298057-5818-4461-944f-6531af9f56b9","timestamp":"2024-01-20 10:56:51.421 PM"}
{"id":"12345","level":"alert","message":"\tUser: 5d298057-5818-4461-944f-6531af9f56b9 just logged in.","service":"superuser-service","timestamp":"2024-01-20 10:56:51.425 PM"}
{"id":"12345","level":"http","message":"\t{\"method\":\"POST\",\"url\":\"/superuser/login\",\"status\":200,\"content_length\":\"849\",\"response_time\":156.563}","timestamp":"2024-01-20 10:56:51.431 PM"}
{"id":"12345","level":"info","message":"\tUser: 5d298057-5818-4461-944f-6531af9f56b9 accessed the endpoint /user/e254f865-97a9-43da-a567-e8bb45d4d237/ as an admin","service":"5d298057-5818-4461-944f-6531af9f56b9","timestamp":"2024-01-20 10:56:56.329 PM"}
{"id":"12345","level":"info","message":"\tUser: 5d298057-5818-4461-944f-6531af9f56b9 just got authenticated","service":"5d298057-5818-4461-944f-6531af9f56b9","timestamp":"2024-01-20 10:56:56.346 PM"}
{"id":"12345","level":"warn","message":"\tUser 5d298057-5818-4461-944f-6531af9f56b9 tried to delete User e254f865-97a9-43da-a567-e8bb45d4d237.","service":"6308a111-bbb2-4a9f-a421-2b1a3648316b","timestamp":"2024-01-20 10:56:56.352 PM"}
{"id":"12345","level":"http","message":"\t{\"method\":\"DELETE\",\"url\":\"/user/e254f865-97a9-43da-a567-e8bb45d4d237/\",\"status\":500,\"content_length\":\"132\",\"response_time\":53.68}","timestamp":"2024-01-20 10:56:56.358 PM"}
{"id":"12345","level":"alert","message":"\tsession token created for user: 6308a111-bbb2-4a9f-a421-2b1a3648316b","service":"6308a111-bbb2-4a9f-a421-2b1a3648316b","timestamp":"2024-01-20 10:57:55.760 PM"}
{"id":"12345","level":"alert","message":"\tUser: 6308a111-bbb2-4a9f-a421-2b1a3648316b just logged in.","service":"superuser-service","timestamp":"2024-01-20 10:57:55.762 PM"}
{"id":"12345","level":"http","message":"\t{\"method\":\"POST\",\"url\":\"/superuser/login\",\"status\":200,\"content_length\":\"7217\",\"response_time\":107.58}","timestamp":"2024-01-20 10:57:55.766 PM"}
{"id":"12345","level":"info","message":"\tUser: 6308a111-bbb2-4a9f-a421-2b1a3648316b accessed the endpoint /superuser/6308a111-bbb2-4a9f-a421-2b1a3648316b/ as an admin","service":"6308a111-bbb2-4a9f-a421-2b1a3648316b","timestamp":"2024-01-20 10:58:09.608 PM"}
{"id":"12345","level":"info","message":"\tUser: 6308a111-bbb2-4a9f-a421-2b1a3648316b just got authenticated","service":"6308a111-bbb2-4a9f-a421-2b1a3648316b","timestamp":"2024-01-20 10:58:09.628 PM"}
{"id":"12345","level":"info","message":"\tSuperuser 6308a111-bbb2-4a9f-a421-2b1a3648316b retrieved by 6308a111-bbb2-4a9f-a421-2b1a3648316b","service":"6308a111-bbb2-4a9f-a421-2b1a3648316b","timestamp":"2024-01-20 10:58:09.656 PM"}
{"id":"12345","level":"http","message":"\t{\"method\":\"GET\",\"url\":\"/superuser/6308a111-bbb2-4a9f-a421-2b1a3648316b/\",\"status\":200,\"content_length\":\"7217\",\"response_time\":91.247}","timestamp":"2024-01-20 10:58:09.664 PM"}
{"id":"12345","level":"alert","message":"\tuser: a4c5182f-7801-4a95-90e8-d2c3c68c5ad6 just signed in","service":"6308a111-bbb2-4a9f-a421-2b1a3648316b","timestamp":"2024-01-20 10:58:29.958 PM"}
{"id":"12345","level":"http","message":"\t{\"method\":\"POST\",\"url\":\"/user/login\",\"status\":200,\"content_length\":\"1459\",\"response_time\":91.754}","timestamp":"2024-01-20 10:58:29.963 PM"}
{"id":"12345","level":"alert","message":"\tsession token created for user: a4c5182f-7801-4a95-90e8-d2c3c68c5ad6","service":"6308a111-bbb2-4a9f-a421-2b1a3648316b","timestamp":"2024-01-20 10:58:29.984 PM"}
{"id":"12345","level":"alert","message":"\tsession token created for user: 37ab5c61-f772-49f2-9620-c7cbd20922bc","service":"6308a111-bbb2-4a9f-a421-2b1a3648316b","timestamp":"2024-01-20 10:58:36.539 PM"}
{"id":"12345","level":"alert","message":"\tuser: 37ab5c61-f772-49f2-9620-c7cbd20922bc just signed in","service":"6308a111-bbb2-4a9f-a421-2b1a3648316b","timestamp":"2024-01-20 10:58:36.540 PM"}
{"id":"12345","level":"http","message":"\t{\"method\":\"POST\",\"url\":\"/user/login\",\"status\":200,\"content_length\":\"755\",\"response_time\":60.606}","timestamp":"2024-01-20 10:58:36.544 PM"}
{"id":"12345","level":"info","message":"\tUser: 37ab5c61-f772-49f2-9620-c7cbd20922bc just got authenticated","service":"6308a111-bbb2-4a9f-a421-2b1a3648316b","timestamp":"2024-01-20 10:58:40.728 PM"}
{"id":"12345","level":"info","message":"\tUser: 37ab5c61-f772-49f2-9620-c7cbd20922bc accessed the endpoint /superuser/6308a111-bbb2-4a9f-a421-2b1a3648316b/ as an admin","service":"6308a111-bbb2-4a9f-a421-2b1a3648316b","timestamp":"2024-01-20 10:58:40.740 PM"}
{"id":"12345","level":"info","message":"\tSuperuser 6308a111-bbb2-4a9f-a421-2b1a3648316b retrieved by 37ab5c61-f772-49f2-9620-c7cbd20922bc","service":"6308a111-bbb2-4a9f-a421-2b1a3648316b","timestamp":"2024-01-20 10:58:40.753 PM"}
{"id":"12345","level":"http","message":"\t{\"method\":\"GET\",\"url\":\"/superuser/6308a111-bbb2-4a9f-a421-2b1a3648316b/\",\"status\":200,\"content_length\":\"7217\",\"response_time\":46.063}","timestamp":"2024-01-20 10:58:40.759 PM"}
