{"id":"12345","level":"http","message":"\t{\"method\":\"POST\",\"url\":\"/superuser/login\",\"status\":200,\"content_length\":\"3727\",\"response_time\":339.325}","timestamp":"2024-01-20 06:00:08.224 PM"}
{"id":"12345","level":"http","message":"\t{\"method\":\"GET\",\"url\":\"/report/f57249d3-9125-4444-9ca0-411d1820ab5f\",\"status\":500,\"content_length\":\"133\",\"response_time\":271.026}","timestamp":"2024-01-20 06:00:13.755 PM"}
{"id":"12345","level":"http","message":"\t{\"method\":\"GET\",\"url\":\"/report/f57249d3-9125-4444-9ca0-411d1820ab5f\",\"status\":200,\"content_length\":\"588\",\"response_time\":107.425}","timestamp":"2024-01-20 06:01:20.721 PM"}
{"id":"12345","level":"http","message":"\t{\"method\":\"GET\",\"url\":\"/report/f57249d3-9125-4444-9ca0-411d1820ab5f\",\"status\":200,\"content_length\":\"588\",\"response_time\":50.197}","timestamp":"2024-01-20 06:01:28.438 PM"}
{"id":"12345","level":"http","message":"\t{\"method\":\"GET\",\"url\":\"/report/f57249d3-9125-4444-9ca0-411d1820ab5f\",\"status\":200,\"content_length\":\"588\",\"response_time\":61.3}","timestamp":"2024-01-20 06:01:39.154 PM"}
{"id":"12345","level":"http","message":"\t{\"method\":\"POST\",\"url\":\"/user/login\",\"status\":200,\"content_length\":\"833\",\"response_time\":202.744}","timestamp":"2024-01-20 06:01:50.324 PM"}
{"id":"12345","level":"http","message":"\t{\"method\":\"GET\",\"url\":\"/report/f57249d3-9125-4444-9ca0-411d1820ab5f\",\"status\":200,\"content_length\":\"588\",\"response_time\":61.529}","timestamp":"2024-01-20 06:01:53.537 PM"}
{"id":"12345","level":"http","message":"\t{\"method\":\"POST\",\"url\":\"/user/login\",\"status\":200,\"content_length\":\"1537\",\"response_time\":120.276}","timestamp":"2024-01-20 06:02:14.023 PM"}
{"id":"12345","level":"http","message":"\t{\"method\":\"GET\",\"url\":\"/report/f57249d3-9125-4444-9ca0-411d1820ab5f\",\"status\":200,\"content_length\":\"588\",\"response_time\":66.226}","timestamp":"2024-01-20 06:02:20.583 PM"}
{"id":"12345","level":"http","message":"\t{\"method\":\"GET\",\"url\":\"/report/f57249d3-9125-4444-9ca0-411d1820ab5f\",\"status\":200,\"content_length\":\"588\",\"response_time\":109.368}","timestamp":"2024-01-20 06:02:22.203 PM"}
{"id":"12345","level":"http","message":"\t{\"method\":\"POST\",\"url\":\"/superuser/login\",\"status\":200,\"content_length\":\"849\",\"response_time\":91.517}","timestamp":"2024-01-20 06:02:29.210 PM"}
{"id":"12345","level":"http","message":"\t{\"method\":\"GET\",\"url\":\"/report/f57249d3-9125-4444-9ca0-411d1820ab5f\",\"status\":500,\"content_length\":\"130\",\"response_time\":104.871}","timestamp":"2024-01-20 06:02:36.645 PM"}
{"id":"12345","level":"http","message":"\t{\"method\":\"GET\",\"url\":\"/report/f57249d3-9125-4444-9ca0-411d1820ab5f\",\"status\":500,\"content_length\":\"130\",\"response_time\":171.994}","timestamp":"2024-01-20 06:08:11.021 PM"}
{"id":"12345","level":"http","message":"\t{\"method\":\"GET\",\"url\":\"/report/f57249d3-9125-4444-9ca0-411d1820ab5f\",\"status\":500,\"content_length\":\"130\",\"response_time\":62.724}","timestamp":"2024-01-20 06:08:12.984 PM"}
{"id":"12345","level":"http","message":"\t{\"method\":\"GET\",\"url\":\"/report/f57249d3-9125-4444-9ca0-411d1820ab5f\",\"status\":500,\"content_length\":\"130\",\"response_time\":129.786}","timestamp":"2024-01-20 06:08:35.771 PM"}
{"id":"12345","level":"http","message":"\t{\"method\":\"GET\",\"url\":\"/report/f57249d3-9125-4444-9ca0-411d1820ab5f\",\"status\":500,\"content_length\":\"130\",\"response_time\":57.404}","timestamp":"2024-01-20 06:08:37.686 PM"}
{"id":"12345","level":"http","message":"\t{\"method\":\"GET\",\"url\":\"/report/f57249d3-9125-4444-9ca0-411d1820ab5f\",\"status\":500,\"content_length\":\"130\",\"response_time\":115.546}","timestamp":"2024-01-20 06:09:13.985 PM"}
{"id":"12345","level":"http","message":"\t{\"method\":\"GET\",\"url\":\"/report/f57249d3-9125-4444-9ca0-411d1820ab5f\",\"status\":500,\"content_length\":\"130\",\"response_time\":47.156}","timestamp":"2024-01-20 06:09:15.519 PM"}
{"id":"12345","level":"http","message":"\t{\"method\":\"POST\",\"url\":\"/superuser/login\",\"status\":200,\"content_length\":\"3727\",\"response_time\":138.079}","timestamp":"2024-01-20 06:09:27.973 PM"}
{"id":"12345","level":"http","message":"\t{\"method\":\"GET\",\"url\":\"/report/f57249d3-9125-4444-9ca0-411d1820ab5f\",\"status\":200,\"content_length\":\"588\",\"response_time\":70.132}","timestamp":"2024-01-20 06:09:38.352 PM"}
{"id":"12345","level":"http","message":"\t{\"method\":\"GET\",\"url\":\"/report/f57249d3-9125-4444-9ca0-411d1820ab5f\",\"status\":500,\"content_length\":\"133\",\"response_time\":152.928}","timestamp":"2024-01-20 06:10:52.963 PM"}
{"id":"12345","level":"http","message":"\t{\"method\":\"GET\",\"url\":\"/report/f57249d3-9125-4444-9ca0-411d1820ab5f\",\"status\":200,\"content_length\":\"588\",\"response_time\":158.913}","timestamp":"2024-01-20 06:11:35.177 PM"}
{"id":"12345","level":"http","message":"\t{\"method\":\"POST\",\"url\":\"/user/login\",\"status\":200,\"content_length\":\"1537\",\"response_time\":218.31}","timestamp":"2024-01-20 06:12:14.802 PM"}
{"id":"12345","level":"http","message":"\t{\"method\":\"GET\",\"url\":\"/report/f57249d3-9125-4444-9ca0-411d1820ab5f\",\"status\":500,\"content_length\":\"133\",\"response_time\":81.295}","timestamp":"2024-01-20 06:12:19.566 PM"}
{"id":"12345","level":"http","message":"\t{\"method\":\"GET\",\"url\":\"/report/f57249d3-9125-4444-9ca0-411d1820ab5f\",\"status\":500,\"content_length\":\"133\",\"response_time\":71.527}","timestamp":"2024-01-20 06:12:36.572 PM"}
{"id":"12345","level":"http","message":"\t{\"method\":\"GET\",\"url\":\"/report/f57249d3-9125-4444-9ca0-411d1820ab5f\",\"status\":500,\"content_length\":\"133\",\"response_time\":156.407}","timestamp":"2024-01-20 06:14:45.949 PM"}
{"id":"12345","level":"http","message":"\t{\"method\":\"GET\",\"url\":\"/report/f57249d3-9125-4444-9ca0-411d1820ab5f\",\"status\":500,\"content_length\":\"133\",\"response_time\":45.851}","timestamp":"2024-01-20 06:14:47.544 PM"}
{"id":"12345","level":"http","message":"\t{\"method\":\"POST\",\"url\":\"/user/login\",\"status\":200,\"content_length\":\"1537\",\"response_time\":143.204}","timestamp":"2024-01-20 06:14:59.944 PM"}
{"id":"12345","level":"http","message":"\t{\"method\":\"POST\",\"url\":\"/user/login\",\"status\":200,\"content_length\":\"1537\",\"response_time\":63.709}","timestamp":"2024-01-20 06:15:02.448 PM"}
{"id":"12345","level":"http","message":"\t{\"method\":\"POST\",\"url\":\"/user/login\",\"status\":200,\"content_length\":\"833\",\"response_time\":69.166}","timestamp":"2024-01-20 06:15:10.781 PM"}
{"id":"12345","level":"http","message":"\t{\"method\":\"GET\",\"url\":\"/report/f57249d3-9125-4444-9ca0-411d1820ab5f\",\"status\":200,\"content_length\":\"588\",\"response_time\":74.037}","timestamp":"2024-01-20 06:15:18.842 PM"}
{"id":"12345","level":"http","message":"\t{\"method\":\"GET\",\"url\":\"/report/f57249d3-9125-4444-9ca0-411d1820ab5f\",\"status\":200,\"content_length\":\"588\",\"response_time\":117.279}","timestamp":"2024-01-20 06:15:50.871 PM"}
{"id":"12345","level":"http","message":"\t{\"method\":\"GET\",\"url\":\"/report/f57249d3-9125-4444-9ca0-411d1820ab5f\",\"status\":200,\"content_length\":\"588\",\"response_time\":113.946}","timestamp":"2024-01-20 06:17:28.183 PM"}
{"id":"12345","level":"http","message":"\t{\"method\":\"POST\",\"url\":\"/superuser/login\",\"status\":200,\"content_length\":\"3727\",\"response_time\":194.514}","timestamp":"2024-01-20 06:17:39.026 PM"}
{"id":"12345","level":"http","message":"\t{\"method\":\"GET\",\"url\":\"/logout\",\"status\":200,\"content_length\":\"60\",\"response_time\":39.568}","timestamp":"2024-01-20 06:17:45.526 PM"}
{"id":"12345","level":"http","message":"\t{\"method\":\"POST\",\"url\":\"/superuser/login\",\"status\":200,\"content_length\":\"3727\",\"response_time\":89.947}","timestamp":"2024-01-20 06:17:49.822 PM"}
{"id":"12345","level":"http","message":"\t{\"method\":\"GET\",\"url\":\"/report/f57249d3-9125-4444-9ca0-411d1820ab5f\",\"status\":200,\"content_length\":\"588\",\"response_time\":89.576}","timestamp":"2024-01-20 06:17:52.985 PM"}
{"id":"12345","level":"http","message":"\t{\"method\":\"GET\",\"url\":\"/report/f57249d3-9125-4444-9ca0-411d1820ab5f\",\"status\":200,\"content_length\":\"588\",\"response_time\":54.967}","timestamp":"2024-01-20 06:17:58.347 PM"}
{"id":"12345","level":"http","message":"\t{\"method\":\"POST\",\"url\":\"/user/login\",\"status\":200,\"content_length\":\"1537\",\"response_time\":77.387}","timestamp":"2024-01-20 06:18:07.914 PM"}
{"id":"12345","level":"http","message":"\t{\"method\":\"GET\",\"url\":\"/report/f57249d3-9125-4444-9ca0-411d1820ab5f\",\"status\":500,\"content_length\":\"133\",\"response_time\":72.948}","timestamp":"2024-01-20 06:18:12.268 PM"}
{"id":"12345","level":"http","message":"\t{\"method\":\"GET\",\"url\":\"/user/all\",\"status\":403,\"content_length\":\"75\",\"response_time\":133.23}","timestamp":"2024-01-20 06:26:00.577 PM"}
{"id":"12345","level":"http","message":"\t{\"method\":\"POST\",\"url\":\"/superuser/login\",\"status\":200,\"content_length\":\"3727\",\"response_time\":276.42}","timestamp":"2024-01-20 06:26:11.660 PM"}
{"id":"12345","level":"http","message":"\t{\"method\":\"GET\",\"url\":\"/user/all\",\"status\":200,\"content_length\":\"10115\",\"response_time\":159.947}","timestamp":"2024-01-20 06:26:26.175 PM"}
{"id":"12345","level":"http","message":"\t{\"method\":\"GET\",\"url\":\"/user/37ab5c61-f772-49f2-9620-c7cbd20922bc\",\"status\":200,\"content_length\":\"833\",\"response_time\":103.868}","timestamp":"2024-01-20 06:26:55.234 PM"}
{"id":"12345","level":"http","message":"\t{\"method\":\"GET\",\"url\":\"/user/37ab5c61-f772-49f2-9620-c7cbd20922bc\",\"status\":200,\"content_length\":\"833\",\"response_time\":191.086}","timestamp":"2024-01-20 06:28:58.689 PM"}
{"id":"12345","level":"http","message":"\t{\"method\":\"GET\",\"url\":\"/user/all\",\"status\":200,\"content_length\":\"10115\",\"response_time\":126.825}","timestamp":"2024-01-20 06:29:56.823 PM"}
{"id":"12345","level":"http","message":"\t{\"method\":\"GET\",\"url\":\"/user/8e8052ba-d855-4895-945a-4f45ce237b79\",\"status\":200,\"content_length\":\"2623\",\"response_time\":93.364}","timestamp":"2024-01-20 06:30:45.690 PM"}
{"id":"12345","level":"http","message":"\t{\"method\":\"GET\",\"url\":\"/user/8e8052ba-d855-4895-945a-4f45ce237b79/tasks\",\"status\":200,\"content_length\":\"1805\",\"response_time\":120.072}","timestamp":"2024-01-20 06:31:41.605 PM"}
{"id":"12345","level":"http","message":"\t{\"method\":\"GET\",\"url\":\"/user/8e8052ba-d855-4895-945a-4f45ce237b79\",\"status\":200,\"content_length\":\"2623\",\"response_time\":80.704}","timestamp":"2024-01-20 06:31:49.931 PM"}
{"id":"12345","level":"http","message":"\t{\"method\":\"POST\",\"url\":\"/user/login\",\"status\":200,\"content_length\":\"1537\",\"response_time\":90.729}","timestamp":"2024-01-20 06:31:55.701 PM"}
{"id":"12345","level":"http","message":"\t{\"method\":\"GET\",\"url\":\"/user/8e8052ba-d855-4895-945a-4f45ce237b79\",\"status\":500,\"content_length\":\"27\",\"response_time\":64.322}","timestamp":"2024-01-20 06:31:58.599 PM"}
{"id":"12345","level":"http","message":"\t{\"method\":\"POST\",\"url\":\"/superuser/login\",\"status\":200,\"content_length\":\"3727\",\"response_time\":63.732}","timestamp":"2024-01-20 06:32:09.504 PM"}
{"id":"12345","level":"http","message":"\t{\"method\":\"POST\",\"url\":\"/superuser/login\",\"status\":200,\"content_length\":\"849\",\"response_time\":68.467}","timestamp":"2024-01-20 06:32:18.110 PM"}
{"id":"12345","level":"http","message":"\t{\"method\":\"GET\",\"url\":\"/user/8e8052ba-d855-4895-945a-4f45ce237b79\",\"status\":500,\"content_length\":\"120\",\"response_time\":96.523}","timestamp":"2024-01-20 06:32:24.060 PM"}
{"id":"12345","level":"http","message":"\t{\"method\":\"POST\",\"url\":\"/user/login\",\"status\":200,\"content_length\":\"833\",\"response_time\":92.025}","timestamp":"2024-01-20 06:32:35.929 PM"}
{"id":"12345","level":"http","message":"\t{\"method\":\"GET\",\"url\":\"/user/8e8052ba-d855-4895-945a-4f45ce237b79\",\"status\":200,\"content_length\":\"2623\",\"response_time\":66.474}","timestamp":"2024-01-20 06:32:38.928 PM"}
{"id":"12345","level":"http","message":"\t{\"method\":\"GET\",\"url\":\"/user/8e8052ba-d855-4895-945a-4f45ce237b79/tasks\",\"status\":200,\"content_length\":\"1805\",\"response_time\":77.967}","timestamp":"2024-01-20 06:33:12.723 PM"}
{"id":"12345","level":"http","message":"\t{\"method\":\"GET\",\"url\":\"/user/8e8052ba-d855-4895-945a-4f45ce237b79/reports\",\"status\":200,\"content_length\":\"28\",\"response_time\":87.176}","timestamp":"2024-01-20 06:35:45.186 PM"}
{"id":"12345","level":"http","message":"\t{\"method\":\"GET\",\"url\":\"/user/8e8052ba-d855-4895-945a-4f45ce237b79\",\"status\":200,\"content_length\":\"2623\",\"response_time\":92.186}","timestamp":"2024-01-20 06:35:57.294 PM"}
{"id":"12345","level":"http","message":"\t{\"method\":\"POST\",\"url\":\"/user/login\",\"status\":200,\"content_length\":\"1537\",\"response_time\":84.972}","timestamp":"2024-01-20 06:36:43.706 PM"}
{"id":"12345","level":"http","message":"\t{\"method\":\"GET\",\"url\":\"/user/8e8052ba-d855-4895-945a-4f45ce237b79\",\"status\":500,\"content_length\":\"27\",\"response_time\":57.977}","timestamp":"2024-01-20 06:36:48.152 PM"}
{"id":"12345","level":"http","message":"\t{\"method\":\"GET\",\"url\":\"/user/8e8052ba-d855-4895-945a-4f45ce237b79/tasks\",\"status\":500,\"content_length\":\"27\",\"response_time\":78.152}","timestamp":"2024-01-20 06:36:56.796 PM"}
{"id":"12345","level":"http","message":"\t{\"method\":\"POST\",\"url\":\"/user/login\",\"status\":200,\"content_length\":\"833\",\"response_time\":79.026}","timestamp":"2024-01-20 06:37:06.364 PM"}
{"id":"12345","level":"http","message":"\t{\"method\":\"GET\",\"url\":\"/user/8e8052ba-d855-4895-945a-4f45ce237b79/tasks\",\"status\":200,\"content_length\":\"1805\",\"response_time\":74.288}","timestamp":"2024-01-20 06:37:10.583 PM"}
{"id":"12345","level":"http","message":"\t{\"method\":\"GET\",\"url\":\"/user/8e8052ba-d855-4895-945a-4f45ce237b79/countTasks\",\"status\":200,\"content_length\":\"38\",\"response_time\":397.946}","timestamp":"2024-01-20 06:37:40.579 PM"}
{"id":"12345","level":"http","message":"\t{\"method\":\"GET\",\"url\":\"/user/8e8052ba-d855-4895-945a-4f45ce237b79\",\"status\":200,\"content_length\":\"2623\",\"response_time\":167.131}","timestamp":"2024-01-20 06:40:15.844 PM"}
{"id":"12345","level":"http","message":"\t{\"method\":\"GET\",\"url\":\"/user/all\",\"status\":200,\"content_length\":\"10115\",\"response_time\":304.816}","timestamp":"2024-01-20 06:48:19.855 PM"}
{"id":"12345","level":"http","message":"\t{\"method\":\"GET\",\"url\":\"/user/all\",\"status\":200,\"content_length\":\"9023\",\"response_time\":221.382}","timestamp":"2024-01-20 06:53:55.141 PM"}
{"id":"12345","level":"http","message":"\t{\"method\":\"GET\",\"url\":\"/user/all\",\"status\":200,\"content_length\":\"8009\",\"response_time\":157.436}","timestamp":"2024-01-20 06:59:51.116 PM"}
