{"id":"12345","level":"info","message":"\tConnection to redis server successful","service":"engine-service","timestamp":"2024-01-19 08:21:05.403 PM"}
{"id":"12345","level":"info","message":"\tdata connection established successfully","service":"engine-service","timestamp":"2024-01-19 08:21:10.668 PM"}
{"id":"12345","level":"info","message":"\tdatabase Initialized","service":"engine-service","timestamp":"2024-01-19 08:21:16.288 PM"}
{"id":"12345","level":"info","message":"\t[SERVER]: Server is up and running at http://localhost:5000","service":"engine-service","timestamp":"2024-01-19 08:21:16.291 PM"}
{"id":"12345","level":"http","message":"\t{\"method\":\"GET\",\"url\":\"/logs/all\",\"status\":200,\"content_length\":\"1308348\",\"response_time\":2024.852}","timestamp":"2024-01-19 08:21:47.639 PM"}
{"id":"12345","level":"http","message":"\t{\"method\":\"GET\",\"url\":\"/logs/all\",\"status\":200,\"content_length\":\"1308618\",\"response_time\":475.804}","timestamp":"2024-01-19 08:22:15.991 PM"}
{"id":"12345","level":"http","message":"\t{\"method\":\"GET\",\"url\":\"/logs/all\",\"status\":200,\"content_length\":\"1308887\",\"response_time\":253.984}","timestamp":"2024-01-19 08:22:17.374 PM"}
{"id":"12345","level":"warn","message":"\tUnknown User tried to access /report/f57249d3-9125-4444-9ca0-411d1820ab5f","service":"auth-service","stack":"Error: Unknown User tried to access /report/f57249d3-9125-4444-9ca0-411d1820ab5f\n    at authSession (file:///mnt/c/Users/user/gmn/project/oga_boss/server/dist/common/middlewares/isAuthenticated.middleware.js:9:37)\n    at Layer.handle [as handle_request] (/mnt/c/Users/user/gmn/project/oga_boss/server/node_modules/express/lib/router/layer.js:95:5)\n    at next (/mnt/c/Users/user/gmn/project/oga_boss/server/node_modules/express/lib/router/route.js:144:13)\n    at Route.dispatch (/mnt/c/Users/user/gmn/project/oga_boss/server/node_modules/express/lib/router/route.js:114:3)\n    at Layer.handle [as handle_request] (/mnt/c/Users/user/gmn/project/oga_boss/server/node_modules/express/lib/router/layer.js:95:5)\n    at /mnt/c/Users/user/gmn/project/oga_boss/server/node_modules/express/lib/router/index.js:284:15\n    at param (/mnt/c/Users/user/gmn/project/oga_boss/server/node_modules/express/lib/router/index.js:365:14)\n    at param (/mnt/c/Users/user/gmn/project/oga_boss/server/node_modules/express/lib/router/index.js:376:14)\n    at Function.process_params (/mnt/c/Users/user/gmn/project/oga_boss/server/node_modules/express/lib/router/index.js:421:3)\n    at next (/mnt/c/Users/user/gmn/project/oga_boss/server/node_modules/express/lib/router/index.js:280:10)","timestamp":"2024-01-19 08:23:23.389 PM"}
{"id":"12345","level":"http","message":"\t{\"method\":\"GET\",\"url\":\"/report/f57249d3-9125-4444-9ca0-411d1820ab5f\",\"status\":401,\"content_length\":\"49\",\"response_time\":6.354}","timestamp":"2024-01-19 08:23:23.395 PM"}
{"id":"12345","level":"alert","message":"\tUser: 6308a111-bbb2-4a9f-a421-2b1a3648316b just logged in.","service":"superuser-service","timestamp":"2024-01-19 08:24:20.625 PM"}
{"id":"12345","level":"http","message":"\t{\"method\":\"POST\",\"url\":\"/superuser/login\",\"status\":200,\"content_length\":\"349\",\"response_time\":785.793}","timestamp":"2024-01-19 08:24:20.760 PM"}
{"id":"12345","level":"alert","message":"\tsession token created for user: 6308a111-bbb2-4a9f-a421-2b1a3648316b","service":"6308a111-bbb2-4a9f-a421-2b1a3648316b","timestamp":"2024-01-19 08:24:21.074 PM"}
{"id":"12345","level":"info","message":"\tUser: 6308a111-bbb2-4a9f-a421-2b1a3648316b accessed the endpoint /superuser/6308a111-bbb2-4a9f-a421-2b1a3648316b/users as an admin","service":"6308a111-bbb2-4a9f-a421-2b1a3648316b","timestamp":"2024-01-19 08:24:56.995 PM"}
{"id":"12345","level":"info","message":"\tUser: 6308a111-bbb2-4a9f-a421-2b1a3648316b just got authenticated","service":"6308a111-bbb2-4a9f-a421-2b1a3648316b","timestamp":"2024-01-19 08:24:57.010 PM"}
{"id":"12345","level":"info","message":"\tAll users in the server 6308a111-bbb2-4a9f-a421-2b1a3648316b retrieved by User 6308a111-bbb2-4a9f-a421-2b1a3648316b","service":"6308a111-bbb2-4a9f-a421-2b1a3648316b","timestamp":"2024-01-19 08:24:57.081 PM"}
{"id":"12345","level":"http","message":"\t{\"method\":\"GET\",\"url\":\"/superuser/6308a111-bbb2-4a9f-a421-2b1a3648316b/users\",\"status\":200,\"content_length\":\"2904\",\"response_time\":126.13}","timestamp":"2024-01-19 08:24:57.086 PM"}
{"id":"12345","level":"http","message":"\t{\"method\":\"GET\",\"url\":\"/logout\",\"status\":200,\"content_length\":\"60\",\"response_time\":27.575}","timestamp":"2024-01-19 08:26:10.196 PM"}
{"id":"12345","level":"info","message":"\tUser: 6308a111-bbb2-4a9f-a421-2b1a3648316b just got authenticated","service":"6308a111-bbb2-4a9f-a421-2b1a3648316b","timestamp":"2024-01-19 08:26:10.233 PM"}
{"id":"12345","level":"alert","message":"\tuser: 6308a111-bbb2-4a9f-a421-2b1a3648316b just logged out","service":"6308a111-bbb2-4a9f-a421-2b1a3648316b","timestamp":"2024-01-19 08:26:10.235 PM"}
{"id":"12345","level":"alert","message":"\tsession token created for user: 37ab5c61-f772-49f2-9620-c7cbd20922bc","service":"6308a111-bbb2-4a9f-a421-2b1a3648316b","timestamp":"2024-01-19 08:26:22.812 PM"}
{"id":"12345","level":"alert","message":"\tuser: 37ab5c61-f772-49f2-9620-c7cbd20922bc just signed in","service":"6308a111-bbb2-4a9f-a421-2b1a3648316b","timestamp":"2024-01-19 08:26:22.814 PM"}
{"id":"12345","level":"http","message":"\t{\"method\":\"POST\",\"url\":\"/user/login\",\"status\":200,\"content_length\":\"831\",\"response_time\":828.21}","timestamp":"2024-01-19 08:26:22.818 PM"}
{"id":"12345","level":"alert","message":"\tUser: 5d298057-5818-4461-944f-6531af9f56b9 just logged in.","service":"superuser-service","timestamp":"2024-01-19 08:27:16.184 PM"}
{"id":"12345","level":"http","message":"\t{\"method\":\"POST\",\"url\":\"/superuser/login\",\"status\":200,\"content_length\":\"351\",\"response_time\":67.794}","timestamp":"2024-01-19 08:27:16.195 PM"}
{"id":"12345","level":"alert","message":"\tsession token created for user: 5d298057-5818-4461-944f-6531af9f56b9","service":"5d298057-5818-4461-944f-6531af9f56b9","timestamp":"2024-01-19 08:27:16.204 PM"}
{"id":"12345","level":"info","message":"\tUser: 5d298057-5818-4461-944f-6531af9f56b9 just got authenticated","service":"5d298057-5818-4461-944f-6531af9f56b9","timestamp":"2024-01-19 08:27:37.453 PM"}
{"id":"12345","level":"info","message":"\tUser: a4c5182f-7801-4a95-90e8-d2c3c68c5ad6 retrieved by 5d298057-5818-4461-944f-6531af9f56b9.","service":"6308a111-bbb2-4a9f-a421-2b1a3648316b","timestamp":"2024-01-19 08:27:37.512 PM"}
{"id":"12345","level":"http","message":"\t{\"method\":\"GET\",\"url\":\"/user/a4c5182f-7801-4a95-90e8-d2c3c68c5ad6\",\"status\":200,\"content_length\":\"1535\",\"response_time\":101.813}","timestamp":"2024-01-19 08:27:37.549 PM"}
{"id":"12345","level":"http","message":"\t{\"method\":\"GET\",\"url\":\"/logs/all\",\"status\":200,\"content_length\":\"1316326\",\"response_time\":621.819}","timestamp":"2024-01-19 08:27:55.608 PM"}
{"id":"12345","level":"info","message":"\tConnection to redis server successful","service":"engine-service","timestamp":"2024-01-19 08:30:48.760 PM"}
{"id":"12345","level":"info","message":"\tdata connection established successfully","service":"engine-service","timestamp":"2024-01-19 08:30:49.062 PM"}
{"id":"12345","level":"info","message":"\tdatabase Initialized","service":"engine-service","timestamp":"2024-01-19 08:30:49.403 PM"}
{"id":"12345","level":"info","message":"\t[SERVER]: Server is up and running at http://localhost:5000","service":"engine-service","timestamp":"2024-01-19 08:30:49.409 PM"}
{"id":"12345","level":"info","message":"\tUser: 5d298057-5818-4461-944f-6531af9f56b9 accessed the endpoint /superuser/5d298057-5818-4461-944f-6531af9f56b9/users as an admin","service":"5d298057-5818-4461-944f-6531af9f56b9","timestamp":"2024-01-19 08:31:13.717 PM"}
{"id":"12345","level":"info","message":"\tUser: 5d298057-5818-4461-944f-6531af9f56b9 just got authenticated","service":"5d298057-5818-4461-944f-6531af9f56b9","timestamp":"2024-01-19 08:31:13.733 PM"}
{"id":"12345","level":"info","message":"\tAll users in the server 5d298057-5818-4461-944f-6531af9f56b9 retrieved by User 5d298057-5818-4461-944f-6531af9f56b9","service":"5d298057-5818-4461-944f-6531af9f56b9","timestamp":"2024-01-19 08:31:13.747 PM"}
{"id":"12345","level":"http","message":"\t{\"method\":\"GET\",\"url\":\"/superuser/5d298057-5818-4461-944f-6531af9f56b9/users\",\"status\":200,\"content_length\":\"513\",\"response_time\":147.958}","timestamp":"2024-01-19 08:31:13.766 PM"}
{"id":"12345","level":"info","message":"\tUser: 5d298057-5818-4461-944f-6531af9f56b9 just got authenticated","service":"5d298057-5818-4461-944f-6531af9f56b9","timestamp":"2024-01-19 08:32:16.369 PM"}
{"id":"12345","level":"info","message":"\tUser: undefined retrieved by 5d298057-5818-4461-944f-6531af9f56b9.","service":"undefined","timestamp":"2024-01-19 08:32:16.375 PM"}
{"id":"12345","level":"http","message":"\t{\"method\":\"GET\",\"url\":\"/user/login\",\"status\":200,\"content_length\":\"15\",\"response_time\":64.659}","timestamp":"2024-01-19 08:32:16.379 PM"}
{"id":"12345","level":"alert","message":"\tsession token created for user: 8da27594-1e9b-4983-a709-10d51b58caf4","service":"5d298057-5818-4461-944f-6531af9f56b9","timestamp":"2024-01-19 08:32:25.997 PM"}
{"id":"12345","level":"alert","message":"\tuser: 8da27594-1e9b-4983-a709-10d51b58caf4 just signed in","service":"5d298057-5818-4461-944f-6531af9f56b9","timestamp":"2024-01-19 08:32:26.002 PM"}
{"id":"12345","level":"http","message":"\t{\"method\":\"POST\",\"url\":\"/user/login\",\"status\":200,\"content_length\":\"1129\",\"response_time\":316.331}","timestamp":"2024-01-19 08:32:26.024 PM"}
{"id":"12345","level":"http","message":"\t{\"method\":\"PATCH\",\"url\":\"/user/upadte/8da27594-1e9b-4983-a709-10d51b58caf4\",\"status\":404,\"content_length\":189,\"response_time\":26.088}","timestamp":"2024-01-19 08:33:18.548 PM"}
{"id":"12345","level":"http","message":"\t{\"method\":\"PATCH\",\"url\":\"/user/upadate/8da27594-1e9b-4983-a709-10d51b58caf4\",\"status\":404,\"content_length\":190,\"response_time\":18.881}","timestamp":"2024-01-19 08:33:35.149 PM"}
{"id":"12345","level":"info","message":"\tUser: 8da27594-1e9b-4983-a709-10d51b58caf4 just got authenticated","service":"5d298057-5818-4461-944f-6531af9f56b9","timestamp":"2024-01-19 08:33:42.176 PM"}
{"id":"12345","level":"info","message":"\tUser: 8da27594-1e9b-4983-a709-10d51b58caf4 accessed the endpoint /user/update/8da27594-1e9b-4983-a709-10d51b58caf4 as an admin","service":"5d298057-5818-4461-944f-6531af9f56b9","timestamp":"2024-01-19 08:33:42.193 PM"}
{"id":"12345","level":"info","message":"\tupdate on User 8da27594-1e9b-4983-a709-10d51b58caf4 performed by 8da27594-1e9b-4983-a709-10d51b58caf4","service":"5d298057-5818-4461-944f-6531af9f56b9","timestamp":"2024-01-19 08:33:42.625 PM"}
{"id":"12345","level":"http","message":"\t{\"method\":\"PATCH\",\"url\":\"/user/update/8da27594-1e9b-4983-a709-10d51b58caf4\",\"status\":200,\"content_length\":\"1069\",\"response_time\":492.087}","timestamp":"2024-01-19 08:33:42.645 PM"}
{"id":"12345","level":"info","message":"\tUser: 8da27594-1e9b-4983-a709-10d51b58caf4 just got authenticated","service":"5d298057-5818-4461-944f-6531af9f56b9","timestamp":"2024-01-19 08:34:03.614 PM"}
{"id":"12345","level":"warn","message":"\tUser 8da27594-1e9b-4983-a709-10d51b58caf4 tried to access an unauthorized endpoint","service":"5d298057-5818-4461-944f-6531af9f56b9","stack":"Error: User 8da27594-1e9b-4983-a709-10d51b58caf4 tried to access an unauthorized endpoint\n    at file:///mnt/c/Users/user/gmn/project/oga_boss/server/dist/common/middlewares/user.middleware.js:57:34\n    at Generator.next (<anonymous>)\n    at fulfilled (file:///mnt/c/Users/user/gmn/project/oga_boss/server/dist/common/middlewares/user.middleware.js:4:58)\n    at process.processTicksAndRejections (node:internal/process/task_queues:95:5)","timestamp":"2024-01-19 08:34:03.631 PM"}
{"id":"12345","level":"error","message":"\tError: WHERE parameter \"userId\" has invalid \"undefined\" value","service":"server-service","stack":"Error: Error: WHERE parameter \"userId\" has invalid \"undefined\" value\n    at file:///mnt/c/Users/user/gmn/project/oga_boss/server/dist/common/controllers/user.controller.js:31:48\n    at process.processTicksAndRejections (node:internal/process/task_queues:95:5)","timestamp":"2024-01-19 08:34:03.801 PM"}
{"id":"12345","level":"http","message":"\t{\"method\":\"GET\",\"url\":\"/user/a4c5182f-7801-4a95-90e8-d2c3c68c5ad6\",\"status\":500,\"content_length\":\"27\",\"response_time\":215.96}","timestamp":"2024-01-19 08:34:03.807 PM"}
{"id":"12345","level":"alert","message":"\tsession token created for user: 5d298057-5818-4461-944f-6531af9f56b9","service":"5d298057-5818-4461-944f-6531af9f56b9","timestamp":"2024-01-19 08:34:14.216 PM"}
{"id":"12345","level":"alert","message":"\tUser: 5d298057-5818-4461-944f-6531af9f56b9 just logged in.","service":"superuser-service","timestamp":"2024-01-19 08:34:14.218 PM"}
{"id":"12345","level":"http","message":"\t{\"method\":\"POST\",\"url\":\"/superuser/login\",\"status\":200,\"content_length\":\"351\",\"response_time\":125.771}","timestamp":"2024-01-19 08:34:14.229 PM"}
{"id":"12345","level":"info","message":"\tUser: 5d298057-5818-4461-944f-6531af9f56b9 just got authenticated","service":"5d298057-5818-4461-944f-6531af9f56b9","timestamp":"2024-01-19 08:34:18.188 PM"}
{"id":"12345","level":"info","message":"\tUser: a4c5182f-7801-4a95-90e8-d2c3c68c5ad6 retrieved by 5d298057-5818-4461-944f-6531af9f56b9.","service":"6308a111-bbb2-4a9f-a421-2b1a3648316b","timestamp":"2024-01-19 08:34:18.229 PM"}
{"id":"12345","level":"http","message":"\t{\"method\":\"GET\",\"url\":\"/user/a4c5182f-7801-4a95-90e8-d2c3c68c5ad6\",\"status\":200,\"content_length\":\"1535\",\"response_time\":172.091}","timestamp":"2024-01-19 08:34:18.247 PM"}
{"id":"12345","level":"info","message":"\tConnection to redis server successful","service":"engine-service","timestamp":"2024-01-19 08:43:13.601 PM"}
{"id":"12345","level":"info","message":"\tdata connection established successfully","service":"engine-service","timestamp":"2024-01-19 08:43:14.124 PM"}
{"id":"12345","level":"info","message":"\tdatabase Initialized","service":"engine-service","timestamp":"2024-01-19 08:43:14.225 PM"}
{"id":"12345","level":"info","message":"\t[SERVER]: Server is up and running at http://localhost:5000","service":"engine-service","timestamp":"2024-01-19 08:43:14.227 PM"}
{"id":"12345","level":"info","message":"\tConnection to redis server successful","service":"engine-service","timestamp":"2024-01-19 08:43:35.768 PM"}
{"id":"12345","level":"info","message":"\tdata connection established successfully","service":"engine-service","timestamp":"2024-01-19 08:43:36.182 PM"}
{"id":"12345","level":"info","message":"\tdatabase Initialized","service":"engine-service","timestamp":"2024-01-19 08:43:36.419 PM"}
{"id":"12345","level":"info","message":"\t[SERVER]: Server is up and running at http://localhost:5000","service":"engine-service","timestamp":"2024-01-19 08:43:36.423 PM"}
{"id":"12345","level":"info","message":"\tConnection to redis server successful","service":"engine-service","timestamp":"2024-01-19 08:43:39.866 PM"}
{"id":"12345","level":"info","message":"\tdata connection established successfully","service":"engine-service","timestamp":"2024-01-19 08:43:40.045 PM"}
{"id":"12345","level":"info","message":"\tdatabase Initialized","service":"engine-service","timestamp":"2024-01-19 08:43:40.140 PM"}
{"id":"12345","level":"info","message":"\t[SERVER]: Server is up and running at http://localhost:5000","service":"engine-service","timestamp":"2024-01-19 08:43:40.142 PM"}
{"id":"12345","level":"info","message":"\tConnection to redis server successful","service":"engine-service","timestamp":"2024-01-19 08:46:08.206 PM"}
{"id":"12345","level":"info","message":"\tdata connection established successfully","service":"engine-service","timestamp":"2024-01-19 08:46:08.891 PM"}
{"id":"12345","level":"info","message":"\tdatabase Initialized","service":"engine-service","timestamp":"2024-01-19 08:46:09.317 PM"}
{"id":"12345","level":"info","message":"\t[SERVER]: Server is up and running at http://localhost:5000","service":"engine-service","timestamp":"2024-01-19 08:46:09.320 PM"}
{"id":"12345","level":"info","message":"\tConnection to redis server successful","service":"engine-service","timestamp":"2024-01-19 08:46:49.294 PM"}
{"id":"12345","level":"info","message":"\tdata connection established successfully","service":"engine-service","timestamp":"2024-01-19 08:46:49.516 PM"}
{"id":"12345","level":"info","message":"\tdatabase Initialized","service":"engine-service","timestamp":"2024-01-19 08:46:49.585 PM"}
{"id":"12345","level":"info","message":"\t[SERVER]: Server is up and running at http://localhost:5000","service":"engine-service","timestamp":"2024-01-19 08:46:49.587 PM"}
{"id":"12345","level":"info","message":"\tConnection to redis server successful","service":"engine-service","timestamp":"2024-01-19 08:47:04.034 PM"}
{"id":"12345","level":"info","message":"\tdata connection established successfully","service":"engine-service","timestamp":"2024-01-19 08:47:04.225 PM"}
{"id":"12345","level":"info","message":"\tdatabase Initialized","service":"engine-service","timestamp":"2024-01-19 08:47:04.425 PM"}
{"id":"12345","level":"info","message":"\t[SERVER]: Server is up and running at http://localhost:5000","service":"engine-service","timestamp":"2024-01-19 08:47:04.429 PM"}
{"id":"12345","level":"info","message":"\tConnection to redis server successful","service":"engine-service","timestamp":"2024-01-19 08:47:33.410 PM"}
{"id":"12345","level":"info","message":"\tdata connection established successfully","service":"engine-service","timestamp":"2024-01-19 08:47:33.647 PM"}
{"id":"12345","level":"info","message":"\tdatabase Initialized","service":"engine-service","timestamp":"2024-01-19 08:47:33.724 PM"}
{"id":"12345","level":"info","message":"\t[SERVER]: Server is up and running at http://localhost:5000","service":"engine-service","timestamp":"2024-01-19 08:47:33.726 PM"}
{"id":"12345","level":"info","message":"\tConnection to redis server successful","service":"engine-service","timestamp":"2024-01-19 08:47:49.126 PM"}
{"id":"12345","level":"info","message":"\tdata connection established successfully","service":"engine-service","timestamp":"2024-01-19 08:47:49.277 PM"}
{"id":"12345","level":"info","message":"\tdatabase Initialized","service":"engine-service","timestamp":"2024-01-19 08:47:49.351 PM"}
{"id":"12345","level":"info","message":"\t[SERVER]: Server is up and running at http://localhost:5000","service":"engine-service","timestamp":"2024-01-19 08:47:49.353 PM"}
{"id":"12345","level":"info","message":"\tUser: 5d298057-5818-4461-944f-6531af9f56b9 just got authenticated","service":"5d298057-5818-4461-944f-6531af9f56b9","timestamp":"2024-01-19 08:47:50.684 PM"}
{"id":"12345","level":"http","message":"\t{\"method\":\"GET\",\"url\":\"/user/a4c5182f-7801-4a95-90e8-d2c3c68c5ad6\",\"status\":500,\"content_length\":\"120\",\"response_time\":129.907}","timestamp":"2024-01-19 08:47:50.726 PM"}
{"id":"12345","level":"info","message":"\tUser: 5d298057-5818-4461-944f-6531af9f56b9 just got authenticated","service":"5d298057-5818-4461-944f-6531af9f56b9","timestamp":"2024-01-19 08:48:13.840 PM"}
{"id":"12345","level":"http","message":"\t{\"method\":\"GET\",\"url\":\"/user/a4c5182f-7801-4a95-90e8-d2c3c68c5ad6\",\"status\":500,\"content_length\":\"120\",\"response_time\":125.715}","timestamp":"2024-01-19 08:48:13.875 PM"}
{"id":"12345","level":"info","message":"\tConnection to redis server successful","service":"engine-service","timestamp":"2024-01-19 08:49:59.527 PM"}
{"id":"12345","level":"info","message":"\tdata connection established successfully","service":"engine-service","timestamp":"2024-01-19 08:49:59.671 PM"}
{"id":"12345","level":"info","message":"\tdatabase Initialized","service":"engine-service","timestamp":"2024-01-19 08:49:59.743 PM"}
{"id":"12345","level":"info","message":"\t[SERVER]: Server is up and running at http://localhost:5000","service":"engine-service","timestamp":"2024-01-19 08:49:59.744 PM"}
{"id":"12345","level":"info","message":"\tConnection to redis server successful","service":"engine-service","timestamp":"2024-01-19 08:52:51.135 PM"}
{"id":"12345","level":"info","message":"\tdata connection established successfully","service":"engine-service","timestamp":"2024-01-19 08:52:51.474 PM"}
{"id":"12345","level":"info","message":"\tdatabase Initialized","service":"engine-service","timestamp":"2024-01-19 08:52:51.607 PM"}
{"id":"12345","level":"info","message":"\t[SERVER]: Server is up and running at http://localhost:5000","service":"engine-service","timestamp":"2024-01-19 08:52:51.610 PM"}
{"id":"12345","level":"info","message":"\tConnection to redis server successful","service":"engine-service","timestamp":"2024-01-19 08:53:12.400 PM"}
{"id":"12345","level":"info","message":"\tdata connection established successfully","service":"engine-service","timestamp":"2024-01-19 08:53:12.785 PM"}
{"id":"12345","level":"info","message":"\tdatabase Initialized","service":"engine-service","timestamp":"2024-01-19 08:53:12.912 PM"}
{"id":"12345","level":"info","message":"\t[SERVER]: Server is up and running at http://localhost:5000","service":"engine-service","timestamp":"2024-01-19 08:53:12.917 PM"}
{"id":"12345","level":"info","message":"\tConnection to redis server successful","service":"engine-service","timestamp":"2024-01-19 08:53:48.639 PM"}
{"id":"12345","level":"info","message":"\tdata connection established successfully","service":"engine-service","timestamp":"2024-01-19 08:53:48.851 PM"}
{"id":"12345","level":"info","message":"\tdatabase Initialized","service":"engine-service","timestamp":"2024-01-19 08:53:49.209 PM"}
{"id":"12345","level":"info","message":"\t[SERVER]: Server is up and running at http://localhost:5000","service":"engine-service","timestamp":"2024-01-19 08:53:49.215 PM"}
{"id":"12345","level":"info","message":"\tConnection to redis server successful","service":"engine-service","timestamp":"2024-01-19 08:53:54.979 PM"}
{"id":"12345","level":"info","message":"\tdata connection established successfully","service":"engine-service","timestamp":"2024-01-19 08:53:55.140 PM"}
{"id":"12345","level":"info","message":"\tdatabase Initialized","service":"engine-service","timestamp":"2024-01-19 08:53:55.212 PM"}
{"id":"12345","level":"info","message":"\t[SERVER]: Server is up and running at http://localhost:5000","service":"engine-service","timestamp":"2024-01-19 08:53:55.215 PM"}
{"id":"12345","level":"info","message":"\tConnection to redis server successful","service":"engine-service","timestamp":"2024-01-19 08:54:32.962 PM"}
{"id":"12345","level":"info","message":"\tdata connection established successfully","service":"engine-service","timestamp":"2024-01-19 08:54:33.149 PM"}
{"id":"12345","level":"info","message":"\tdatabase Initialized","service":"engine-service","timestamp":"2024-01-19 08:54:33.246 PM"}
{"id":"12345","level":"info","message":"\t[SERVER]: Server is up and running at http://localhost:5000","service":"engine-service","timestamp":"2024-01-19 08:54:33.249 PM"}
{"id":"12345","level":"info","message":"\tConnection to redis server successful","service":"engine-service","timestamp":"2024-01-19 08:54:47.370 PM"}
{"id":"12345","level":"info","message":"\tdata connection established successfully","service":"engine-service","timestamp":"2024-01-19 08:54:47.666 PM"}
{"id":"12345","level":"info","message":"\tdatabase Initialized","service":"engine-service","timestamp":"2024-01-19 08:54:47.753 PM"}
{"id":"12345","level":"info","message":"\t[SERVER]: Server is up and running at http://localhost:5000","service":"engine-service","timestamp":"2024-01-19 08:54:47.756 PM"}
{"id":"12345","level":"info","message":"\tConnection to redis server successful","service":"engine-service","timestamp":"2024-01-19 08:54:55.389 PM"}
{"id":"12345","level":"info","message":"\tdata connection established successfully","service":"engine-service","timestamp":"2024-01-19 08:54:55.666 PM"}
{"id":"12345","level":"info","message":"\tdatabase Initialized","service":"engine-service","timestamp":"2024-01-19 08:54:55.748 PM"}
{"id":"12345","level":"info","message":"\t[SERVER]: Server is up and running at http://localhost:5000","service":"engine-service","timestamp":"2024-01-19 08:54:55.751 PM"}
{"id":"12345","level":"info","message":"\tConnection to redis server successful","service":"engine-service","timestamp":"2024-01-19 08:55:13.062 PM"}
{"id":"12345","level":"info","message":"\tdata connection established successfully","service":"engine-service","timestamp":"2024-01-19 08:55:13.226 PM"}
{"id":"12345","level":"info","message":"\tdatabase Initialized","service":"engine-service","timestamp":"2024-01-19 08:55:13.293 PM"}
{"id":"12345","level":"info","message":"\t[SERVER]: Server is up and running at http://localhost:5000","service":"engine-service","timestamp":"2024-01-19 08:55:13.295 PM"}
{"id":"12345","level":"info","message":"\tUser: 5d298057-5818-4461-944f-6531af9f56b9 just got authenticated","service":"5d298057-5818-4461-944f-6531af9f56b9","timestamp":"2024-01-19 08:55:18.599 PM"}
{"id":"12345","level":"warn","message":"\tUser 5d298057-5818-4461-944f-6531af9f56b9 tried access User a4c5182f-7801-4a95-90e8-d2c3c68c5ad6 information.","service":"6308a111-bbb2-4a9f-a421-2b1a3648316b","timestamp":"2024-01-19 08:55:18.647 PM"}
{"id":"12345","level":"http","message":"\t{\"method\":\"GET\",\"url\":\"/user/a4c5182f-7801-4a95-90e8-d2c3c68c5ad6\",\"status\":500,\"content_length\":\"120\",\"response_time\":131.746}","timestamp":"2024-01-19 08:55:18.658 PM"}
{"id":"12345","level":"http","message":"\t{\"method\":\"GET\",\"url\":\"/logs/all\",\"status\":200,\"content_length\":\"1342780\",\"response_time\":370.499}","timestamp":"2024-01-19 08:55:23.773 PM"}
{"id":"12345","level":"info","message":"\tConnection to redis server successful","service":"engine-service","timestamp":"2024-01-19 08:58:51.970 PM"}
{"id":"12345","level":"info","message":"\tdata connection established successfully","service":"engine-service","timestamp":"2024-01-19 08:58:52.102 PM"}
{"id":"12345","level":"info","message":"\tdatabase Initialized","service":"engine-service","timestamp":"2024-01-19 08:58:52.192 PM"}
{"id":"12345","level":"info","message":"\t[SERVER]: Server is up and running at http://localhost:5000","service":"engine-service","timestamp":"2024-01-19 08:58:52.195 PM"}
{"id":"12345","level":"info","message":"\tConnection to redis server successful","service":"engine-service","timestamp":"2024-01-19 08:59:05.956 PM"}
{"id":"12345","level":"info","message":"\tdata connection established successfully","service":"engine-service","timestamp":"2024-01-19 08:59:06.108 PM"}
{"id":"12345","level":"info","message":"\tdatabase Initialized","service":"engine-service","timestamp":"2024-01-19 08:59:06.185 PM"}
{"id":"12345","level":"info","message":"\t[SERVER]: Server is up and running at http://localhost:5000","service":"engine-service","timestamp":"2024-01-19 08:59:06.187 PM"}
{"id":"12345","level":"info","message":"\tConnection to redis server successful","service":"engine-service","timestamp":"2024-01-19 08:59:26.152 PM"}
{"id":"12345","level":"info","message":"\tdata connection established successfully","service":"engine-service","timestamp":"2024-01-19 08:59:26.393 PM"}
{"id":"12345","level":"info","message":"\tdatabase Initialized","service":"engine-service","timestamp":"2024-01-19 08:59:26.480 PM"}
{"id":"12345","level":"info","message":"\t[SERVER]: Server is up and running at http://localhost:5000","service":"engine-service","timestamp":"2024-01-19 08:59:26.482 PM"}
{"id":"12345","level":"info","message":"\tConnection to redis server successful","service":"engine-service","timestamp":"2024-01-19 08:59:37.640 PM"}
{"id":"12345","level":"info","message":"\tdata connection established successfully","service":"engine-service","timestamp":"2024-01-19 08:59:37.767 PM"}
{"id":"12345","level":"info","message":"\tdatabase Initialized","service":"engine-service","timestamp":"2024-01-19 08:59:37.842 PM"}
{"id":"12345","level":"info","message":"\t[SERVER]: Server is up and running at http://localhost:5000","service":"engine-service","timestamp":"2024-01-19 08:59:37.845 PM"}
{"id":"12345","level":"info","message":"\tConnection to redis server successful","service":"engine-service","timestamp":"2024-01-19 08:59:53.486 PM"}
{"id":"12345","level":"info","message":"\tdata connection established successfully","service":"engine-service","timestamp":"2024-01-19 08:59:53.646 PM"}
{"id":"12345","level":"info","message":"\tdatabase Initialized","service":"engine-service","timestamp":"2024-01-19 08:59:53.729 PM"}
{"id":"12345","level":"info","message":"\t[SERVER]: Server is up and running at http://localhost:5000","service":"engine-service","timestamp":"2024-01-19 08:59:53.731 PM"}
