{"id":"12345","level":"http","message":"\t{\"method\":\"GET\",\"url\":\"/logs/all\",\"status\":200,\"content_length\":\"739785\",\"response_time\":554.952}","timestamp":"2024-01-18 11:08:31.738 PM"}
{"id":"12345","level":"http","message":"\t{\"method\":\"GET\",\"url\":\"/logs/all\",\"status\":200,\"content_length\":\"740053\",\"response_time\":317.213}","timestamp":"2024-01-18 11:08:46.243 PM"}
{"id":"12345","level":"http","message":"\t{\"method\":\"GET\",\"url\":\"/report/all\",\"status\":401,\"content_length\":\"49\",\"response_time\":32.289}","timestamp":"2024-01-18 11:09:18.172 PM"}
{"id":"12345","level":"http","message":"\t{\"method\":\"GET\",\"url\":\"/logs/all\",\"status\":200,\"content_length\":\"742081\",\"response_time\":206.667}","timestamp":"2024-01-18 11:09:22.274 PM"}
{"id":"12345","level":"http","message":"\t{\"method\":\"GET\",\"url\":\"/superuser/all\",\"status\":401,\"content_length\":\"49\",\"response_time\":26.003}","timestamp":"2024-01-18 11:14:35.189 PM"}
{"id":"12345","level":"http","message":"\t{\"method\":\"POST\",\"url\":\"/superuser/login\",\"status\":200,\"content_length\":\"349\",\"response_time\":452.657}","timestamp":"2024-01-18 11:14:57.178 PM"}
{"id":"12345","level":"http","message":"\t{\"method\":\"GET\",\"url\":\"/superuser/ce7e4d14-a92d-4353-bb73-685689e674c5\",\"status\":500,\"content_length\":\"107\",\"response_time\":424.913}","timestamp":"2024-01-18 11:15:13.554 PM"}
{"id":"12345","level":"http","message":"\t{\"method\":\"GET\",\"url\":\"/logs/all\",\"status\":200,\"content_length\":\"746853\",\"response_time\":274.13}","timestamp":"2024-01-18 11:15:48.599 PM"}
{"id":"12345","level":"http","message":"\t{\"method\":\"GET\",\"url\":\"/logs/all\",\"status\":200,\"content_length\":\"748020\",\"response_time\":209.268}","timestamp":"2024-01-18 11:17:59.135 PM"}
{"id":"12345","level":"http","message":"\t{\"method\":\"GET\",\"url\":\"/superuser/ce7e4d14-a92d-4353-bb73-685689e674c5\",\"status\":500,\"content_length\":\"107\",\"response_time\":234.746}","timestamp":"2024-01-18 11:18:21.949 PM"}
{"id":"12345","level":"http","message":"\t{\"method\":\"GET\",\"url\":\"/superuser/ce7e4d14-a92d-4353-bb73-685689e674c5\",\"status\":500,\"content_length\":\"107\",\"response_time\":216.768}","timestamp":"2024-01-18 11:22:20.686 PM"}
{"id":"12345","level":"http","message":"\t{\"method\":\"GET\",\"url\":\"/superuser/ce7e4d14-a92d-4353-bb73-685689e674c5\",\"status\":500,\"content_length\":\"107\",\"response_time\":450.56}","timestamp":"2024-01-18 11:25:59.820 PM"}
{"id":"12345","level":"http","message":"\t{\"method\":\"GET\",\"url\":\"/superuser/%206308a111-bbb2-4a9f-a421-2b1a3648316b\",\"status\":500,\"content_length\":\"107\",\"response_time\":57.099}","timestamp":"2024-01-18 11:27:05.674 PM"}
{"id":"12345","level":"http","message":"\t{\"method\":\"GET\",\"url\":\"/superuser/%206308a111-bbb2-4a9f-a421-2b1a3648316b\",\"status\":500,\"content_length\":\"107\",\"response_time\":62.334}","timestamp":"2024-01-18 11:27:17.083 PM"}
{"id":"12345","level":"http","message":"\t{\"method\":\"POST\",\"url\":\"/superuser/login\",\"status\":200,\"content_length\":\"349\",\"response_time\":201.299}","timestamp":"2024-01-18 11:27:31.666 PM"}
{"id":"12345","level":"http","message":"\t{\"method\":\"GET\",\"url\":\"/logs/all\",\"status\":200,\"content_length\":\"769598\",\"response_time\":276.064}","timestamp":"2024-01-18 11:27:44.095 PM"}
{"id":"12345","level":"http","message":"\t{\"method\":\"GET\",\"url\":\"/superuser/%206308a111-bbb2-4a9f-a421-2b1a3648316b\",\"status\":500,\"content_length\":\"107\",\"response_time\":312.929}","timestamp":"2024-01-18 11:28:32.312 PM"}
{"id":"12345","level":"http","message":"\t{\"method\":\"GET\",\"url\":\"/superuser/6308a111-bbb2-4a9f-a421-2b1a3648316b\",\"status\":200,\"content_length\":\"349\",\"response_time\":171.171}","timestamp":"2024-01-18 11:29:30.422 PM"}
{"id":"12345","level":"http","message":"\t{\"method\":\"GET\",\"url\":\"/superuser/6308a111-bbb2-4a9f-a421-2b1a3648316b\",\"status\":200,\"content_length\":\"349\",\"response_time\":100.201}","timestamp":"2024-01-18 11:30:00.009 PM"}
{"id":"12345","level":"http","message":"\t{\"method\":\"GET\",\"url\":\"/logs/all\",\"status\":200,\"content_length\":\"774529\",\"response_time\":234.683}","timestamp":"2024-01-18 11:30:15.033 PM"}
{"id":"12345","level":"http","message":"\t{\"method\":\"GET\",\"url\":\"/logout\",\"status\":200,\"content_length\":\"60\",\"response_time\":81.539}","timestamp":"2024-01-18 11:33:51.562 PM"}
{"id":"12345","level":"http","message":"\t{\"method\":\"POST\",\"url\":\"/superuser/login\",\"status\":500,\"content_length\":1508,\"response_time\":163.819}","timestamp":"2024-01-18 11:35:41.684 PM"}
{"id":"12345","level":"http","message":"\t{\"method\":\"POST\",\"url\":\"/superuser/login\",\"status\":400,\"content_length\":\"83\",\"response_time\":91.719}","timestamp":"2024-01-18 11:36:25.918 PM"}
{"id":"12345","level":"http","message":"\t{\"method\":\"POST\",\"url\":\"/superuser/login\",\"status\":200,\"content_length\":\"351\",\"response_time\":104.985}","timestamp":"2024-01-18 11:36:41.917 PM"}
{"id":"12345","level":"http","message":"\t{\"method\":\"GET\",\"url\":\"/superuser/6308a111-bbb2-4a9f-a421-2b1a3648316b\",\"status\":500,\"content_length\":\"107\",\"response_time\":49.617}","timestamp":"2024-01-18 11:37:17.449 PM"}
{"id":"12345","level":"http","message":"\t{\"method\":\"GET\",\"url\":\"/task/all\",\"status\":200,\"content_length\":\"25\",\"response_time\":173.343}","timestamp":"2024-01-18 11:38:55.121 PM"}
{"id":"12345","level":"http","message":"\t{\"method\":\"GET\",\"url\":\"/logout\",\"status\":200,\"content_length\":\"60\",\"response_time\":28.649}","timestamp":"2024-01-18 11:39:22.179 PM"}
{"id":"12345","level":"http","message":"\t{\"method\":\"POST\",\"url\":\"/superuser/login\",\"status\":200,\"content_length\":\"349\",\"response_time\":81.346}","timestamp":"2024-01-18 11:39:26.436 PM"}
{"id":"12345","level":"http","message":"\t{\"method\":\"GET\",\"url\":\"/task/all\",\"status\":200,\"content_length\":\"612\",\"response_time\":144.431}","timestamp":"2024-01-18 11:39:32.927 PM"}
{"id":"12345","level":"http","message":"\t{\"method\":\"GET\",\"url\":\"/logout\",\"status\":200,\"content_length\":\"60\",\"response_time\":19.545}","timestamp":"2024-01-18 11:39:51.248 PM"}
{"id":"12345","level":"http","message":"\t{\"method\":\"POST\",\"url\":\"/superuser/login\",\"status\":200,\"content_length\":\"351\",\"response_time\":81.724}","timestamp":"2024-01-18 11:39:54.494 PM"}
{"id":"12345","level":"http","message":"\t{\"method\":\"GET\",\"url\":\"/task/289a0615-2071-41aa-8b1d-849f7c41231e\",\"status\":500,\"content_length\":\"106\",\"response_time\":73.833}","timestamp":"2024-01-18 11:40:03.850 PM"}
{"id":"12345","level":"http","message":"\t{\"method\":\"GET\",\"url\":\"/logout\",\"status\":200,\"content_length\":\"60\",\"response_time\":18.483}","timestamp":"2024-01-18 11:42:33.600 PM"}
{"id":"12345","level":"http","message":"\t{\"method\":\"POST\",\"url\":\"/superuser/login\",\"status\":200,\"content_length\":\"349\",\"response_time\":109.897}","timestamp":"2024-01-18 11:42:43.978 PM"}
{"id":"12345","level":"http","message":"\t{\"method\":\"GET\",\"url\":\"/task/all\",\"status\":200,\"content_length\":\"612\",\"response_time\":60.73}","timestamp":"2024-01-18 11:43:00.001 PM"}
{"id":"12345","level":"http","message":"\t{\"method\":\"GET\",\"url\":\"/logout\",\"status\":200,\"content_length\":\"60\",\"response_time\":20.487}","timestamp":"2024-01-18 11:43:20.153 PM"}
{"id":"12345","level":"http","message":"\t{\"method\":\"POST\",\"url\":\"/superuser/login\",\"status\":200,\"content_length\":\"351\",\"response_time\":70.889}","timestamp":"2024-01-18 11:43:23.223 PM"}
{"id":"12345","level":"http","message":"\t{\"method\":\"PATCH\",\"url\":\"/task/289a0615-2071-41aa-8b1d-849f7c41231e\",\"status\":404,\"content_length\":182,\"response_time\":5.001}","timestamp":"2024-01-18 11:44:37.045 PM"}
{"id":"12345","level":"http","message":"\t{\"method\":\"PATCH\",\"url\":\"/task/update/289a0615-2071-41aa-8b1d-849f7c41231e\",\"status\":200,\"content_length\":\"661\",\"response_time\":575.165}","timestamp":"2024-01-18 11:45:10.925 PM"}
{"id":"12345","level":"http","message":"\t{\"method\":\"GET\",\"url\":\"/logout\",\"status\":200,\"content_length\":\"60\",\"response_time\":21.439}","timestamp":"2024-01-18 11:46:20.253 PM"}
{"id":"12345","level":"http","message":"\t{\"method\":\"GET\",\"url\":\"/logs/all\",\"status\":200,\"content_length\":\"794180\",\"response_time\":420.171}","timestamp":"2024-01-18 11:46:40.702 PM"}
{"id":"12345","level":"http","message":"\t{\"method\":\"POST\",\"url\":\"/superuser/login\",\"status\":200,\"content_length\":\"351\",\"response_time\":67.93}","timestamp":"2024-01-18 11:48:36.784 PM"}
