{"id":"12345","level":"http","message":"\t{\"method\":\"POST\",\"url\":\"/superuser/login\",\"status\":200,\"content_length\":\"351\",\"response_time\":66.358}","timestamp":"2024-01-19 10:04:58.323 PM"}
{"id":"12345","level":"http","message":"\t{\"method\":\"PATCH\",\"url\":\"/user/update/8da27594-1e9b-4983-a709-10d51b58caf4\",\"status\":null,\"response_time\":null}","timestamp":"2024-01-19 10:05:01.380 PM"}
{"id":"12345","level":"http","message":"\t{\"method\":\"PATCH\",\"url\":\"/user/update/8da27594-1e9b-4983-a709-10d51b58caf4\",\"status\":null,\"response_time\":null}","timestamp":"2024-01-19 10:12:40.394 PM"}
{"id":"12345","level":"http","message":"\t{\"method\":\"POST\",\"url\":\"/superuser/login\",\"status\":200,\"content_length\":\"351\",\"response_time\":58.543}","timestamp":"2024-01-19 10:12:48.383 PM"}
{"id":"12345","level":"http","message":"\t{\"method\":\"PATCH\",\"url\":\"/user/update/8da27594-1e9b-4983-a709-10d51b58caf4\",\"status\":null,\"response_time\":null}","timestamp":"2024-01-19 10:14:26.156 PM"}
{"id":"12345","level":"http","message":"\t{\"method\":\"PATCH\",\"url\":\"/user/login\",\"status\":404,\"content_length\":151,\"response_time\":6.598}","timestamp":"2024-01-19 10:14:47.872 PM"}
{"id":"12345","level":"http","message":"\t{\"method\":\"POST\",\"url\":\"/user/login\",\"status\":200,\"content_length\":\"1127\",\"response_time\":136.581}","timestamp":"2024-01-19 10:14:52.975 PM"}
{"id":"12345","level":"http","message":"\t{\"method\":\"PATCH\",\"url\":\"/user/update/8da27594-1e9b-4983-a709-10d51b58caf4\",\"status\":403,\"content_length\":\"75\",\"response_time\":62.094}","timestamp":"2024-01-19 10:15:34.200 PM"}
{"id":"12345","level":"http","message":"\t{\"method\":\"POST\",\"url\":\"/superuser/login\",\"status\":200,\"content_length\":\"351\",\"response_time\":65.767}","timestamp":"2024-01-19 10:15:38.150 PM"}
{"id":"12345","level":"http","message":"\t{\"method\":\"PATCH\",\"url\":\"/user/update/8da27594-1e9b-4983-a709-10d51b58caf4\",\"status\":200,\"content_length\":\"1127\",\"response_time\":354.268}","timestamp":"2024-01-19 10:16:41.537 PM"}
{"id":"12345","level":"http","message":"\t{\"method\":\"PATCH\",\"url\":\"/user/update/8da27594-1e9b-4983-a709-10d51b58caf4\",\"status\":200,\"content_length\":\"1128\",\"response_time\":199.761}","timestamp":"2024-01-19 10:16:52.525 PM"}
{"id":"12345","level":"http","message":"\t{\"method\":\"PATCH\",\"url\":\"/user/update/8da27594-1e9b-4983-a709-10d51b58caf4\",\"status\":200,\"content_length\":\"1128\",\"response_time\":321.964}","timestamp":"2024-01-19 10:18:27.150 PM"}
{"id":"12345","level":"http","message":"\t{\"method\":\"PATCH\",\"url\":\"/user/update/8da27594-1e9b-4983-a709-10d51b58caf4\",\"status\":200,\"content_length\":\"1128\",\"response_time\":551.654}","timestamp":"2024-01-19 10:23:09.469 PM"}
{"id":"12345","level":"http","message":"\t{\"method\":\"PATCH\",\"url\":\"/user/update/8da27594-1e9b-4983-a709-10d51b58caf4\",\"status\":200,\"content_length\":\"1069\",\"response_time\":182.48}","timestamp":"2024-01-19 10:23:32.583 PM"}
{"id":"12345","level":"http","message":"\t{\"method\":\"PATCH\",\"url\":\"/user/update/8da27594-1e9b-4983-a709-10d51b58caf4\",\"status\":200,\"content_length\":\"1069\",\"response_time\":358.183}","timestamp":"2024-01-19 10:26:15.250 PM"}
{"id":"12345","level":"http","message":"\t{\"method\":\"PATCH\",\"url\":\"/user/update/8da27594-1e9b-4983-a709-10d51b58caf4\",\"status\":200,\"content_length\":\"1069\",\"response_time\":301.634}","timestamp":"2024-01-19 10:27:27.465 PM"}
{"id":"12345","level":"http","message":"\t{\"method\":\"PATCH\",\"url\":\"/user/update/8da27594-1e9b-4983-a709-10d51b58caf4\",\"status\":200,\"content_length\":\"1069\",\"response_time\":219.928}","timestamp":"2024-01-19 10:27:53.890 PM"}
{"id":"12345","level":"http","message":"\t{\"method\":\"PATCH\",\"url\":\"/user/update/8da27594-1e9b-4983-a709-10d51b58caf4\",\"status\":200,\"content_length\":\"1069\",\"response_time\":278.051}","timestamp":"2024-01-19 10:28:25.013 PM"}
{"id":"12345","level":"http","message":"\t{\"method\":\"PATCH\",\"url\":\"/user/update/8da27594-1e9b-4983-a709-10d51b58caf4\",\"status\":200,\"content_length\":\"1069\",\"response_time\":173.773}","timestamp":"2024-01-19 10:28:39.210 PM"}
{"id":"12345","level":"http","message":"\t{\"method\":\"PATCH\",\"url\":\"/user/update/8da27594-1e9b-4983-a709-10d51b58caf4\",\"status\":200,\"content_length\":\"1068\",\"response_time\":533.099}","timestamp":"2024-01-19 10:29:39.405 PM"}
{"id":"12345","level":"http","message":"\t{\"method\":\"PATCH\",\"url\":\"/user/update/8da27594-1e9b-4983-a709-10d51b58caf4\",\"status\":200,\"content_length\":\"1069\",\"response_time\":235.688}","timestamp":"2024-01-19 10:29:51.807 PM"}
{"id":"12345","level":"http","message":"\t{\"method\":\"PATCH\",\"url\":\"/user/update/8da27594-1e9b-4983-a709-10d51b58caf4\",\"status\":200,\"content_length\":\"1069\",\"response_time\":268.173}","timestamp":"2024-01-19 10:33:40.309 PM"}
{"id":"12345","level":"http","message":"\t{\"method\":\"PATCH\",\"url\":\"/user/update/8da27594-1e9b-4983-a709-10d51b58caf4\",\"status\":200,\"content_length\":\"1069\",\"response_time\":317.032}","timestamp":"2024-01-19 10:35:34.251 PM"}
{"id":"12345","level":"http","message":"\t{\"method\":\"PATCH\",\"url\":\"/user/update/8da27594-1e9b-4983-a709-10d51b58caf4\",\"status\":200,\"content_length\":\"1128\",\"response_time\":175.583}","timestamp":"2024-01-19 10:35:43.773 PM"}
{"id":"12345","level":"http","message":"\t{\"method\":\"PATCH\",\"url\":\"/user/update/8da27594-1e9b-4983-a709-10d51b58caf4\",\"status\":200,\"content_length\":\"1128\",\"response_time\":309.498}","timestamp":"2024-01-19 10:36:26.366 PM"}
{"id":"12345","level":"http","message":"\t{\"method\":\"POST\",\"url\":\"/user/login\",\"status\":200,\"content_length\":\"1128\",\"response_time\":261.485}","timestamp":"2024-01-19 10:39:19.714 PM"}
{"id":"12345","level":"http","message":"\t{\"method\":\"GET\",\"url\":\"/logs/all\",\"status\":200,\"content_length\":\"1483057\",\"response_time\":373.986}","timestamp":"2024-01-19 10:40:21.020 PM"}
{"id":"12345","level":"http","message":"\t{\"method\":\"POST\",\"url\":\"/user/login\",\"status\":200,\"content_length\":\"1128\",\"response_time\":174.732}","timestamp":"2024-01-19 10:42:39.898 PM"}
{"id":"12345","level":"http","message":"\t{\"method\":\"GET\",\"url\":\"/logs/all\",\"status\":200,\"content_length\":\"1484138\",\"response_time\":345.304}","timestamp":"2024-01-19 10:42:46.931 PM"}
{"id":"12345","level":"http","message":"\t{\"method\":\"GET\",\"url\":\"/user/a4c5182f-7801-4a95-90e8-d2c3c68c5ad6\",\"status\":500,\"content_length\":\"27\",\"response_time\":74.158}","timestamp":"2024-01-19 10:44:03.889 PM"}
{"id":"12345","level":"http","message":"\t{\"method\":\"POST\",\"url\":\"/superuser/login\",\"status\":200,\"content_length\":\"351\",\"response_time\":68.368}","timestamp":"2024-01-19 10:44:22.553 PM"}
{"id":"12345","level":"http","message":"\t{\"method\":\"GET\",\"url\":\"/user/a4c5182f-7801-4a95-90e8-d2c3c68c5ad6\",\"status\":500,\"content_length\":\"120\",\"response_time\":71.409}","timestamp":"2024-01-19 10:44:27.680 PM"}
{"id":"12345","level":"http","message":"\t{\"method\":\"GET\",\"url\":\"/user/a4c5182f-7801-4a95-90e8-d2c3c68c5ad6\",\"status\":500,\"content_length\":\"120\",\"response_time\":144.765}","timestamp":"2024-01-19 10:50:09.926 PM"}
{"id":"12345","level":"http","message":"\t{\"method\":\"POST\",\"url\":\"/user/login\",\"status\":200,\"content_length\":\"1128\",\"response_time\":219.416}","timestamp":"2024-01-19 10:50:14.415 PM"}
{"id":"12345","level":"http","message":"\t{\"method\":\"GET\",\"url\":\"/user/a4c5182f-7801-4a95-90e8-d2c3c68c5ad6\",\"status\":500,\"content_length\":\"27\",\"response_time\":71.582}","timestamp":"2024-01-19 10:50:18.039 PM"}
