{"id":"12345","level":"info","message":"\tConnection to redis server successful","service":"engine-service","timestamp":"2024-01-18 11:00:41.559 PM"}
{"id":"12345","level":"info","message":"\tdata connection established successfully","service":"engine-service","timestamp":"2024-01-18 11:00:44.234 PM"}
{"id":"12345","level":"info","message":"\tdatabase Initialized","service":"engine-service","timestamp":"2024-01-18 11:00:44.911 PM"}
{"id":"12345","level":"info","message":"\t[SERVER]: Server is up and running at http://localhost:5000","service":"engine-service","timestamp":"2024-01-18 11:00:44.916 PM"}
{"id":"12345","level":"http","message":"\t{\"method\":\"GET\",\"url\":\"/logs/all\",\"status\":200,\"content_length\":\"739785\",\"response_time\":554.952}","timestamp":"2024-01-18 11:08:31.738 PM"}
{"id":"12345","level":"http","message":"\t{\"method\":\"GET\",\"url\":\"/logs/all\",\"status\":200,\"content_length\":\"740053\",\"response_time\":317.213}","timestamp":"2024-01-18 11:08:46.243 PM"}
{"id":"12345","level":"warn","message":"\tUnknown User tried to access /report/all","service":"auth-service","stack":"Error: Unknown User tried to access /report/all\n    at authSession (file:///mnt/c/Users/user/gmn/project/oga_boss/server/dist/common/middlewares/isAuthenticated.middleware.js:9:37)\n    at Layer.handle [as handle_request] (/mnt/c/Users/user/gmn/project/oga_boss/server/node_modules/express/lib/router/layer.js:95:5)\n    at next (/mnt/c/Users/user/gmn/project/oga_boss/server/node_modules/express/lib/router/route.js:144:13)\n    at Route.dispatch (/mnt/c/Users/user/gmn/project/oga_boss/server/node_modules/express/lib/router/route.js:114:3)\n    at Layer.handle [as handle_request] (/mnt/c/Users/user/gmn/project/oga_boss/server/node_modules/express/lib/router/layer.js:95:5)\n    at /mnt/c/Users/user/gmn/project/oga_boss/server/node_modules/express/lib/router/index.js:284:15\n    at Function.process_params (/mnt/c/Users/user/gmn/project/oga_boss/server/node_modules/express/lib/router/index.js:346:12)\n    at next (/mnt/c/Users/user/gmn/project/oga_boss/server/node_modules/express/lib/router/index.js:280:10)\n    at Function.handle (/mnt/c/Users/user/gmn/project/oga_boss/server/node_modules/express/lib/router/index.js:175:3)\n    at router (/mnt/c/Users/user/gmn/project/oga_boss/server/node_modules/express/lib/router/index.js:47:12)","timestamp":"2024-01-18 11:09:18.164 PM"}
{"id":"12345","level":"http","message":"\t{\"method\":\"GET\",\"url\":\"/report/all\",\"status\":401,\"content_length\":\"49\",\"response_time\":32.289}","timestamp":"2024-01-18 11:09:18.172 PM"}
{"id":"12345","level":"http","message":"\t{\"method\":\"GET\",\"url\":\"/logs/all\",\"status\":200,\"content_length\":\"742081\",\"response_time\":206.667}","timestamp":"2024-01-18 11:09:22.274 PM"}
{"id":"12345","level":"warn","message":"\tUnknown User tried to access /superuser/all","service":"auth-service","stack":"Error: Unknown User tried to access /superuser/all\n    at authSession (file:///mnt/c/Users/user/gmn/project/oga_boss/server/dist/common/middlewares/isAuthenticated.middleware.js:9:37)\n    at Layer.handle [as handle_request] (/mnt/c/Users/user/gmn/project/oga_boss/server/node_modules/express/lib/router/layer.js:95:5)\n    at next (/mnt/c/Users/user/gmn/project/oga_boss/server/node_modules/express/lib/router/route.js:144:13)\n    at Route.dispatch (/mnt/c/Users/user/gmn/project/oga_boss/server/node_modules/express/lib/router/route.js:114:3)\n    at Layer.handle [as handle_request] (/mnt/c/Users/user/gmn/project/oga_boss/server/node_modules/express/lib/router/layer.js:95:5)\n    at /mnt/c/Users/user/gmn/project/oga_boss/server/node_modules/express/lib/router/index.js:284:15\n    at param (/mnt/c/Users/user/gmn/project/oga_boss/server/node_modules/express/lib/router/index.js:365:14)\n    at param (/mnt/c/Users/user/gmn/project/oga_boss/server/node_modules/express/lib/router/index.js:376:14)\n    at Function.process_params (/mnt/c/Users/user/gmn/project/oga_boss/server/node_modules/express/lib/router/index.js:421:3)\n    at next (/mnt/c/Users/user/gmn/project/oga_boss/server/node_modules/express/lib/router/index.js:280:10)","timestamp":"2024-01-18 11:14:35.180 PM"}
{"id":"12345","level":"http","message":"\t{\"method\":\"GET\",\"url\":\"/superuser/all\",\"status\":401,\"content_length\":\"49\",\"response_time\":26.003}","timestamp":"2024-01-18 11:14:35.189 PM"}
{"id":"12345","level":"alert","message":"\tUser: 6308a111-bbb2-4a9f-a421-2b1a3648316b just logged in.","service":"superuser-service","timestamp":"2024-01-18 11:14:57.130 PM"}
{"id":"12345","level":"http","message":"\t{\"method\":\"POST\",\"url\":\"/superuser/login\",\"status\":200,\"content_length\":\"349\",\"response_time\":452.657}","timestamp":"2024-01-18 11:14:57.178 PM"}
{"id":"12345","level":"alert","message":"\tsession token created for user: 6308a111-bbb2-4a9f-a421-2b1a3648316b","service":"6308a111-bbb2-4a9f-a421-2b1a3648316b","timestamp":"2024-01-18 11:14:57.397 PM"}
{"id":"12345","level":"info","message":"\tUser: 6308a111-bbb2-4a9f-a421-2b1a3648316b just got authenticated","service":"6308a111-bbb2-4a9f-a421-2b1a3648316b","timestamp":"2024-01-18 11:15:13.308 PM"}
{"id":"12345","level":"info","message":"\tUser: 6308a111-bbb2-4a9f-a421-2b1a3648316b accessed the endpoint /superuser/ce7e4d14-a92d-4353-bb73-685689e674c5 as an admin","service":"6308a111-bbb2-4a9f-a421-2b1a3648316b","timestamp":"2024-01-18 11:15:13.323 PM"}
{"id":"12345","level":"warn","message":"\tAn unknown User tried to access info in ce7e4d14-a92d-4353-bb73-685689e674c5 server","service":"auth-service","stack":"Error: An unknown User tried to access info in ce7e4d14-a92d-4353-bb73-685689e674c5 server\n    at file:///mnt/c/Users/user/gmn/project/oga_boss/server/dist/common/middlewares/user.middleware.js:24:52\n    at Generator.next (<anonymous>)\n    at fulfilled (file:///mnt/c/Users/user/gmn/project/oga_boss/server/dist/common/middlewares/user.middleware.js:4:58)\n    at process.processTicksAndRejections (node:internal/process/task_queues:95:5)","timestamp":"2024-01-18 11:15:13.530 PM"}
{"id":"12345","level":"warn","message":"\tUser: 6308a111-bbb2-4a9f-a421-2b1a3648316b tried to access endpoint associated with User ce7e4d14-a92d-4353-bb73-685689e674c5","service":"[object Object]","timestamp":"2024-01-18 11:15:13.531 PM"}
{"id":"12345","level":"http","message":"\t{\"method\":\"GET\",\"url\":\"/superuser/ce7e4d14-a92d-4353-bb73-685689e674c5\",\"status\":500,\"content_length\":\"107\",\"response_time\":424.913}","timestamp":"2024-01-18 11:15:13.554 PM"}
{"id":"12345","level":"http","message":"\t{\"method\":\"GET\",\"url\":\"/logs/all\",\"status\":200,\"content_length\":\"746853\",\"response_time\":274.13}","timestamp":"2024-01-18 11:15:48.599 PM"}
{"id":"12345","level":"info","message":"\tConnection to redis server successful","service":"engine-service","timestamp":"2024-01-18 11:17:54.000 PM"}
{"id":"12345","level":"info","message":"\tdata connection established successfully","service":"engine-service","timestamp":"2024-01-18 11:17:54.579 PM"}
{"id":"12345","level":"info","message":"\tdatabase Initialized","service":"engine-service","timestamp":"2024-01-18 11:17:54.981 PM"}
{"id":"12345","level":"info","message":"\t[SERVER]: Server is up and running at http://localhost:5000","service":"engine-service","timestamp":"2024-01-18 11:17:54.984 PM"}
{"id":"12345","level":"http","message":"\t{\"method\":\"GET\",\"url\":\"/logs/all\",\"status\":200,\"content_length\":\"748020\",\"response_time\":209.268}","timestamp":"2024-01-18 11:17:59.135 PM"}
{"id":"12345","level":"info","message":"\tUser: 6308a111-bbb2-4a9f-a421-2b1a3648316b accessed the endpoint /superuser/ce7e4d14-a92d-4353-bb73-685689e674c5 as an admin","service":"6308a111-bbb2-4a9f-a421-2b1a3648316b","timestamp":"2024-01-18 11:18:21.869 PM"}
{"id":"12345","level":"warn","message":"\tAn unknown User tried to access info in ce7e4d14-a92d-4353-bb73-685689e674c5 server","service":"auth-service","stack":"Error: An unknown User tried to access info in ce7e4d14-a92d-4353-bb73-685689e674c5 server\n    at file:///mnt/c/Users/user/gmn/project/oga_boss/server/dist/common/middlewares/user.middleware.js:24:52\n    at Generator.next (<anonymous>)\n    at fulfilled (file:///mnt/c/Users/user/gmn/project/oga_boss/server/dist/common/middlewares/user.middleware.js:4:58)\n    at process.processTicksAndRejections (node:internal/process/task_queues:95:5)","timestamp":"2024-01-18 11:18:21.941 PM"}
{"id":"12345","level":"warn","message":"\tUser: 6308a111-bbb2-4a9f-a421-2b1a3648316b tried to access endpoint associated with User ce7e4d14-a92d-4353-bb73-685689e674c5","service":"[object Object]","timestamp":"2024-01-18 11:18:21.944 PM"}
{"id":"12345","level":"http","message":"\t{\"method\":\"GET\",\"url\":\"/superuser/ce7e4d14-a92d-4353-bb73-685689e674c5\",\"status\":500,\"content_length\":\"107\",\"response_time\":234.746}","timestamp":"2024-01-18 11:18:21.949 PM"}
{"id":"12345","level":"info","message":"\tUser: 6308a111-bbb2-4a9f-a421-2b1a3648316b just got authenticated","service":"6308a111-bbb2-4a9f-a421-2b1a3648316b","timestamp":"2024-01-18 11:18:22.077 PM"}
{"id":"12345","level":"info","message":"\tConnection to redis server successful","service":"engine-service","timestamp":"2024-01-18 11:19:12.777 PM"}
{"id":"12345","level":"info","message":"\tdata connection established successfully","service":"engine-service","timestamp":"2024-01-18 11:19:12.975 PM"}
{"id":"12345","level":"info","message":"\tdatabase Initialized","service":"engine-service","timestamp":"2024-01-18 11:19:13.156 PM"}
{"id":"12345","level":"info","message":"\t[SERVER]: Server is up and running at http://localhost:5000","service":"engine-service","timestamp":"2024-01-18 11:19:13.158 PM"}
{"id":"12345","level":"info","message":"\tConnection to redis server successful","service":"engine-service","timestamp":"2024-01-18 11:19:54.462 PM"}
{"id":"12345","level":"info","message":"\tdata connection established successfully","service":"engine-service","timestamp":"2024-01-18 11:19:54.632 PM"}
{"id":"12345","level":"info","message":"\tdatabase Initialized","service":"engine-service","timestamp":"2024-01-18 11:19:54.796 PM"}
{"id":"12345","level":"info","message":"\t[SERVER]: Server is up and running at http://localhost:5000","service":"engine-service","timestamp":"2024-01-18 11:19:54.798 PM"}
{"id":"12345","level":"info","message":"\tConnection to redis server successful","service":"engine-service","timestamp":"2024-01-18 11:20:33.624 PM"}
{"id":"12345","level":"info","message":"\tdata connection established successfully","service":"engine-service","timestamp":"2024-01-18 11:20:33.874 PM"}
{"id":"12345","level":"info","message":"\tdatabase Initialized","service":"engine-service","timestamp":"2024-01-18 11:20:34.274 PM"}
{"id":"12345","level":"info","message":"\t[SERVER]: Server is up and running at http://localhost:5000","service":"engine-service","timestamp":"2024-01-18 11:20:34.277 PM"}
{"id":"12345","level":"info","message":"\tConnection to redis server successful","service":"engine-service","timestamp":"2024-01-18 11:20:52.355 PM"}
{"id":"12345","level":"info","message":"\tdata connection established successfully","service":"engine-service","timestamp":"2024-01-18 11:20:52.534 PM"}
{"id":"12345","level":"info","message":"\tdatabase Initialized","service":"engine-service","timestamp":"2024-01-18 11:20:52.737 PM"}
{"id":"12345","level":"info","message":"\t[SERVER]: Server is up and running at http://localhost:5000","service":"engine-service","timestamp":"2024-01-18 11:20:52.741 PM"}
{"id":"12345","level":"info","message":"\tConnection to redis server successful","service":"engine-service","timestamp":"2024-01-18 11:21:00.246 PM"}
{"id":"12345","level":"info","message":"\tdata connection established successfully","service":"engine-service","timestamp":"2024-01-18 11:21:00.578 PM"}
{"id":"12345","level":"info","message":"\tdatabase Initialized","service":"engine-service","timestamp":"2024-01-18 11:21:00.754 PM"}
{"id":"12345","level":"info","message":"\t[SERVER]: Server is up and running at http://localhost:5000","service":"engine-service","timestamp":"2024-01-18 11:21:00.758 PM"}
{"id":"12345","level":"info","message":"\tConnection to redis server successful","service":"engine-service","timestamp":"2024-01-18 11:21:10.126 PM"}
{"id":"12345","level":"info","message":"\tdata connection established successfully","service":"engine-service","timestamp":"2024-01-18 11:21:10.297 PM"}
{"id":"12345","level":"info","message":"\tdatabase Initialized","service":"engine-service","timestamp":"2024-01-18 11:21:10.479 PM"}
{"id":"12345","level":"info","message":"\t[SERVER]: Server is up and running at http://localhost:5000","service":"engine-service","timestamp":"2024-01-18 11:21:10.482 PM"}
{"id":"12345","level":"info","message":"\tConnection to redis server successful","service":"engine-service","timestamp":"2024-01-18 11:21:44.625 PM"}
{"id":"12345","level":"info","message":"\tdata connection established successfully","service":"engine-service","timestamp":"2024-01-18 11:21:44.770 PM"}
{"id":"12345","level":"info","message":"\tdatabase Initialized","service":"engine-service","timestamp":"2024-01-18 11:21:44.918 PM"}
{"id":"12345","level":"info","message":"\t[SERVER]: Server is up and running at http://localhost:5000","service":"engine-service","timestamp":"2024-01-18 11:21:44.921 PM"}
{"id":"12345","level":"info","message":"\tConnection to redis server successful","service":"engine-service","timestamp":"2024-01-18 11:22:16.696 PM"}
{"id":"12345","level":"info","message":"\tdata connection established successfully","service":"engine-service","timestamp":"2024-01-18 11:22:17.076 PM"}
{"id":"12345","level":"info","message":"\tdatabase Initialized","service":"engine-service","timestamp":"2024-01-18 11:22:17.250 PM"}
{"id":"12345","level":"info","message":"\t[SERVER]: Server is up and running at http://localhost:5000","service":"engine-service","timestamp":"2024-01-18 11:22:17.254 PM"}
{"id":"12345","level":"info","message":"\tUser: 6308a111-bbb2-4a9f-a421-2b1a3648316b accessed the endpoint /superuser/ce7e4d14-a92d-4353-bb73-685689e674c5 as an admin","service":"6308a111-bbb2-4a9f-a421-2b1a3648316b","timestamp":"2024-01-18 11:22:20.579 PM"}
{"id":"12345","level":"warn","message":"\tAn unknown User tried to access info in ce7e4d14-a92d-4353-bb73-685689e674c5 server","service":"auth-service","stack":"Error: An unknown User tried to access info in ce7e4d14-a92d-4353-bb73-685689e674c5 server\n    at file:///mnt/c/Users/user/gmn/project/oga_boss/server/dist/common/middlewares/user.middleware.js:24:52\n    at Generator.next (<anonymous>)\n    at fulfilled (file:///mnt/c/Users/user/gmn/project/oga_boss/server/dist/common/middlewares/user.middleware.js:4:58)\n    at process.processTicksAndRejections (node:internal/process/task_queues:95:5)","timestamp":"2024-01-18 11:22:20.669 PM"}
{"id":"12345","level":"warn","message":"\tUser: 6308a111-bbb2-4a9f-a421-2b1a3648316b tried to access endpoint associated with User ce7e4d14-a92d-4353-bb73-685689e674c5","service":"[object Object]","timestamp":"2024-01-18 11:22:20.671 PM"}
{"id":"12345","level":"http","message":"\t{\"method\":\"GET\",\"url\":\"/superuser/ce7e4d14-a92d-4353-bb73-685689e674c5\",\"status\":500,\"content_length\":\"107\",\"response_time\":216.768}","timestamp":"2024-01-18 11:22:20.686 PM"}
{"id":"12345","level":"info","message":"\tUser: 6308a111-bbb2-4a9f-a421-2b1a3648316b just got authenticated","service":"6308a111-bbb2-4a9f-a421-2b1a3648316b","timestamp":"2024-01-18 11:22:20.825 PM"}
{"id":"12345","level":"info","message":"\tConnection to redis server successful","service":"engine-service","timestamp":"2024-01-18 11:23:13.422 PM"}
{"id":"12345","level":"info","message":"\tdata connection established successfully","service":"engine-service","timestamp":"2024-01-18 11:23:13.761 PM"}
{"id":"12345","level":"info","message":"\tdatabase Initialized","service":"engine-service","timestamp":"2024-01-18 11:23:14.287 PM"}
{"id":"12345","level":"info","message":"\t[SERVER]: Server is up and running at http://localhost:5000","service":"engine-service","timestamp":"2024-01-18 11:23:14.290 PM"}
{"id":"12345","level":"info","message":"\tConnection to redis server successful","service":"engine-service","timestamp":"2024-01-18 11:23:20.249 PM"}
{"id":"12345","level":"info","message":"\tdata connection established successfully","service":"engine-service","timestamp":"2024-01-18 11:23:20.404 PM"}
{"id":"12345","level":"info","message":"\tdatabase Initialized","service":"engine-service","timestamp":"2024-01-18 11:23:20.635 PM"}
{"id":"12345","level":"info","message":"\t[SERVER]: Server is up and running at http://localhost:5000","service":"engine-service","timestamp":"2024-01-18 11:23:20.637 PM"}
{"id":"12345","level":"info","message":"\tConnection to redis server successful","service":"engine-service","timestamp":"2024-01-18 11:23:39.834 PM"}
{"id":"12345","level":"info","message":"\tdata connection established successfully","service":"engine-service","timestamp":"2024-01-18 11:23:40.034 PM"}
{"id":"12345","level":"info","message":"\tdatabase Initialized","service":"engine-service","timestamp":"2024-01-18 11:23:40.125 PM"}
{"id":"12345","level":"info","message":"\t[SERVER]: Server is up and running at http://localhost:5000","service":"engine-service","timestamp":"2024-01-18 11:23:40.128 PM"}
{"id":"12345","level":"info","message":"\tConnection to redis server successful","service":"engine-service","timestamp":"2024-01-18 11:24:30.626 PM"}
{"id":"12345","level":"info","message":"\tConnection to redis server successful","service":"engine-service","timestamp":"2024-01-18 11:24:59.427 PM"}
{"id":"12345","level":"info","message":"\tdata connection established successfully","service":"engine-service","timestamp":"2024-01-18 11:24:59.732 PM"}
{"id":"12345","level":"info","message":"\tdatabase Initialized","service":"engine-service","timestamp":"2024-01-18 11:24:59.905 PM"}
{"id":"12345","level":"info","message":"\t[SERVER]: Server is up and running at http://localhost:5000","service":"engine-service","timestamp":"2024-01-18 11:24:59.908 PM"}
{"id":"12345","level":"info","message":"\tConnection to redis server successful","service":"engine-service","timestamp":"2024-01-18 11:25:10.950 PM"}
{"id":"12345","level":"info","message":"\tdata connection established successfully","service":"engine-service","timestamp":"2024-01-18 11:25:11.099 PM"}
{"id":"12345","level":"info","message":"\tdatabase Initialized","service":"engine-service","timestamp":"2024-01-18 11:25:11.179 PM"}
{"id":"12345","level":"info","message":"\t[SERVER]: Server is up and running at http://localhost:5000","service":"engine-service","timestamp":"2024-01-18 11:25:11.182 PM"}
{"id":"12345","level":"info","message":"\tUser: 6308a111-bbb2-4a9f-a421-2b1a3648316b just got authenticated","service":"6308a111-bbb2-4a9f-a421-2b1a3648316b","timestamp":"2024-01-18 11:25:59.522 PM"}
{"id":"12345","level":"info","message":"\tUser: 6308a111-bbb2-4a9f-a421-2b1a3648316b accessed the endpoint /superuser/ce7e4d14-a92d-4353-bb73-685689e674c5 as an admin","service":"6308a111-bbb2-4a9f-a421-2b1a3648316b","timestamp":"2024-01-18 11:25:59.640 PM"}
{"id":"12345","level":"warn","message":"\tAn unknown User tried to access info in ce7e4d14-a92d-4353-bb73-685689e674c5 server","service":"auth-service","stack":"Error: An unknown User tried to access info in ce7e4d14-a92d-4353-bb73-685689e674c5 server\n    at file:///mnt/c/Users/user/gmn/project/oga_boss/server/dist/common/middlewares/user.middleware.js:24:45\n    at Generator.next (<anonymous>)\n    at fulfilled (file:///mnt/c/Users/user/gmn/project/oga_boss/server/dist/common/middlewares/user.middleware.js:4:58)\n    at process.processTicksAndRejections (node:internal/process/task_queues:95:5)","timestamp":"2024-01-18 11:25:59.792 PM"}
{"id":"12345","level":"http","message":"\t{\"method\":\"GET\",\"url\":\"/superuser/ce7e4d14-a92d-4353-bb73-685689e674c5\",\"status\":500,\"content_length\":\"107\",\"response_time\":450.56}","timestamp":"2024-01-18 11:25:59.820 PM"}
{"id":"12345","level":"info","message":"\tUser: 6308a111-bbb2-4a9f-a421-2b1a3648316b accessed the endpoint /superuser/%206308a111-bbb2-4a9f-a421-2b1a3648316b as an admin","service":"6308a111-bbb2-4a9f-a421-2b1a3648316b","timestamp":"2024-01-18 11:27:05.643 PM"}
{"id":"12345","level":"info","message":"\tUser: 6308a111-bbb2-4a9f-a421-2b1a3648316b just got authenticated","service":"6308a111-bbb2-4a9f-a421-2b1a3648316b","timestamp":"2024-01-18 11:27:05.660 PM"}
{"id":"12345","level":"warn","message":"\tAn unknown User tried to access info in  6308a111-bbb2-4a9f-a421-2b1a3648316b server","service":"auth-service","stack":"Error: An unknown User tried to access info in  6308a111-bbb2-4a9f-a421-2b1a3648316b server\n    at file:///mnt/c/Users/user/gmn/project/oga_boss/server/dist/common/middlewares/user.middleware.js:24:45\n    at Generator.next (<anonymous>)\n    at fulfilled (file:///mnt/c/Users/user/gmn/project/oga_boss/server/dist/common/middlewares/user.middleware.js:4:58)\n    at process.processTicksAndRejections (node:internal/process/task_queues:95:5)","timestamp":"2024-01-18 11:27:05.662 PM"}
{"id":"12345","level":"http","message":"\t{\"method\":\"GET\",\"url\":\"/superuser/%206308a111-bbb2-4a9f-a421-2b1a3648316b\",\"status\":500,\"content_length\":\"107\",\"response_time\":57.099}","timestamp":"2024-01-18 11:27:05.674 PM"}
{"id":"12345","level":"info","message":"\tUser: 6308a111-bbb2-4a9f-a421-2b1a3648316b accessed the endpoint /superuser/%206308a111-bbb2-4a9f-a421-2b1a3648316b as an admin","service":"6308a111-bbb2-4a9f-a421-2b1a3648316b","timestamp":"2024-01-18 11:27:17.058 PM"}
{"id":"12345","level":"warn","message":"\tAn unknown User tried to access info in  6308a111-bbb2-4a9f-a421-2b1a3648316b server","service":"auth-service","stack":"Error: An unknown User tried to access info in  6308a111-bbb2-4a9f-a421-2b1a3648316b server\n    at file:///mnt/c/Users/user/gmn/project/oga_boss/server/dist/common/middlewares/user.middleware.js:24:45\n    at Generator.next (<anonymous>)\n    at fulfilled (file:///mnt/c/Users/user/gmn/project/oga_boss/server/dist/common/middlewares/user.middleware.js:4:58)\n    at process.processTicksAndRejections (node:internal/process/task_queues:95:5)","timestamp":"2024-01-18 11:27:17.075 PM"}
{"id":"12345","level":"http","message":"\t{\"method\":\"GET\",\"url\":\"/superuser/%206308a111-bbb2-4a9f-a421-2b1a3648316b\",\"status\":500,\"content_length\":\"107\",\"response_time\":62.334}","timestamp":"2024-01-18 11:27:17.083 PM"}
{"id":"12345","level":"info","message":"\tUser: 6308a111-bbb2-4a9f-a421-2b1a3648316b just got authenticated","service":"6308a111-bbb2-4a9f-a421-2b1a3648316b","timestamp":"2024-01-18 11:27:17.118 PM"}
{"id":"12345","level":"alert","message":"\tUser: 6308a111-bbb2-4a9f-a421-2b1a3648316b just logged in.","service":"superuser-service","timestamp":"2024-01-18 11:27:31.661 PM"}
{"id":"12345","level":"http","message":"\t{\"method\":\"POST\",\"url\":\"/superuser/login\",\"status\":200,\"content_length\":\"349\",\"response_time\":201.299}","timestamp":"2024-01-18 11:27:31.666 PM"}
{"id":"12345","level":"alert","message":"\tsession token created for user: 6308a111-bbb2-4a9f-a421-2b1a3648316b","service":"6308a111-bbb2-4a9f-a421-2b1a3648316b","timestamp":"2024-01-18 11:27:31.725 PM"}
{"id":"12345","level":"http","message":"\t{\"method\":\"GET\",\"url\":\"/logs/all\",\"status\":200,\"content_length\":\"769598\",\"response_time\":276.064}","timestamp":"2024-01-18 11:27:44.095 PM"}
{"id":"12345","level":"info","message":"\tUser: 6308a111-bbb2-4a9f-a421-2b1a3648316b accessed the endpoint /superuser/%206308a111-bbb2-4a9f-a421-2b1a3648316b as an admin","service":"6308a111-bbb2-4a9f-a421-2b1a3648316b","timestamp":"2024-01-18 11:28:32.134 PM"}
{"id":"12345","level":"info","message":"\tUser: 6308a111-bbb2-4a9f-a421-2b1a3648316b just got authenticated","service":"6308a111-bbb2-4a9f-a421-2b1a3648316b","timestamp":"2024-01-18 11:28:32.178 PM"}
{"id":"12345","level":"warn","message":"\tAn unknown User tried to access info in  6308a111-bbb2-4a9f-a421-2b1a3648316b server","service":"auth-service","stack":"Error: An unknown User tried to access info in  6308a111-bbb2-4a9f-a421-2b1a3648316b server\n    at file:///mnt/c/Users/user/gmn/project/oga_boss/server/dist/common/middlewares/user.middleware.js:24:45\n    at Generator.next (<anonymous>)\n    at fulfilled (file:///mnt/c/Users/user/gmn/project/oga_boss/server/dist/common/middlewares/user.middleware.js:4:58)\n    at process.processTicksAndRejections (node:internal/process/task_queues:95:5)","timestamp":"2024-01-18 11:28:32.307 PM"}
{"id":"12345","level":"http","message":"\t{\"method\":\"GET\",\"url\":\"/superuser/%206308a111-bbb2-4a9f-a421-2b1a3648316b\",\"status\":500,\"content_length\":\"107\",\"response_time\":312.929}","timestamp":"2024-01-18 11:28:32.312 PM"}
{"id":"12345","level":"info","message":"\tUser: 6308a111-bbb2-4a9f-a421-2b1a3648316b accessed the endpoint /superuser/6308a111-bbb2-4a9f-a421-2b1a3648316b as an admin","service":"6308a111-bbb2-4a9f-a421-2b1a3648316b","timestamp":"2024-01-18 11:29:30.396 PM"}
{"id":"12345","level":"http","message":"\t{\"method\":\"GET\",\"url\":\"/superuser/6308a111-bbb2-4a9f-a421-2b1a3648316b\",\"status\":200,\"content_length\":\"349\",\"response_time\":171.171}","timestamp":"2024-01-18 11:29:30.422 PM"}
{"id":"12345","level":"info","message":"\tUser: 6308a111-bbb2-4a9f-a421-2b1a3648316b just got authenticated","service":"6308a111-bbb2-4a9f-a421-2b1a3648316b","timestamp":"2024-01-18 11:29:30.458 PM"}
{"id":"12345","level":"info","message":"\tConnection to redis server successful","service":"engine-service","timestamp":"2024-01-18 11:29:56.559 PM"}
{"id":"12345","level":"info","message":"\tdata connection established successfully","service":"engine-service","timestamp":"2024-01-18 11:29:56.729 PM"}
{"id":"12345","level":"info","message":"\tdatabase Initialized","service":"engine-service","timestamp":"2024-01-18 11:29:56.891 PM"}
{"id":"12345","level":"info","message":"\t[SERVER]: Server is up and running at http://localhost:5000","service":"engine-service","timestamp":"2024-01-18 11:29:56.893 PM"}
{"id":"12345","level":"info","message":"\tUser: 6308a111-bbb2-4a9f-a421-2b1a3648316b accessed the endpoint /superuser/6308a111-bbb2-4a9f-a421-2b1a3648316b as an admin","service":"6308a111-bbb2-4a9f-a421-2b1a3648316b","timestamp":"2024-01-18 11:29:59.974 PM"}
{"id":"12345","level":"info","message":"\tUser: 6308a111-bbb2-4a9f-a421-2b1a3648316b just got authenticated","service":"6308a111-bbb2-4a9f-a421-2b1a3648316b","timestamp":"2024-01-18 11:29:59.986 PM"}
{"id":"12345","level":"info","message":"\tSuperuser 6308a111-bbb2-4a9f-a421-2b1a3648316b retrieved by 6308a111-bbb2-4a9f-a421-2b1a3648316b","service":"6308a111-bbb2-4a9f-a421-2b1a3648316b","timestamp":"2024-01-18 11:29:59.993 PM"}
{"id":"12345","level":"http","message":"\t{\"method\":\"GET\",\"url\":\"/superuser/6308a111-bbb2-4a9f-a421-2b1a3648316b\",\"status\":200,\"content_length\":\"349\",\"response_time\":100.201}","timestamp":"2024-01-18 11:30:00.009 PM"}
{"id":"12345","level":"http","message":"\t{\"method\":\"GET\",\"url\":\"/logs/all\",\"status\":200,\"content_length\":\"774529\",\"response_time\":234.683}","timestamp":"2024-01-18 11:30:15.033 PM"}
{"id":"12345","level":"info","message":"\tConnection to redis server successful","service":"engine-service","timestamp":"2024-01-18 11:31:15.828 PM"}
{"id":"12345","level":"info","message":"\tdata connection established successfully","service":"engine-service","timestamp":"2024-01-18 11:31:16.109 PM"}
{"id":"12345","level":"info","message":"\tdatabase Initialized","service":"engine-service","timestamp":"2024-01-18 11:31:16.297 PM"}
{"id":"12345","level":"info","message":"\t[SERVER]: Server is up and running at http://localhost:5000","service":"engine-service","timestamp":"2024-01-18 11:31:16.301 PM"}
{"id":"12345","level":"info","message":"\tConnection to redis server successful","service":"engine-service","timestamp":"2024-01-18 11:31:39.175 PM"}
{"id":"12345","level":"info","message":"\tdata connection established successfully","service":"engine-service","timestamp":"2024-01-18 11:31:39.340 PM"}
{"id":"12345","level":"info","message":"\tdatabase Initialized","service":"engine-service","timestamp":"2024-01-18 11:31:39.685 PM"}
{"id":"12345","level":"info","message":"\t[SERVER]: Server is up and running at http://localhost:5000","service":"engine-service","timestamp":"2024-01-18 11:31:39.688 PM"}
{"id":"12345","level":"info","message":"\tConnection to redis server successful","service":"engine-service","timestamp":"2024-01-18 11:32:11.707 PM"}
{"id":"12345","level":"info","message":"\tdata connection established successfully","service":"engine-service","timestamp":"2024-01-18 11:32:12.181 PM"}
{"id":"12345","level":"info","message":"\tdatabase Initialized","service":"engine-service","timestamp":"2024-01-18 11:32:12.880 PM"}
{"id":"12345","level":"info","message":"\t[SERVER]: Server is up and running at http://localhost:5000","service":"engine-service","timestamp":"2024-01-18 11:32:12.883 PM"}
{"id":"12345","level":"info","message":"\tConnection to redis server successful","service":"engine-service","timestamp":"2024-01-18 11:32:27.125 PM"}
{"id":"12345","level":"info","message":"\tdata connection established successfully","service":"engine-service","timestamp":"2024-01-18 11:32:27.462 PM"}
{"id":"12345","level":"info","message":"\tdatabase Initialized","service":"engine-service","timestamp":"2024-01-18 11:32:27.567 PM"}
{"id":"12345","level":"info","message":"\t[SERVER]: Server is up and running at http://localhost:5000","service":"engine-service","timestamp":"2024-01-18 11:32:27.570 PM"}
{"id":"12345","level":"http","message":"\t{\"method\":\"GET\",\"url\":\"/logout\",\"status\":200,\"content_length\":\"60\",\"response_time\":81.539}","timestamp":"2024-01-18 11:33:51.562 PM"}
{"id":"12345","level":"info","message":"\tUser: 6308a111-bbb2-4a9f-a421-2b1a3648316b just got authenticated","service":"6308a111-bbb2-4a9f-a421-2b1a3648316b","timestamp":"2024-01-18 11:33:51.600 PM"}
{"id":"12345","level":"alert","message":"\tuser: 6308a111-bbb2-4a9f-a421-2b1a3648316b just logged out","service":"6308a111-bbb2-4a9f-a421-2b1a3648316b","timestamp":"2024-01-18 11:33:51.604 PM"}
{"id":"12345","level":"http","message":"\t{\"method\":\"POST\",\"url\":\"/superuser/login\",\"status\":500,\"content_length\":1508,\"response_time\":163.819}","timestamp":"2024-01-18 11:35:41.684 PM"}
{"id":"12345","level":"error","message":"\tCould not find any user with username: alx01","service":"superuser-service","timestamp":"2024-01-18 11:36:25.912 PM"}
{"id":"12345","level":"http","message":"\t{\"method\":\"POST\",\"url\":\"/superuser/login\",\"status\":400,\"content_length\":\"83\",\"response_time\":91.719}","timestamp":"2024-01-18 11:36:25.918 PM"}
{"id":"12345","level":"alert","message":"\tUser: 5d298057-5818-4461-944f-6531af9f56b9 just logged in.","service":"superuser-service","timestamp":"2024-01-18 11:36:41.906 PM"}
{"id":"12345","level":"alert","message":"\tsession token created for user: 5d298057-5818-4461-944f-6531af9f56b9","service":"5d298057-5818-4461-944f-6531af9f56b9","timestamp":"2024-01-18 11:36:41.912 PM"}
{"id":"12345","level":"http","message":"\t{\"method\":\"POST\",\"url\":\"/superuser/login\",\"status\":200,\"content_length\":\"351\",\"response_time\":104.985}","timestamp":"2024-01-18 11:36:41.917 PM"}
{"id":"12345","level":"info","message":"\tUser: 5d298057-5818-4461-944f-6531af9f56b9 accessed the endpoint /superuser/6308a111-bbb2-4a9f-a421-2b1a3648316b as an admin","service":"5d298057-5818-4461-944f-6531af9f56b9","timestamp":"2024-01-18 11:37:17.429 PM"}
{"id":"12345","level":"info","message":"\tUser: 5d298057-5818-4461-944f-6531af9f56b9 just got authenticated","service":"5d298057-5818-4461-944f-6531af9f56b9","timestamp":"2024-01-18 11:37:17.440 PM"}
{"id":"12345","level":"warn","message":"\tUser: 5d298057-5818-4461-944f-6531af9f56b9 tried to access endpoint associated with User 6308a111-bbb2-4a9f-a421-2b1a3648316b","service":"6308a111-bbb2-4a9f-a421-2b1a3648316b","timestamp":"2024-01-18 11:37:17.446 PM"}
{"id":"12345","level":"http","message":"\t{\"method\":\"GET\",\"url\":\"/superuser/6308a111-bbb2-4a9f-a421-2b1a3648316b\",\"status\":500,\"content_length\":\"107\",\"response_time\":49.617}","timestamp":"2024-01-18 11:37:17.449 PM"}
{"id":"12345","level":"info","message":"\tUser: 5d298057-5818-4461-944f-6531af9f56b9 just got authenticated","service":"5d298057-5818-4461-944f-6531af9f56b9","timestamp":"2024-01-18 11:38:54.992 PM"}
{"id":"12345","level":"info","message":"\tAll tasks in server 5d298057-5818-4461-944f-6531af9f56b9 accessed by User 5d298057-5818-4461-944f-6531af9f56b9","service":"5d298057-5818-4461-944f-6531af9f56b9","timestamp":"2024-01-18 11:38:55.118 PM"}
{"id":"12345","level":"http","message":"\t{\"method\":\"GET\",\"url\":\"/task/all\",\"status\":200,\"content_length\":\"25\",\"response_time\":173.343}","timestamp":"2024-01-18 11:38:55.121 PM"}
{"id":"12345","level":"http","message":"\t{\"method\":\"GET\",\"url\":\"/logout\",\"status\":200,\"content_length\":\"60\",\"response_time\":28.649}","timestamp":"2024-01-18 11:39:22.179 PM"}
{"id":"12345","level":"alert","message":"\tuser: 5d298057-5818-4461-944f-6531af9f56b9 just logged out","service":"5d298057-5818-4461-944f-6531af9f56b9","timestamp":"2024-01-18 11:39:22.248 PM"}
{"id":"12345","level":"info","message":"\tUser: 5d298057-5818-4461-944f-6531af9f56b9 just got authenticated","service":"5d298057-5818-4461-944f-6531af9f56b9","timestamp":"2024-01-18 11:39:22.372 PM"}
{"id":"12345","level":"alert","message":"\tUser: 6308a111-bbb2-4a9f-a421-2b1a3648316b just logged in.","service":"superuser-service","timestamp":"2024-01-18 11:39:26.419 PM"}
{"id":"12345","level":"alert","message":"\tsession token created for user: 6308a111-bbb2-4a9f-a421-2b1a3648316b","service":"6308a111-bbb2-4a9f-a421-2b1a3648316b","timestamp":"2024-01-18 11:39:26.432 PM"}
{"id":"12345","level":"http","message":"\t{\"method\":\"POST\",\"url\":\"/superuser/login\",\"status\":200,\"content_length\":\"349\",\"response_time\":81.346}","timestamp":"2024-01-18 11:39:26.436 PM"}
{"id":"12345","level":"info","message":"\tUser: 6308a111-bbb2-4a9f-a421-2b1a3648316b just got authenticated","service":"6308a111-bbb2-4a9f-a421-2b1a3648316b","timestamp":"2024-01-18 11:39:32.800 PM"}
{"id":"12345","level":"info","message":"\tAll tasks in server 6308a111-bbb2-4a9f-a421-2b1a3648316b accessed by User 6308a111-bbb2-4a9f-a421-2b1a3648316b","service":"6308a111-bbb2-4a9f-a421-2b1a3648316b","timestamp":"2024-01-18 11:39:32.919 PM"}
{"id":"12345","level":"http","message":"\t{\"method\":\"GET\",\"url\":\"/task/all\",\"status\":200,\"content_length\":\"612\",\"response_time\":144.431}","timestamp":"2024-01-18 11:39:32.927 PM"}
{"id":"12345","level":"http","message":"\t{\"method\":\"GET\",\"url\":\"/logout\",\"status\":200,\"content_length\":\"60\",\"response_time\":19.545}","timestamp":"2024-01-18 11:39:51.248 PM"}
{"id":"12345","level":"info","message":"\tUser: 6308a111-bbb2-4a9f-a421-2b1a3648316b just got authenticated","service":"6308a111-bbb2-4a9f-a421-2b1a3648316b","timestamp":"2024-01-18 11:39:51.331 PM"}
{"id":"12345","level":"alert","message":"\tuser: 6308a111-bbb2-4a9f-a421-2b1a3648316b just logged out","service":"6308a111-bbb2-4a9f-a421-2b1a3648316b","timestamp":"2024-01-18 11:39:51.655 PM"}
{"id":"12345","level":"alert","message":"\tUser: 5d298057-5818-4461-944f-6531af9f56b9 just logged in.","service":"superuser-service","timestamp":"2024-01-18 11:39:54.487 PM"}
{"id":"12345","level":"http","message":"\t{\"method\":\"POST\",\"url\":\"/superuser/login\",\"status\":200,\"content_length\":\"351\",\"response_time\":81.724}","timestamp":"2024-01-18 11:39:54.494 PM"}
{"id":"12345","level":"alert","message":"\tsession token created for user: 5d298057-5818-4461-944f-6531af9f56b9","service":"5d298057-5818-4461-944f-6531af9f56b9","timestamp":"2024-01-18 11:39:54.621 PM"}
{"id":"12345","level":"warn","message":"\tUser 5d298057-5818-4461-944f-6531af9f56b9 tried to access an unauthorized task 289a0615-2071-41aa-8b1d-849f7c41231e","service":"6308a111-bbb2-4a9f-a421-2b1a3648316b","timestamp":"2024-01-18 11:40:03.837 PM"}
{"id":"12345","level":"info","message":"\tUser: 5d298057-5818-4461-944f-6531af9f56b9 just got authenticated","service":"5d298057-5818-4461-944f-6531af9f56b9","timestamp":"2024-01-18 11:40:03.845 PM"}
{"id":"12345","level":"http","message":"\t{\"method\":\"GET\",\"url\":\"/task/289a0615-2071-41aa-8b1d-849f7c41231e\",\"status\":500,\"content_length\":\"106\",\"response_time\":73.833}","timestamp":"2024-01-18 11:40:03.850 PM"}
{"id":"12345","level":"http","message":"\t{\"method\":\"GET\",\"url\":\"/logout\",\"status\":200,\"content_length\":\"60\",\"response_time\":18.483}","timestamp":"2024-01-18 11:42:33.600 PM"}
{"id":"12345","level":"info","message":"\tUser: 5d298057-5818-4461-944f-6531af9f56b9 just got authenticated","service":"5d298057-5818-4461-944f-6531af9f56b9","timestamp":"2024-01-18 11:42:33.626 PM"}
{"id":"12345","level":"alert","message":"\tuser: 5d298057-5818-4461-944f-6531af9f56b9 just logged out","service":"5d298057-5818-4461-944f-6531af9f56b9","timestamp":"2024-01-18 11:42:33.729 PM"}
{"id":"12345","level":"alert","message":"\tsession token created for user: 6308a111-bbb2-4a9f-a421-2b1a3648316b","service":"6308a111-bbb2-4a9f-a421-2b1a3648316b","timestamp":"2024-01-18 11:42:43.968 PM"}
{"id":"12345","level":"alert","message":"\tUser: 6308a111-bbb2-4a9f-a421-2b1a3648316b just logged in.","service":"superuser-service","timestamp":"2024-01-18 11:42:43.973 PM"}
{"id":"12345","level":"http","message":"\t{\"method\":\"POST\",\"url\":\"/superuser/login\",\"status\":200,\"content_length\":\"349\",\"response_time\":109.897}","timestamp":"2024-01-18 11:42:43.978 PM"}
{"id":"12345","level":"info","message":"\tUser: 6308a111-bbb2-4a9f-a421-2b1a3648316b just got authenticated","service":"6308a111-bbb2-4a9f-a421-2b1a3648316b","timestamp":"2024-01-18 11:42:59.988 PM"}
{"id":"12345","level":"info","message":"\tAll tasks in server 6308a111-bbb2-4a9f-a421-2b1a3648316b accessed by User 6308a111-bbb2-4a9f-a421-2b1a3648316b","service":"6308a111-bbb2-4a9f-a421-2b1a3648316b","timestamp":"2024-01-18 11:42:59.999 PM"}
{"id":"12345","level":"http","message":"\t{\"method\":\"GET\",\"url\":\"/task/all\",\"status\":200,\"content_length\":\"612\",\"response_time\":60.73}","timestamp":"2024-01-18 11:43:00.001 PM"}
{"id":"12345","level":"http","message":"\t{\"method\":\"GET\",\"url\":\"/logout\",\"status\":200,\"content_length\":\"60\",\"response_time\":20.487}","timestamp":"2024-01-18 11:43:20.153 PM"}
{"id":"12345","level":"info","message":"\tUser: 6308a111-bbb2-4a9f-a421-2b1a3648316b just got authenticated","service":"6308a111-bbb2-4a9f-a421-2b1a3648316b","timestamp":"2024-01-18 11:43:20.178 PM"}
{"id":"12345","level":"alert","message":"\tuser: 6308a111-bbb2-4a9f-a421-2b1a3648316b just logged out","service":"6308a111-bbb2-4a9f-a421-2b1a3648316b","timestamp":"2024-01-18 11:43:20.180 PM"}
{"id":"12345","level":"alert","message":"\tsession token created for user: 5d298057-5818-4461-944f-6531af9f56b9","service":"5d298057-5818-4461-944f-6531af9f56b9","timestamp":"2024-01-18 11:43:23.215 PM"}
{"id":"12345","level":"alert","message":"\tUser: 5d298057-5818-4461-944f-6531af9f56b9 just logged in.","service":"superuser-service","timestamp":"2024-01-18 11:43:23.218 PM"}
{"id":"12345","level":"http","message":"\t{\"method\":\"POST\",\"url\":\"/superuser/login\",\"status\":200,\"content_length\":\"351\",\"response_time\":70.889}","timestamp":"2024-01-18 11:43:23.223 PM"}
{"id":"12345","level":"http","message":"\t{\"method\":\"PATCH\",\"url\":\"/task/289a0615-2071-41aa-8b1d-849f7c41231e\",\"status\":404,\"content_length\":182,\"response_time\":5.001}","timestamp":"2024-01-18 11:44:37.045 PM"}
{"id":"12345","level":"info","message":"\tUser: 5d298057-5818-4461-944f-6531af9f56b9 accessed the endpoint /task/update/289a0615-2071-41aa-8b1d-849f7c41231e as an admin","service":"5d298057-5818-4461-944f-6531af9f56b9","timestamp":"2024-01-18 11:45:10.374 PM"}
{"id":"12345","level":"info","message":"\tUser: 5d298057-5818-4461-944f-6531af9f56b9 just got authenticated","service":"5d298057-5818-4461-944f-6531af9f56b9","timestamp":"2024-01-18 11:45:10.427 PM"}
{"id":"12345","level":"info","message":"\tUpdate on Task 289a0615-2071-41aa-8b1d-849f7c41231e performed by 5d298057-5818-4461-944f-6531af9f56b9","service":"6308a111-bbb2-4a9f-a421-2b1a3648316b","timestamp":"2024-01-18 11:45:10.920 PM"}
{"id":"12345","level":"http","message":"\t{\"method\":\"PATCH\",\"url\":\"/task/update/289a0615-2071-41aa-8b1d-849f7c41231e\",\"status\":200,\"content_length\":\"661\",\"response_time\":575.165}","timestamp":"2024-01-18 11:45:10.925 PM"}
{"id":"12345","level":"http","message":"\t{\"method\":\"GET\",\"url\":\"/logout\",\"status\":200,\"content_length\":\"60\",\"response_time\":21.439}","timestamp":"2024-01-18 11:46:20.253 PM"}
{"id":"12345","level":"info","message":"\tUser: 5d298057-5818-4461-944f-6531af9f56b9 just got authenticated","service":"5d298057-5818-4461-944f-6531af9f56b9","timestamp":"2024-01-18 11:46:20.286 PM"}
{"id":"12345","level":"alert","message":"\tuser: 5d298057-5818-4461-944f-6531af9f56b9 just logged out","service":"5d298057-5818-4461-944f-6531af9f56b9","timestamp":"2024-01-18 11:46:20.289 PM"}
{"id":"12345","level":"http","message":"\t{\"method\":\"GET\",\"url\":\"/logs/all\",\"status\":200,\"content_length\":\"794180\",\"response_time\":420.171}","timestamp":"2024-01-18 11:46:40.702 PM"}
{"id":"12345","level":"alert","message":"\tUser: 5d298057-5818-4461-944f-6531af9f56b9 just logged in.","service":"superuser-service","timestamp":"2024-01-18 11:48:36.776 PM"}
{"id":"12345","level":"http","message":"\t{\"method\":\"POST\",\"url\":\"/superuser/login\",\"status\":200,\"content_length\":\"351\",\"response_time\":67.93}","timestamp":"2024-01-18 11:48:36.784 PM"}
{"id":"12345","level":"alert","message":"\tsession token created for user: 5d298057-5818-4461-944f-6531af9f56b9","service":"5d298057-5818-4461-944f-6531af9f56b9","timestamp":"2024-01-18 11:48:36.788 PM"}
