{"id":"12345","level":"info","message":"\tConnection to redis server successful","service":"engine-service","timestamp":"2024-01-19 11:00:10.924 PM"}
{"id":"12345","level":"info","message":"\tdata connection established successfully","service":"engine-service","timestamp":"2024-01-19 11:00:11.081 PM"}
{"id":"12345","level":"info","message":"\tdatabase Initialized","service":"engine-service","timestamp":"2024-01-19 11:00:11.151 PM"}
{"id":"12345","level":"info","message":"\t[SERVER]: Server is up and running at http://localhost:5000","service":"engine-service","timestamp":"2024-01-19 11:00:11.153 PM"}
{"id":"12345","level":"info","message":"\tConnection to redis server successful","service":"engine-service","timestamp":"2024-01-19 11:00:45.196 PM"}
{"id":"12345","level":"info","message":"\tdata connection established successfully","service":"engine-service","timestamp":"2024-01-19 11:00:45.554 PM"}
{"id":"12345","level":"info","message":"\tdatabase Initialized","service":"engine-service","timestamp":"2024-01-19 11:00:45.790 PM"}
{"id":"12345","level":"info","message":"\t[SERVER]: Server is up and running at http://localhost:5000","service":"engine-service","timestamp":"2024-01-19 11:00:45.795 PM"}
{"id":"12345","level":"info","message":"\tConnection to redis server successful","service":"engine-service","timestamp":"2024-01-19 11:01:12.752 PM"}
{"id":"12345","level":"info","message":"\tdata connection established successfully","service":"engine-service","timestamp":"2024-01-19 11:01:12.927 PM"}
{"id":"12345","level":"info","message":"\tdatabase Initialized","service":"engine-service","timestamp":"2024-01-19 11:01:13.022 PM"}
{"id":"12345","level":"info","message":"\t[SERVER]: Server is up and running at http://localhost:5000","service":"engine-service","timestamp":"2024-01-19 11:01:13.024 PM"}
{"id":"12345","level":"info","message":"\tConnection to redis server successful","service":"engine-service","timestamp":"2024-01-19 11:01:29.048 PM"}
{"id":"12345","level":"info","message":"\tdata connection established successfully","service":"engine-service","timestamp":"2024-01-19 11:01:29.517 PM"}
{"id":"12345","level":"info","message":"\tdatabase Initialized","service":"engine-service","timestamp":"2024-01-19 11:01:29.754 PM"}
{"id":"12345","level":"info","message":"\t[SERVER]: Server is up and running at http://localhost:5000","service":"engine-service","timestamp":"2024-01-19 11:01:29.757 PM"}
{"id":"12345","level":"info","message":"\tConnection to redis server successful","service":"engine-service","timestamp":"2024-01-19 11:02:07.663 PM"}
{"id":"12345","level":"info","message":"\tdata connection established successfully","service":"engine-service","timestamp":"2024-01-19 11:02:07.848 PM"}
{"id":"12345","level":"info","message":"\tdatabase Initialized","service":"engine-service","timestamp":"2024-01-19 11:02:08.005 PM"}
{"id":"12345","level":"info","message":"\t[SERVER]: Server is up and running at http://localhost:5000","service":"engine-service","timestamp":"2024-01-19 11:02:08.011 PM"}
{"id":"12345","level":"info","message":"\tConnection to redis server successful","service":"engine-service","timestamp":"2024-01-19 11:02:24.244 PM"}
{"id":"12345","level":"info","message":"\tdata connection established successfully","service":"engine-service","timestamp":"2024-01-19 11:02:24.361 PM"}
{"id":"12345","level":"info","message":"\tdatabase Initialized","service":"engine-service","timestamp":"2024-01-19 11:02:24.425 PM"}
{"id":"12345","level":"info","message":"\t[SERVER]: Server is up and running at http://localhost:5000","service":"engine-service","timestamp":"2024-01-19 11:02:24.427 PM"}
{"id":"12345","level":"info","message":"\tConnection to redis server successful","service":"engine-service","timestamp":"2024-01-19 11:02:51.597 PM"}
{"id":"12345","level":"info","message":"\tdata connection established successfully","service":"engine-service","timestamp":"2024-01-19 11:02:51.924 PM"}
{"id":"12345","level":"info","message":"\tdatabase Initialized","service":"engine-service","timestamp":"2024-01-19 11:02:52.040 PM"}
{"id":"12345","level":"info","message":"\t[SERVER]: Server is up and running at http://localhost:5000","service":"engine-service","timestamp":"2024-01-19 11:02:52.044 PM"}
{"id":"12345","level":"info","message":"\tConnection to redis server successful","service":"engine-service","timestamp":"2024-01-19 11:02:58.663 PM"}
{"id":"12345","level":"info","message":"\tdata connection established successfully","service":"engine-service","timestamp":"2024-01-19 11:02:59.009 PM"}
{"id":"12345","level":"info","message":"\tdatabase Initialized","service":"engine-service","timestamp":"2024-01-19 11:02:59.161 PM"}
{"id":"12345","level":"info","message":"\t[SERVER]: Server is up and running at http://localhost:5000","service":"engine-service","timestamp":"2024-01-19 11:02:59.165 PM"}
{"id":"12345","level":"info","message":"\tConnection to redis server successful","service":"engine-service","timestamp":"2024-01-19 11:03:32.026 PM"}
{"id":"12345","level":"info","message":"\tdata connection established successfully","service":"engine-service","timestamp":"2024-01-19 11:03:32.275 PM"}
{"id":"12345","level":"info","message":"\tdatabase Initialized","service":"engine-service","timestamp":"2024-01-19 11:03:32.376 PM"}
{"id":"12345","level":"info","message":"\t[SERVER]: Server is up and running at http://localhost:5000","service":"engine-service","timestamp":"2024-01-19 11:03:32.379 PM"}
{"id":"12345","level":"info","message":"\tConnection to redis server successful","service":"engine-service","timestamp":"2024-01-19 11:03:48.371 PM"}
{"id":"12345","level":"info","message":"\tdata connection established successfully","service":"engine-service","timestamp":"2024-01-19 11:03:48.561 PM"}
{"id":"12345","level":"info","message":"\tdatabase Initialized","service":"engine-service","timestamp":"2024-01-19 11:03:48.684 PM"}
{"id":"12345","level":"info","message":"\t[SERVER]: Server is up and running at http://localhost:5000","service":"engine-service","timestamp":"2024-01-19 11:03:48.686 PM"}
{"id":"12345","level":"info","message":"\tConnection to redis server successful","service":"engine-service","timestamp":"2024-01-19 11:05:45.487 PM"}
{"id":"12345","level":"info","message":"\tdata connection established successfully","service":"engine-service","timestamp":"2024-01-19 11:05:45.770 PM"}
{"id":"12345","level":"info","message":"\tdatabase Initialized","service":"engine-service","timestamp":"2024-01-19 11:05:45.889 PM"}
{"id":"12345","level":"info","message":"\t[SERVER]: Server is up and running at http://localhost:5000","service":"engine-service","timestamp":"2024-01-19 11:05:45.891 PM"}
{"id":"12345","level":"info","message":"\tConnection to redis server successful","service":"engine-service","timestamp":"2024-01-19 11:06:01.293 PM"}
{"id":"12345","level":"info","message":"\tdata connection established successfully","service":"engine-service","timestamp":"2024-01-19 11:06:01.610 PM"}
{"id":"12345","level":"info","message":"\tdatabase Initialized","service":"engine-service","timestamp":"2024-01-19 11:06:01.861 PM"}
{"id":"12345","level":"info","message":"\t[SERVER]: Server is up and running at http://localhost:5000","service":"engine-service","timestamp":"2024-01-19 11:06:01.865 PM"}
{"id":"12345","level":"info","message":"\tConnection to redis server successful","service":"engine-service","timestamp":"2024-01-19 11:06:06.910 PM"}
{"id":"12345","level":"info","message":"\tdata connection established successfully","service":"engine-service","timestamp":"2024-01-19 11:06:07.030 PM"}
{"id":"12345","level":"info","message":"\tdatabase Initialized","service":"engine-service","timestamp":"2024-01-19 11:06:07.099 PM"}
{"id":"12345","level":"info","message":"\t[SERVER]: Server is up and running at http://localhost:5000","service":"engine-service","timestamp":"2024-01-19 11:06:07.101 PM"}
{"id":"12345","level":"info","message":"\tConnection to redis server successful","service":"engine-service","timestamp":"2024-01-19 11:07:22.859 PM"}
{"id":"12345","level":"info","message":"\tdata connection established successfully","service":"engine-service","timestamp":"2024-01-19 11:07:23.010 PM"}
{"id":"12345","level":"info","message":"\tdatabase Initialized","service":"engine-service","timestamp":"2024-01-19 11:07:23.106 PM"}
{"id":"12345","level":"info","message":"\t[SERVER]: Server is up and running at http://localhost:5000","service":"engine-service","timestamp":"2024-01-19 11:07:23.110 PM"}
{"id":"12345","level":"info","message":"\tConnection to redis server successful","service":"engine-service","timestamp":"2024-01-19 11:07:31.422 PM"}
{"id":"12345","level":"info","message":"\tdata connection established successfully","service":"engine-service","timestamp":"2024-01-19 11:07:31.593 PM"}
{"id":"12345","level":"info","message":"\tdatabase Initialized","service":"engine-service","timestamp":"2024-01-19 11:07:31.678 PM"}
{"id":"12345","level":"info","message":"\t[SERVER]: Server is up and running at http://localhost:5000","service":"engine-service","timestamp":"2024-01-19 11:07:31.685 PM"}
{"id":"12345","level":"info","message":"\tConnection to redis server successful","service":"engine-service","timestamp":"2024-01-19 11:08:37.059 PM"}
{"id":"12345","level":"info","message":"\tdata connection established successfully","service":"engine-service","timestamp":"2024-01-19 11:08:37.183 PM"}
{"id":"12345","level":"info","message":"\tdatabase Initialized","service":"engine-service","timestamp":"2024-01-19 11:08:37.257 PM"}
{"id":"12345","level":"info","message":"\t[SERVER]: Server is up and running at http://localhost:5000","service":"engine-service","timestamp":"2024-01-19 11:08:37.259 PM"}
{"id":"12345","level":"info","message":"\tConnection to redis server successful","service":"engine-service","timestamp":"2024-01-19 11:08:50.103 PM"}
{"id":"12345","level":"info","message":"\tdata connection established successfully","service":"engine-service","timestamp":"2024-01-19 11:08:50.324 PM"}
{"id":"12345","level":"info","message":"\tdatabase Initialized","service":"engine-service","timestamp":"2024-01-19 11:08:50.474 PM"}
{"id":"12345","level":"info","message":"\t[SERVER]: Server is up and running at http://localhost:5000","service":"engine-service","timestamp":"2024-01-19 11:08:50.477 PM"}
{"id":"12345","level":"info","message":"\tConnection to redis server successful","service":"engine-service","timestamp":"2024-01-19 11:09:05.660 PM"}
{"id":"12345","level":"info","message":"\tdata connection established successfully","service":"engine-service","timestamp":"2024-01-19 11:09:05.865 PM"}
{"id":"12345","level":"info","message":"\tdatabase Initialized","service":"engine-service","timestamp":"2024-01-19 11:09:05.996 PM"}
{"id":"12345","level":"info","message":"\t[SERVER]: Server is up and running at http://localhost:5000","service":"engine-service","timestamp":"2024-01-19 11:09:05.999 PM"}
{"id":"12345","level":"info","message":"\tConnection to redis server successful","service":"engine-service","timestamp":"2024-01-19 11:09:15.782 PM"}
{"id":"12345","level":"info","message":"\tdata connection established successfully","service":"engine-service","timestamp":"2024-01-19 11:09:16.467 PM"}
{"id":"12345","level":"info","message":"\tConnection to redis server successful","service":"engine-service","timestamp":"2024-01-19 11:09:22.773 PM"}
{"id":"12345","level":"info","message":"\tConnection to redis server successful","service":"engine-service","timestamp":"2024-01-19 11:09:27.159 PM"}
{"id":"12345","level":"info","message":"\tdata connection established successfully","service":"engine-service","timestamp":"2024-01-19 11:09:27.475 PM"}
{"id":"12345","level":"info","message":"\tdatabase Initialized","service":"engine-service","timestamp":"2024-01-19 11:09:27.553 PM"}
{"id":"12345","level":"info","message":"\t[SERVER]: Server is up and running at http://localhost:5000","service":"engine-service","timestamp":"2024-01-19 11:09:27.556 PM"}
{"id":"12345","level":"info","message":"\tConnection to redis server successful","service":"engine-service","timestamp":"2024-01-19 11:10:08.212 PM"}
{"id":"12345","level":"info","message":"\tdata connection established successfully","service":"engine-service","timestamp":"2024-01-19 11:10:08.340 PM"}
{"id":"12345","level":"info","message":"\tdatabase Initialized","service":"engine-service","timestamp":"2024-01-19 11:10:08.418 PM"}
{"id":"12345","level":"info","message":"\t[SERVER]: Server is up and running at http://localhost:5000","service":"engine-service","timestamp":"2024-01-19 11:10:08.421 PM"}
{"id":"12345","level":"info","message":"\tConnection to redis server successful","service":"engine-service","timestamp":"2024-01-19 11:11:13.251 PM"}
{"id":"12345","level":"info","message":"\tdata connection established successfully","service":"engine-service","timestamp":"2024-01-19 11:11:13.449 PM"}
{"id":"12345","level":"info","message":"\tdatabase Initialized","service":"engine-service","timestamp":"2024-01-19 11:11:13.539 PM"}
{"id":"12345","level":"info","message":"\t[SERVER]: Server is up and running at http://localhost:5000","service":"engine-service","timestamp":"2024-01-19 11:11:13.541 PM"}
{"id":"12345","level":"info","message":"\tConnection to redis server successful","service":"engine-service","timestamp":"2024-01-19 11:11:58.223 PM"}
{"id":"12345","level":"info","message":"\tdata connection established successfully","service":"engine-service","timestamp":"2024-01-19 11:11:58.402 PM"}
{"id":"12345","level":"info","message":"\tdatabase Initialized","service":"engine-service","timestamp":"2024-01-19 11:11:58.496 PM"}
{"id":"12345","level":"info","message":"\t[SERVER]: Server is up and running at http://localhost:5000","service":"engine-service","timestamp":"2024-01-19 11:11:58.498 PM"}
{"id":"12345","level":"info","message":"\tConnection to redis server successful","service":"engine-service","timestamp":"2024-01-19 11:12:15.375 PM"}
{"id":"12345","level":"info","message":"\tdata connection established successfully","service":"engine-service","timestamp":"2024-01-19 11:12:15.517 PM"}
{"id":"12345","level":"info","message":"\tdatabase Initialized","service":"engine-service","timestamp":"2024-01-19 11:12:15.585 PM"}
{"id":"12345","level":"info","message":"\t[SERVER]: Server is up and running at http://localhost:5000","service":"engine-service","timestamp":"2024-01-19 11:12:15.587 PM"}
{"id":"12345","level":"info","message":"\tConnection to redis server successful","service":"engine-service","timestamp":"2024-01-19 11:12:48.325 PM"}
{"id":"12345","level":"info","message":"\tdata connection established successfully","service":"engine-service","timestamp":"2024-01-19 11:12:48.486 PM"}
{"id":"12345","level":"info","message":"\tdatabase Initialized","service":"engine-service","timestamp":"2024-01-19 11:12:48.578 PM"}
{"id":"12345","level":"info","message":"\t[SERVER]: Server is up and running at http://localhost:5000","service":"engine-service","timestamp":"2024-01-19 11:12:48.581 PM"}
{"id":"12345","level":"info","message":"\tConnection to redis server successful","service":"engine-service","timestamp":"2024-01-19 11:13:22.840 PM"}
{"id":"12345","level":"info","message":"\tdata connection established successfully","service":"engine-service","timestamp":"2024-01-19 11:13:22.981 PM"}
{"id":"12345","level":"info","message":"\tdatabase Initialized","service":"engine-service","timestamp":"2024-01-19 11:13:23.062 PM"}
{"id":"12345","level":"info","message":"\t[SERVER]: Server is up and running at http://localhost:5000","service":"engine-service","timestamp":"2024-01-19 11:13:23.066 PM"}
{"id":"12345","level":"info","message":"\tConnection to redis server successful","service":"engine-service","timestamp":"2024-01-19 11:13:40.072 PM"}
{"id":"12345","level":"info","message":"\tdata connection established successfully","service":"engine-service","timestamp":"2024-01-19 11:13:40.409 PM"}
{"id":"12345","level":"info","message":"\tdatabase Initialized","service":"engine-service","timestamp":"2024-01-19 11:13:40.627 PM"}
{"id":"12345","level":"info","message":"\t[SERVER]: Server is up and running at http://localhost:5000","service":"engine-service","timestamp":"2024-01-19 11:13:40.633 PM"}
{"id":"12345","level":"info","message":"\tConnection to redis server successful","service":"engine-service","timestamp":"2024-01-19 11:14:14.818 PM"}
{"id":"12345","level":"info","message":"\tdata connection established successfully","service":"engine-service","timestamp":"2024-01-19 11:14:14.989 PM"}
{"id":"12345","level":"info","message":"\tdatabase Initialized","service":"engine-service","timestamp":"2024-01-19 11:14:15.140 PM"}
{"id":"12345","level":"info","message":"\t[SERVER]: Server is up and running at http://localhost:5000","service":"engine-service","timestamp":"2024-01-19 11:14:15.143 PM"}
{"id":"12345","level":"info","message":"\tConnection to redis server successful","service":"engine-service","timestamp":"2024-01-19 11:14:26.448 PM"}
{"id":"12345","level":"info","message":"\tdata connection established successfully","service":"engine-service","timestamp":"2024-01-19 11:14:26.579 PM"}
{"id":"12345","level":"info","message":"\tdatabase Initialized","service":"engine-service","timestamp":"2024-01-19 11:14:26.643 PM"}
{"id":"12345","level":"info","message":"\t[SERVER]: Server is up and running at http://localhost:5000","service":"engine-service","timestamp":"2024-01-19 11:14:26.648 PM"}
{"id":"12345","level":"info","message":"\tConnection to redis server successful","service":"engine-service","timestamp":"2024-01-19 11:15:06.169 PM"}
{"id":"12345","level":"info","message":"\tdata connection established successfully","service":"engine-service","timestamp":"2024-01-19 11:15:06.350 PM"}
{"id":"12345","level":"info","message":"\tdatabase Initialized","service":"engine-service","timestamp":"2024-01-19 11:15:06.432 PM"}
{"id":"12345","level":"info","message":"\t[SERVER]: Server is up and running at http://localhost:5000","service":"engine-service","timestamp":"2024-01-19 11:15:06.436 PM"}
{"id":"12345","level":"info","message":"\tConnection to redis server successful","service":"engine-service","timestamp":"2024-01-19 11:15:18.952 PM"}
{"id":"12345","level":"info","message":"\tdata connection established successfully","service":"engine-service","timestamp":"2024-01-19 11:15:19.115 PM"}
{"id":"12345","level":"info","message":"\tdatabase Initialized","service":"engine-service","timestamp":"2024-01-19 11:15:19.197 PM"}
{"id":"12345","level":"info","message":"\t[SERVER]: Server is up and running at http://localhost:5000","service":"engine-service","timestamp":"2024-01-19 11:15:19.200 PM"}
{"id":"12345","level":"info","message":"\tConnection to redis server successful","service":"engine-service","timestamp":"2024-01-19 11:16:25.457 PM"}
{"id":"12345","level":"info","message":"\tdata connection established successfully","service":"engine-service","timestamp":"2024-01-19 11:16:25.609 PM"}
{"id":"12345","level":"info","message":"\tdatabase Initialized","service":"engine-service","timestamp":"2024-01-19 11:16:25.733 PM"}
{"id":"12345","level":"info","message":"\t[SERVER]: Server is up and running at http://localhost:5000","service":"engine-service","timestamp":"2024-01-19 11:16:25.739 PM"}
{"id":"12345","level":"info","message":"\tConnection to redis server successful","service":"engine-service","timestamp":"2024-01-19 11:16:53.601 PM"}
{"id":"12345","level":"info","message":"\tdata connection established successfully","service":"engine-service","timestamp":"2024-01-19 11:16:53.752 PM"}
{"id":"12345","level":"info","message":"\tdatabase Initialized","service":"engine-service","timestamp":"2024-01-19 11:16:53.820 PM"}
{"id":"12345","level":"info","message":"\t[SERVER]: Server is up and running at http://localhost:5000","service":"engine-service","timestamp":"2024-01-19 11:16:53.822 PM"}
{"id":"12345","level":"info","message":"\tConnection to redis server successful","service":"engine-service","timestamp":"2024-01-19 11:17:25.399 PM"}
{"id":"12345","level":"info","message":"\tConnection to redis server successful","service":"engine-service","timestamp":"2024-01-19 11:17:48.435 PM"}
{"id":"12345","level":"info","message":"\tdata connection established successfully","service":"engine-service","timestamp":"2024-01-19 11:17:48.874 PM"}
{"id":"12345","level":"info","message":"\tdatabase Initialized","service":"engine-service","timestamp":"2024-01-19 11:17:49.259 PM"}
{"id":"12345","level":"info","message":"\t[SERVER]: Server is up and running at http://localhost:5000","service":"engine-service","timestamp":"2024-01-19 11:17:49.263 PM"}
{"id":"12345","level":"info","message":"\tConnection to redis server successful","service":"engine-service","timestamp":"2024-01-19 11:17:55.236 PM"}
{"id":"12345","level":"info","message":"\tdata connection established successfully","service":"engine-service","timestamp":"2024-01-19 11:17:55.388 PM"}
{"id":"12345","level":"info","message":"\tdatabase Initialized","service":"engine-service","timestamp":"2024-01-19 11:17:55.477 PM"}
{"id":"12345","level":"info","message":"\t[SERVER]: Server is up and running at http://localhost:5000","service":"engine-service","timestamp":"2024-01-19 11:17:55.479 PM"}
{"id":"12345","level":"info","message":"\tConnection to redis server successful","service":"engine-service","timestamp":"2024-01-19 11:18:15.333 PM"}
{"id":"12345","level":"info","message":"\tdata connection established successfully","service":"engine-service","timestamp":"2024-01-19 11:18:15.482 PM"}
{"id":"12345","level":"info","message":"\tdatabase Initialized","service":"engine-service","timestamp":"2024-01-19 11:18:15.564 PM"}
{"id":"12345","level":"info","message":"\t[SERVER]: Server is up and running at http://localhost:5000","service":"engine-service","timestamp":"2024-01-19 11:18:15.567 PM"}
{"id":"12345","level":"info","message":"\tConnection to redis server successful","service":"engine-service","timestamp":"2024-01-19 11:18:38.344 PM"}
{"id":"12345","level":"info","message":"\tdata connection established successfully","service":"engine-service","timestamp":"2024-01-19 11:18:38.479 PM"}
{"id":"12345","level":"info","message":"\tdatabase Initialized","service":"engine-service","timestamp":"2024-01-19 11:18:38.542 PM"}
{"id":"12345","level":"info","message":"\t[SERVER]: Server is up and running at http://localhost:5000","service":"engine-service","timestamp":"2024-01-19 11:18:38.544 PM"}
{"id":"12345","level":"info","message":"\tConnection to redis server successful","service":"engine-service","timestamp":"2024-01-19 11:18:58.118 PM"}
{"id":"12345","level":"info","message":"\tdata connection established successfully","service":"engine-service","timestamp":"2024-01-19 11:18:58.349 PM"}
{"id":"12345","level":"info","message":"\tdatabase Initialized","service":"engine-service","timestamp":"2024-01-19 11:18:58.435 PM"}
{"id":"12345","level":"info","message":"\t[SERVER]: Server is up and running at http://localhost:5000","service":"engine-service","timestamp":"2024-01-19 11:18:58.437 PM"}
{"id":"12345","level":"info","message":"\tConnection to redis server successful","service":"engine-service","timestamp":"2024-01-19 11:19:08.788 PM"}
{"id":"12345","level":"info","message":"\tdata connection established successfully","service":"engine-service","timestamp":"2024-01-19 11:19:09.046 PM"}
{"id":"12345","level":"info","message":"\tdatabase Initialized","service":"engine-service","timestamp":"2024-01-19 11:19:09.148 PM"}
{"id":"12345","level":"info","message":"\t[SERVER]: Server is up and running at http://localhost:5000","service":"engine-service","timestamp":"2024-01-19 11:19:09.150 PM"}
{"id":"12345","level":"info","message":"\tConnection to redis server successful","service":"engine-service","timestamp":"2024-01-19 11:19:55.083 PM"}
{"id":"12345","level":"info","message":"\tdata connection established successfully","service":"engine-service","timestamp":"2024-01-19 11:19:55.316 PM"}
{"id":"12345","level":"info","message":"\tConnection to redis server successful","service":"engine-service","timestamp":"2024-01-19 11:20:01.908 PM"}
{"id":"12345","level":"info","message":"\tdata connection established successfully","service":"engine-service","timestamp":"2024-01-19 11:20:02.317 PM"}
{"id":"12345","level":"info","message":"\tdatabase Initialized","service":"engine-service","timestamp":"2024-01-19 11:20:02.473 PM"}
{"id":"12345","level":"info","message":"\t[SERVER]: Server is up and running at http://localhost:5000","service":"engine-service","timestamp":"2024-01-19 11:20:02.476 PM"}
{"id":"12345","level":"info","message":"\tConnection to redis server successful","service":"engine-service","timestamp":"2024-01-19 11:20:11.823 PM"}
{"id":"12345","level":"info","message":"\tdata connection established successfully","service":"engine-service","timestamp":"2024-01-19 11:20:11.971 PM"}
{"id":"12345","level":"info","message":"\tdatabase Initialized","service":"engine-service","timestamp":"2024-01-19 11:20:12.060 PM"}
{"id":"12345","level":"info","message":"\t[SERVER]: Server is up and running at http://localhost:5000","service":"engine-service","timestamp":"2024-01-19 11:20:12.062 PM"}
{"id":"12345","level":"info","message":"\tConnection to redis server successful","service":"engine-service","timestamp":"2024-01-19 11:20:22.172 PM"}
{"id":"12345","level":"info","message":"\tdata connection established successfully","service":"engine-service","timestamp":"2024-01-19 11:20:22.322 PM"}
{"id":"12345","level":"info","message":"\tdatabase Initialized","service":"engine-service","timestamp":"2024-01-19 11:20:22.395 PM"}
{"id":"12345","level":"info","message":"\t[SERVER]: Server is up and running at http://localhost:5000","service":"engine-service","timestamp":"2024-01-19 11:20:22.397 PM"}
{"id":"12345","level":"info","message":"\tConnection to redis server successful","service":"engine-service","timestamp":"2024-01-19 11:20:43.951 PM"}
{"id":"12345","level":"info","message":"\tdata connection established successfully","service":"engine-service","timestamp":"2024-01-19 11:20:44.125 PM"}
{"id":"12345","level":"info","message":"\tdatabase Initialized","service":"engine-service","timestamp":"2024-01-19 11:20:44.303 PM"}
{"id":"12345","level":"info","message":"\t[SERVER]: Server is up and running at http://localhost:5000","service":"engine-service","timestamp":"2024-01-19 11:20:44.306 PM"}
{"id":"12345","level":"info","message":"\tConnection to redis server successful","service":"engine-service","timestamp":"2024-01-19 11:21:45.564 PM"}
{"id":"12345","level":"info","message":"\tdata connection established successfully","service":"engine-service","timestamp":"2024-01-19 11:21:45.680 PM"}
{"id":"12345","level":"info","message":"\tdatabase Initialized","service":"engine-service","timestamp":"2024-01-19 11:21:45.741 PM"}
{"id":"12345","level":"info","message":"\t[SERVER]: Server is up and running at http://localhost:5000","service":"engine-service","timestamp":"2024-01-19 11:21:45.743 PM"}
{"id":"12345","level":"info","message":"\tConnection to redis server successful","service":"engine-service","timestamp":"2024-01-19 11:22:14.396 PM"}
{"id":"12345","level":"info","message":"\tdata connection established successfully","service":"engine-service","timestamp":"2024-01-19 11:22:14.558 PM"}
{"id":"12345","level":"info","message":"\tdatabase Initialized","service":"engine-service","timestamp":"2024-01-19 11:22:14.636 PM"}
{"id":"12345","level":"info","message":"\t[SERVER]: Server is up and running at http://localhost:5000","service":"engine-service","timestamp":"2024-01-19 11:22:14.639 PM"}
{"id":"12345","level":"info","message":"\tConnection to redis server successful","service":"engine-service","timestamp":"2024-01-19 11:22:56.077 PM"}
{"id":"12345","level":"info","message":"\tdata connection established successfully","service":"engine-service","timestamp":"2024-01-19 11:22:56.228 PM"}
{"id":"12345","level":"info","message":"\tdatabase Initialized","service":"engine-service","timestamp":"2024-01-19 11:22:56.657 PM"}
{"id":"12345","level":"info","message":"\t[SERVER]: Server is up and running at http://localhost:5000","service":"engine-service","timestamp":"2024-01-19 11:22:56.661 PM"}
{"id":"12345","level":"info","message":"\tConnection to redis server successful","service":"engine-service","timestamp":"2024-01-19 11:23:20.624 PM"}
{"id":"12345","level":"info","message":"\tdata connection established successfully","service":"engine-service","timestamp":"2024-01-19 11:23:20.799 PM"}
{"id":"12345","level":"info","message":"\tdatabase Initialized","service":"engine-service","timestamp":"2024-01-19 11:23:20.873 PM"}
{"id":"12345","level":"info","message":"\t[SERVER]: Server is up and running at http://localhost:5000","service":"engine-service","timestamp":"2024-01-19 11:23:20.875 PM"}
{"id":"12345","level":"info","message":"\tConnection to redis server successful","service":"engine-service","timestamp":"2024-01-19 11:23:44.526 PM"}
{"id":"12345","level":"info","message":"\tdata connection established successfully","service":"engine-service","timestamp":"2024-01-19 11:23:44.788 PM"}
{"id":"12345","level":"info","message":"\tdatabase Initialized","service":"engine-service","timestamp":"2024-01-19 11:23:44.936 PM"}
{"id":"12345","level":"info","message":"\t[SERVER]: Server is up and running at http://localhost:5000","service":"engine-service","timestamp":"2024-01-19 11:23:44.939 PM"}
{"id":"12345","level":"info","message":"\tUser: 8da27594-1e9b-4983-a709-10d51b58caf4 just got authenticated","service":"5d298057-5818-4461-944f-6531af9f56b9","timestamp":"2024-01-19 11:23:55.130 PM"}
{"id":"12345","level":"error","message":"\tUser 8da27594-1e9b-4983-a709-10d51b58caf4 tried access /user/a4c5182f-7801-4a95-90e8-d2c3c68c5ad6.!! Error: Invalid value [Function (anonymous)]","service":"6308a111-bbb2-4a9f-a421-2b1a3648316b","stack":"Error: User 8da27594-1e9b-4983-a709-10d51b58caf4 tried access /user/a4c5182f-7801-4a95-90e8-d2c3c68c5ad6.!! Error: Invalid value [Function (anonymous)]\n    at file:///mnt/c/Users/user/gmn/project/oga_boss/server/dist/common/controllers/user.controller.js:41:27\n    at process.processTicksAndRejections (node:internal/process/task_queues:95:5)","timestamp":"2024-01-19 11:23:55.180 PM"}
{"id":"12345","level":"http","message":"\t{\"method\":\"GET\",\"url\":\"/user/a4c5182f-7801-4a95-90e8-d2c3c68c5ad6\",\"status\":500,\"content_length\":\"27\",\"response_time\":109.054}","timestamp":"2024-01-19 11:23:55.189 PM"}
{"id":"12345","level":"info","message":"\tUser: 8da27594-1e9b-4983-a709-10d51b58caf4 just got authenticated","service":"5d298057-5818-4461-944f-6531af9f56b9","timestamp":"2024-01-19 11:23:57.373 PM"}
{"id":"12345","level":"error","message":"\tUser 8da27594-1e9b-4983-a709-10d51b58caf4 tried access /user/a4c5182f-7801-4a95-90e8-d2c3c68c5ad6.!! Error: Invalid value [Function (anonymous)]","service":"6308a111-bbb2-4a9f-a421-2b1a3648316b","stack":"Error: User 8da27594-1e9b-4983-a709-10d51b58caf4 tried access /user/a4c5182f-7801-4a95-90e8-d2c3c68c5ad6.!! Error: Invalid value [Function (anonymous)]\n    at file:///mnt/c/Users/user/gmn/project/oga_boss/server/dist/common/controllers/user.controller.js:41:27\n    at process.processTicksAndRejections (node:internal/process/task_queues:95:5)","timestamp":"2024-01-19 11:23:57.438 PM"}
{"id":"12345","level":"http","message":"\t{\"method\":\"GET\",\"url\":\"/user/a4c5182f-7801-4a95-90e8-d2c3c68c5ad6\",\"status\":500,\"content_length\":\"27\",\"response_time\":80.507}","timestamp":"2024-01-19 11:23:57.441 PM"}
{"id":"12345","level":"info","message":"\tUser: 8da27594-1e9b-4983-a709-10d51b58caf4 just got authenticated","service":"5d298057-5818-4461-944f-6531af9f56b9","timestamp":"2024-01-19 11:24:00.171 PM"}
{"id":"12345","level":"error","message":"\tUser 8da27594-1e9b-4983-a709-10d51b58caf4 tried access /user/a4c5182f-7801-4a95-90e8-d2c3c68c5ad6.!! Error: Invalid value [Function (anonymous)]","service":"6308a111-bbb2-4a9f-a421-2b1a3648316b","stack":"Error: User 8da27594-1e9b-4983-a709-10d51b58caf4 tried access /user/a4c5182f-7801-4a95-90e8-d2c3c68c5ad6.!! Error: Invalid value [Function (anonymous)]\n    at file:///mnt/c/Users/user/gmn/project/oga_boss/server/dist/common/controllers/user.controller.js:41:27\n    at process.processTicksAndRejections (node:internal/process/task_queues:95:5)","timestamp":"2024-01-19 11:24:00.212 PM"}
{"id":"12345","level":"http","message":"\t{\"method\":\"GET\",\"url\":\"/user/a4c5182f-7801-4a95-90e8-d2c3c68c5ad6\",\"status\":500,\"content_length\":\"27\",\"response_time\":65.072}","timestamp":"2024-01-19 11:24:00.221 PM"}
{"id":"12345","level":"info","message":"\tUser: 8da27594-1e9b-4983-a709-10d51b58caf4 just got authenticated","service":"5d298057-5818-4461-944f-6531af9f56b9","timestamp":"2024-01-19 11:24:08.367 PM"}
{"id":"12345","level":"error","message":"\tUser 8da27594-1e9b-4983-a709-10d51b58caf4 tried access /user/a4c5182f-7801-4a95-90e8-d2c3c68c5ad6.!! Error: Invalid value [Function (anonymous)]","service":"6308a111-bbb2-4a9f-a421-2b1a3648316b","stack":"Error: User 8da27594-1e9b-4983-a709-10d51b58caf4 tried access /user/a4c5182f-7801-4a95-90e8-d2c3c68c5ad6.!! Error: Invalid value [Function (anonymous)]\n    at file:///mnt/c/Users/user/gmn/project/oga_boss/server/dist/common/controllers/user.controller.js:41:27\n    at process.processTicksAndRejections (node:internal/process/task_queues:95:5)","timestamp":"2024-01-19 11:24:08.405 PM"}
{"id":"12345","level":"http","message":"\t{\"method\":\"GET\",\"url\":\"/user/a4c5182f-7801-4a95-90e8-d2c3c68c5ad6\",\"status\":500,\"content_length\":\"27\",\"response_time\":60.409}","timestamp":"2024-01-19 11:24:08.409 PM"}
{"id":"12345","level":"http","message":"\t{\"method\":\"GET\",\"url\":\"/logs/all\",\"status\":200,\"content_length\":\"1556359\",\"response_time\":346.628}","timestamp":"2024-01-19 11:24:33.477 PM"}
{"id":"12345","level":"info","message":"\tConnection to redis server successful","service":"engine-service","timestamp":"2024-01-19 11:25:50.344 PM"}
{"id":"12345","level":"info","message":"\tdata connection established successfully","service":"engine-service","timestamp":"2024-01-19 11:25:50.791 PM"}
{"id":"12345","level":"info","message":"\tdatabase Initialized","service":"engine-service","timestamp":"2024-01-19 11:25:50.892 PM"}
{"id":"12345","level":"info","message":"\t[SERVER]: Server is up and running at http://localhost:5000","service":"engine-service","timestamp":"2024-01-19 11:25:50.895 PM"}
{"id":"12345","level":"info","message":"\tUser: 8da27594-1e9b-4983-a709-10d51b58caf4 just got authenticated","service":"5d298057-5818-4461-944f-6531af9f56b9","timestamp":"2024-01-19 11:26:09.640 PM"}
{"id":"12345","level":"warn","message":"\tUser 8da27594-1e9b-4983-a709-10d51b58caf4 tried to access an unauthorized endpoint","service":"5d298057-5818-4461-944f-6531af9f56b9","stack":"Error: User 8da27594-1e9b-4983-a709-10d51b58caf4 tried to access an unauthorized endpoint\n    at file:///mnt/c/Users/user/gmn/project/oga_boss/server/dist/common/middlewares/user.middleware.js:57:34\n    at Generator.next (<anonymous>)\n    at fulfilled (file:///mnt/c/Users/user/gmn/project/oga_boss/server/dist/common/middlewares/user.middleware.js:4:58)\n    at process.processTicksAndRejections (node:internal/process/task_queues:95:5)","timestamp":"2024-01-19 11:26:09.668 PM"}
{"id":"12345","level":"error","message":"\tUser 8da27594-1e9b-4983-a709-10d51b58caf4 tried access /user/a4c5182f-7801-4a95-90e8-d2c3c68c5ad6.!! Error: WHERE parameter \"userId\" has invalid \"undefined\" value","service":"6308a111-bbb2-4a9f-a421-2b1a3648316b","stack":"Error: User 8da27594-1e9b-4983-a709-10d51b58caf4 tried access /user/a4c5182f-7801-4a95-90e8-d2c3c68c5ad6.!! Error: WHERE parameter \"userId\" has invalid \"undefined\" value\n    at file:///mnt/c/Users/user/gmn/project/oga_boss/server/dist/common/controllers/user.controller.js:41:27\n    at process.processTicksAndRejections (node:internal/process/task_queues:95:5)","timestamp":"2024-01-19 11:26:09.673 PM"}
{"id":"12345","level":"http","message":"\t{\"method\":\"GET\",\"url\":\"/user/a4c5182f-7801-4a95-90e8-d2c3c68c5ad6\",\"status\":500,\"content_length\":\"27\",\"response_time\":114.561}","timestamp":"2024-01-19 11:26:09.688 PM"}
{"id":"12345","level":"info","message":"\tUser: 8da27594-1e9b-4983-a709-10d51b58caf4 just got authenticated","service":"5d298057-5818-4461-944f-6531af9f56b9","timestamp":"2024-01-19 11:26:50.203 PM"}
{"id":"12345","level":"warn","message":"\tUser: 8da27594-1e9b-4983-a709-10d51b58caf4 tried to access the endpoint /user/all","service":"5d298057-5818-4461-944f-6531af9f56b9","timestamp":"2024-01-19 11:26:50.214 PM"}
{"id":"12345","level":"http","message":"\t{\"method\":\"GET\",\"url\":\"/user/all\",\"status\":403,\"content_length\":\"75\",\"response_time\":54.263}","timestamp":"2024-01-19 11:26:50.218 PM"}
{"id":"12345","level":"alert","message":"\tUser: 5d298057-5818-4461-944f-6531af9f56b9 just logged in.","service":"superuser-service","timestamp":"2024-01-19 11:26:55.032 PM"}
{"id":"12345","level":"alert","message":"\tsession token created for user: 5d298057-5818-4461-944f-6531af9f56b9","service":"5d298057-5818-4461-944f-6531af9f56b9","timestamp":"2024-01-19 11:26:55.039 PM"}
{"id":"12345","level":"http","message":"\t{\"method\":\"POST\",\"url\":\"/superuser/login\",\"status\":200,\"content_length\":\"351\",\"response_time\":167.981}","timestamp":"2024-01-19 11:26:55.041 PM"}
{"id":"12345","level":"info","message":"\tUser: 5d298057-5818-4461-944f-6531af9f56b9 accessed the endpoint /user/all as an admin","service":"5d298057-5818-4461-944f-6531af9f56b9","timestamp":"2024-01-19 11:26:59.485 PM"}
{"id":"12345","level":"info","message":"\tUser: 5d298057-5818-4461-944f-6531af9f56b9 just got authenticated","service":"5d298057-5818-4461-944f-6531af9f56b9","timestamp":"2024-01-19 11:26:59.501 PM"}
{"id":"12345","level":"info","message":"\tAll users in server 5d298057-5818-4461-944f-6531af9f56b9 retrieved by 5d298057-5818-4461-944f-6531af9f56b9","service":"5d298057-5818-4461-944f-6531af9f56b9","timestamp":"2024-01-19 11:26:59.517 PM"}
{"id":"12345","level":"http","message":"\t{\"method\":\"GET\",\"url\":\"/user/all\",\"status\":200,\"content_length\":\"1399\",\"response_time\":44.615}","timestamp":"2024-01-19 11:26:59.522 PM"}
{"id":"12345","level":"info","message":"\tUser: 5d298057-5818-4461-944f-6531af9f56b9 just got authenticated","service":"5d298057-5818-4461-944f-6531af9f56b9","timestamp":"2024-01-19 11:28:10.560 PM"}
{"id":"12345","level":"info","message":"\tAll tasks accessed by 5d298057-5818-4461-944f-6531af9f56b9","service":"6308a111-bbb2-4a9f-a421-2b1a3648316b","timestamp":"2024-01-19 11:28:10.571 PM"}
{"id":"12345","level":"http","message":"\t{\"method\":\"GET\",\"url\":\"/user/a4c5182f-7801-4a95-90e8-d2c3c68c5ad6/tasks\",\"status\":200,\"content_length\":\"448\",\"response_time\":41.909}","timestamp":"2024-01-19 11:28:10.574 PM"}
{"id":"12345","level":"alert","message":"\tsession token created for user: 8da27594-1e9b-4983-a709-10d51b58caf4","service":"5d298057-5818-4461-944f-6531af9f56b9","timestamp":"2024-01-19 11:28:21.478 PM"}
{"id":"12345","level":"alert","message":"\tuser: 8da27594-1e9b-4983-a709-10d51b58caf4 just signed in","service":"5d298057-5818-4461-944f-6531af9f56b9","timestamp":"2024-01-19 11:28:21.481 PM"}
{"id":"12345","level":"http","message":"\t{\"method\":\"POST\",\"url\":\"/user/login\",\"status\":200,\"content_length\":\"1128\",\"response_time\":75.18}","timestamp":"2024-01-19 11:28:21.484 PM"}
{"id":"12345","level":"info","message":"\tUser: 8da27594-1e9b-4983-a709-10d51b58caf4 just got authenticated","service":"5d298057-5818-4461-944f-6531af9f56b9","timestamp":"2024-01-19 11:28:26.329 PM"}
{"id":"12345","level":"warn","message":"\tUser 8da27594-1e9b-4983-a709-10d51b58caf4 tried to access an unauthorized endpoint","service":"5d298057-5818-4461-944f-6531af9f56b9","stack":"Error: User 8da27594-1e9b-4983-a709-10d51b58caf4 tried to access an unauthorized endpoint\n    at file:///mnt/c/Users/user/gmn/project/oga_boss/server/dist/common/middlewares/user.middleware.js:57:34\n    at Generator.next (<anonymous>)\n    at fulfilled (file:///mnt/c/Users/user/gmn/project/oga_boss/server/dist/common/middlewares/user.middleware.js:4:58)\n    at process.processTicksAndRejections (node:internal/process/task_queues:95:5)","timestamp":"2024-01-19 11:28:26.340 PM"}
{"id":"12345","level":"error","message":"\tError: WHERE parameter \"userId\" has invalid \"undefined\" value","service":"server-service","stack":"Error: Error: WHERE parameter \"userId\" has invalid \"undefined\" value\n    at file:///mnt/c/Users/user/gmn/project/oga_boss/server/dist/common/controllers/user.controller.js:108:48\n    at process.processTicksAndRejections (node:internal/process/task_queues:95:5)","timestamp":"2024-01-19 11:28:26.345 PM"}
{"id":"12345","level":"http","message":"\t{\"method\":\"GET\",\"url\":\"/user/a4c5182f-7801-4a95-90e8-d2c3c68c5ad6/tasks\",\"status\":500,\"content_length\":\"27\",\"response_time\":35.164}","timestamp":"2024-01-19 11:28:26.352 PM"}
{"id":"12345","level":"info","message":"\tUser: 8da27594-1e9b-4983-a709-10d51b58caf4 just got authenticated","service":"5d298057-5818-4461-944f-6531af9f56b9","timestamp":"2024-01-19 11:28:28.238 PM"}
{"id":"12345","level":"warn","message":"\tUser 8da27594-1e9b-4983-a709-10d51b58caf4 tried to access an unauthorized endpoint","service":"5d298057-5818-4461-944f-6531af9f56b9","stack":"Error: User 8da27594-1e9b-4983-a709-10d51b58caf4 tried to access an unauthorized endpoint\n    at file:///mnt/c/Users/user/gmn/project/oga_boss/server/dist/common/middlewares/user.middleware.js:57:34\n    at Generator.next (<anonymous>)\n    at fulfilled (file:///mnt/c/Users/user/gmn/project/oga_boss/server/dist/common/middlewares/user.middleware.js:4:58)\n    at process.processTicksAndRejections (node:internal/process/task_queues:95:5)","timestamp":"2024-01-19 11:28:28.242 PM"}
{"id":"12345","level":"error","message":"\tError: WHERE parameter \"userId\" has invalid \"undefined\" value","service":"server-service","stack":"Error: Error: WHERE parameter \"userId\" has invalid \"undefined\" value\n    at file:///mnt/c/Users/user/gmn/project/oga_boss/server/dist/common/controllers/user.controller.js:108:48\n    at process.processTicksAndRejections (node:internal/process/task_queues:95:5)","timestamp":"2024-01-19 11:28:28.246 PM"}
{"id":"12345","level":"http","message":"\t{\"method\":\"GET\",\"url\":\"/user/a4c5182f-7801-4a95-90e8-d2c3c68c5ad6/tasks\",\"status\":500,\"content_length\":\"27\",\"response_time\":38.012}","timestamp":"2024-01-19 11:28:28.250 PM"}
{"id":"12345","level":"alert","message":"\tUser: 5d298057-5818-4461-944f-6531af9f56b9 just logged in.","service":"superuser-service","timestamp":"2024-01-19 11:28:34.197 PM"}
{"id":"12345","level":"alert","message":"\tsession token created for user: 5d298057-5818-4461-944f-6531af9f56b9","service":"5d298057-5818-4461-944f-6531af9f56b9","timestamp":"2024-01-19 11:28:34.206 PM"}
{"id":"12345","level":"http","message":"\t{\"method\":\"POST\",\"url\":\"/superuser/login\",\"status\":200,\"content_length\":\"351\",\"response_time\":77.025}","timestamp":"2024-01-19 11:28:34.209 PM"}
{"id":"12345","level":"info","message":"\tUser: 5d298057-5818-4461-944f-6531af9f56b9 just got authenticated","service":"5d298057-5818-4461-944f-6531af9f56b9","timestamp":"2024-01-19 11:28:38.452 PM"}
{"id":"12345","level":"info","message":"\tAll tasks accessed by 5d298057-5818-4461-944f-6531af9f56b9","service":"6308a111-bbb2-4a9f-a421-2b1a3648316b","timestamp":"2024-01-19 11:28:38.458 PM"}
{"id":"12345","level":"http","message":"\t{\"method\":\"GET\",\"url\":\"/user/a4c5182f-7801-4a95-90e8-d2c3c68c5ad6/tasks\",\"status\":200,\"content_length\":\"448\",\"response_time\":25.289}","timestamp":"2024-01-19 11:28:38.461 PM"}
{"id":"12345","level":"info","message":"\tConnection to redis server successful","service":"engine-service","timestamp":"2024-01-19 11:32:25.560 PM"}
{"id":"12345","level":"info","message":"\tdata connection established successfully","service":"engine-service","timestamp":"2024-01-19 11:32:25.722 PM"}
{"id":"12345","level":"info","message":"\tdatabase Initialized","service":"engine-service","timestamp":"2024-01-19 11:32:25.804 PM"}
{"id":"12345","level":"info","message":"\t[SERVER]: Server is up and running at http://localhost:5000","service":"engine-service","timestamp":"2024-01-19 11:32:25.807 PM"}
{"id":"12345","level":"info","message":"\tConnection to redis server successful","service":"engine-service","timestamp":"2024-01-19 11:33:07.233 PM"}
{"id":"12345","level":"info","message":"\tdata connection established successfully","service":"engine-service","timestamp":"2024-01-19 11:33:07.374 PM"}
{"id":"12345","level":"info","message":"\tdatabase Initialized","service":"engine-service","timestamp":"2024-01-19 11:33:07.454 PM"}
{"id":"12345","level":"info","message":"\t[SERVER]: Server is up and running at http://localhost:5000","service":"engine-service","timestamp":"2024-01-19 11:33:07.457 PM"}
{"id":"12345","level":"info","message":"\tConnection to redis server successful","service":"engine-service","timestamp":"2024-01-19 11:33:20.141 PM"}
{"id":"12345","level":"info","message":"\tdata connection established successfully","service":"engine-service","timestamp":"2024-01-19 11:33:20.263 PM"}
{"id":"12345","level":"info","message":"\tdatabase Initialized","service":"engine-service","timestamp":"2024-01-19 11:33:20.329 PM"}
{"id":"12345","level":"info","message":"\t[SERVER]: Server is up and running at http://localhost:5000","service":"engine-service","timestamp":"2024-01-19 11:33:20.331 PM"}
{"id":"12345","level":"info","message":"\tConnection to redis server successful","service":"engine-service","timestamp":"2024-01-19 11:33:33.531 PM"}
{"id":"12345","level":"info","message":"\tdata connection established successfully","service":"engine-service","timestamp":"2024-01-19 11:33:34.028 PM"}
{"id":"12345","level":"info","message":"\tConnection to redis server successful","service":"engine-service","timestamp":"2024-01-19 11:33:48.491 PM"}
{"id":"12345","level":"info","message":"\tdata connection established successfully","service":"engine-service","timestamp":"2024-01-19 11:33:48.724 PM"}
{"id":"12345","level":"info","message":"\tdatabase Initialized","service":"engine-service","timestamp":"2024-01-19 11:33:48.873 PM"}
{"id":"12345","level":"info","message":"\t[SERVER]: Server is up and running at http://localhost:5000","service":"engine-service","timestamp":"2024-01-19 11:33:48.875 PM"}
{"id":"12345","level":"info","message":"\tConnection to redis server successful","service":"engine-service","timestamp":"2024-01-19 11:34:03.682 PM"}
{"id":"12345","level":"info","message":"\tdata connection established successfully","service":"engine-service","timestamp":"2024-01-19 11:34:04.012 PM"}
{"id":"12345","level":"info","message":"\tdatabase Initialized","service":"engine-service","timestamp":"2024-01-19 11:34:04.366 PM"}
{"id":"12345","level":"info","message":"\t[SERVER]: Server is up and running at http://localhost:5000","service":"engine-service","timestamp":"2024-01-19 11:34:04.370 PM"}
{"id":"12345","level":"info","message":"\tConnection to redis server successful","service":"engine-service","timestamp":"2024-01-19 11:34:15.243 PM"}
{"id":"12345","level":"info","message":"\tdata connection established successfully","service":"engine-service","timestamp":"2024-01-19 11:34:15.611 PM"}
{"id":"12345","level":"info","message":"\tdatabase Initialized","service":"engine-service","timestamp":"2024-01-19 11:34:15.741 PM"}
{"id":"12345","level":"info","message":"\t[SERVER]: Server is up and running at http://localhost:5000","service":"engine-service","timestamp":"2024-01-19 11:34:15.756 PM"}
{"id":"12345","level":"info","message":"\tConnection to redis server successful","service":"engine-service","timestamp":"2024-01-19 11:34:33.853 PM"}
{"id":"12345","level":"info","message":"\tdata connection established successfully","service":"engine-service","timestamp":"2024-01-19 11:34:34.032 PM"}
{"id":"12345","level":"info","message":"\tdatabase Initialized","service":"engine-service","timestamp":"2024-01-19 11:34:34.112 PM"}
{"id":"12345","level":"info","message":"\t[SERVER]: Server is up and running at http://localhost:5000","service":"engine-service","timestamp":"2024-01-19 11:34:34.115 PM"}
{"id":"12345","level":"info","message":"\tConnection to redis server successful","service":"engine-service","timestamp":"2024-01-19 11:36:39.164 PM"}
{"id":"12345","level":"info","message":"\tdata connection established successfully","service":"engine-service","timestamp":"2024-01-19 11:36:39.484 PM"}
{"id":"12345","level":"info","message":"\tdatabase Initialized","service":"engine-service","timestamp":"2024-01-19 11:36:39.593 PM"}
{"id":"12345","level":"info","message":"\t[SERVER]: Server is up and running at http://localhost:5000","service":"engine-service","timestamp":"2024-01-19 11:36:39.596 PM"}
{"id":"12345","level":"info","message":"\tUser: 5d298057-5818-4461-944f-6531af9f56b9 just got authenticated","service":"5d298057-5818-4461-944f-6531af9f56b9","timestamp":"2024-01-19 11:36:42.711 PM"}
{"id":"12345","level":"info","message":"\tConnection to redis server successful","service":"engine-service","timestamp":"2024-01-19 11:37:26.705 PM"}
{"id":"12345","level":"info","message":"\tConnection to redis server successful","service":"engine-service","timestamp":"2024-01-19 11:37:42.816 PM"}
{"id":"12345","level":"info","message":"\tdata connection established successfully","service":"engine-service","timestamp":"2024-01-19 11:37:42.943 PM"}
{"id":"12345","level":"info","message":"\tdatabase Initialized","service":"engine-service","timestamp":"2024-01-19 11:37:43.011 PM"}
{"id":"12345","level":"info","message":"\t[SERVER]: Server is up and running at http://localhost:5000","service":"engine-service","timestamp":"2024-01-19 11:37:43.013 PM"}
{"id":"12345","level":"info","message":"\tUser: 5d298057-5818-4461-944f-6531af9f56b9 just got authenticated","service":"5d298057-5818-4461-944f-6531af9f56b9","timestamp":"2024-01-19 11:37:45.514 PM"}
{"id":"12345","level":"http","message":"\t{\"method\":\"GET\",\"url\":\"/user/a4c5182f-7801-4a95-90e8-d2c3c68c5ad6/tasks\",\"status\":500,\"content_length\":\"31\",\"response_time\":88.198}","timestamp":"2024-01-19 11:37:45.539 PM"}
{"id":"12345","level":"info","message":"\tConnection to redis server successful","service":"engine-service","timestamp":"2024-01-19 11:38:29.433 PM"}
{"id":"12345","level":"info","message":"\tdata connection established successfully","service":"engine-service","timestamp":"2024-01-19 11:38:29.773 PM"}
{"id":"12345","level":"info","message":"\tdatabase Initialized","service":"engine-service","timestamp":"2024-01-19 11:38:29.963 PM"}
{"id":"12345","level":"info","message":"\t[SERVER]: Server is up and running at http://localhost:5000","service":"engine-service","timestamp":"2024-01-19 11:38:29.966 PM"}
{"id":"12345","level":"info","message":"\tConnection to redis server successful","service":"engine-service","timestamp":"2024-01-19 11:38:37.075 PM"}
{"id":"12345","level":"info","message":"\tdata connection established successfully","service":"engine-service","timestamp":"2024-01-19 11:38:37.317 PM"}
{"id":"12345","level":"info","message":"\tdatabase Initialized","service":"engine-service","timestamp":"2024-01-19 11:38:37.391 PM"}
{"id":"12345","level":"info","message":"\t[SERVER]: Server is up and running at http://localhost:5000","service":"engine-service","timestamp":"2024-01-19 11:38:37.394 PM"}
{"id":"12345","level":"info","message":"\tConnection to redis server successful","service":"engine-service","timestamp":"2024-01-19 11:38:46.052 PM"}
{"id":"12345","level":"info","message":"\tdata connection established successfully","service":"engine-service","timestamp":"2024-01-19 11:38:46.392 PM"}
{"id":"12345","level":"info","message":"\tdatabase Initialized","service":"engine-service","timestamp":"2024-01-19 11:38:46.493 PM"}
{"id":"12345","level":"info","message":"\t[SERVER]: Server is up and running at http://localhost:5000","service":"engine-service","timestamp":"2024-01-19 11:38:46.495 PM"}
{"id":"12345","level":"info","message":"\tConnection to redis server successful","service":"engine-service","timestamp":"2024-01-19 11:39:00.193 PM"}
{"id":"12345","level":"info","message":"\tdata connection established successfully","service":"engine-service","timestamp":"2024-01-19 11:39:00.455 PM"}
{"id":"12345","level":"info","message":"\tdatabase Initialized","service":"engine-service","timestamp":"2024-01-19 11:39:00.543 PM"}
{"id":"12345","level":"info","message":"\t[SERVER]: Server is up and running at http://localhost:5000","service":"engine-service","timestamp":"2024-01-19 11:39:00.545 PM"}
{"id":"12345","level":"info","message":"\tConnection to redis server successful","service":"engine-service","timestamp":"2024-01-19 11:39:29.283 PM"}
{"id":"12345","level":"info","message":"\tdata connection established successfully","service":"engine-service","timestamp":"2024-01-19 11:39:29.412 PM"}
{"id":"12345","level":"info","message":"\tdatabase Initialized","service":"engine-service","timestamp":"2024-01-19 11:39:29.476 PM"}
{"id":"12345","level":"info","message":"\t[SERVER]: Server is up and running at http://localhost:5000","service":"engine-service","timestamp":"2024-01-19 11:39:29.478 PM"}
{"id":"12345","level":"info","message":"\tConnection to redis server successful","service":"engine-service","timestamp":"2024-01-19 11:39:51.668 PM"}
{"id":"12345","level":"info","message":"\tdata connection established successfully","service":"engine-service","timestamp":"2024-01-19 11:39:52.103 PM"}
{"id":"12345","level":"info","message":"\tdatabase Initialized","service":"engine-service","timestamp":"2024-01-19 11:39:52.307 PM"}
{"id":"12345","level":"info","message":"\t[SERVER]: Server is up and running at http://localhost:5000","service":"engine-service","timestamp":"2024-01-19 11:39:52.310 PM"}
{"id":"12345","level":"info","message":"\tConnection to redis server successful","service":"engine-service","timestamp":"2024-01-19 11:40:02.368 PM"}
{"id":"12345","level":"info","message":"\tdata connection established successfully","service":"engine-service","timestamp":"2024-01-19 11:40:02.533 PM"}
{"id":"12345","level":"info","message":"\tdatabase Initialized","service":"engine-service","timestamp":"2024-01-19 11:40:02.610 PM"}
{"id":"12345","level":"info","message":"\t[SERVER]: Server is up and running at http://localhost:5000","service":"engine-service","timestamp":"2024-01-19 11:40:02.613 PM"}
{"id":"12345","level":"info","message":"\tConnection to redis server successful","service":"engine-service","timestamp":"2024-01-19 11:40:12.769 PM"}
{"id":"12345","level":"info","message":"\tdata connection established successfully","service":"engine-service","timestamp":"2024-01-19 11:40:12.920 PM"}
{"id":"12345","level":"info","message":"\tdatabase Initialized","service":"engine-service","timestamp":"2024-01-19 11:40:12.995 PM"}
{"id":"12345","level":"info","message":"\t[SERVER]: Server is up and running at http://localhost:5000","service":"engine-service","timestamp":"2024-01-19 11:40:12.998 PM"}
{"id":"12345","level":"info","message":"\tConnection to redis server successful","service":"engine-service","timestamp":"2024-01-19 11:40:33.158 PM"}
{"id":"12345","level":"info","message":"\tdata connection established successfully","service":"engine-service","timestamp":"2024-01-19 11:40:33.571 PM"}
{"id":"12345","level":"info","message":"\tdatabase Initialized","service":"engine-service","timestamp":"2024-01-19 11:40:33.902 PM"}
{"id":"12345","level":"info","message":"\t[SERVER]: Server is up and running at http://localhost:5000","service":"engine-service","timestamp":"2024-01-19 11:40:33.906 PM"}
{"id":"12345","level":"info","message":"\tConnection to redis server successful","service":"engine-service","timestamp":"2024-01-19 11:40:40.786 PM"}
{"id":"12345","level":"info","message":"\tdata connection established successfully","service":"engine-service","timestamp":"2024-01-19 11:40:41.010 PM"}
{"id":"12345","level":"info","message":"\tdatabase Initialized","service":"engine-service","timestamp":"2024-01-19 11:40:41.122 PM"}
{"id":"12345","level":"info","message":"\t[SERVER]: Server is up and running at http://localhost:5000","service":"engine-service","timestamp":"2024-01-19 11:40:41.125 PM"}
{"id":"12345","level":"info","message":"\tConnection to redis server successful","service":"engine-service","timestamp":"2024-01-19 11:41:28.054 PM"}
{"id":"12345","level":"info","message":"\tdata connection established successfully","service":"engine-service","timestamp":"2024-01-19 11:41:28.353 PM"}
{"id":"12345","level":"info","message":"\tdatabase Initialized","service":"engine-service","timestamp":"2024-01-19 11:41:28.487 PM"}
{"id":"12345","level":"info","message":"\t[SERVER]: Server is up and running at http://localhost:5000","service":"engine-service","timestamp":"2024-01-19 11:41:28.492 PM"}
{"id":"12345","level":"info","message":"\tConnection to redis server successful","service":"engine-service","timestamp":"2024-01-19 11:41:31.870 PM"}
{"id":"12345","level":"info","message":"\tdata connection established successfully","service":"engine-service","timestamp":"2024-01-19 11:41:32.020 PM"}
{"id":"12345","level":"info","message":"\tdatabase Initialized","service":"engine-service","timestamp":"2024-01-19 11:41:32.109 PM"}
{"id":"12345","level":"info","message":"\t[SERVER]: Server is up and running at http://localhost:5000","service":"engine-service","timestamp":"2024-01-19 11:41:32.114 PM"}
{"id":"12345","level":"info","message":"\tConnection to redis server successful","service":"engine-service","timestamp":"2024-01-19 11:41:46.840 PM"}
{"id":"12345","level":"info","message":"\tdata connection established successfully","service":"engine-service","timestamp":"2024-01-19 11:41:46.972 PM"}
{"id":"12345","level":"info","message":"\tdatabase Initialized","service":"engine-service","timestamp":"2024-01-19 11:41:47.045 PM"}
{"id":"12345","level":"info","message":"\t[SERVER]: Server is up and running at http://localhost:5000","service":"engine-service","timestamp":"2024-01-19 11:41:47.047 PM"}
{"id":"12345","level":"info","message":"\tUser: 5d298057-5818-4461-944f-6531af9f56b9 just got authenticated","service":"5d298057-5818-4461-944f-6531af9f56b9","timestamp":"2024-01-19 11:42:15.081 PM"}
{"id":"12345","level":"warn","message":"\tUser 5d298057-5818-4461-944f-6531af9f56b9 tried to access user a4c5182f-7801-4a95-90e8-d2c3c68c5ad6 tasks. Url: /user/a4c5182f-7801-4a95-90e8-d2c3c68c5ad6/tasks ","service":"6308a111-bbb2-4a9f-a421-2b1a3648316b","timestamp":"2024-01-19 11:42:15.110 PM"}
{"id":"12345","level":"http","message":"\t{\"method\":\"GET\",\"url\":\"/user/a4c5182f-7801-4a95-90e8-d2c3c68c5ad6/tasks\",\"status\":500,\"content_length\":\"132\",\"response_time\":142.584}","timestamp":"2024-01-19 11:42:15.128 PM"}
{"id":"12345","level":"alert","message":"\tsession token created for user: 37ab5c61-f772-49f2-9620-c7cbd20922bc","service":"6308a111-bbb2-4a9f-a421-2b1a3648316b","timestamp":"2024-01-19 11:43:47.447 PM"}
{"id":"12345","level":"alert","message":"\tuser: 37ab5c61-f772-49f2-9620-c7cbd20922bc just signed in","service":"6308a111-bbb2-4a9f-a421-2b1a3648316b","timestamp":"2024-01-19 11:43:47.454 PM"}
{"id":"12345","level":"http","message":"\t{\"method\":\"POST\",\"url\":\"/user/login\",\"status\":200,\"content_length\":\"831\",\"response_time\":205.454}","timestamp":"2024-01-19 11:43:47.464 PM"}
{"id":"12345","level":"info","message":"\tUser: 37ab5c61-f772-49f2-9620-c7cbd20922bc just got authenticated","service":"6308a111-bbb2-4a9f-a421-2b1a3648316b","timestamp":"2024-01-19 11:43:59.293 PM"}
{"id":"12345","level":"info","message":"\tAll tasks accessed by 37ab5c61-f772-49f2-9620-c7cbd20922bc","service":"6308a111-bbb2-4a9f-a421-2b1a3648316b","timestamp":"2024-01-19 11:43:59.339 PM"}
{"id":"12345","level":"http","message":"\t{\"method\":\"GET\",\"url\":\"/user/a4c5182f-7801-4a95-90e8-d2c3c68c5ad6/tasks\",\"status\":200,\"content_length\":\"26\",\"response_time\":98.886}","timestamp":"2024-01-19 11:43:59.342 PM"}
{"id":"12345","level":"info","message":"\tUser: 37ab5c61-f772-49f2-9620-c7cbd20922bc just got authenticated","service":"6308a111-bbb2-4a9f-a421-2b1a3648316b","timestamp":"2024-01-19 11:44:53.229 PM"}
{"id":"12345","level":"info","message":"\tAll tasks accessed by 37ab5c61-f772-49f2-9620-c7cbd20922bc","service":"6308a111-bbb2-4a9f-a421-2b1a3648316b","timestamp":"2024-01-19 11:44:53.268 PM"}
{"id":"12345","level":"http","message":"\t{\"method\":\"GET\",\"url\":\"/user/a4c5182f-7801-4a95-90e8-d2c3c68c5ad6/tasks\",\"status\":200,\"content_length\":\"26\",\"response_time\":68.183}","timestamp":"2024-01-19 11:44:53.271 PM"}
{"id":"12345","level":"alert","message":"\tUser: 6308a111-bbb2-4a9f-a421-2b1a3648316b just logged in.","service":"superuser-service","timestamp":"2024-01-19 11:45:10.292 PM"}
{"id":"12345","level":"alert","message":"\tsession token created for user: 6308a111-bbb2-4a9f-a421-2b1a3648316b","service":"6308a111-bbb2-4a9f-a421-2b1a3648316b","timestamp":"2024-01-19 11:45:10.296 PM"}
{"id":"12345","level":"http","message":"\t{\"method\":\"POST\",\"url\":\"/superuser/login\",\"status\":200,\"content_length\":\"349\",\"response_time\":69.915}","timestamp":"2024-01-19 11:45:10.298 PM"}
{"id":"12345","level":"info","message":"\tUser: 6308a111-bbb2-4a9f-a421-2b1a3648316b just got authenticated","service":"6308a111-bbb2-4a9f-a421-2b1a3648316b","timestamp":"2024-01-19 11:45:15.107 PM"}
{"id":"12345","level":"info","message":"\tAll tasks accessed by 6308a111-bbb2-4a9f-a421-2b1a3648316b","service":"6308a111-bbb2-4a9f-a421-2b1a3648316b","timestamp":"2024-01-19 11:45:15.157 PM"}
{"id":"12345","level":"http","message":"\t{\"method\":\"GET\",\"url\":\"/user/a4c5182f-7801-4a95-90e8-d2c3c68c5ad6/tasks\",\"status\":200,\"content_length\":\"448\",\"response_time\":101.273}","timestamp":"2024-01-19 11:45:15.162 PM"}
{"id":"12345","level":"alert","message":"\tsession token created for user: 37ab5c61-f772-49f2-9620-c7cbd20922bc","service":"6308a111-bbb2-4a9f-a421-2b1a3648316b","timestamp":"2024-01-19 11:45:42.377 PM"}
{"id":"12345","level":"alert","message":"\tuser: 37ab5c61-f772-49f2-9620-c7cbd20922bc just signed in","service":"6308a111-bbb2-4a9f-a421-2b1a3648316b","timestamp":"2024-01-19 11:45:42.380 PM"}
{"id":"12345","level":"http","message":"\t{\"method\":\"POST\",\"url\":\"/user/login\",\"status\":200,\"content_length\":\"831\",\"response_time\":83.108}","timestamp":"2024-01-19 11:45:42.384 PM"}
{"id":"12345","level":"info","message":"\tUser: 37ab5c61-f772-49f2-9620-c7cbd20922bc just got authenticated","service":"6308a111-bbb2-4a9f-a421-2b1a3648316b","timestamp":"2024-01-19 11:45:48.685 PM"}
{"id":"12345","level":"info","message":"\tAll tasks accessed by 37ab5c61-f772-49f2-9620-c7cbd20922bc","service":"6308a111-bbb2-4a9f-a421-2b1a3648316b","timestamp":"2024-01-19 11:45:48.715 PM"}
{"id":"12345","level":"http","message":"\t{\"method\":\"GET\",\"url\":\"/user/a4c5182f-7801-4a95-90e8-d2c3c68c5ad6/tasks\",\"status\":200,\"content_length\":\"26\",\"response_time\":46.19}","timestamp":"2024-01-19 11:45:48.721 PM"}
{"id":"12345","level":"info","message":"\tConnection to redis server successful","service":"engine-service","timestamp":"2024-01-19 11:46:16.183 PM"}
{"id":"12345","level":"info","message":"\tdata connection established successfully","service":"engine-service","timestamp":"2024-01-19 11:46:16.778 PM"}
{"id":"12345","level":"info","message":"\tdatabase Initialized","service":"engine-service","timestamp":"2024-01-19 11:46:17.377 PM"}
{"id":"12345","level":"info","message":"\t[SERVER]: Server is up and running at http://localhost:5000","service":"engine-service","timestamp":"2024-01-19 11:46:17.382 PM"}
{"id":"12345","level":"info","message":"\tConnection to redis server successful","service":"engine-service","timestamp":"2024-01-19 11:46:23.002 PM"}
{"id":"12345","level":"info","message":"\tdata connection established successfully","service":"engine-service","timestamp":"2024-01-19 11:46:23.215 PM"}
{"id":"12345","level":"info","message":"\tdatabase Initialized","service":"engine-service","timestamp":"2024-01-19 11:46:23.307 PM"}
{"id":"12345","level":"info","message":"\t[SERVER]: Server is up and running at http://localhost:5000","service":"engine-service","timestamp":"2024-01-19 11:46:23.313 PM"}
{"id":"12345","level":"info","message":"\tUser: 37ab5c61-f772-49f2-9620-c7cbd20922bc just got authenticated","service":"6308a111-bbb2-4a9f-a421-2b1a3648316b","timestamp":"2024-01-19 11:46:27.399 PM"}
{"id":"12345","level":"info","message":"\tAll tasks accessed by 37ab5c61-f772-49f2-9620-c7cbd20922bc","service":"6308a111-bbb2-4a9f-a421-2b1a3648316b","timestamp":"2024-01-19 11:46:27.451 PM"}
{"id":"12345","level":"http","message":"\t{\"method\":\"GET\",\"url\":\"/user/a4c5182f-7801-4a95-90e8-d2c3c68c5ad6/tasks\",\"status\":200,\"content_length\":\"26\",\"response_time\":135.36}","timestamp":"2024-01-19 11:46:27.467 PM"}
{"id":"12345","level":"info","message":"\tUser: 37ab5c61-f772-49f2-9620-c7cbd20922bc just got authenticated","service":"6308a111-bbb2-4a9f-a421-2b1a3648316b","timestamp":"2024-01-19 11:46:28.949 PM"}
{"id":"12345","level":"info","message":"\tAll tasks accessed by 37ab5c61-f772-49f2-9620-c7cbd20922bc","service":"6308a111-bbb2-4a9f-a421-2b1a3648316b","timestamp":"2024-01-19 11:46:28.981 PM"}
{"id":"12345","level":"http","message":"\t{\"method\":\"GET\",\"url\":\"/user/a4c5182f-7801-4a95-90e8-d2c3c68c5ad6/tasks\",\"status\":200,\"content_length\":\"26\",\"response_time\":56.652}","timestamp":"2024-01-19 11:46:28.990 PM"}
{"id":"12345","level":"info","message":"\tUser: 37ab5c61-f772-49f2-9620-c7cbd20922bc just got authenticated","service":"6308a111-bbb2-4a9f-a421-2b1a3648316b","timestamp":"2024-01-19 11:46:35.502 PM"}
{"id":"12345","level":"info","message":"\tAll tasks accessed by 37ab5c61-f772-49f2-9620-c7cbd20922bc","service":"6308a111-bbb2-4a9f-a421-2b1a3648316b","timestamp":"2024-01-19 11:46:35.548 PM"}
{"id":"12345","level":"http","message":"\t{\"method\":\"GET\",\"url\":\"/user/a4c5182f-7801-4a95-90e8-d2c3c68c5ad6/tasks\",\"status\":200,\"content_length\":\"26\",\"response_time\":61.885}","timestamp":"2024-01-19 11:46:35.553 PM"}
{"id":"12345","level":"info","message":"\tConnection to redis server successful","service":"engine-service","timestamp":"2024-01-19 11:46:48.250 PM"}
{"id":"12345","level":"info","message":"\tdata connection established successfully","service":"engine-service","timestamp":"2024-01-19 11:46:48.400 PM"}
{"id":"12345","level":"info","message":"\tdatabase Initialized","service":"engine-service","timestamp":"2024-01-19 11:46:48.476 PM"}
{"id":"12345","level":"info","message":"\t[SERVER]: Server is up and running at http://localhost:5000","service":"engine-service","timestamp":"2024-01-19 11:46:48.481 PM"}
{"id":"12345","level":"info","message":"\tConnection to redis server successful","service":"engine-service","timestamp":"2024-01-19 11:47:24.564 PM"}
{"id":"12345","level":"info","message":"\tdata connection established successfully","service":"engine-service","timestamp":"2024-01-19 11:47:24.685 PM"}
{"id":"12345","level":"info","message":"\tdatabase Initialized","service":"engine-service","timestamp":"2024-01-19 11:47:24.752 PM"}
{"id":"12345","level":"info","message":"\t[SERVER]: Server is up and running at http://localhost:5000","service":"engine-service","timestamp":"2024-01-19 11:47:24.754 PM"}
{"id":"12345","level":"info","message":"\tUser: 37ab5c61-f772-49f2-9620-c7cbd20922bc just got authenticated","service":"6308a111-bbb2-4a9f-a421-2b1a3648316b","timestamp":"2024-01-19 11:47:25.320 PM"}
{"id":"12345","level":"info","message":"\tAll tasks accessed by 37ab5c61-f772-49f2-9620-c7cbd20922bc","service":"6308a111-bbb2-4a9f-a421-2b1a3648316b","timestamp":"2024-01-19 11:47:25.350 PM"}
{"id":"12345","level":"http","message":"\t{\"method\":\"GET\",\"url\":\"/user/a4c5182f-7801-4a95-90e8-d2c3c68c5ad6/tasks\",\"status\":200,\"content_length\":\"26\",\"response_time\":108.281}","timestamp":"2024-01-19 11:47:25.361 PM"}
{"id":"12345","level":"info","message":"\tConnection to redis server successful","service":"engine-service","timestamp":"2024-01-19 11:47:39.062 PM"}
{"id":"12345","level":"info","message":"\tdata connection established successfully","service":"engine-service","timestamp":"2024-01-19 11:47:39.191 PM"}
{"id":"12345","level":"info","message":"\tdatabase Initialized","service":"engine-service","timestamp":"2024-01-19 11:47:39.257 PM"}
{"id":"12345","level":"info","message":"\t[SERVER]: Server is up and running at http://localhost:5000","service":"engine-service","timestamp":"2024-01-19 11:47:39.259 PM"}
{"id":"12345","level":"info","message":"\tConnection to redis server successful","service":"engine-service","timestamp":"2024-01-19 11:48:14.667 PM"}
{"id":"12345","level":"info","message":"\tdata connection established successfully","service":"engine-service","timestamp":"2024-01-19 11:48:14.941 PM"}
{"id":"12345","level":"info","message":"\tdatabase Initialized","service":"engine-service","timestamp":"2024-01-19 11:48:15.067 PM"}
{"id":"12345","level":"info","message":"\t[SERVER]: Server is up and running at http://localhost:5000","service":"engine-service","timestamp":"2024-01-19 11:48:15.070 PM"}
{"id":"12345","level":"info","message":"\tUser: 37ab5c61-f772-49f2-9620-c7cbd20922bc just got authenticated","service":"6308a111-bbb2-4a9f-a421-2b1a3648316b","timestamp":"2024-01-19 11:48:16.933 PM"}
{"id":"12345","level":"info","message":"\tAll tasks accessed by 37ab5c61-f772-49f2-9620-c7cbd20922bc","service":"6308a111-bbb2-4a9f-a421-2b1a3648316b","timestamp":"2024-01-19 11:48:16.976 PM"}
{"id":"12345","level":"http","message":"\t{\"method\":\"GET\",\"url\":\"/user/a4c5182f-7801-4a95-90e8-d2c3c68c5ad6/tasks\",\"status\":200,\"content_length\":\"26\",\"response_time\":221.631}","timestamp":"2024-01-19 11:48:16.989 PM"}
{"id":"12345","level":"info","message":"\tConnection to redis server successful","service":"engine-service","timestamp":"2024-01-19 11:49:38.760 PM"}
{"id":"12345","level":"info","message":"\tdata connection established successfully","service":"engine-service","timestamp":"2024-01-19 11:49:38.904 PM"}
{"id":"12345","level":"info","message":"\tdatabase Initialized","service":"engine-service","timestamp":"2024-01-19 11:49:38.977 PM"}
{"id":"12345","level":"info","message":"\t[SERVER]: Server is up and running at http://localhost:5000","service":"engine-service","timestamp":"2024-01-19 11:49:38.979 PM"}
{"id":"12345","level":"info","message":"\tUser: 37ab5c61-f772-49f2-9620-c7cbd20922bc just got authenticated","service":"6308a111-bbb2-4a9f-a421-2b1a3648316b","timestamp":"2024-01-19 11:49:58.748 PM"}
{"id":"12345","level":"info","message":"\tAll tasks accessed by 37ab5c61-f772-49f2-9620-c7cbd20922bc","service":"6308a111-bbb2-4a9f-a421-2b1a3648316b","timestamp":"2024-01-19 11:49:58.799 PM"}
{"id":"12345","level":"http","message":"\t{\"method\":\"GET\",\"url\":\"/user/a4c5182f-7801-4a95-90e8-d2c3c68c5ad6/tasks\",\"status\":200,\"content_length\":\"26\",\"response_time\":120.367}","timestamp":"2024-01-19 11:49:58.813 PM"}
{"id":"12345","level":"alert","message":"\tsession token created for user: 6308a111-bbb2-4a9f-a421-2b1a3648316b","service":"6308a111-bbb2-4a9f-a421-2b1a3648316b","timestamp":"2024-01-19 11:50:31.156 PM"}
{"id":"12345","level":"alert","message":"\tUser: 6308a111-bbb2-4a9f-a421-2b1a3648316b just logged in.","service":"superuser-service","timestamp":"2024-01-19 11:50:31.159 PM"}
{"id":"12345","level":"http","message":"\t{\"method\":\"POST\",\"url\":\"/superuser/login\",\"status\":200,\"content_length\":\"349\",\"response_time\":184.444}","timestamp":"2024-01-19 11:50:31.163 PM"}
{"id":"12345","level":"info","message":"\tUser: 6308a111-bbb2-4a9f-a421-2b1a3648316b just got authenticated","service":"6308a111-bbb2-4a9f-a421-2b1a3648316b","timestamp":"2024-01-19 11:50:38.145 PM"}
{"id":"12345","level":"info","message":"\tAll tasks accessed by 6308a111-bbb2-4a9f-a421-2b1a3648316b","service":"6308a111-bbb2-4a9f-a421-2b1a3648316b","timestamp":"2024-01-19 11:50:38.180 PM"}
{"id":"12345","level":"http","message":"\t{\"method\":\"GET\",\"url\":\"/user/a4c5182f-7801-4a95-90e8-d2c3c68c5ad6/tasks\",\"status\":200,\"content_length\":\"448\",\"response_time\":77.835}","timestamp":"2024-01-19 11:50:38.185 PM"}
{"id":"12345","level":"alert","message":"\tsession token created for user: 37ab5c61-f772-49f2-9620-c7cbd20922bc","service":"6308a111-bbb2-4a9f-a421-2b1a3648316b","timestamp":"2024-01-19 11:51:16.665 PM"}
{"id":"12345","level":"alert","message":"\tuser: 37ab5c61-f772-49f2-9620-c7cbd20922bc just signed in","service":"6308a111-bbb2-4a9f-a421-2b1a3648316b","timestamp":"2024-01-19 11:51:16.669 PM"}
{"id":"12345","level":"http","message":"\t{\"method\":\"POST\",\"url\":\"/user/login\",\"status\":200,\"content_length\":\"831\",\"response_time\":101.977}","timestamp":"2024-01-19 11:51:16.674 PM"}
{"id":"12345","level":"info","message":"\tConnection to redis server successful","service":"engine-service","timestamp":"2024-01-19 11:56:28.830 PM"}
{"id":"12345","level":"info","message":"\tdata connection established successfully","service":"engine-service","timestamp":"2024-01-19 11:56:29.013 PM"}
{"id":"12345","level":"info","message":"\tdatabase Initialized","service":"engine-service","timestamp":"2024-01-19 11:56:29.089 PM"}
{"id":"12345","level":"info","message":"\t[SERVER]: Server is up and running at http://localhost:5000","service":"engine-service","timestamp":"2024-01-19 11:56:29.091 PM"}
{"id":"12345","level":"alert","message":"\tsession token created for user: 37ab5c61-f772-49f2-9620-c7cbd20922bc","service":"6308a111-bbb2-4a9f-a421-2b1a3648316b","timestamp":"2024-01-19 11:56:42.856 PM"}
{"id":"12345","level":"alert","message":"\tuser: 37ab5c61-f772-49f2-9620-c7cbd20922bc just signed in","service":"6308a111-bbb2-4a9f-a421-2b1a3648316b","timestamp":"2024-01-19 11:56:42.858 PM"}
{"id":"12345","level":"http","message":"\t{\"method\":\"POST\",\"url\":\"/user/login\",\"status\":200,\"content_length\":\"831\",\"response_time\":219.768}","timestamp":"2024-01-19 11:56:42.869 PM"}
{"id":"12345","level":"info","message":"\tUser: 37ab5c61-f772-49f2-9620-c7cbd20922bc just got authenticated","service":"6308a111-bbb2-4a9f-a421-2b1a3648316b","timestamp":"2024-01-19 11:56:46.166 PM"}
{"id":"12345","level":"info","message":"\tAll tasks accessed by 37ab5c61-f772-49f2-9620-c7cbd20922bc","service":"6308a111-bbb2-4a9f-a421-2b1a3648316b","timestamp":"2024-01-19 11:56:46.205 PM"}
{"id":"12345","level":"http","message":"\t{\"method\":\"GET\",\"url\":\"/user/a4c5182f-7801-4a95-90e8-d2c3c68c5ad6/tasks\",\"status\":200,\"content_length\":\"448\",\"response_time\":60.778}","timestamp":"2024-01-19 11:56:46.209 PM"}
