{"id":"12345","level":"http","message":"\t{\"method\":\"POST\",\"url\":\"/task/createTask\",\"status\":500,\"content_length\":\"78\",\"response_time\":550.177}","timestamp":"2024-01-19 11:00:13.800 AM"}
{"id":"12345","level":"http","message":"\t{\"method\":\"POST\",\"url\":\"/task/createTask\",\"status\":500,\"content_length\":\"83\",\"response_time\":372.373}","timestamp":"2024-01-19 11:01:16.643 AM"}
{"id":"12345","level":"http","message":"\t{\"method\":\"POST\",\"url\":\"/report/add\",\"status\":500,\"content_length\":\"831\",\"response_time\":294.597}","timestamp":"2024-01-19 11:18:58.292 AM"}
{"id":"12345","level":"http","message":"\t{\"method\":\"POST\",\"url\":\"/report/add\",\"status\":500,\"content_length\":\"504\",\"response_time\":91.233}","timestamp":"2024-01-19 11:19:48.266 AM"}
{"id":"12345","level":"http","message":"\t{\"method\":\"POST\",\"url\":\"/report/add\",\"status\":500,\"content_length\":\"1850\",\"response_time\":288.389}","timestamp":"2024-01-19 11:20:11.191 AM"}
{"id":"12345","level":"http","message":"\t{\"method\":\"POST\",\"url\":\"/report/add\",\"status\":401,\"content_length\":\"49\",\"response_time\":5.642}","timestamp":"2024-01-19 11:22:04.896 AM"}
{"id":"12345","level":"http","message":"\t{\"method\":\"POST\",\"url\":\"/superuser/login\",\"status\":200,\"content_length\":\"351\",\"response_time\":96.493}","timestamp":"2024-01-19 11:22:15.783 AM"}
{"id":"12345","level":"http","message":"\t{\"method\":\"POST\",\"url\":\"/report/add\",\"status\":201,\"content_length\":\"305\",\"response_time\":277.547}","timestamp":"2024-01-19 11:22:24.056 AM"}
{"id":"12345","level":"http","message":"\t{\"method\":\"GET\",\"url\":\"/logs/all\",\"status\":200,\"content_length\":\"1047616\",\"response_time\":305.033}","timestamp":"2024-01-19 11:28:54.649 AM"}
{"id":"12345","level":"http","message":"\t{\"method\":\"POST\",\"url\":\"/report/add\",\"status\":500,\"content_length\":\"92\",\"response_time\":309.798}","timestamp":"2024-01-19 11:38:55.167 AM"}
{"id":"12345","level":"http","message":"\t{\"method\":\"POST\",\"url\":\"/user/login\",\"status\":200,\"content_length\":\"1128\",\"response_time\":170.214}","timestamp":"2024-01-19 11:39:11.020 AM"}
{"id":"12345","level":"http","message":"\t{\"method\":\"POST\",\"url\":\"/report/add\",\"status\":500,\"content_length\":\"90\",\"response_time\":112.962}","timestamp":"2024-01-19 11:39:31.646 AM"}
{"id":"12345","level":"http","message":"\t{\"method\":\"GET\",\"url\":\"/logs/all\",\"status\":200,\"content_length\":\"1061211\",\"response_time\":405.321}","timestamp":"2024-01-19 11:39:45.254 AM"}
{"id":"12345","level":"http","message":"\t{\"method\":\"GET\",\"url\":\"/report/all\",\"status\":403,\"content_length\":\"75\",\"response_time\":183.353}","timestamp":"2024-01-19 11:42:57.135 AM"}
{"id":"12345","level":"http","message":"\t{\"method\":\"POST\",\"url\":\"/superuser/login\",\"status\":200,\"content_length\":\"349\",\"response_time\":195.185}","timestamp":"2024-01-19 11:43:21.782 AM"}
{"id":"12345","level":"http","message":"\t{\"method\":\"GET\",\"url\":\"/report/all\",\"status\":200,\"content_length\":\"1568\",\"response_time\":76.607}","timestamp":"2024-01-19 11:43:30.349 AM"}
{"id":"12345","level":"http","message":"\t{\"method\":\"GET\",\"url\":\"/logout\",\"status\":200,\"content_length\":\"60\",\"response_time\":23.598}","timestamp":"2024-01-19 11:44:28.905 AM"}
{"id":"12345","level":"http","message":"\t{\"method\":\"POST\",\"url\":\"/user/login\",\"status\":200,\"content_length\":\"1128\",\"response_time\":106.064}","timestamp":"2024-01-19 11:44:43.136 AM"}
{"id":"12345","level":"http","message":"\t{\"method\":\"GET\",\"url\":\"/report/c2ff4d84-69b2-424f-b5eb-a604f64504c0\",\"status\":200,\"content_length\":\"799\",\"response_time\":114.47}","timestamp":"2024-01-19 11:44:50.957 AM"}
{"id":"12345","level":"http","message":"\t{\"method\":\"GET\",\"url\":\"/logout\",\"status\":200,\"content_length\":\"60\",\"response_time\":51.06}","timestamp":"2024-01-19 11:45:33.839 AM"}
{"id":"12345","level":"http","message":"\t{\"method\":\"POST\",\"url\":\"/superuser/login\",\"status\":200,\"content_length\":\"351\",\"response_time\":63.664}","timestamp":"2024-01-19 11:45:37.036 AM"}
{"id":"12345","level":"http","message":"\t{\"method\":\"GET\",\"url\":\"/report/all\",\"status\":200,\"content_length\":\"28\",\"response_time\":86.856}","timestamp":"2024-01-19 11:45:47.291 AM"}
{"id":"12345","level":"http","message":"\t{\"method\":\"GET\",\"url\":\"/report/c2ff4d84-69b2-424f-b5eb-a604f64504c0\",\"status\":200,\"content_length\":\"799\",\"response_time\":75.614}","timestamp":"2024-01-19 11:46:22.574 AM"}
{"id":"12345","level":"http","message":"\t{\"method\":\"GET\",\"url\":\"/logout\",\"status\":200,\"content_length\":\"60\",\"response_time\":30.248}","timestamp":"2024-01-19 11:46:43.691 AM"}
{"id":"12345","level":"http","message":"\t{\"method\":\"POST\",\"url\":\"/superuser/login\",\"status\":200,\"content_length\":\"349\",\"response_time\":95.287}","timestamp":"2024-01-19 11:46:50.180 AM"}
{"id":"12345","level":"http","message":"\t{\"method\":\"GET\",\"url\":\"/report/all\",\"status\":200,\"content_length\":\"1568\",\"response_time\":74.183}","timestamp":"2024-01-19 11:47:01.102 AM"}
{"id":"12345","level":"http","message":"\t{\"method\":\"GET\",\"url\":\"/logout\",\"status\":200,\"content_length\":\"60\",\"response_time\":13.626}","timestamp":"2024-01-19 11:47:22.207 AM"}
{"id":"12345","level":"http","message":"\t{\"method\":\"POST\",\"url\":\"/user/login\",\"status\":200,\"content_length\":\"1128\",\"response_time\":87.43}","timestamp":"2024-01-19 11:47:26.850 AM"}
{"id":"12345","level":"http","message":"\t{\"method\":\"GET\",\"url\":\"/report/f57249d3-9125-4444-9ca0-411d1820ab5f\",\"status\":200,\"content_length\":\"786\",\"response_time\":55.606}","timestamp":"2024-01-19 11:47:35.694 AM"}
