{"id":"12345","level":"http","message":"\t{\"method\":\"GET\",\"url\":\"/user/a4c5182f-7801-4a95-90e8-d2c3c68c5ad6\",\"status\":500,\"content_length\":\"120\",\"response_time\":123.701}","timestamp":"2024-01-19 09:00:22.122 PM"}
{"id":"12345","level":"http","message":"\t{\"method\":\"GET\",\"url\":\"/logs/all\",\"status\":200,\"content_length\":\"1349382\",\"response_time\":362.272}","timestamp":"2024-01-19 09:00:28.655 PM"}
{"id":"12345","level":"http","message":"\t{\"method\":\"GET\",\"url\":\"/user/a4c5182f-7801-4a95-90e8-d2c3c68c5ad6\",\"status\":500,\"content_length\":\"120\",\"response_time\":109.71}","timestamp":"2024-01-19 09:01:14.411 PM"}
{"id":"12345","level":"http","message":"\t{\"method\":\"GET\",\"url\":\"/logs/all\",\"status\":200,\"content_length\":\"1351488\",\"response_time\":614.676}","timestamp":"2024-01-19 09:01:19.384 PM"}
{"id":"12345","level":"http","message":"\t{\"method\":\"GET\",\"url\":\"/user/all\",\"status\":200,\"content_length\":\"1340\",\"response_time\":214.414}","timestamp":"2024-01-19 09:02:42.827 PM"}
{"id":"12345","level":"http","message":"\t{\"method\":\"POST\",\"url\":\"/user/login\",\"status\":500,\"content_length\":1508,\"response_time\":136.515}","timestamp":"2024-01-19 09:02:56.786 PM"}
{"id":"12345","level":"http","message":"\t{\"method\":\"GET\",\"url\":\"/user/all\",\"status\":200,\"content_length\":\"1340\",\"response_time\":74.911}","timestamp":"2024-01-19 09:03:00.080 PM"}
{"id":"12345","level":"http","message":"\t{\"method\":\"POST\",\"url\":\"/user/login\",\"status\":500,\"content_length\":1508,\"response_time\":50.503}","timestamp":"2024-01-19 09:03:33.974 PM"}
{"id":"12345","level":"http","message":"\t{\"method\":\"POST\",\"url\":\"/user/login\",\"status\":500,\"content_length\":1508,\"response_time\":180.159}","timestamp":"2024-01-19 09:06:32.528 PM"}
{"id":"12345","level":"http","message":"\t{\"method\":\"POST\",\"url\":\"/user/login\",\"status\":400,\"content_length\":\"75\",\"response_time\":63.248}","timestamp":"2024-01-19 09:06:54.049 PM"}
{"id":"12345","level":"http","message":"\t{\"method\":\"POST\",\"url\":\"/user/login\",\"status\":400,\"content_length\":\"75\",\"response_time\":64.63}","timestamp":"2024-01-19 09:07:00.100 PM"}
{"id":"12345","level":"http","message":"\t{\"method\":\"POST\",\"url\":\"/superuser/login\",\"status\":200,\"content_length\":\"351\",\"response_time\":58.212}","timestamp":"2024-01-19 09:07:10.510 PM"}
{"id":"12345","level":"http","message":"\t{\"method\":\"GET\",\"url\":\"/logs/all\",\"status\":200,\"content_length\":\"1360830\",\"response_time\":283.073}","timestamp":"2024-01-19 09:07:15.170 PM"}
{"id":"12345","level":"http","message":"\t{\"method\":\"GET\",\"url\":\"/user/all\",\"status\":200,\"content_length\":\"1340\",\"response_time\":56.809}","timestamp":"2024-01-19 09:07:19.824 PM"}
{"id":"12345","level":"http","message":"\t{\"method\":\"POST\",\"url\":\"/user/login\",\"status\":400,\"content_length\":\"75\",\"response_time\":88.428}","timestamp":"2024-01-19 09:08:46.060 PM"}
{"id":"12345","level":"http","message":"\t{\"method\":\"POST\",\"url\":\"/user/login\",\"status\":400,\"content_length\":\"75\",\"response_time\":51.853}","timestamp":"2024-01-19 09:08:47.547 PM"}
{"id":"12345","level":"http","message":"\t{\"method\":\"POST\",\"url\":\"/user/login\",\"status\":400,\"content_length\":\"75\",\"response_time\":52.513}","timestamp":"2024-01-19 09:09:27.358 PM"}
{"id":"12345","level":"http","message":"\t{\"method\":\"POST\",\"url\":\"/user/login\",\"status\":400,\"content_length\":\"75\",\"response_time\":45.959}","timestamp":"2024-01-19 09:09:30.221 PM"}
{"id":"12345","level":"http","message":"\t{\"method\":\"PATCH\",\"url\":\"/user/update/8da27594-1e9b-4983-a709-10d51b58caf4\",\"status\":200,\"content_length\":\"1070\",\"response_time\":207.973}","timestamp":"2024-01-19 09:10:23.063 PM"}
{"id":"12345","level":"http","message":"\t{\"method\":\"POST\",\"url\":\"/user/login\",\"status\":400,\"content_length\":\"75\",\"response_time\":48.573}","timestamp":"2024-01-19 09:11:08.366 PM"}
{"id":"12345","level":"http","message":"\t{\"method\":\"PATCH\",\"url\":\"/user/update/8da27594-1e9b-4983-a709-10d51b58caf4\",\"status\":200,\"content_length\":\"1070\",\"response_time\":252.373}","timestamp":"2024-01-19 09:25:27.926 PM"}
{"id":"12345","level":"http","message":"\t{\"method\":\"GET\",\"url\":\"/user/all\",\"status\":200,\"content_length\":\"1341\",\"response_time\":137.84}","timestamp":"2024-01-19 09:25:49.564 PM"}
{"id":"12345","level":"http","message":"\t{\"method\":\"PATCH\",\"url\":\"/user/update/8da27594-1e9b-4983-a709-10d51b58caf4\",\"status\":200,\"content_length\":\"1070\",\"response_time\":174.985}","timestamp":"2024-01-19 09:26:18.076 PM"}
{"id":"12345","level":"http","message":"\t{\"method\":\"GET\",\"url\":\"/user/all\",\"status\":200,\"content_length\":\"1341\",\"response_time\":52.132}","timestamp":"2024-01-19 09:26:34.093 PM"}
{"id":"12345","level":"http","message":"\t{\"method\":\"PATCH\",\"url\":\"/user/update/8da27594-1e9b-4983-a709-10d51b58caf4\",\"status\":200,\"content_length\":\"1070\",\"response_time\":182.059}","timestamp":"2024-01-19 09:26:41.386 PM"}
{"id":"12345","level":"http","message":"\t{\"method\":\"PATCH\",\"url\":\"/user/update/8da27594-1e9b-4983-a709-10d51b58caf4\",\"status\":200,\"content_length\":\"1070\",\"response_time\":62.654}","timestamp":"2024-01-19 09:26:43.257 PM"}
{"id":"12345","level":"http","message":"\t{\"method\":\"PATCH\",\"url\":\"/user/update/8da27594-1e9b-4983-a709-10d51b58caf4\",\"status\":200,\"content_length\":\"1070\",\"response_time\":65.841}","timestamp":"2024-01-19 09:26:46.407 PM"}
{"id":"12345","level":"http","message":"\t{\"method\":\"PATCH\",\"url\":\"/user/update/8da27594-1e9b-4983-a709-10d51b58caf4\",\"status\":200,\"content_length\":\"1069\",\"response_time\":323.401}","timestamp":"2024-01-19 09:29:43.535 PM"}
{"id":"12345","level":"http","message":"\t{\"method\":\"PATCH\",\"url\":\"/user/update/8da27594-1e9b-4983-a709-10d51b58caf4\",\"status\":200,\"content_length\":\"1128\",\"response_time\":322.843}","timestamp":"2024-01-19 09:30:40.631 PM"}
{"id":"12345","level":"http","message":"\t{\"method\":\"POST\",\"url\":\"/user/login\",\"status\":200,\"content_length\":\"1128\",\"response_time\":131.655}","timestamp":"2024-01-19 09:31:33.089 PM"}
{"id":"12345","level":"http","message":"\t{\"method\":\"POST\",\"url\":\"/user/update/8da27594-1e9b-4983-a709-10d51b58caf4\",\"status\":404,\"content_length\":188,\"response_time\":39.11}","timestamp":"2024-01-19 09:34:38.678 PM"}
{"id":"12345","level":"http","message":"\t{\"method\":\"POST\",\"url\":\"/user/login\",\"status\":200,\"content_length\":\"1128\",\"response_time\":287.165}","timestamp":"2024-01-19 09:36:02.369 PM"}
{"id":"12345","level":"http","message":"\t{\"method\":\"PATCH\",\"url\":\"/user/update/8da27594-1e9b-4983-a709-10d51b58caf4\",\"status\":403,\"content_length\":\"75\",\"response_time\":54.456}","timestamp":"2024-01-19 09:36:24.875 PM"}
{"id":"12345","level":"http","message":"\t{\"method\":\"POST\",\"url\":\"/superuser/login\",\"status\":200,\"content_length\":\"351\",\"response_time\":123.873}","timestamp":"2024-01-19 09:36:36.372 PM"}
{"id":"12345","level":"http","message":"\t{\"method\":\"PATCH\",\"url\":\"/user/update/8da27594-1e9b-4983-a709-10d51b58caf4\",\"status\":200,\"content_length\":\"96\",\"response_time\":82.317}","timestamp":"2024-01-19 09:36:39.718 PM"}
{"id":"12345","level":"http","message":"\t{\"method\":\"PATCH\",\"url\":\"/user/update/8da27594-1e9b-4983-a709-10d51b58caf4\",\"status\":null,\"response_time\":null}","timestamp":"2024-01-19 09:36:56.377 PM"}
{"id":"12345","level":"http","message":"\t{\"method\":\"PATCH\",\"url\":\"/user/update/8da27594-1e9b-4983-a709-10d51b58caf4\",\"status\":null,\"response_time\":null}","timestamp":"2024-01-19 09:37:09.277 PM"}
{"id":"12345","level":"http","message":"\t{\"method\":\"PATCH\",\"url\":\"/user/update/8da27594-1e9b-4983-a709-10d51b58caf4\",\"status\":200,\"content_length\":\"1127\",\"response_time\":231.398}","timestamp":"2024-01-19 09:37:17.061 PM"}
